  {
    "record_id": 505,
    "timestamp": "2025-04-09 09:19:10.302475+00:00",
    "xml_data": "<Event xmlns=\"http://schemas.microsoft.com/win/2004/08/events/event\"><System><Provider Name=\"PowerShell\"></Provider>\n<EventID Qualifiers=\"0\">800</EventID>\n<Version>0</Version>\n<Level>4</Level>\n<Task>8</Task>\n<Opcode>0</Opcode>\n<Keywords>0x0080000000000000</Keywords>\n<TimeCreated SystemTime=\"2025-04-09 09:19:10.302475+00:00\"></TimeCreated>\n<EventRecordID>505</EventRecordID>\n<Correlation ActivityID=\"\" RelatedActivityID=\"\"></Correlation>\n<Execution ProcessID=\"6064\" ThreadID=\"0\"></Execution>\n<Channel>Windows PowerShell</Channel>\n<Computer>DESKTOP-M3AKJSD</Computer>\n<Security UserID=\"\"></Security>\n</System>\n<EventData><Data>&lt;string&gt;$Model = Get-WmiObject -Class Win32_ComputerSystem | select-object -expandproperty \"Model\"&lt;/string&gt;\n&lt;string&gt;\tDetailSequence=1\r\n\tDetailTotal=1\r\n\r\n\tSequenceNumber=27\r\n\r\n\tUserId=DESKTOP-M3AKJSD\\User\r\n\tHostName=ConsoleHost\r\n\tHostVersion=5.1.26100.2161\r\n\tHostId=0fad0cf8-6cb6-4657-86f7-655ec22eed9f\r\n\tHostApplication=C:\\Windows\\SysWOW64\\WindowsPowerShell\\v1.0\\powershell.exe\r\n\tEngineVersion=5.1.26100.2161\r\n\tRunspaceId=2aeeba59-d0f6-4ce7-b41c-e07625b3beec\r\n\tPipelineId=10\r\n\tScriptName=\r\n\tCommandLine=$Model = Get-WmiObject -Class Win32_ComputerSystem | select-object -expandproperty \"Model\"&lt;/string&gt;\n&lt;string&gt;CommandInvocation(Get-WmiObject): \"Get-WmiObject\"\r\nParameterBinding(Get-WmiObject): name=\"Class\"; value=\"Win32_ComputerSystem\"\r\nCommandInvocation(Select-Object): \"Select-Object\"\r\nParameterBinding(Select-Object): name=\"ExpandProperty\"; value=\"Model\"\r\nParameterBinding(Select-Object): name=\"InputObject\"; value=\"\\\\DESKTOP-M3AKJSD\\root\\cimv2:Win32_ComputerSystem.Name=\"DESKTOP-M3AKJSD\"\"\r\n&lt;/string&gt;\n</Data>\n<Binary></Binary>\n</EventData>\n</Event>\n"
  },
  {
    "record_id": 506,
    "timestamp": "2025-04-09 09:19:10.303074+00:00",
    "xml_data": "<Event xmlns=\"http://schemas.microsoft.com/win/2004/08/events/event\"><System><Provider Name=\"PowerShell\"></Provider>\n<EventID Qualifiers=\"0\">800</EventID>\n<Version>0</Version>\n<Level>4</Level>\n<Task>8</Task>\n<Opcode>0</Opcode>\n<Keywords>0x0080000000000000</Keywords>\n<TimeCreated SystemTime=\"2025-04-09 09:19:10.303074+00:00\"></TimeCreated>\n<EventRecordID>506</EventRecordID>\n<Correlation ActivityID=\"\" RelatedActivityID=\"\"></Correlation>\n<Execution ProcessID=\"6064\" ThreadID=\"0\"></Execution>\n<Channel>Windows PowerShell</Channel>\n<Computer>DESKTOP-M3AKJSD</Computer>\n<Security UserID=\"\"></Security>\n</System>\n<EventData><Data>&lt;string&gt;\tDetailSequence=1\r\n\tDetailTotal=1\r\n\r\n\tSequenceNumber=29\r\n\r\n\tUserId=DESKTOP-M3AKJSD\\User\r\n\tHostName=ConsoleHost\r\n\tHostVersion=5.1.26100.2161\r\n\tHostId=0fad0cf8-6cb6-4657-86f7-655ec22eed9f\r\n\tHostApplication=C:\\Windows\\SysWOW64\\WindowsPowerShell\\v1.0\\powershell.exe\r\n\tEngineVersion=5.1.26100.2161\r\n\tRunspaceId=2aeeba59-d0f6-4ce7-b41c-e07625b3beec\r\n\tPipelineId=10\r\n\tScriptName=\r\n\tCommandLine=&lt;/string&gt;\n&lt;string&gt;&lt;/string&gt;\n&lt;string&gt;CommandInvocation(Out-Default): \"Out-Default\"\r\n&lt;/string&gt;\n</Data>\n<Binary></Binary>\n</EventData>\n</Event>\n"
  },
  {
    "record_id": 507,
    "timestamp": "2025-04-09 09:19:10.309557+00:00",
    "xml_data": "<Event xmlns=\"http://schemas.microsoft.com/win/2004/08/events/event\"><System><Provider Name=\"PowerShell\"></Provider>\n<EventID Qualifiers=\"0\">800</EventID>\n<Version>0</Version>\n<Level>4</Level>\n<Task>8</Task>\n<Opcode>0</Opcode>\n<Keywords>0x0080000000000000</Keywords>\n<TimeCreated SystemTime=\"2025-04-09 09:19:10.309557+00:00\"></TimeCreated>\n<EventRecordID>507</EventRecordID>\n<Correlation ActivityID=\"\" RelatedActivityID=\"\"></Correlation>\n<Execution ProcessID=\"6064\" ThreadID=\"0\"></Execution>\n<Channel>Windows PowerShell</Channel>\n<Computer>DESKTOP-M3AKJSD</Computer>\n<Security UserID=\"\"></Security>\n</System>\n<EventData><Data>&lt;string&gt;    Microsoft.PowerShell.Core\\Set-StrictMode -Off\r\n&lt;/string&gt;\n&lt;string&gt;\tDetailSequence=1\r\n\tDetailTotal=1\r\n\r\n\tSequenceNumber=31\r\n\r\n\tUserId=DESKTOP-M3AKJSD\\User\r\n\tHostName=ConsoleHost\r\n\tHostVersion=5.1.26100.2161\r\n\tHostId=0fad0cf8-6cb6-4657-86f7-655ec22eed9f\r\n\tHostApplication=C:\\Windows\\SysWOW64\\WindowsPowerShell\\v1.0\\powershell.exe\r\n\tEngineVersion=5.1.26100.2161\r\n\tRunspaceId=2aeeba59-d0f6-4ce7-b41c-e07625b3beec\r\n\tPipelineId=12\r\n\tScriptName=C:\\Program Files\\WindowsPowerShell\\Modules\\PSReadLine\\2.0.0\\PSReadLine.psm1\r\n\tCommandLine=    Microsoft.PowerShell.Core\\Set-StrictMode -Off\r\n&lt;/string&gt;\n&lt;string&gt;CommandInvocation(Set-StrictMode): \"Set-StrictMode\"\r\nParameterBinding(Set-StrictMode): name=\"Off\"; value=\"True\"\r\n&lt;/string&gt;\n</Data>\n<Binary></Binary>\n</EventData>\n</Event>\n"
  },
  {
    "record_id": 508,
    "timestamp": "2025-04-09 09:19:11.799702+00:00",
    "xml_data": "<Event xmlns=\"http://schemas.microsoft.com/win/2004/08/events/event\"><System><Provider Name=\"PowerShell\"></Provider>\n<EventID Qualifiers=\"0\">800</EventID>\n<Version>0</Version>\n<Level>4</Level>\n<Task>8</Task>\n<Opcode>0</Opcode>\n<Keywords>0x0080000000000000</Keywords>\n<TimeCreated SystemTime=\"2025-04-09 09:19:11.799702+00:00\"></TimeCreated>\n<EventRecordID>508</EventRecordID>\n<Correlation ActivityID=\"\" RelatedActivityID=\"\"></Correlation>\n<Execution ProcessID=\"6064\" ThreadID=\"0\"></Execution>\n<Channel>Windows PowerShell</Channel>\n<Computer>DESKTOP-M3AKJSD</Computer>\n<Security UserID=\"\"></Security>\n</System>\n<EventData><Data>&lt;string&gt;\tDetailSequence=1\r\n\tDetailTotal=1\r\n\r\n\tSequenceNumber=33\r\n\r\n\tUserId=DESKTOP-M3AKJSD\\User\r\n\tHostName=ConsoleHost\r\n\tHostVersion=5.1.26100.2161\r\n\tHostId=0fad0cf8-6cb6-4657-86f7-655ec22eed9f\r\n\tHostApplication=C:\\Windows\\SysWOW64\\WindowsPowerShell\\v1.0\\powershell.exe\r\n\tEngineVersion=5.1.26100.2161\r\n\tRunspaceId=2aeeba59-d0f6-4ce7-b41c-e07625b3beec\r\n\tPipelineId=12\r\n\tScriptName=\r\n\tCommandLine=&lt;/string&gt;\n&lt;string&gt;&lt;/string&gt;\n&lt;string&gt;CommandInvocation(PSConsoleHostReadLine): \"PSConsoleHostReadLine\"\r\n&lt;/string&gt;\n</Data>\n<Binary></Binary>\n</EventData>\n</Event>\n"
  },
  {
    "record_id": 509,
    "timestamp": "2025-04-09 09:19:11.907017+00:00",
    "xml_data": "<Event xmlns=\"http://schemas.microsoft.com/win/2004/08/events/event\"><System><Provider Name=\"PowerShell\"></Provider>\n<EventID Qualifiers=\"0\">800</EventID>\n<Version>0</Version>\n<Level>4</Level>\n<Task>8</Task>\n<Opcode>0</Opcode>\n<Keywords>0x0080000000000000</Keywords>\n<TimeCreated SystemTime=\"2025-04-09 09:19:11.907017+00:00\"></TimeCreated>\n<EventRecordID>509</EventRecordID>\n<Correlation ActivityID=\"\" RelatedActivityID=\"\"></Correlation>\n<Execution ProcessID=\"6064\" ThreadID=\"0\"></Execution>\n<Channel>Windows PowerShell</Channel>\n<Computer>DESKTOP-M3AKJSD</Computer>\n<Security UserID=\"\"></Security>\n</System>\n<EventData><Data>&lt;string&gt;if((($Manufacturer.ToLower() -eq \"microsoft corporation\") -and ($Model.ToLower().contains(\"virtual\"))) -or ($Manufacturer.ToLower().contains(\"vmware\")) -or ($Model.ToLower() -eq \"virtualbox\")) {write-host \"Virtualization environment detected!\"} else {write-host \"No virtualization environment detected!\"}&lt;/string&gt;\n&lt;string&gt;\tDetailSequence=1\r\n\tDetailTotal=1\r\n\r\n\tSequenceNumber=35\r\n\r\n\tUserId=DESKTOP-M3AKJSD\\User\r\n\tHostName=ConsoleHost\r\n\tHostVersion=5.1.26100.2161\r\n\tHostId=0fad0cf8-6cb6-4657-86f7-655ec22eed9f\r\n\tHostApplication=C:\\Windows\\SysWOW64\\WindowsPowerShell\\v1.0\\powershell.exe\r\n\tEngineVersion=5.1.26100.2161\r\n\tRunspaceId=2aeeba59-d0f6-4ce7-b41c-e07625b3beec\r\n\tPipelineId=13\r\n\tScriptName=\r\n\tCommandLine=if((($Manufacturer.ToLower() -eq \"microsoft corporation\") -and ($Model.ToLower().contains(\"virtual\"))) -or ($Manufacturer.ToLower().contains(\"vmware\")) -or ($Model.ToLower() -eq \"virtualbox\")) {write-host \"Virtualization environment detected!\"} else {write-host \"No virtualization environment detected!\"}&lt;/string&gt;\n&lt;string&gt;CommandInvocation(Write-Host): \"Write-Host\"\r\nParameterBinding(Write-Host): name=\"Object\"; value=\"Virtualization environment detected!\"\r\n&lt;/string&gt;\n</Data>\n<Binary></Binary>\n</EventData>\n</Event>\n"
  },
  {
    "record_id": 510,
    "timestamp": "2025-04-09 09:19:11.907696+00:00",
    "xml_data": "<Event xmlns=\"http://schemas.microsoft.com/win/2004/08/events/event\"><System><Provider Name=\"PowerShell\"></Provider>\n<EventID Qualifiers=\"0\">800</EventID>\n<Version>0</Version>\n<Level>4</Level>\n<Task>8</Task>\n<Opcode>0</Opcode>\n<Keywords>0x0080000000000000</Keywords>\n<TimeCreated SystemTime=\"2025-04-09 09:19:11.907696+00:00\"></TimeCreated>\n<EventRecordID>510</EventRecordID>\n<Correlation ActivityID=\"\" RelatedActivityID=\"\"></Correlation>\n<Execution ProcessID=\"6064\" ThreadID=\"0\"></Execution>\n<Channel>Windows PowerShell</Channel>\n<Computer>DESKTOP-M3AKJSD</Computer>\n<Security UserID=\"\"></Security>\n</System>\n<EventData><Data>&lt;string&gt;\tDetailSequence=1\r\n\tDetailTotal=1\r\n\r\n\tSequenceNumber=37\r\n\r\n\tUserId=DESKTOP-M3AKJSD\\User\r\n\tHostName=ConsoleHost\r\n\tHostVersion=5.1.26100.2161\r\n\tHostId=0fad0cf8-6cb6-4657-86f7-655ec22eed9f\r\n\tHostApplication=C:\\Windows\\SysWOW64\\WindowsPowerShell\\v1.0\\powershell.exe\r\n\tEngineVersion=5.1.26100.2161\r\n\tRunspaceId=2aeeba59-d0f6-4ce7-b41c-e07625b3beec\r\n\tPipelineId=13\r\n\tScriptName=\r\n\tCommandLine=&lt;/string&gt;\n&lt;string&gt;&lt;/string&gt;\n&lt;string&gt;CommandInvocation(Out-Default): \"Out-Default\"\r\n&lt;/string&gt;\n</Data>\n<Binary></Binary>\n</EventData>\n</Event>\n"
  },
  {
    "record_id": 511,
    "timestamp": "2025-04-09 09:19:11.913008+00:00",
    "xml_data": "<Event xmlns=\"http://schemas.microsoft.com/win/2004/08/events/event\"><System><Provider Name=\"PowerShell\"></Provider>\n<EventID Qualifiers=\"0\">800</EventID>\n<Version>0</Version>\n<Level>4</Level>\n<Task>8</Task>\n<Opcode>0</Opcode>\n<Keywords>0x0080000000000000</Keywords>\n<TimeCreated SystemTime=\"2025-04-09 09:19:11.913008+00:00\"></TimeCreated>\n<EventRecordID>511</EventRecordID>\n<Correlation ActivityID=\"\" RelatedActivityID=\"\"></Correlation>\n<Execution ProcessID=\"6064\" ThreadID=\"0\"></Execution>\n<Channel>Windows PowerShell</Channel>\n<Computer>DESKTOP-M3AKJSD</Computer>\n<Security UserID=\"\"></Security>\n</System>\n<EventData><Data>&lt;string&gt;    Microsoft.PowerShell.Core\\Set-StrictMode -Off\r\n&lt;/string&gt;\n&lt;string&gt;\tDetailSequence=1\r\n\tDetailTotal=1\r\n\r\n\tSequenceNumber=39\r\n\r\n\tUserId=DESKTOP-M3AKJSD\\User\r\n\tHostName=ConsoleHost\r\n\tHostVersion=5.1.26100.2161\r\n\tHostId=0fad0cf8-6cb6-4657-86f7-655ec22eed9f\r\n\tHostApplication=C:\\Windows\\SysWOW64\\WindowsPowerShell\\v1.0\\powershell.exe\r\n\tEngineVersion=5.1.26100.2161\r\n\tRunspaceId=2aeeba59-d0f6-4ce7-b41c-e07625b3beec\r\n\tPipelineId=15\r\n\tScriptName=C:\\Program Files\\WindowsPowerShell\\Modules\\PSReadLine\\2.0.0\\PSReadLine.psm1\r\n\tCommandLine=    Microsoft.PowerShell.Core\\Set-StrictMode -Off\r\n&lt;/string&gt;\n&lt;string&gt;CommandInvocation(Set-StrictMode): \"Set-StrictMode\"\r\nParameterBinding(Set-StrictMode): name=\"Off\"; value=\"True\"\r\n&lt;/string&gt;\n</Data>\n<Binary></Binary>\n</EventData>\n</Event>\n"
  },
  {
    "record_id": 512,
    "timestamp": "2025-04-09 09:19:12.148018+00:00",
    "xml_data": "<Event xmlns=\"http://schemas.microsoft.com/win/2004/08/events/event\"><System><Provider Name=\"PowerShell\"></Provider>\n<EventID Qualifiers=\"0\">800</EventID>\n<Version>0</Version>\n<Level>4</Level>\n<Task>8</Task>\n<Opcode>0</Opcode>\n<Keywords>0x0080000000000000</Keywords>\n<TimeCreated SystemTime=\"2025-04-09 09:19:12.148018+00:00\"></TimeCreated>\n<EventRecordID>512</EventRecordID>\n<Correlation ActivityID=\"\" RelatedActivityID=\"\"></Correlation>\n<Execution ProcessID=\"6064\" ThreadID=\"0\"></Execution>\n<Channel>Windows PowerShell</Channel>\n<Computer>DESKTOP-M3AKJSD</Computer>\n<Security UserID=\"\"></Security>\n</System>\n<EventData><Data>&lt;string&gt;\tDetailSequence=1\r\n\tDetailTotal=1\r\n\r\n\tSequenceNumber=41\r\n\r\n\tUserId=DESKTOP-M3AKJSD\\User\r\n\tHostName=ConsoleHost\r\n\tHostVersion=5.1.26100.2161\r\n\tHostId=0fad0cf8-6cb6-4657-86f7-655ec22eed9f\r\n\tHostApplication=C:\\Windows\\SysWOW64\\WindowsPowerShell\\v1.0\\powershell.exe\r\n\tEngineVersion=5.1.26100.2161\r\n\tRunspaceId=2aeeba59-d0f6-4ce7-b41c-e07625b3beec\r\n\tPipelineId=15\r\n\tScriptName=\r\n\tCommandLine=&lt;/string&gt;\n&lt;string&gt;&lt;/string&gt;\n&lt;string&gt;CommandInvocation(PSConsoleHostReadLine): \"PSConsoleHostReadLine\"\r\n&lt;/string&gt;\n</Data>\n<Binary></Binary>\n</EventData>\n</Event>\n"
  },
  {
    "record_id": 513,
    "timestamp": "2025-04-09 09:19:12.156742+00:00",
    "xml_data": "<Event xmlns=\"http://schemas.microsoft.com/win/2004/08/events/event\"><System><Provider Name=\"PowerShell\"></Provider>\n<EventID Qualifiers=\"0\">800</EventID>\n<Version>0</Version>\n<Level>4</Level>\n<Task>8</Task>\n<Opcode>0</Opcode>\n<Keywords>0x0080000000000000</Keywords>\n<TimeCreated SystemTime=\"2025-04-09 09:19:12.156742+00:00\"></TimeCreated>\n<EventRecordID>513</EventRecordID>\n<Correlation ActivityID=\"\" RelatedActivityID=\"\"></Correlation>\n<Execution ProcessID=\"6064\" ThreadID=\"0\"></Execution>\n<Channel>Windows PowerShell</Channel>\n<Computer>DESKTOP-M3AKJSD</Computer>\n<Security UserID=\"\"></Security>\n</System>\n<EventData><Data>&lt;string&gt;    Microsoft.PowerShell.Core\\Set-StrictMode -Off\r\n&lt;/string&gt;\n&lt;string&gt;\tDetailSequence=1\r\n\tDetailTotal=1\r\n\r\n\tSequenceNumber=43\r\n\r\n\tUserId=DESKTOP-M3AKJSD\\User\r\n\tHostName=ConsoleHost\r\n\tHostVersion=5.1.26100.2161\r\n\tHostId=0fad0cf8-6cb6-4657-86f7-655ec22eed9f\r\n\tHostApplication=C:\\Windows\\SysWOW64\\WindowsPowerShell\\v1.0\\powershell.exe\r\n\tEngineVersion=5.1.26100.2161\r\n\tRunspaceId=2aeeba59-d0f6-4ce7-b41c-e07625b3beec\r\n\tPipelineId=17\r\n\tScriptName=C:\\Program Files\\WindowsPowerShell\\Modules\\PSReadLine\\2.0.0\\PSReadLine.psm1\r\n\tCommandLine=    Microsoft.PowerShell.Core\\Set-StrictMode -Off\r\n&lt;/string&gt;\n&lt;string&gt;CommandInvocation(Set-StrictMode): \"Set-StrictMode\"\r\nParameterBinding(Set-StrictMode): name=\"Off\"; value=\"True\"\r\n&lt;/string&gt;\n</Data>\n<Binary></Binary>\n</EventData>\n</Event>\n"
  },
  {
    "record_id": 514,
    "timestamp": "2025-04-09 09:20:11.731628+00:00",
    "xml_data": "<Event xmlns=\"http://schemas.microsoft.com/win/2004/08/events/event\"><System><Provider Name=\"PowerShell\"></Provider>\n<EventID Qualifiers=\"0\">800</EventID>\n<Version>0</Version>\n<Level>4</Level>\n<Task>8</Task>\n<Opcode>0</Opcode>\n<Keywords>0x0080000000000000</Keywords>\n<TimeCreated SystemTime=\"2025-04-09 09:20:11.731628+00:00\"></TimeCreated>\n<EventRecordID>514</EventRecordID>\n<Correlation ActivityID=\"\" RelatedActivityID=\"\"></Correlation>\n<Execution ProcessID=\"6064\" ThreadID=\"0\"></Execution>\n<Channel>Windows PowerShell</Channel>\n<Computer>DESKTOP-M3AKJSD</Computer>\n<Security UserID=\"\"></Security>\n</System>\n<EventData><Data>&lt;string&gt;\tDetailSequence=1\r\n\tDetailTotal=1\r\n\r\n\tSequenceNumber=45\r\n\r\n\tUserId=DESKTOP-M3AKJSD\\User\r\n\tHostName=ConsoleHost\r\n\tHostVersion=5.1.26100.2161\r\n\tHostId=0fad0cf8-6cb6-4657-86f7-655ec22eed9f\r\n\tHostApplication=C:\\Windows\\SysWOW64\\WindowsPowerShell\\v1.0\\powershell.exe\r\n\tEngineVersion=5.1.26100.2161\r\n\tRunspaceId=2aeeba59-d0f6-4ce7-b41c-e07625b3beec\r\n\tPipelineId=17\r\n\tScriptName=\r\n\tCommandLine=&lt;/string&gt;\n&lt;string&gt;&lt;/string&gt;\n&lt;string&gt;CommandInvocation(PSConsoleHostReadLine): \"PSConsoleHostReadLine\"\r\n&lt;/string&gt;\n</Data>\n<Binary></Binary>\n</EventData>\n</Event>\n"
  },
  {
    "record_id": 515,
    "timestamp": "2025-04-09 09:20:11.751488+00:00",
    "xml_data": "<Event xmlns=\"http://schemas.microsoft.com/win/2004/08/events/event\"><System><Provider Name=\"PowerShell\"></Provider>\n<EventID Qualifiers=\"0\">800</EventID>\n<Version>0</Version>\n<Level>4</Level>\n<Task>8</Task>\n<Opcode>0</Opcode>\n<Keywords>0x0080000000000000</Keywords>\n<TimeCreated SystemTime=\"2025-04-09 09:20:11.751488+00:00\"></TimeCreated>\n<EventRecordID>515</EventRecordID>\n<Correlation ActivityID=\"\" RelatedActivityID=\"\"></Correlation>\n<Execution ProcessID=\"6064\" ThreadID=\"0\"></Execution>\n<Channel>Windows PowerShell</Channel>\n<Computer>DESKTOP-M3AKJSD</Computer>\n<Security UserID=\"\"></Security>\n</System>\n<EventData><Data>&lt;string&gt;\tDetailSequence=1\r\n\tDetailTotal=1\r\n\r\n\tSequenceNumber=47\r\n\r\n\tUserId=DESKTOP-M3AKJSD\\User\r\n\tHostName=ConsoleHost\r\n\tHostVersion=5.1.26100.2161\r\n\tHostId=0fad0cf8-6cb6-4657-86f7-655ec22eed9f\r\n\tHostApplication=C:\\Windows\\SysWOW64\\WindowsPowerShell\\v1.0\\powershell.exe\r\n\tEngineVersion=5.1.26100.2161\r\n\tRunspaceId=2aeeba59-d0f6-4ce7-b41c-e07625b3beec\r\n\tPipelineId=18\r\n\tScriptName=\r\n\tCommandLine=&lt;/string&gt;\n&lt;string&gt;&lt;/string&gt;\n&lt;string&gt;CommandInvocation(Out-Default): \"Out-Default\"\r\n&lt;/string&gt;\n</Data>\n<Binary></Binary>\n</EventData>\n</Event>\n"
  },
  {
    "record_id": 516,
    "timestamp": "2025-04-09 09:20:11.756796+00:00",
    "xml_data": "<Event xmlns=\"http://schemas.microsoft.com/win/2004/08/events/event\"><System><Provider Name=\"PowerShell\"></Provider>\n<EventID Qualifiers=\"0\">800</EventID>\n<Version>0</Version>\n<Level>4</Level>\n<Task>8</Task>\n<Opcode>0</Opcode>\n<Keywords>0x0080000000000000</Keywords>\n<TimeCreated SystemTime=\"2025-04-09 09:20:11.756796+00:00\"></TimeCreated>\n<EventRecordID>516</EventRecordID>\n<Correlation ActivityID=\"\" RelatedActivityID=\"\"></Correlation>\n<Execution ProcessID=\"6064\" ThreadID=\"0\"></Execution>\n<Channel>Windows PowerShell</Channel>\n<Computer>DESKTOP-M3AKJSD</Computer>\n<Security UserID=\"\"></Security>\n</System>\n<EventData><Data>&lt;string&gt;    Microsoft.PowerShell.Core\\Set-StrictMode -Off\r\n&lt;/string&gt;\n&lt;string&gt;\tDetailSequence=1\r\n\tDetailTotal=1\r\n\r\n\tSequenceNumber=49\r\n\r\n\tUserId=DESKTOP-M3AKJSD\\User\r\n\tHostName=ConsoleHost\r\n\tHostVersion=5.1.26100.2161\r\n\tHostId=0fad0cf8-6cb6-4657-86f7-655ec22eed9f\r\n\tHostApplication=C:\\Windows\\SysWOW64\\WindowsPowerShell\\v1.0\\powershell.exe\r\n\tEngineVersion=5.1.26100.2161\r\n\tRunspaceId=2aeeba59-d0f6-4ce7-b41c-e07625b3beec\r\n\tPipelineId=20\r\n\tScriptName=C:\\Program Files\\WindowsPowerShell\\Modules\\PSReadLine\\2.0.0\\PSReadLine.psm1\r\n\tCommandLine=    Microsoft.PowerShell.Core\\Set-StrictMode -Off\r\n&lt;/string&gt;\n&lt;string&gt;CommandInvocation(Set-StrictMode): \"Set-StrictMode\"\r\nParameterBinding(Set-StrictMode): name=\"Off\"; value=\"True\"\r\n&lt;/string&gt;\n</Data>\n<Binary></Binary>\n</EventData>\n</Event>\n"
  },
  {
    "record_id": 517,
    "timestamp": "2025-04-09 09:20:11.858744+00:00",
    "xml_data": "<Event xmlns=\"http://schemas.microsoft.com/win/2004/08/events/event\"><System><Provider Name=\"PowerShell\"></Provider>\n<EventID Qualifiers=\"0\">800</EventID>\n<Version>0</Version>\n<Level>4</Level>\n<Task>8</Task>\n<Opcode>0</Opcode>\n<Keywords>0x0080000000000000</Keywords>\n<TimeCreated SystemTime=\"2025-04-09 09:20:11.858744+00:00\"></TimeCreated>\n<EventRecordID>517</EventRecordID>\n<Correlation ActivityID=\"\" RelatedActivityID=\"\"></Correlation>\n<Execution ProcessID=\"6064\" ThreadID=\"0\"></Execution>\n<Channel>Windows PowerShell</Channel>\n<Computer>DESKTOP-M3AKJSD</Computer>\n<Security UserID=\"\"></Security>\n</System>\n<EventData><Data>&lt;string&gt;\tDetailSequence=1\r\n\tDetailTotal=1\r\n\r\n\tSequenceNumber=51\r\n\r\n\tUserId=DESKTOP-M3AKJSD\\User\r\n\tHostName=ConsoleHost\r\n\tHostVersion=5.1.26100.2161\r\n\tHostId=0fad0cf8-6cb6-4657-86f7-655ec22eed9f\r\n\tHostApplication=C:\\Windows\\SysWOW64\\WindowsPowerShell\\v1.0\\powershell.exe\r\n\tEngineVersion=5.1.26100.2161\r\n\tRunspaceId=2aeeba59-d0f6-4ce7-b41c-e07625b3beec\r\n\tPipelineId=20\r\n\tScriptName=\r\n\tCommandLine=&lt;/string&gt;\n&lt;string&gt;&lt;/string&gt;\n&lt;string&gt;CommandInvocation(PSConsoleHostReadLine): \"PSConsoleHostReadLine\"\r\n&lt;/string&gt;\n</Data>\n<Binary></Binary>\n</EventData>\n</Event>\n"
  },
  {
    "record_id": 518,
    "timestamp": "2025-04-09 09:20:12.481880+00:00",
    "xml_data": "<Event xmlns=\"http://schemas.microsoft.com/win/2004/08/events/event\"><System><Provider Name=\"PowerShell\"></Provider>\n<EventID Qualifiers=\"0\">800</EventID>\n<Version>0</Version>\n<Level>4</Level>\n<Task>8</Task>\n<Opcode>0</Opcode>\n<Keywords>0x0080000000000000</Keywords>\n<TimeCreated SystemTime=\"2025-04-09 09:20:12.481880+00:00\"></TimeCreated>\n<EventRecordID>518</EventRecordID>\n<Correlation ActivityID=\"\" RelatedActivityID=\"\"></Correlation>\n<Execution ProcessID=\"6064\" ThreadID=\"0\"></Execution>\n<Channel>Windows PowerShell</Channel>\n<Computer>DESKTOP-M3AKJSD</Computer>\n<Security UserID=\"\"></Security>\n</System>\n<EventData><Data>&lt;string&gt;Get-WmiObject -Query \"SELECT * FROM MSAcpi_ThermalZoneTemperature\" -ErrorAction SilentlyContinue&lt;/string&gt;\n&lt;string&gt;\tDetailSequence=1\r\n\tDetailTotal=1\r\n\r\n\tSequenceNumber=53\r\n\r\n\tUserId=DESKTOP-M3AKJSD\\User\r\n\tHostName=ConsoleHost\r\n\tHostVersion=5.1.26100.2161\r\n\tHostId=0fad0cf8-6cb6-4657-86f7-655ec22eed9f\r\n\tHostApplication=C:\\Windows\\SysWOW64\\WindowsPowerShell\\v1.0\\powershell.exe\r\n\tEngineVersion=5.1.26100.2161\r\n\tRunspaceId=2aeeba59-d0f6-4ce7-b41c-e07625b3beec\r\n\tPipelineId=21\r\n\tScriptName=\r\n\tCommandLine=Get-WmiObject -Query \"SELECT * FROM MSAcpi_ThermalZoneTemperature\" -ErrorAction SilentlyContinue&lt;/string&gt;\n&lt;string&gt;CommandInvocation(Get-WmiObject): \"Get-WmiObject\"\r\nParameterBinding(Get-WmiObject): name=\"Query\"; value=\"SELECT * FROM MSAcpi_ThermalZoneTemperature\"\r\nParameterBinding(Get-WmiObject): name=\"ErrorAction\"; value=\"SilentlyContinue\"\r\nNonTerminatingError(Get-WmiObject): \"Invalid class \"MSAcpi_ThermalZoneTemperature\"\"\r\n&lt;/string&gt;\n</Data>\n<Binary></Binary>\n</EventData>\n</Event>\n"
  },
  {
    "record_id": 519,
    "timestamp": "2025-04-09 09:20:12.482468+00:00",
    "xml_data": "<Event xmlns=\"http://schemas.microsoft.com/win/2004/08/events/event\"><System><Provider Name=\"PowerShell\"></Provider>\n<EventID Qualifiers=\"0\">800</EventID>\n<Version>0</Version>\n<Level>4</Level>\n<Task>8</Task>\n<Opcode>0</Opcode>\n<Keywords>0x0080000000000000</Keywords>\n<TimeCreated SystemTime=\"2025-04-09 09:20:12.482468+00:00\"></TimeCreated>\n<EventRecordID>519</EventRecordID>\n<Correlation ActivityID=\"\" RelatedActivityID=\"\"></Correlation>\n<Execution ProcessID=\"6064\" ThreadID=\"0\"></Execution>\n<Channel>Windows PowerShell</Channel>\n<Computer>DESKTOP-M3AKJSD</Computer>\n<Security UserID=\"\"></Security>\n</System>\n<EventData><Data>&lt;string&gt;\tDetailSequence=1\r\n\tDetailTotal=1\r\n\r\n\tSequenceNumber=55\r\n\r\n\tUserId=DESKTOP-M3AKJSD\\User\r\n\tHostName=ConsoleHost\r\n\tHostVersion=5.1.26100.2161\r\n\tHostId=0fad0cf8-6cb6-4657-86f7-655ec22eed9f\r\n\tHostApplication=C:\\Windows\\SysWOW64\\WindowsPowerShell\\v1.0\\powershell.exe\r\n\tEngineVersion=5.1.26100.2161\r\n\tRunspaceId=2aeeba59-d0f6-4ce7-b41c-e07625b3beec\r\n\tPipelineId=21\r\n\tScriptName=\r\n\tCommandLine=&lt;/string&gt;\n&lt;string&gt;&lt;/string&gt;\n&lt;string&gt;CommandInvocation(Out-Default): \"Out-Default\"\r\n&lt;/string&gt;\n</Data>\n<Binary></Binary>\n</EventData>\n</Event>\n"
  },
  {
    "record_id": 520,
    "timestamp": "2025-04-09 09:20:12.493755+00:00",
    "xml_data": "<Event xmlns=\"http://schemas.microsoft.com/win/2004/08/events/event\"><System><Provider Name=\"PowerShell\"></Provider>\n<EventID Qualifiers=\"0\">800</EventID>\n<Version>0</Version>\n<Level>4</Level>\n<Task>8</Task>\n<Opcode>0</Opcode>\n<Keywords>0x0080000000000000</Keywords>\n<TimeCreated SystemTime=\"2025-04-09 09:20:12.493755+00:00\"></TimeCreated>\n<EventRecordID>520</EventRecordID>\n<Correlation ActivityID=\"\" RelatedActivityID=\"\"></Correlation>\n<Execution ProcessID=\"6064\" ThreadID=\"0\"></Execution>\n<Channel>Windows PowerShell</Channel>\n<Computer>DESKTOP-M3AKJSD</Computer>\n<Security UserID=\"\"></Security>\n</System>\n<EventData><Data>&lt;string&gt;    Microsoft.PowerShell.Core\\Set-StrictMode -Off\r\n&lt;/string&gt;\n&lt;string&gt;\tDetailSequence=1\r\n\tDetailTotal=1\r\n\r\n\tSequenceNumber=57\r\n\r\n\tUserId=DESKTOP-M3AKJSD\\User\r\n\tHostName=ConsoleHost\r\n\tHostVersion=5.1.26100.2161\r\n\tHostId=0fad0cf8-6cb6-4657-86f7-655ec22eed9f\r\n\tHostApplication=C:\\Windows\\SysWOW64\\WindowsPowerShell\\v1.0\\powershell.exe\r\n\tEngineVersion=5.1.26100.2161\r\n\tRunspaceId=2aeeba59-d0f6-4ce7-b41c-e07625b3beec\r\n\tPipelineId=23\r\n\tScriptName=C:\\Program Files\\WindowsPowerShell\\Modules\\PSReadLine\\2.0.0\\PSReadLine.psm1\r\n\tCommandLine=    Microsoft.PowerShell.Core\\Set-StrictMode -Off\r\n&lt;/string&gt;\n&lt;string&gt;CommandInvocation(Set-StrictMode): \"Set-StrictMode\"\r\nParameterBinding(Set-StrictMode): name=\"Off\"; value=\"True\"\r\n&lt;/string&gt;\n</Data>\n<Binary></Binary>\n</EventData>\n</Event>\n"
  },
  {
    "record_id": 521,
    "timestamp": "2025-04-09 09:20:14.691854+00:00",
    "xml_data": "<Event xmlns=\"http://schemas.microsoft.com/win/2004/08/events/event\"><System><Provider Name=\"PowerShell\"></Provider>\n<EventID Qualifiers=\"0\">800</EventID>\n<Version>0</Version>\n<Level>4</Level>\n<Task>8</Task>\n<Opcode>0</Opcode>\n<Keywords>0x0080000000000000</Keywords>\n<TimeCreated SystemTime=\"2025-04-09 09:20:14.691854+00:00\"></TimeCreated>\n<EventRecordID>521</EventRecordID>\n<Correlation ActivityID=\"\" RelatedActivityID=\"\"></Correlation>\n<Execution ProcessID=\"6064\" ThreadID=\"0\"></Execution>\n<Channel>Windows PowerShell</Channel>\n<Computer>DESKTOP-M3AKJSD</Computer>\n<Security UserID=\"\"></Security>\n</System>\n<EventData><Data>&lt;string&gt;\tDetailSequence=1\r\n\tDetailTotal=1\r\n\r\n\tSequenceNumber=59\r\n\r\n\tUserId=DESKTOP-M3AKJSD\\User\r\n\tHostName=ConsoleHost\r\n\tHostVersion=5.1.26100.2161\r\n\tHostId=0fad0cf8-6cb6-4657-86f7-655ec22eed9f\r\n\tHostApplication=C:\\Windows\\SysWOW64\\WindowsPowerShell\\v1.0\\powershell.exe\r\n\tEngineVersion=5.1.26100.2161\r\n\tRunspaceId=2aeeba59-d0f6-4ce7-b41c-e07625b3beec\r\n\tPipelineId=23\r\n\tScriptName=\r\n\tCommandLine=&lt;/string&gt;\n&lt;string&gt;&lt;/string&gt;\n&lt;string&gt;CommandInvocation(PSConsoleHostReadLine): \"PSConsoleHostReadLine\"\r\n&lt;/string&gt;\n</Data>\n<Binary></Binary>\n</EventData>\n</Event>\n"
  },
  {
    "record_id": 522,
    "timestamp": "2025-04-09 09:20:14.737028+00:00",
    "xml_data": "<Event xmlns=\"http://schemas.microsoft.com/win/2004/08/events/event\"><System><Provider Name=\"PowerShell\"></Provider>\n<EventID Qualifiers=\"0\">800</EventID>\n<Version>0</Version>\n<Level>4</Level>\n<Task>8</Task>\n<Opcode>0</Opcode>\n<Keywords>0x0080000000000000</Keywords>\n<TimeCreated SystemTime=\"2025-04-09 09:20:14.737028+00:00\"></TimeCreated>\n<EventRecordID>522</EventRecordID>\n<Correlation ActivityID=\"\" RelatedActivityID=\"\"></Correlation>\n<Execution ProcessID=\"6064\" ThreadID=\"0\"></Execution>\n<Channel>Windows PowerShell</Channel>\n<Computer>DESKTOP-M3AKJSD</Computer>\n<Security UserID=\"\"></Security>\n</System>\n<EventData><Data>&lt;string&gt;if($error) {echo \"Virtualization Environment detected\"}&lt;/string&gt;\n&lt;string&gt;\tDetailSequence=1\r\n\tDetailTotal=1\r\n\r\n\tSequenceNumber=61\r\n\r\n\tUserId=DESKTOP-M3AKJSD\\User\r\n\tHostName=ConsoleHost\r\n\tHostVersion=5.1.26100.2161\r\n\tHostId=0fad0cf8-6cb6-4657-86f7-655ec22eed9f\r\n\tHostApplication=C:\\Windows\\SysWOW64\\WindowsPowerShell\\v1.0\\powershell.exe\r\n\tEngineVersion=5.1.26100.2161\r\n\tRunspaceId=2aeeba59-d0f6-4ce7-b41c-e07625b3beec\r\n\tPipelineId=24\r\n\tScriptName=\r\n\tCommandLine=if($error) {echo \"Virtualization Environment detected\"}&lt;/string&gt;\n&lt;string&gt;CommandInvocation(Write-Output): \"Write-Output\"\r\nParameterBinding(Write-Output): name=\"InputObject\"; value=\"Virtualization Environment detected\"\r\n&lt;/string&gt;\n</Data>\n<Binary></Binary>\n</EventData>\n</Event>\n"
  },
  {
    "record_id": 523,
    "timestamp": "2025-04-09 09:20:14.741463+00:00",
    "xml_data": "<Event xmlns=\"http://schemas.microsoft.com/win/2004/08/events/event\"><System><Provider Name=\"PowerShell\"></Provider>\n<EventID Qualifiers=\"0\">800</EventID>\n<Version>0</Version>\n<Level>4</Level>\n<Task>8</Task>\n<Opcode>0</Opcode>\n<Keywords>0x0080000000000000</Keywords>\n<TimeCreated SystemTime=\"2025-04-09 09:20:14.741463+00:00\"></TimeCreated>\n<EventRecordID>523</EventRecordID>\n<Correlation ActivityID=\"\" RelatedActivityID=\"\"></Correlation>\n<Execution ProcessID=\"6064\" ThreadID=\"0\"></Execution>\n<Channel>Windows PowerShell</Channel>\n<Computer>DESKTOP-M3AKJSD</Computer>\n<Security UserID=\"\"></Security>\n</System>\n<EventData><Data>&lt;string&gt;\tDetailSequence=1\r\n\tDetailTotal=1\r\n\r\n\tSequenceNumber=63\r\n\r\n\tUserId=DESKTOP-M3AKJSD\\User\r\n\tHostName=ConsoleHost\r\n\tHostVersion=5.1.26100.2161\r\n\tHostId=0fad0cf8-6cb6-4657-86f7-655ec22eed9f\r\n\tHostApplication=C:\\Windows\\SysWOW64\\WindowsPowerShell\\v1.0\\powershell.exe\r\n\tEngineVersion=5.1.26100.2161\r\n\tRunspaceId=2aeeba59-d0f6-4ce7-b41c-e07625b3beec\r\n\tPipelineId=24\r\n\tScriptName=\r\n\tCommandLine=&lt;/string&gt;\n&lt;string&gt;&lt;/string&gt;\n&lt;string&gt;CommandInvocation(Out-Default): \"Out-Default\"\r\nParameterBinding(Out-Default): name=\"InputObject\"; value=\"Virtualization Environment detected\"\r\n&lt;/string&gt;\n</Data>\n<Binary></Binary>\n</EventData>\n</Event>\n"
  },
  {
    "record_id": 524,
    "timestamp": "2025-04-09 09:20:14.748049+00:00",
    "xml_data": "<Event xmlns=\"http://schemas.microsoft.com/win/2004/08/events/event\"><System><Provider Name=\"PowerShell\"></Provider>\n<EventID Qualifiers=\"0\">800</EventID>\n<Version>0</Version>\n<Level>4</Level>\n<Task>8</Task>\n<Opcode>0</Opcode>\n<Keywords>0x0080000000000000</Keywords>\n<TimeCreated SystemTime=\"2025-04-09 09:20:14.748049+00:00\"></TimeCreated>\n<EventRecordID>524</EventRecordID>\n<Correlation ActivityID=\"\" RelatedActivityID=\"\"></Correlation>\n<Execution ProcessID=\"6064\" ThreadID=\"0\"></Execution>\n<Channel>Windows PowerShell</Channel>\n<Computer>DESKTOP-M3AKJSD</Computer>\n<Security UserID=\"\"></Security>\n</System>\n<EventData><Data>&lt;string&gt;    Microsoft.PowerShell.Core\\Set-StrictMode -Off\r\n&lt;/string&gt;\n&lt;string&gt;\tDetailSequence=1\r\n\tDetailTotal=1\r\n\r\n\tSequenceNumber=65\r\n\r\n\tUserId=DESKTOP-M3AKJSD\\User\r\n\tHostName=ConsoleHost\r\n\tHostVersion=5.1.26100.2161\r\n\tHostId=0fad0cf8-6cb6-4657-86f7-655ec22eed9f\r\n\tHostApplication=C:\\Windows\\SysWOW64\\WindowsPowerShell\\v1.0\\powershell.exe\r\n\tEngineVersion=5.1.26100.2161\r\n\tRunspaceId=2aeeba59-d0f6-4ce7-b41c-e07625b3beec\r\n\tPipelineId=26\r\n\tScriptName=C:\\Program Files\\WindowsPowerShell\\Modules\\PSReadLine\\2.0.0\\PSReadLine.psm1\r\n\tCommandLine=    Microsoft.PowerShell.Core\\Set-StrictMode -Off\r\n&lt;/string&gt;\n&lt;string&gt;CommandInvocation(Set-StrictMode): \"Set-StrictMode\"\r\nParameterBinding(Set-StrictMode): name=\"Off\"; value=\"True\"\r\n&lt;/string&gt;\n</Data>\n<Binary></Binary>\n</EventData>\n</Event>\n"
  },
  {
    "record_id": 525,
    "timestamp": "2025-04-09 09:20:15.263107+00:00",
    "xml_data": "<Event xmlns=\"http://schemas.microsoft.com/win/2004/08/events/event\"><System><Provider Name=\"PowerShell\"></Provider>\n<EventID Qualifiers=\"0\">800</EventID>\n<Version>0</Version>\n<Level>4</Level>\n<Task>8</Task>\n<Opcode>0</Opcode>\n<Keywords>0x0080000000000000</Keywords>\n<TimeCreated SystemTime=\"2025-04-09 09:20:15.263107+00:00\"></TimeCreated>\n<EventRecordID>525</EventRecordID>\n<Correlation ActivityID=\"\" RelatedActivityID=\"\"></Correlation>\n<Execution ProcessID=\"6064\" ThreadID=\"0\"></Execution>\n<Channel>Windows PowerShell</Channel>\n<Computer>DESKTOP-M3AKJSD</Computer>\n<Security UserID=\"\"></Security>\n</System>\n<EventData><Data>&lt;string&gt;\tDetailSequence=1\r\n\tDetailTotal=1\r\n\r\n\tSequenceNumber=67\r\n\r\n\tUserId=DESKTOP-M3AKJSD\\User\r\n\tHostName=ConsoleHost\r\n\tHostVersion=5.1.26100.2161\r\n\tHostId=0fad0cf8-6cb6-4657-86f7-655ec22eed9f\r\n\tHostApplication=C:\\Windows\\SysWOW64\\WindowsPowerShell\\v1.0\\powershell.exe\r\n\tEngineVersion=5.1.26100.2161\r\n\tRunspaceId=2aeeba59-d0f6-4ce7-b41c-e07625b3beec\r\n\tPipelineId=26\r\n\tScriptName=\r\n\tCommandLine=&lt;/string&gt;\n&lt;string&gt;&lt;/string&gt;\n&lt;string&gt;CommandInvocation(PSConsoleHostReadLine): \"PSConsoleHostReadLine\"\r\n&lt;/string&gt;\n</Data>\n<Binary></Binary>\n</EventData>\n</Event>\n"
  },
  {
    "record_id": 526,
    "timestamp": "2025-04-09 09:20:15.271973+00:00",
    "xml_data": "<Event xmlns=\"http://schemas.microsoft.com/win/2004/08/events/event\"><System><Provider Name=\"PowerShell\"></Provider>\n<EventID Qualifiers=\"0\">800</EventID>\n<Version>0</Version>\n<Level>4</Level>\n<Task>8</Task>\n<Opcode>0</Opcode>\n<Keywords>0x0080000000000000</Keywords>\n<TimeCreated SystemTime=\"2025-04-09 09:20:15.271973+00:00\"></TimeCreated>\n<EventRecordID>526</EventRecordID>\n<Correlation ActivityID=\"\" RelatedActivityID=\"\"></Correlation>\n<Execution ProcessID=\"6064\" ThreadID=\"0\"></Execution>\n<Channel>Windows PowerShell</Channel>\n<Computer>DESKTOP-M3AKJSD</Computer>\n<Security UserID=\"\"></Security>\n</System>\n<EventData><Data>&lt;string&gt;    Microsoft.PowerShell.Core\\Set-StrictMode -Off\r\n&lt;/string&gt;\n&lt;string&gt;\tDetailSequence=1\r\n\tDetailTotal=1\r\n\r\n\tSequenceNumber=69\r\n\r\n\tUserId=DESKTOP-M3AKJSD\\User\r\n\tHostName=ConsoleHost\r\n\tHostVersion=5.1.26100.2161\r\n\tHostId=0fad0cf8-6cb6-4657-86f7-655ec22eed9f\r\n\tHostApplication=C:\\Windows\\SysWOW64\\WindowsPowerShell\\v1.0\\powershell.exe\r\n\tEngineVersion=5.1.26100.2161\r\n\tRunspaceId=2aeeba59-d0f6-4ce7-b41c-e07625b3beec\r\n\tPipelineId=28\r\n\tScriptName=C:\\Program Files\\WindowsPowerShell\\Modules\\PSReadLine\\2.0.0\\PSReadLine.psm1\r\n\tCommandLine=    Microsoft.PowerShell.Core\\Set-StrictMode -Off\r\n&lt;/string&gt;\n&lt;string&gt;CommandInvocation(Set-StrictMode): \"Set-StrictMode\"\r\nParameterBinding(Set-StrictMode): name=\"Off\"; value=\"True\"\r\n&lt;/string&gt;\n</Data>\n<Binary></Binary>\n</EventData>\n</Event>\n"
  },
  {
    "record_id": 527,
    "timestamp": "2025-04-09 09:20:45.741993+00:00",
    "xml_data": "<Event xmlns=\"http://schemas.microsoft.com/win/2004/08/events/event\"><System><Provider Name=\"PowerShell\"></Provider>\n<EventID Qualifiers=\"0\">800</EventID>\n<Version>0</Version>\n<Level>4</Level>\n<Task>8</Task>\n<Opcode>0</Opcode>\n<Keywords>0x0080000000000000</Keywords>\n<TimeCreated SystemTime=\"2025-04-09 09:20:45.741993+00:00\"></TimeCreated>\n<EventRecordID>527</EventRecordID>\n<Correlation ActivityID=\"\" RelatedActivityID=\"\"></Correlation>\n<Execution ProcessID=\"6064\" ThreadID=\"0\"></Execution>\n<Channel>Windows PowerShell</Channel>\n<Computer>DESKTOP-M3AKJSD</Computer>\n<Security UserID=\"\"></Security>\n</System>\n<EventData><Data>&lt;string&gt;\tDetailSequence=1\r\n\tDetailTotal=1\r\n\r\n\tSequenceNumber=71\r\n\r\n\tUserId=DESKTOP-M3AKJSD\\User\r\n\tHostName=ConsoleHost\r\n\tHostVersion=5.1.26100.2161\r\n\tHostId=0fad0cf8-6cb6-4657-86f7-655ec22eed9f\r\n\tHostApplication=C:\\Windows\\SysWOW64\\WindowsPowerShell\\v1.0\\powershell.exe\r\n\tEngineVersion=5.1.26100.2161\r\n\tRunspaceId=2aeeba59-d0f6-4ce7-b41c-e07625b3beec\r\n\tPipelineId=28\r\n\tScriptName=\r\n\tCommandLine=&lt;/string&gt;\n&lt;string&gt;&lt;/string&gt;\n&lt;string&gt;CommandInvocation(PSConsoleHostReadLine): \"PSConsoleHostReadLine\"\r\n&lt;/string&gt;\n</Data>\n<Binary></Binary>\n</EventData>\n</Event>\n"
  },
  {
    "record_id": 528,
    "timestamp": "2025-04-09 09:20:45.839712+00:00",
    "xml_data": "<Event xmlns=\"http://schemas.microsoft.com/win/2004/08/events/event\"><System><Provider Name=\"PowerShell\"></Provider>\n<EventID Qualifiers=\"0\">800</EventID>\n<Version>0</Version>\n<Level>4</Level>\n<Task>8</Task>\n<Opcode>0</Opcode>\n<Keywords>0x0080000000000000</Keywords>\n<TimeCreated SystemTime=\"2025-04-09 09:20:45.839712+00:00\"></TimeCreated>\n<EventRecordID>528</EventRecordID>\n<Correlation ActivityID=\"\" RelatedActivityID=\"\"></Correlation>\n<Execution ProcessID=\"6064\" ThreadID=\"0\"></Execution>\n<Channel>Windows PowerShell</Channel>\n<Computer>DESKTOP-M3AKJSD</Computer>\n<Security UserID=\"\"></Security>\n</System>\n<EventData><Data>&lt;string&gt;\tDetailSequence=1\r\n\tDetailTotal=1\r\n\r\n\tSequenceNumber=73\r\n\r\n\tUserId=DESKTOP-M3AKJSD\\User\r\n\tHostName=ConsoleHost\r\n\tHostVersion=5.1.26100.2161\r\n\tHostId=0fad0cf8-6cb6-4657-86f7-655ec22eed9f\r\n\tHostApplication=C:\\Windows\\SysWOW64\\WindowsPowerShell\\v1.0\\powershell.exe\r\n\tEngineVersion=5.1.26100.2161\r\n\tRunspaceId=2aeeba59-d0f6-4ce7-b41c-e07625b3beec\r\n\tPipelineId=29\r\n\tScriptName=\r\n\tCommandLine=&lt;/string&gt;\n&lt;string&gt;&lt;/string&gt;\n&lt;string&gt;CommandInvocation(Out-Default): \"Out-Default\"\r\n&lt;/string&gt;\n</Data>\n<Binary></Binary>\n</EventData>\n</Event>\n"
  },
  {
    "record_id": 529,
    "timestamp": "2025-04-09 09:20:45.847042+00:00",
    "xml_data": "<Event xmlns=\"http://schemas.microsoft.com/win/2004/08/events/event\"><System><Provider Name=\"PowerShell\"></Provider>\n<EventID Qualifiers=\"0\">800</EventID>\n<Version>0</Version>\n<Level>4</Level>\n<Task>8</Task>\n<Opcode>0</Opcode>\n<Keywords>0x0080000000000000</Keywords>\n<TimeCreated SystemTime=\"2025-04-09 09:20:45.847042+00:00\"></TimeCreated>\n<EventRecordID>529</EventRecordID>\n<Correlation ActivityID=\"\" RelatedActivityID=\"\"></Correlation>\n<Execution ProcessID=\"6064\" ThreadID=\"0\"></Execution>\n<Channel>Windows PowerShell</Channel>\n<Computer>DESKTOP-M3AKJSD</Computer>\n<Security UserID=\"\"></Security>\n</System>\n<EventData><Data>&lt;string&gt;    Microsoft.PowerShell.Core\\Set-StrictMode -Off\r\n&lt;/string&gt;\n&lt;string&gt;\tDetailSequence=1\r\n\tDetailTotal=1\r\n\r\n\tSequenceNumber=75\r\n\r\n\tUserId=DESKTOP-M3AKJSD\\User\r\n\tHostName=ConsoleHost\r\n\tHostVersion=5.1.26100.2161\r\n\tHostId=0fad0cf8-6cb6-4657-86f7-655ec22eed9f\r\n\tHostApplication=C:\\Windows\\SysWOW64\\WindowsPowerShell\\v1.0\\powershell.exe\r\n\tEngineVersion=5.1.26100.2161\r\n\tRunspaceId=2aeeba59-d0f6-4ce7-b41c-e07625b3beec\r\n\tPipelineId=31\r\n\tScriptName=C:\\Program Files\\WindowsPowerShell\\Modules\\PSReadLine\\2.0.0\\PSReadLine.psm1\r\n\tCommandLine=    Microsoft.PowerShell.Core\\Set-StrictMode -Off\r\n&lt;/string&gt;\n&lt;string&gt;CommandInvocation(Set-StrictMode): \"Set-StrictMode\"\r\nParameterBinding(Set-StrictMode): name=\"Off\"; value=\"True\"\r\n&lt;/string&gt;\n</Data>\n<Binary></Binary>\n</EventData>\n</Event>\n"
  },
  {
    "record_id": 530,
    "timestamp": "2025-04-09 09:20:47.782310+00:00",
    "xml_data": "<Event xmlns=\"http://schemas.microsoft.com/win/2004/08/events/event\"><System><Provider Name=\"PowerShell\"></Provider>\n<EventID Qualifiers=\"0\">800</EventID>\n<Version>0</Version>\n<Level>4</Level>\n<Task>8</Task>\n<Opcode>0</Opcode>\n<Keywords>0x0080000000000000</Keywords>\n<TimeCreated SystemTime=\"2025-04-09 09:20:47.782310+00:00\"></TimeCreated>\n<EventRecordID>530</EventRecordID>\n<Correlation ActivityID=\"\" RelatedActivityID=\"\"></Correlation>\n<Execution ProcessID=\"6064\" ThreadID=\"0\"></Execution>\n<Channel>Windows PowerShell</Channel>\n<Computer>DESKTOP-M3AKJSD</Computer>\n<Security UserID=\"\"></Security>\n</System>\n<EventData><Data>&lt;string&gt;\tDetailSequence=1\r\n\tDetailTotal=1\r\n\r\n\tSequenceNumber=77\r\n\r\n\tUserId=DESKTOP-M3AKJSD\\User\r\n\tHostName=ConsoleHost\r\n\tHostVersion=5.1.26100.2161\r\n\tHostId=0fad0cf8-6cb6-4657-86f7-655ec22eed9f\r\n\tHostApplication=C:\\Windows\\SysWOW64\\WindowsPowerShell\\v1.0\\powershell.exe\r\n\tEngineVersion=5.1.26100.2161\r\n\tRunspaceId=2aeeba59-d0f6-4ce7-b41c-e07625b3beec\r\n\tPipelineId=31\r\n\tScriptName=\r\n\tCommandLine=&lt;/string&gt;\n&lt;string&gt;&lt;/string&gt;\n&lt;string&gt;CommandInvocation(PSConsoleHostReadLine): \"PSConsoleHostReadLine\"\r\n&lt;/string&gt;\n</Data>\n<Binary></Binary>\n</EventData>\n</Event>\n"
  },
  {
    "record_id": 531,
    "timestamp": "2025-04-09 09:20:47.790339+00:00",
    "xml_data": "<Event xmlns=\"http://schemas.microsoft.com/win/2004/08/events/event\"><System><Provider Name=\"PowerShell\"></Provider>\n<EventID Qualifiers=\"0\">800</EventID>\n<Version>0</Version>\n<Level>4</Level>\n<Task>8</Task>\n<Opcode>0</Opcode>\n<Keywords>0x0080000000000000</Keywords>\n<TimeCreated SystemTime=\"2025-04-09 09:20:47.790339+00:00\"></TimeCreated>\n<EventRecordID>531</EventRecordID>\n<Correlation ActivityID=\"\" RelatedActivityID=\"\"></Correlation>\n<Execution ProcessID=\"6064\" ThreadID=\"0\"></Execution>\n<Channel>Windows PowerShell</Channel>\n<Computer>DESKTOP-M3AKJSD</Computer>\n<Security UserID=\"\"></Security>\n</System>\n<EventData><Data>&lt;string&gt;    Microsoft.PowerShell.Core\\Set-StrictMode -Off\r\n&lt;/string&gt;\n&lt;string&gt;\tDetailSequence=1\r\n\tDetailTotal=1\r\n\r\n\tSequenceNumber=79\r\n\r\n\tUserId=DESKTOP-M3AKJSD\\User\r\n\tHostName=ConsoleHost\r\n\tHostVersion=5.1.26100.2161\r\n\tHostId=0fad0cf8-6cb6-4657-86f7-655ec22eed9f\r\n\tHostApplication=C:\\Windows\\SysWOW64\\WindowsPowerShell\\v1.0\\powershell.exe\r\n\tEngineVersion=5.1.26100.2161\r\n\tRunspaceId=2aeeba59-d0f6-4ce7-b41c-e07625b3beec\r\n\tPipelineId=33\r\n\tScriptName=C:\\Program Files\\WindowsPowerShell\\Modules\\PSReadLine\\2.0.0\\PSReadLine.psm1\r\n\tCommandLine=    Microsoft.PowerShell.Core\\Set-StrictMode -Off\r\n&lt;/string&gt;\n&lt;string&gt;CommandInvocation(Set-StrictMode): \"Set-StrictMode\"\r\nParameterBinding(Set-StrictMode): name=\"Off\"; value=\"True\"\r\n&lt;/string&gt;\n</Data>\n<Binary></Binary>\n</EventData>\n</Event>\n"
  },
  {
    "record_id": 532,
    "timestamp": "2025-04-09 09:20:47.810167+00:00",
    "xml_data": "<Event xmlns=\"http://schemas.microsoft.com/win/2004/08/events/event\"><System><Provider Name=\"PowerShell\"></Provider>\n<EventID Qualifiers=\"0\">800</EventID>\n<Version>0</Version>\n<Level>4</Level>\n<Task>8</Task>\n<Opcode>0</Opcode>\n<Keywords>0x0080000000000000</Keywords>\n<TimeCreated SystemTime=\"2025-04-09 09:20:47.810167+00:00\"></TimeCreated>\n<EventRecordID>532</EventRecordID>\n<Correlation ActivityID=\"\" RelatedActivityID=\"\"></Correlation>\n<Execution ProcessID=\"6064\" ThreadID=\"0\"></Execution>\n<Channel>Windows PowerShell</Channel>\n<Computer>DESKTOP-M3AKJSD</Computer>\n<Security UserID=\"\"></Security>\n</System>\n<EventData><Data>&lt;string&gt;\tDetailSequence=1\r\n\tDetailTotal=1\r\n\r\n\tSequenceNumber=81\r\n\r\n\tUserId=DESKTOP-M3AKJSD\\User\r\n\tHostName=ConsoleHost\r\n\tHostVersion=5.1.26100.2161\r\n\tHostId=0fad0cf8-6cb6-4657-86f7-655ec22eed9f\r\n\tHostApplication=C:\\Windows\\SysWOW64\\WindowsPowerShell\\v1.0\\powershell.exe\r\n\tEngineVersion=5.1.26100.2161\r\n\tRunspaceId=2aeeba59-d0f6-4ce7-b41c-e07625b3beec\r\n\tPipelineId=33\r\n\tScriptName=\r\n\tCommandLine=&lt;/string&gt;\n&lt;string&gt;&lt;/string&gt;\n&lt;string&gt;CommandInvocation(PSConsoleHostReadLine): \"PSConsoleHostReadLine\"\r\n&lt;/string&gt;\n</Data>\n<Binary></Binary>\n</EventData>\n</Event>\n"
  },
  {
    "record_id": 533,
    "timestamp": "2025-04-09 09:20:47.816826+00:00",
    "xml_data": "<Event xmlns=\"http://schemas.microsoft.com/win/2004/08/events/event\"><System><Provider Name=\"PowerShell\"></Provider>\n<EventID Qualifiers=\"0\">800</EventID>\n<Version>0</Version>\n<Level>4</Level>\n<Task>8</Task>\n<Opcode>0</Opcode>\n<Keywords>0x0080000000000000</Keywords>\n<TimeCreated SystemTime=\"2025-04-09 09:20:47.816826+00:00\"></TimeCreated>\n<EventRecordID>533</EventRecordID>\n<Correlation ActivityID=\"\" RelatedActivityID=\"\"></Correlation>\n<Execution ProcessID=\"6064\" ThreadID=\"0\"></Execution>\n<Channel>Windows PowerShell</Channel>\n<Computer>DESKTOP-M3AKJSD</Computer>\n<Security UserID=\"\"></Security>\n</System>\n<EventData><Data>&lt;string&gt;    Microsoft.PowerShell.Core\\Set-StrictMode -Off\r\n&lt;/string&gt;\n&lt;string&gt;\tDetailSequence=1\r\n\tDetailTotal=1\r\n\r\n\tSequenceNumber=83\r\n\r\n\tUserId=DESKTOP-M3AKJSD\\User\r\n\tHostName=ConsoleHost\r\n\tHostVersion=5.1.26100.2161\r\n\tHostId=0fad0cf8-6cb6-4657-86f7-655ec22eed9f\r\n\tHostApplication=C:\\Windows\\SysWOW64\\WindowsPowerShell\\v1.0\\powershell.exe\r\n\tEngineVersion=5.1.26100.2161\r\n\tRunspaceId=2aeeba59-d0f6-4ce7-b41c-e07625b3beec\r\n\tPipelineId=35\r\n\tScriptName=C:\\Program Files\\WindowsPowerShell\\Modules\\PSReadLine\\2.0.0\\PSReadLine.psm1\r\n\tCommandLine=    Microsoft.PowerShell.Core\\Set-StrictMode -Off\r\n&lt;/string&gt;\n&lt;string&gt;CommandInvocation(Set-StrictMode): \"Set-StrictMode\"\r\nParameterBinding(Set-StrictMode): name=\"Off\"; value=\"True\"\r\n&lt;/string&gt;\n</Data>\n<Binary></Binary>\n</EventData>\n</Event>\n"
  },
  {
    "record_id": 534,
    "timestamp": "2025-04-09 09:20:53.094055+00:00",
    "xml_data": "<Event xmlns=\"http://schemas.microsoft.com/win/2004/08/events/event\"><System><Provider Name=\"PowerShell\"></Provider>\n<EventID Qualifiers=\"0\">800</EventID>\n<Version>0</Version>\n<Level>4</Level>\n<Task>8</Task>\n<Opcode>0</Opcode>\n<Keywords>0x0080000000000000</Keywords>\n<TimeCreated SystemTime=\"2025-04-09 09:20:53.094055+00:00\"></TimeCreated>\n<EventRecordID>534</EventRecordID>\n<Correlation ActivityID=\"\" RelatedActivityID=\"\"></Correlation>\n<Execution ProcessID=\"6064\" ThreadID=\"0\"></Execution>\n<Channel>Windows PowerShell</Channel>\n<Computer>DESKTOP-M3AKJSD</Computer>\n<Security UserID=\"\"></Security>\n</System>\n<EventData><Data>&lt;string&gt;\tDetailSequence=1\r\n\tDetailTotal=1\r\n\r\n\tSequenceNumber=85\r\n\r\n\tUserId=DESKTOP-M3AKJSD\\User\r\n\tHostName=ConsoleHost\r\n\tHostVersion=5.1.26100.2161\r\n\tHostId=0fad0cf8-6cb6-4657-86f7-655ec22eed9f\r\n\tHostApplication=C:\\Windows\\SysWOW64\\WindowsPowerShell\\v1.0\\powershell.exe\r\n\tEngineVersion=5.1.26100.2161\r\n\tRunspaceId=2aeeba59-d0f6-4ce7-b41c-e07625b3beec\r\n\tPipelineId=35\r\n\tScriptName=\r\n\tCommandLine=&lt;/string&gt;\n&lt;string&gt;&lt;/string&gt;\n&lt;string&gt;CommandInvocation(PSConsoleHostReadLine): \"PSConsoleHostReadLine\"\r\n&lt;/string&gt;\n</Data>\n<Binary></Binary>\n</EventData>\n</Event>\n"
  },
  {
    "record_id": 535,
    "timestamp": "2025-04-09 09:20:53.099808+00:00",
    "xml_data": "<Event xmlns=\"http://schemas.microsoft.com/win/2004/08/events/event\"><System><Provider Name=\"PowerShell\"></Provider>\n<EventID Qualifiers=\"0\">800</EventID>\n<Version>0</Version>\n<Level>4</Level>\n<Task>8</Task>\n<Opcode>0</Opcode>\n<Keywords>0x0080000000000000</Keywords>\n<TimeCreated SystemTime=\"2025-04-09 09:20:53.099808+00:00\"></TimeCreated>\n<EventRecordID>535</EventRecordID>\n<Correlation ActivityID=\"\" RelatedActivityID=\"\"></Correlation>\n<Execution ProcessID=\"6064\" ThreadID=\"0\"></Execution>\n<Channel>Windows PowerShell</Channel>\n<Computer>DESKTOP-M3AKJSD</Computer>\n<Security UserID=\"\"></Security>\n</System>\n<EventData><Data>&lt;string&gt;\tDetailSequence=1\r\n\tDetailTotal=1\r\n\r\n\tSequenceNumber=87\r\n\r\n\tUserId=DESKTOP-M3AKJSD\\User\r\n\tHostName=ConsoleHost\r\n\tHostVersion=5.1.26100.2161\r\n\tHostId=0fad0cf8-6cb6-4657-86f7-655ec22eed9f\r\n\tHostApplication=C:\\Windows\\SysWOW64\\WindowsPowerShell\\v1.0\\powershell.exe\r\n\tEngineVersion=5.1.26100.2161\r\n\tRunspaceId=2aeeba59-d0f6-4ce7-b41c-e07625b3beec\r\n\tPipelineId=36\r\n\tScriptName=\r\n\tCommandLine=&lt;/string&gt;\n&lt;string&gt;&lt;/string&gt;\n&lt;string&gt;CommandInvocation(Out-Default): \"Out-Default\"\r\n&lt;/string&gt;\n</Data>\n<Binary></Binary>\n</EventData>\n</Event>\n"
  },
  {
    "record_id": 536,
    "timestamp": "2025-04-09 09:20:53.104349+00:00",
    "xml_data": "<Event xmlns=\"http://schemas.microsoft.com/win/2004/08/events/event\"><System><Provider Name=\"PowerShell\"></Provider>\n<EventID Qualifiers=\"0\">800</EventID>\n<Version>0</Version>\n<Level>4</Level>\n<Task>8</Task>\n<Opcode>0</Opcode>\n<Keywords>0x0080000000000000</Keywords>\n<TimeCreated SystemTime=\"2025-04-09 09:20:53.104349+00:00\"></TimeCreated>\n<EventRecordID>536</EventRecordID>\n<Correlation ActivityID=\"\" RelatedActivityID=\"\"></Correlation>\n<Execution ProcessID=\"6064\" ThreadID=\"0\"></Execution>\n<Channel>Windows PowerShell</Channel>\n<Computer>DESKTOP-M3AKJSD</Computer>\n<Security UserID=\"\"></Security>\n</System>\n<EventData><Data>&lt;string&gt;    Microsoft.PowerShell.Core\\Set-StrictMode -Off\r\n&lt;/string&gt;\n&lt;string&gt;\tDetailSequence=1\r\n\tDetailTotal=1\r\n\r\n\tSequenceNumber=89\r\n\r\n\tUserId=DESKTOP-M3AKJSD\\User\r\n\tHostName=ConsoleHost\r\n\tHostVersion=5.1.26100.2161\r\n\tHostId=0fad0cf8-6cb6-4657-86f7-655ec22eed9f\r\n\tHostApplication=C:\\Windows\\SysWOW64\\WindowsPowerShell\\v1.0\\powershell.exe\r\n\tEngineVersion=5.1.26100.2161\r\n\tRunspaceId=2aeeba59-d0f6-4ce7-b41c-e07625b3beec\r\n\tPipelineId=38\r\n\tScriptName=C:\\Program Files\\WindowsPowerShell\\Modules\\PSReadLine\\2.0.0\\PSReadLine.psm1\r\n\tCommandLine=    Microsoft.PowerShell.Core\\Set-StrictMode -Off\r\n&lt;/string&gt;\n&lt;string&gt;CommandInvocation(Set-StrictMode): \"Set-StrictMode\"\r\nParameterBinding(Set-StrictMode): name=\"Off\"; value=\"True\"\r\n&lt;/string&gt;\n</Data>\n<Binary></Binary>\n</EventData>\n</Event>\n"
  },
