  {
    "record_id": 192,
    "timestamp": "2025-03-11 13:21:08.118723+00:00",
    "xml_data": "<Event xmlns=\"http://schemas.microsoft.com/win/2004/08/events/event\"><System><Provider Name=\"PowerShell\"></Provider>\n<EventID Qualifiers=\"0\">600</EventID>\n<Version>0</Version>\n<Level>4</Level>\n<Task>6</Task>\n<Opcode>0</Opcode>\n<Keywords>0x0080000000000000</Keywords>\n<TimeCreated SystemTime=\"2025-03-11 13:21:08.118723+00:00\"></TimeCreated>\n<EventRecordID>192</EventRecordID>\n<Correlation ActivityID=\"\" RelatedActivityID=\"\"></Correlation>\n<Execution ProcessID=\"6548\" ThreadID=\"0\"></Execution>\n<Channel>Windows PowerShell</Channel>\n<Computer>DESKTOP-M3AKJSD</Computer>\n<Security UserID=\"\"></Security>\n</System>\n<EventData><Data>&lt;string&gt;Alias&lt;/string&gt;\n&lt;string&gt;Started&lt;/string&gt;\n&lt;string&gt;\tProviderName=Alias\r\n\tNewProviderState=Started\r\n\r\n\tSequenceNumber=3\r\n\r\n\tHostName=ConsoleHost\r\n\tHostVersion=5.1.26100.2161\r\n\tHostId=69a880d3-a93f-4c24-85ed-4638beca4bc4\r\n\tHostApplication=powershell.exe -ExecutionPolicy Restricted -Command \n $Res = 0\n [UInt64]$MinDiskSpaceThreshold = 20 * 1024 * 1024 * 1024\n\n try {\n $SystemDrive = (Get-CimInstance Win32_OperatingSystem).SystemDrive\n $SystemDriveLetter = $SystemDrive[0]\n $SystemDriveSpace = (Get-Volume -DriveLetter $SystemDriveLetter).SizeRemaining\n Write-Host 'Current system drive space:', $SystemDriveSpace.ToString('N0')\n if ($SystemDriveSpace -lt $MinDiskSpaceThreshold) {\n Write-Host 'System drive space is less than the threshold:', $MinDiskSpaceThreshold.ToString('N0'), 'Block Upgrade.'\n $Res = 1\n }\n } catch {\n # Do nothing\n }\n\n Write-Host 'Final result:', $Res\n\r\n\tEngineVersion=\r\n\tRunspaceId=\r\n\tPipelineId=\r\n\tCommandName=\r\n\tCommandType=\r\n\tScriptName=\r\n\tCommandPath=\r\n\tCommandLine=&lt;/string&gt;\n</Data>\n<Binary></Binary>\n</EventData>\n</Event>\n"
  },
  {
    "record_id": 193,
    "timestamp": "2025-03-11 13:21:08.119989+00:00",
    "xml_data": "<Event xmlns=\"http://schemas.microsoft.com/win/2004/08/events/event\"><System><Provider Name=\"PowerShell\"></Provider>\n<EventID Qualifiers=\"0\">600</EventID>\n<Version>0</Version>\n<Level>4</Level>\n<Task>6</Task>\n<Opcode>0</Opcode>\n<Keywords>0x0080000000000000</Keywords>\n<TimeCreated SystemTime=\"2025-03-11 13:21:08.119989+00:00\"></TimeCreated>\n<EventRecordID>193</EventRecordID>\n<Correlation ActivityID=\"\" RelatedActivityID=\"\"></Correlation>\n<Execution ProcessID=\"6548\" ThreadID=\"0\"></Execution>\n<Channel>Windows PowerShell</Channel>\n<Computer>DESKTOP-M3AKJSD</Computer>\n<Security UserID=\"\"></Security>\n</System>\n<EventData><Data>&lt;string&gt;Environment&lt;/string&gt;\n&lt;string&gt;Started&lt;/string&gt;\n&lt;string&gt;\tProviderName=Environment\r\n\tNewProviderState=Started\r\n\r\n\tSequenceNumber=5\r\n\r\n\tHostName=ConsoleHost\r\n\tHostVersion=5.1.26100.2161\r\n\tHostId=69a880d3-a93f-4c24-85ed-4638beca4bc4\r\n\tHostApplication=powershell.exe -ExecutionPolicy Restricted -Command \n $Res = 0\n [UInt64]$MinDiskSpaceThreshold = 20 * 1024 * 1024 * 1024\n\n try {\n $SystemDrive = (Get-CimInstance Win32_OperatingSystem).SystemDrive\n $SystemDriveLetter = $SystemDrive[0]\n $SystemDriveSpace = (Get-Volume -DriveLetter $SystemDriveLetter).SizeRemaining\n Write-Host 'Current system drive space:', $SystemDriveSpace.ToString('N0')\n if ($SystemDriveSpace -lt $MinDiskSpaceThreshold) {\n Write-Host 'System drive space is less than the threshold:', $MinDiskSpaceThreshold.ToString('N0'), 'Block Upgrade.'\n $Res = 1\n }\n } catch {\n # Do nothing\n }\n\n Write-Host 'Final result:', $Res\n\r\n\tEngineVersion=\r\n\tRunspaceId=\r\n\tPipelineId=\r\n\tCommandName=\r\n\tCommandType=\r\n\tScriptName=\r\n\tCommandPath=\r\n\tCommandLine=&lt;/string&gt;\n</Data>\n<Binary></Binary>\n</EventData>\n</Event>\n"
  },
  {
    "record_id": 194,
    "timestamp": "2025-03-11 13:21:08.129829+00:00",
    "xml_data": "<Event xmlns=\"http://schemas.microsoft.com/win/2004/08/events/event\"><System><Provider Name=\"PowerShell\"></Provider>\n<EventID Qualifiers=\"0\">600</EventID>\n<Version>0</Version>\n<Level>4</Level>\n<Task>6</Task>\n<Opcode>0</Opcode>\n<Keywords>0x0080000000000000</Keywords>\n<TimeCreated SystemTime=\"2025-03-11 13:21:08.129829+00:00\"></TimeCreated>\n<EventRecordID>194</EventRecordID>\n<Correlation ActivityID=\"\" RelatedActivityID=\"\"></Correlation>\n<Execution ProcessID=\"6548\" ThreadID=\"0\"></Execution>\n<Channel>Windows PowerShell</Channel>\n<Computer>DESKTOP-M3AKJSD</Computer>\n<Security UserID=\"\"></Security>\n</System>\n<EventData><Data>&lt;string&gt;FileSystem&lt;/string&gt;\n&lt;string&gt;Started&lt;/string&gt;\n&lt;string&gt;\tProviderName=FileSystem\r\n\tNewProviderState=Started\r\n\r\n\tSequenceNumber=7\r\n\r\n\tHostName=ConsoleHost\r\n\tHostVersion=5.1.26100.2161\r\n\tHostId=69a880d3-a93f-4c24-85ed-4638beca4bc4\r\n\tHostApplication=powershell.exe -ExecutionPolicy Restricted -Command \n $Res = 0\n [UInt64]$MinDiskSpaceThreshold = 20 * 1024 * 1024 * 1024\n\n try {\n $SystemDrive = (Get-CimInstance Win32_OperatingSystem).SystemDrive\n $SystemDriveLetter = $SystemDrive[0]\n $SystemDriveSpace = (Get-Volume -DriveLetter $SystemDriveLetter).SizeRemaining\n Write-Host 'Current system drive space:', $SystemDriveSpace.ToString('N0')\n if ($SystemDriveSpace -lt $MinDiskSpaceThreshold) {\n Write-Host 'System drive space is less than the threshold:', $MinDiskSpaceThreshold.ToString('N0'), 'Block Upgrade.'\n $Res = 1\n }\n } catch {\n # Do nothing\n }\n\n Write-Host 'Final result:', $Res\n\r\n\tEngineVersion=\r\n\tRunspaceId=\r\n\tPipelineId=\r\n\tCommandName=\r\n\tCommandType=\r\n\tScriptName=\r\n\tCommandPath=\r\n\tCommandLine=&lt;/string&gt;\n</Data>\n<Binary></Binary>\n</EventData>\n</Event>\n"
  },
  {
    "record_id": 195,
    "timestamp": "2025-03-11 13:21:08.133163+00:00",
    "xml_data": "<Event xmlns=\"http://schemas.microsoft.com/win/2004/08/events/event\"><System><Provider Name=\"PowerShell\"></Provider>\n<EventID Qualifiers=\"0\">600</EventID>\n<Version>0</Version>\n<Level>4</Level>\n<Task>6</Task>\n<Opcode>0</Opcode>\n<Keywords>0x0080000000000000</Keywords>\n<TimeCreated SystemTime=\"2025-03-11 13:21:08.133163+00:00\"></TimeCreated>\n<EventRecordID>195</EventRecordID>\n<Correlation ActivityID=\"\" RelatedActivityID=\"\"></Correlation>\n<Execution ProcessID=\"6548\" ThreadID=\"0\"></Execution>\n<Channel>Windows PowerShell</Channel>\n<Computer>DESKTOP-M3AKJSD</Computer>\n<Security UserID=\"\"></Security>\n</System>\n<EventData><Data>&lt;string&gt;Function&lt;/string&gt;\n&lt;string&gt;Started&lt;/string&gt;\n&lt;string&gt;\tProviderName=Function\r\n\tNewProviderState=Started\r\n\r\n\tSequenceNumber=9\r\n\r\n\tHostName=ConsoleHost\r\n\tHostVersion=5.1.26100.2161\r\n\tHostId=69a880d3-a93f-4c24-85ed-4638beca4bc4\r\n\tHostApplication=powershell.exe -ExecutionPolicy Restricted -Command \n $Res = 0\n [UInt64]$MinDiskSpaceThreshold = 20 * 1024 * 1024 * 1024\n\n try {\n $SystemDrive = (Get-CimInstance Win32_OperatingSystem).SystemDrive\n $SystemDriveLetter = $SystemDrive[0]\n $SystemDriveSpace = (Get-Volume -DriveLetter $SystemDriveLetter).SizeRemaining\n Write-Host 'Current system drive space:', $SystemDriveSpace.ToString('N0')\n if ($SystemDriveSpace -lt $MinDiskSpaceThreshold) {\n Write-Host 'System drive space is less than the threshold:', $MinDiskSpaceThreshold.ToString('N0'), 'Block Upgrade.'\n $Res = 1\n }\n } catch {\n # Do nothing\n }\n\n Write-Host 'Final result:', $Res\n\r\n\tEngineVersion=\r\n\tRunspaceId=\r\n\tPipelineId=\r\n\tCommandName=\r\n\tCommandType=\r\n\tScriptName=\r\n\tCommandPath=\r\n\tCommandLine=&lt;/string&gt;\n</Data>\n<Binary></Binary>\n</EventData>\n</Event>\n"
  },
  {
    "record_id": 196,
    "timestamp": "2025-03-11 13:21:08.135487+00:00",
    "xml_data": "<Event xmlns=\"http://schemas.microsoft.com/win/2004/08/events/event\"><System><Provider Name=\"PowerShell\"></Provider>\n<EventID Qualifiers=\"0\">600</EventID>\n<Version>0</Version>\n<Level>4</Level>\n<Task>6</Task>\n<Opcode>0</Opcode>\n<Keywords>0x0080000000000000</Keywords>\n<TimeCreated SystemTime=\"2025-03-11 13:21:08.135487+00:00\"></TimeCreated>\n<EventRecordID>196</EventRecordID>\n<Correlation ActivityID=\"\" RelatedActivityID=\"\"></Correlation>\n<Execution ProcessID=\"6548\" ThreadID=\"0\"></Execution>\n<Channel>Windows PowerShell</Channel>\n<Computer>DESKTOP-M3AKJSD</Computer>\n<Security UserID=\"\"></Security>\n</System>\n<EventData><Data>&lt;string&gt;Variable&lt;/string&gt;\n&lt;string&gt;Started&lt;/string&gt;\n&lt;string&gt;\tProviderName=Variable\r\n\tNewProviderState=Started\r\n\r\n\tSequenceNumber=11\r\n\r\n\tHostName=ConsoleHost\r\n\tHostVersion=5.1.26100.2161\r\n\tHostId=69a880d3-a93f-4c24-85ed-4638beca4bc4\r\n\tHostApplication=powershell.exe -ExecutionPolicy Restricted -Command \n $Res = 0\n [UInt64]$MinDiskSpaceThreshold = 20 * 1024 * 1024 * 1024\n\n try {\n $SystemDrive = (Get-CimInstance Win32_OperatingSystem).SystemDrive\n $SystemDriveLetter = $SystemDrive[0]\n $SystemDriveSpace = (Get-Volume -DriveLetter $SystemDriveLetter).SizeRemaining\n Write-Host 'Current system drive space:', $SystemDriveSpace.ToString('N0')\n if ($SystemDriveSpace -lt $MinDiskSpaceThreshold) {\n Write-Host 'System drive space is less than the threshold:', $MinDiskSpaceThreshold.ToString('N0'), 'Block Upgrade.'\n $Res = 1\n }\n } catch {\n # Do nothing\n }\n\n Write-Host 'Final result:', $Res\n\r\n\tEngineVersion=\r\n\tRunspaceId=\r\n\tPipelineId=\r\n\tCommandName=\r\n\tCommandType=\r\n\tScriptName=\r\n\tCommandPath=\r\n\tCommandLine=&lt;/string&gt;\n</Data>\n<Binary></Binary>\n</EventData>\n</Event>\n"
  },
  {
    "record_id": 197,
    "timestamp": "2025-03-11 13:21:08.585215+00:00",
    "xml_data": "<Event xmlns=\"http://schemas.microsoft.com/win/2004/08/events/event\"><System><Provider Name=\"PowerShell\"></Provider>\n<EventID Qualifiers=\"0\">400</EventID>\n<Version>0</Version>\n<Level>4</Level>\n<Task>4</Task>\n<Opcode>0</Opcode>\n<Keywords>0x0080000000000000</Keywords>\n<TimeCreated SystemTime=\"2025-03-11 13:21:08.585215+00:00\"></TimeCreated>\n<EventRecordID>197</EventRecordID>\n<Correlation ActivityID=\"\" RelatedActivityID=\"\"></Correlation>\n<Execution ProcessID=\"6548\" ThreadID=\"0\"></Execution>\n<Channel>Windows PowerShell</Channel>\n<Computer>DESKTOP-M3AKJSD</Computer>\n<Security UserID=\"\"></Security>\n</System>\n<EventData><Data>&lt;string&gt;Available&lt;/string&gt;\n&lt;string&gt;None&lt;/string&gt;\n&lt;string&gt;\tNewEngineState=Available\r\n\tPreviousEngineState=None\r\n\r\n\tSequenceNumber=13\r\n\r\n\tHostName=ConsoleHost\r\n\tHostVersion=5.1.26100.2161\r\n\tHostId=69a880d3-a93f-4c24-85ed-4638beca4bc4\r\n\tHostApplication=powershell.exe -ExecutionPolicy Restricted -Command \n $Res = 0\n [UInt64]$MinDiskSpaceThreshold = 20 * 1024 * 1024 * 1024\n\n try {\n $SystemDrive = (Get-CimInstance Win32_OperatingSystem).SystemDrive\n $SystemDriveLetter = $SystemDrive[0]\n $SystemDriveSpace = (Get-Volume -DriveLetter $SystemDriveLetter).SizeRemaining\n Write-Host 'Current system drive space:', $SystemDriveSpace.ToString('N0')\n if ($SystemDriveSpace -lt $MinDiskSpaceThreshold) {\n Write-Host 'System drive space is less than the threshold:', $MinDiskSpaceThreshold.ToString('N0'), 'Block Upgrade.'\n $Res = 1\n }\n } catch {\n # Do nothing\n }\n\n Write-Host 'Final result:', $Res\n\r\n\tEngineVersion=5.1.26100.2161\r\n\tRunspaceId=f709dcee-42b4-43c2-9907-38b2ec6ff685\r\n\tPipelineId=\r\n\tCommandName=\r\n\tCommandType=\r\n\tScriptName=\r\n\tCommandPath=\r\n\tCommandLine=&lt;/string&gt;\n</Data>\n<Binary></Binary>\n</EventData>\n</Event>\n"
  },
  {
    "record_id": 198,
    "timestamp": "2025-03-11 13:21:13.790644+00:00",
    "xml_data": "<Event xmlns=\"http://schemas.microsoft.com/win/2004/08/events/event\"><System><Provider Name=\"PowerShell\"></Provider>\n<EventID Qualifiers=\"0\">600</EventID>\n<Version>0</Version>\n<Level>4</Level>\n<Task>6</Task>\n<Opcode>0</Opcode>\n<Keywords>0x0080000000000000</Keywords>\n<TimeCreated SystemTime=\"2025-03-11 13:21:13.790644+00:00\"></TimeCreated>\n<EventRecordID>198</EventRecordID>\n<Correlation ActivityID=\"\" RelatedActivityID=\"\"></Correlation>\n<Execution ProcessID=\"5908\" ThreadID=\"0\"></Execution>\n<Channel>Windows PowerShell</Channel>\n<Computer>DESKTOP-M3AKJSD</Computer>\n<Security UserID=\"\"></Security>\n</System>\n<EventData><Data>&lt;string&gt;Registry&lt;/string&gt;\n&lt;string&gt;Started&lt;/string&gt;\n&lt;string&gt;\tProviderName=Registry\r\n\tNewProviderState=Started\r\n\r\n\tSequenceNumber=1\r\n\r\n\tHostName=ConsoleHost\r\n\tHostVersion=5.1.26100.2161\r\n\tHostId=53e6b4f9-c61e-43cd-9c68-7fd239105a2c\r\n\tHostApplication=powershell.exe -ExecutionPolicy Restricted -Command \n $Res = 0\n [UInt64]$MinDiskSpaceThreshold = 25 * 1024 * 1024 * 1024\n\n try {\n $SystemDrive = (Get-CimInstance Win32_OperatingSystem).SystemDrive\n $SystemDriveLetter = $SystemDrive[0]\n $SystemDriveSpace = (Get-Volume -DriveLetter $SystemDriveLetter).SizeRemaining\n Write-Host 'Current system drive space:', $SystemDriveSpace.ToString('N0')\n if ($SystemDriveSpace -lt $MinDiskSpaceThreshold) {\n Write-Host 'System drive space is less than the threshold:', $MinDiskSpaceThreshold.ToString('N0'), 'Applying safeguard.'\n $Res = 1\n }\n } catch {\n # Do nothing\n }\n\n Write-Host 'Final result:', $Res\n\r\n\tEngineVersion=\r\n\tRunspaceId=\r\n\tPipelineId=\r\n\tCommandName=\r\n\tCommandType=\r\n\tScriptName=\r\n\tCommandPath=\r\n\tCommandLine=&lt;/string&gt;\n</Data>\n<Binary></Binary>\n</EventData>\n</Event>\n"
  },
  {
    "record_id": 199,
    "timestamp": "2025-03-11 13:21:13.794333+00:00",
    "xml_data": "<Event xmlns=\"http://schemas.microsoft.com/win/2004/08/events/event\"><System><Provider Name=\"PowerShell\"></Provider>\n<EventID Qualifiers=\"0\">600</EventID>\n<Version>0</Version>\n<Level>4</Level>\n<Task>6</Task>\n<Opcode>0</Opcode>\n<Keywords>0x0080000000000000</Keywords>\n<TimeCreated SystemTime=\"2025-03-11 13:21:13.794333+00:00\"></TimeCreated>\n<EventRecordID>199</EventRecordID>\n<Correlation ActivityID=\"\" RelatedActivityID=\"\"></Correlation>\n<Execution ProcessID=\"5908\" ThreadID=\"0\"></Execution>\n<Channel>Windows PowerShell</Channel>\n<Computer>DESKTOP-M3AKJSD</Computer>\n<Security UserID=\"\"></Security>\n</System>\n<EventData><Data>&lt;string&gt;Alias&lt;/string&gt;\n&lt;string&gt;Started&lt;/string&gt;\n&lt;string&gt;\tProviderName=Alias\r\n\tNewProviderState=Started\r\n\r\n\tSequenceNumber=3\r\n\r\n\tHostName=ConsoleHost\r\n\tHostVersion=5.1.26100.2161\r\n\tHostId=53e6b4f9-c61e-43cd-9c68-7fd239105a2c\r\n\tHostApplication=powershell.exe -ExecutionPolicy Restricted -Command \n $Res = 0\n [UInt64]$MinDiskSpaceThreshold = 25 * 1024 * 1024 * 1024\n\n try {\n $SystemDrive = (Get-CimInstance Win32_OperatingSystem).SystemDrive\n $SystemDriveLetter = $SystemDrive[0]\n $SystemDriveSpace = (Get-Volume -DriveLetter $SystemDriveLetter).SizeRemaining\n Write-Host 'Current system drive space:', $SystemDriveSpace.ToString('N0')\n if ($SystemDriveSpace -lt $MinDiskSpaceThreshold) {\n Write-Host 'System drive space is less than the threshold:', $MinDiskSpaceThreshold.ToString('N0'), 'Applying safeguard.'\n $Res = 1\n }\n } catch {\n # Do nothing\n }\n\n Write-Host 'Final result:', $Res\n\r\n\tEngineVersion=\r\n\tRunspaceId=\r\n\tPipelineId=\r\n\tCommandName=\r\n\tCommandType=\r\n\tScriptName=\r\n\tCommandPath=\r\n\tCommandLine=&lt;/string&gt;\n</Data>\n<Binary></Binary>\n</EventData>\n</Event>\n"
  },
  {
    "record_id": 200,
    "timestamp": "2025-03-11 13:21:13.795805+00:00",
    "xml_data": "<Event xmlns=\"http://schemas.microsoft.com/win/2004/08/events/event\"><System><Provider Name=\"PowerShell\"></Provider>\n<EventID Qualifiers=\"0\">600</EventID>\n<Version>0</Version>\n<Level>4</Level>\n<Task>6</Task>\n<Opcode>0</Opcode>\n<Keywords>0x0080000000000000</Keywords>\n<TimeCreated SystemTime=\"2025-03-11 13:21:13.795805+00:00\"></TimeCreated>\n<EventRecordID>200</EventRecordID>\n<Correlation ActivityID=\"\" RelatedActivityID=\"\"></Correlation>\n<Execution ProcessID=\"5908\" ThreadID=\"0\"></Execution>\n<Channel>Windows PowerShell</Channel>\n<Computer>DESKTOP-M3AKJSD</Computer>\n<Security UserID=\"\"></Security>\n</System>\n<EventData><Data>&lt;string&gt;Environment&lt;/string&gt;\n&lt;string&gt;Started&lt;/string&gt;\n&lt;string&gt;\tProviderName=Environment\r\n\tNewProviderState=Started\r\n\r\n\tSequenceNumber=5\r\n\r\n\tHostName=ConsoleHost\r\n\tHostVersion=5.1.26100.2161\r\n\tHostId=53e6b4f9-c61e-43cd-9c68-7fd239105a2c\r\n\tHostApplication=powershell.exe -ExecutionPolicy Restricted -Command \n $Res = 0\n [UInt64]$MinDiskSpaceThreshold = 25 * 1024 * 1024 * 1024\n\n try {\n $SystemDrive = (Get-CimInstance Win32_OperatingSystem).SystemDrive\n $SystemDriveLetter = $SystemDrive[0]\n $SystemDriveSpace = (Get-Volume -DriveLetter $SystemDriveLetter).SizeRemaining\n Write-Host 'Current system drive space:', $SystemDriveSpace.ToString('N0')\n if ($SystemDriveSpace -lt $MinDiskSpaceThreshold) {\n Write-Host 'System drive space is less than the threshold:', $MinDiskSpaceThreshold.ToString('N0'), 'Applying safeguard.'\n $Res = 1\n }\n } catch {\n # Do nothing\n }\n\n Write-Host 'Final result:', $Res\n\r\n\tEngineVersion=\r\n\tRunspaceId=\r\n\tPipelineId=\r\n\tCommandName=\r\n\tCommandType=\r\n\tScriptName=\r\n\tCommandPath=\r\n\tCommandLine=&lt;/string&gt;\n</Data>\n<Binary></Binary>\n</EventData>\n</Event>\n"
  },
  {
    "record_id": 201,
    "timestamp": "2025-03-11 13:21:13.804159+00:00",
    "xml_data": "<Event xmlns=\"http://schemas.microsoft.com/win/2004/08/events/event\"><System><Provider Name=\"PowerShell\"></Provider>\n<EventID Qualifiers=\"0\">600</EventID>\n<Version>0</Version>\n<Level>4</Level>\n<Task>6</Task>\n<Opcode>0</Opcode>\n<Keywords>0x0080000000000000</Keywords>\n<TimeCreated SystemTime=\"2025-03-11 13:21:13.804159+00:00\"></TimeCreated>\n<EventRecordID>201</EventRecordID>\n<Correlation ActivityID=\"\" RelatedActivityID=\"\"></Correlation>\n<Execution ProcessID=\"5908\" ThreadID=\"0\"></Execution>\n<Channel>Windows PowerShell</Channel>\n<Computer>DESKTOP-M3AKJSD</Computer>\n<Security UserID=\"\"></Security>\n</System>\n<EventData><Data>&lt;string&gt;FileSystem&lt;/string&gt;\n&lt;string&gt;Started&lt;/string&gt;\n&lt;string&gt;\tProviderName=FileSystem\r\n\tNewProviderState=Started\r\n\r\n\tSequenceNumber=7\r\n\r\n\tHostName=ConsoleHost\r\n\tHostVersion=5.1.26100.2161\r\n\tHostId=53e6b4f9-c61e-43cd-9c68-7fd239105a2c\r\n\tHostApplication=powershell.exe -ExecutionPolicy Restricted -Command \n $Res = 0\n [UInt64]$MinDiskSpaceThreshold = 25 * 1024 * 1024 * 1024\n\n try {\n $SystemDrive = (Get-CimInstance Win32_OperatingSystem).SystemDrive\n $SystemDriveLetter = $SystemDrive[0]\n $SystemDriveSpace = (Get-Volume -DriveLetter $SystemDriveLetter).SizeRemaining\n Write-Host 'Current system drive space:', $SystemDriveSpace.ToString('N0')\n if ($SystemDriveSpace -lt $MinDiskSpaceThreshold) {\n Write-Host 'System drive space is less than the threshold:', $MinDiskSpaceThreshold.ToString('N0'), 'Applying safeguard.'\n $Res = 1\n }\n } catch {\n # Do nothing\n }\n\n Write-Host 'Final result:', $Res\n\r\n\tEngineVersion=\r\n\tRunspaceId=\r\n\tPipelineId=\r\n\tCommandName=\r\n\tCommandType=\r\n\tScriptName=\r\n\tCommandPath=\r\n\tCommandLine=&lt;/string&gt;\n</Data>\n<Binary></Binary>\n</EventData>\n</Event>\n"
  },
  {
    "record_id": 202,
    "timestamp": "2025-03-11 13:21:13.805487+00:00",
    "xml_data": "<Event xmlns=\"http://schemas.microsoft.com/win/2004/08/events/event\"><System><Provider Name=\"PowerShell\"></Provider>\n<EventID Qualifiers=\"0\">600</EventID>\n<Version>0</Version>\n<Level>4</Level>\n<Task>6</Task>\n<Opcode>0</Opcode>\n<Keywords>0x0080000000000000</Keywords>\n<TimeCreated SystemTime=\"2025-03-11 13:21:13.805487+00:00\"></TimeCreated>\n<EventRecordID>202</EventRecordID>\n<Correlation ActivityID=\"\" RelatedActivityID=\"\"></Correlation>\n<Execution ProcessID=\"5908\" ThreadID=\"0\"></Execution>\n<Channel>Windows PowerShell</Channel>\n<Computer>DESKTOP-M3AKJSD</Computer>\n<Security UserID=\"\"></Security>\n</System>\n<EventData><Data>&lt;string&gt;Function&lt;/string&gt;\n&lt;string&gt;Started&lt;/string&gt;\n&lt;string&gt;\tProviderName=Function\r\n\tNewProviderState=Started\r\n\r\n\tSequenceNumber=9\r\n\r\n\tHostName=ConsoleHost\r\n\tHostVersion=5.1.26100.2161\r\n\tHostId=53e6b4f9-c61e-43cd-9c68-7fd239105a2c\r\n\tHostApplication=powershell.exe -ExecutionPolicy Restricted -Command \n $Res = 0\n [UInt64]$MinDiskSpaceThreshold = 25 * 1024 * 1024 * 1024\n\n try {\n $SystemDrive = (Get-CimInstance Win32_OperatingSystem).SystemDrive\n $SystemDriveLetter = $SystemDrive[0]\n $SystemDriveSpace = (Get-Volume -DriveLetter $SystemDriveLetter).SizeRemaining\n Write-Host 'Current system drive space:', $SystemDriveSpace.ToString('N0')\n if ($SystemDriveSpace -lt $MinDiskSpaceThreshold) {\n Write-Host 'System drive space is less than the threshold:', $MinDiskSpaceThreshold.ToString('N0'), 'Applying safeguard.'\n $Res = 1\n }\n } catch {\n # Do nothing\n }\n\n Write-Host 'Final result:', $Res\n\r\n\tEngineVersion=\r\n\tRunspaceId=\r\n\tPipelineId=\r\n\tCommandName=\r\n\tCommandType=\r\n\tScriptName=\r\n\tCommandPath=\r\n\tCommandLine=&lt;/string&gt;\n</Data>\n<Binary></Binary>\n</EventData>\n</Event>\n"
  },
  {
    "record_id": 203,
    "timestamp": "2025-03-11 13:21:13.806932+00:00",
    "xml_data": "<Event xmlns=\"http://schemas.microsoft.com/win/2004/08/events/event\"><System><Provider Name=\"PowerShell\"></Provider>\n<EventID Qualifiers=\"0\">600</EventID>\n<Version>0</Version>\n<Level>4</Level>\n<Task>6</Task>\n<Opcode>0</Opcode>\n<Keywords>0x0080000000000000</Keywords>\n<TimeCreated SystemTime=\"2025-03-11 13:21:13.806932+00:00\"></TimeCreated>\n<EventRecordID>203</EventRecordID>\n<Correlation ActivityID=\"\" RelatedActivityID=\"\"></Correlation>\n<Execution ProcessID=\"5908\" ThreadID=\"0\"></Execution>\n<Channel>Windows PowerShell</Channel>\n<Computer>DESKTOP-M3AKJSD</Computer>\n<Security UserID=\"\"></Security>\n</System>\n<EventData><Data>&lt;string&gt;Variable&lt;/string&gt;\n&lt;string&gt;Started&lt;/string&gt;\n&lt;string&gt;\tProviderName=Variable\r\n\tNewProviderState=Started\r\n\r\n\tSequenceNumber=11\r\n\r\n\tHostName=ConsoleHost\r\n\tHostVersion=5.1.26100.2161\r\n\tHostId=53e6b4f9-c61e-43cd-9c68-7fd239105a2c\r\n\tHostApplication=powershell.exe -ExecutionPolicy Restricted -Command \n $Res = 0\n [UInt64]$MinDiskSpaceThreshold = 25 * 1024 * 1024 * 1024\n\n try {\n $SystemDrive = (Get-CimInstance Win32_OperatingSystem).SystemDrive\n $SystemDriveLetter = $SystemDrive[0]\n $SystemDriveSpace = (Get-Volume -DriveLetter $SystemDriveLetter).SizeRemaining\n Write-Host 'Current system drive space:', $SystemDriveSpace.ToString('N0')\n if ($SystemDriveSpace -lt $MinDiskSpaceThreshold) {\n Write-Host 'System drive space is less than the threshold:', $MinDiskSpaceThreshold.ToString('N0'), 'Applying safeguard.'\n $Res = 1\n }\n } catch {\n # Do nothing\n }\n\n Write-Host 'Final result:', $Res\n\r\n\tEngineVersion=\r\n\tRunspaceId=\r\n\tPipelineId=\r\n\tCommandName=\r\n\tCommandType=\r\n\tScriptName=\r\n\tCommandPath=\r\n\tCommandLine=&lt;/string&gt;\n</Data>\n<Binary></Binary>\n</EventData>\n</Event>\n"
  },
  {
    "record_id": 204,
    "timestamp": "2025-03-11 13:21:14.175999+00:00",
    "xml_data": "<Event xmlns=\"http://schemas.microsoft.com/win/2004/08/events/event\"><System><Provider Name=\"PowerShell\"></Provider>\n<EventID Qualifiers=\"0\">400</EventID>\n<Version>0</Version>\n<Level>4</Level>\n<Task>4</Task>\n<Opcode>0</Opcode>\n<Keywords>0x0080000000000000</Keywords>\n<TimeCreated SystemTime=\"2025-03-11 13:21:14.175999+00:00\"></TimeCreated>\n<EventRecordID>204</EventRecordID>\n<Correlation ActivityID=\"\" RelatedActivityID=\"\"></Correlation>\n<Execution ProcessID=\"5908\" ThreadID=\"0\"></Execution>\n<Channel>Windows PowerShell</Channel>\n<Computer>DESKTOP-M3AKJSD</Computer>\n<Security UserID=\"\"></Security>\n</System>\n<EventData><Data>&lt;string&gt;Available&lt;/string&gt;\n&lt;string&gt;None&lt;/string&gt;\n&lt;string&gt;\tNewEngineState=Available\r\n\tPreviousEngineState=None\r\n\r\n\tSequenceNumber=13\r\n\r\n\tHostName=ConsoleHost\r\n\tHostVersion=5.1.26100.2161\r\n\tHostId=53e6b4f9-c61e-43cd-9c68-7fd239105a2c\r\n\tHostApplication=powershell.exe -ExecutionPolicy Restricted -Command \n $Res = 0\n [UInt64]$MinDiskSpaceThreshold = 25 * 1024 * 1024 * 1024\n\n try {\n $SystemDrive = (Get-CimInstance Win32_OperatingSystem).SystemDrive\n $SystemDriveLetter = $SystemDrive[0]\n $SystemDriveSpace = (Get-Volume -DriveLetter $SystemDriveLetter).SizeRemaining\n Write-Host 'Current system drive space:', $SystemDriveSpace.ToString('N0')\n if ($SystemDriveSpace -lt $MinDiskSpaceThreshold) {\n Write-Host 'System drive space is less than the threshold:', $MinDiskSpaceThreshold.ToString('N0'), 'Applying safeguard.'\n $Res = 1\n }\n } catch {\n # Do nothing\n }\n\n Write-Host 'Final result:', $Res\n\r\n\tEngineVersion=5.1.26100.2161\r\n\tRunspaceId=7ed6ef50-aa67-4f88-93c3-6141783911f0\r\n\tPipelineId=\r\n\tCommandName=\r\n\tCommandType=\r\n\tScriptName=\r\n\tCommandPath=\r\n\tCommandLine=&lt;/string&gt;\n</Data>\n<Binary></Binary>\n</EventData>\n</Event>\n"
  },
  {
    "record_id": 205,
    "timestamp": "2025-03-11 13:21:19.768963+00:00",
    "xml_data": "<Event xmlns=\"http://schemas.microsoft.com/win/2004/08/events/event\"><System><Provider Name=\"PowerShell\"></Provider>\n<EventID Qualifiers=\"0\">600</EventID>\n<Version>0</Version>\n<Level>4</Level>\n<Task>6</Task>\n<Opcode>0</Opcode>\n<Keywords>0x0080000000000000</Keywords>\n<TimeCreated SystemTime=\"2025-03-11 13:21:19.768963+00:00\"></TimeCreated>\n<EventRecordID>205</EventRecordID>\n<Correlation ActivityID=\"\" RelatedActivityID=\"\"></Correlation>\n<Execution ProcessID=\"8232\" ThreadID=\"0\"></Execution>\n<Channel>Windows PowerShell</Channel>\n<Computer>DESKTOP-M3AKJSD</Computer>\n<Security UserID=\"\"></Security>\n</System>\n<EventData><Data>&lt;string&gt;Registry&lt;/string&gt;\n&lt;string&gt;Started&lt;/string&gt;\n&lt;string&gt;\tProviderName=Registry\r\n\tNewProviderState=Started\r\n\r\n\tSequenceNumber=1\r\n\r\n\tHostName=ConsoleHost\r\n\tHostVersion=5.1.26100.2161\r\n\tHostId=bce28301-88ad-4c56-834d-a3010cb0b55e\r\n\tHostApplication=powershell.exe -ExecutionPolicy Restricted -Command \n $Res = 0\n [UInt64]$MinDiskSpaceThreshold = 20 * 1024 * 1024 * 1024\n\n try {\n $SystemDrive = (Get-CimInstance Win32_OperatingSystem).SystemDrive\n $SystemDriveLetter = $SystemDrive[0]\n $SystemDriveSpace = (Get-Volume -DriveLetter $SystemDriveLetter).SizeRemaining\n Write-Host 'Current system drive space:', $SystemDriveSpace.ToString('N0')\n if ($SystemDriveSpace -lt $MinDiskSpaceThreshold) {\n Write-Host 'System drive space is less than the threshold:', $MinDiskSpaceThreshold.ToString('N0'), 'Block Upgrade.'\n $Res = 1\n }\n } catch {\n # Do nothing\n }\n\n Write-Host 'Final result:', $Res\n\r\n\tEngineVersion=\r\n\tRunspaceId=\r\n\tPipelineId=\r\n\tCommandName=\r\n\tCommandType=\r\n\tScriptName=\r\n\tCommandPath=\r\n\tCommandLine=&lt;/string&gt;\n</Data>\n<Binary></Binary>\n</EventData>\n</Event>\n"
  },
  {
    "record_id": 206,
    "timestamp": "2025-03-11 13:21:19.770918+00:00",
    "xml_data": "<Event xmlns=\"http://schemas.microsoft.com/win/2004/08/events/event\"><System><Provider Name=\"PowerShell\"></Provider>\n<EventID Qualifiers=\"0\">600</EventID>\n<Version>0</Version>\n<Level>4</Level>\n<Task>6</Task>\n<Opcode>0</Opcode>\n<Keywords>0x0080000000000000</Keywords>\n<TimeCreated SystemTime=\"2025-03-11 13:21:19.770918+00:00\"></TimeCreated>\n<EventRecordID>206</EventRecordID>\n<Correlation ActivityID=\"\" RelatedActivityID=\"\"></Correlation>\n<Execution ProcessID=\"8232\" ThreadID=\"0\"></Execution>\n<Channel>Windows PowerShell</Channel>\n<Computer>DESKTOP-M3AKJSD</Computer>\n<Security UserID=\"\"></Security>\n</System>\n<EventData><Data>&lt;string&gt;Alias&lt;/string&gt;\n&lt;string&gt;Started&lt;/string&gt;\n&lt;string&gt;\tProviderName=Alias\r\n\tNewProviderState=Started\r\n\r\n\tSequenceNumber=3\r\n\r\n\tHostName=ConsoleHost\r\n\tHostVersion=5.1.26100.2161\r\n\tHostId=bce28301-88ad-4c56-834d-a3010cb0b55e\r\n\tHostApplication=powershell.exe -ExecutionPolicy Restricted -Command \n $Res = 0\n [UInt64]$MinDiskSpaceThreshold = 20 * 1024 * 1024 * 1024\n\n try {\n $SystemDrive = (Get-CimInstance Win32_OperatingSystem).SystemDrive\n $SystemDriveLetter = $SystemDrive[0]\n $SystemDriveSpace = (Get-Volume -DriveLetter $SystemDriveLetter).SizeRemaining\n Write-Host 'Current system drive space:', $SystemDriveSpace.ToString('N0')\n if ($SystemDriveSpace -lt $MinDiskSpaceThreshold) {\n Write-Host 'System drive space is less than the threshold:', $MinDiskSpaceThreshold.ToString('N0'), 'Block Upgrade.'\n $Res = 1\n }\n } catch {\n # Do nothing\n }\n\n Write-Host 'Final result:', $Res\n\r\n\tEngineVersion=\r\n\tRunspaceId=\r\n\tPipelineId=\r\n\tCommandName=\r\n\tCommandType=\r\n\tScriptName=\r\n\tCommandPath=\r\n\tCommandLine=&lt;/string&gt;\n</Data>\n<Binary></Binary>\n</EventData>\n</Event>\n"
  },
  {
    "record_id": 207,
    "timestamp": "2025-03-11 13:21:19.772064+00:00",
    "xml_data": "<Event xmlns=\"http://schemas.microsoft.com/win/2004/08/events/event\"><System><Provider Name=\"PowerShell\"></Provider>\n<EventID Qualifiers=\"0\">600</EventID>\n<Version>0</Version>\n<Level>4</Level>\n<Task>6</Task>\n<Opcode>0</Opcode>\n<Keywords>0x0080000000000000</Keywords>\n<TimeCreated SystemTime=\"2025-03-11 13:21:19.772064+00:00\"></TimeCreated>\n<EventRecordID>207</EventRecordID>\n<Correlation ActivityID=\"\" RelatedActivityID=\"\"></Correlation>\n<Execution ProcessID=\"8232\" ThreadID=\"0\"></Execution>\n<Channel>Windows PowerShell</Channel>\n<Computer>DESKTOP-M3AKJSD</Computer>\n<Security UserID=\"\"></Security>\n</System>\n<EventData><Data>&lt;string&gt;Environment&lt;/string&gt;\n&lt;string&gt;Started&lt;/string&gt;\n&lt;string&gt;\tProviderName=Environment\r\n\tNewProviderState=Started\r\n\r\n\tSequenceNumber=5\r\n\r\n\tHostName=ConsoleHost\r\n\tHostVersion=5.1.26100.2161\r\n\tHostId=bce28301-88ad-4c56-834d-a3010cb0b55e\r\n\tHostApplication=powershell.exe -ExecutionPolicy Restricted -Command \n $Res = 0\n [UInt64]$MinDiskSpaceThreshold = 20 * 1024 * 1024 * 1024\n\n try {\n $SystemDrive = (Get-CimInstance Win32_OperatingSystem).SystemDrive\n $SystemDriveLetter = $SystemDrive[0]\n $SystemDriveSpace = (Get-Volume -DriveLetter $SystemDriveLetter).SizeRemaining\n Write-Host 'Current system drive space:', $SystemDriveSpace.ToString('N0')\n if ($SystemDriveSpace -lt $MinDiskSpaceThreshold) {\n Write-Host 'System drive space is less than the threshold:', $MinDiskSpaceThreshold.ToString('N0'), 'Block Upgrade.'\n $Res = 1\n }\n } catch {\n # Do nothing\n }\n\n Write-Host 'Final result:', $Res\n\r\n\tEngineVersion=\r\n\tRunspaceId=\r\n\tPipelineId=\r\n\tCommandName=\r\n\tCommandType=\r\n\tScriptName=\r\n\tCommandPath=\r\n\tCommandLine=&lt;/string&gt;\n</Data>\n<Binary></Binary>\n</EventData>\n</Event>\n"
  },
  {
    "record_id": 208,
    "timestamp": "2025-03-11 13:21:19.778971+00:00",
    "xml_data": "<Event xmlns=\"http://schemas.microsoft.com/win/2004/08/events/event\"><System><Provider Name=\"PowerShell\"></Provider>\n<EventID Qualifiers=\"0\">600</EventID>\n<Version>0</Version>\n<Level>4</Level>\n<Task>6</Task>\n<Opcode>0</Opcode>\n<Keywords>0x0080000000000000</Keywords>\n<TimeCreated SystemTime=\"2025-03-11 13:21:19.778971+00:00\"></TimeCreated>\n<EventRecordID>208</EventRecordID>\n<Correlation ActivityID=\"\" RelatedActivityID=\"\"></Correlation>\n<Execution ProcessID=\"8232\" ThreadID=\"0\"></Execution>\n<Channel>Windows PowerShell</Channel>\n<Computer>DESKTOP-M3AKJSD</Computer>\n<Security UserID=\"\"></Security>\n</System>\n<EventData><Data>&lt;string&gt;FileSystem&lt;/string&gt;\n&lt;string&gt;Started&lt;/string&gt;\n&lt;string&gt;\tProviderName=FileSystem\r\n\tNewProviderState=Started\r\n\r\n\tSequenceNumber=7\r\n\r\n\tHostName=ConsoleHost\r\n\tHostVersion=5.1.26100.2161\r\n\tHostId=bce28301-88ad-4c56-834d-a3010cb0b55e\r\n\tHostApplication=powershell.exe -ExecutionPolicy Restricted -Command \n $Res = 0\n [UInt64]$MinDiskSpaceThreshold = 20 * 1024 * 1024 * 1024\n\n try {\n $SystemDrive = (Get-CimInstance Win32_OperatingSystem).SystemDrive\n $SystemDriveLetter = $SystemDrive[0]\n $SystemDriveSpace = (Get-Volume -DriveLetter $SystemDriveLetter).SizeRemaining\n Write-Host 'Current system drive space:', $SystemDriveSpace.ToString('N0')\n if ($SystemDriveSpace -lt $MinDiskSpaceThreshold) {\n Write-Host 'System drive space is less than the threshold:', $MinDiskSpaceThreshold.ToString('N0'), 'Block Upgrade.'\n $Res = 1\n }\n } catch {\n # Do nothing\n }\n\n Write-Host 'Final result:', $Res\n\r\n\tEngineVersion=\r\n\tRunspaceId=\r\n\tPipelineId=\r\n\tCommandName=\r\n\tCommandType=\r\n\tScriptName=\r\n\tCommandPath=\r\n\tCommandLine=&lt;/string&gt;\n</Data>\n<Binary></Binary>\n</EventData>\n</Event>\n"
  },
  {
    "record_id": 209,
    "timestamp": "2025-03-11 13:21:19.779881+00:00",
    "xml_data": "<Event xmlns=\"http://schemas.microsoft.com/win/2004/08/events/event\"><System><Provider Name=\"PowerShell\"></Provider>\n<EventID Qualifiers=\"0\">600</EventID>\n<Version>0</Version>\n<Level>4</Level>\n<Task>6</Task>\n<Opcode>0</Opcode>\n<Keywords>0x0080000000000000</Keywords>\n<TimeCreated SystemTime=\"2025-03-11 13:21:19.779881+00:00\"></TimeCreated>\n<EventRecordID>209</EventRecordID>\n<Correlation ActivityID=\"\" RelatedActivityID=\"\"></Correlation>\n<Execution ProcessID=\"8232\" ThreadID=\"0\"></Execution>\n<Channel>Windows PowerShell</Channel>\n<Computer>DESKTOP-M3AKJSD</Computer>\n<Security UserID=\"\"></Security>\n</System>\n<EventData><Data>&lt;string&gt;Function&lt;/string&gt;\n&lt;string&gt;Started&lt;/string&gt;\n&lt;string&gt;\tProviderName=Function\r\n\tNewProviderState=Started\r\n\r\n\tSequenceNumber=9\r\n\r\n\tHostName=ConsoleHost\r\n\tHostVersion=5.1.26100.2161\r\n\tHostId=bce28301-88ad-4c56-834d-a3010cb0b55e\r\n\tHostApplication=powershell.exe -ExecutionPolicy Restricted -Command \n $Res = 0\n [UInt64]$MinDiskSpaceThreshold = 20 * 1024 * 1024 * 1024\n\n try {\n $SystemDrive = (Get-CimInstance Win32_OperatingSystem).SystemDrive\n $SystemDriveLetter = $SystemDrive[0]\n $SystemDriveSpace = (Get-Volume -DriveLetter $SystemDriveLetter).SizeRemaining\n Write-Host 'Current system drive space:', $SystemDriveSpace.ToString('N0')\n if ($SystemDriveSpace -lt $MinDiskSpaceThreshold) {\n Write-Host 'System drive space is less than the threshold:', $MinDiskSpaceThreshold.ToString('N0'), 'Block Upgrade.'\n $Res = 1\n }\n } catch {\n # Do nothing\n }\n\n Write-Host 'Final result:', $Res\n\r\n\tEngineVersion=\r\n\tRunspaceId=\r\n\tPipelineId=\r\n\tCommandName=\r\n\tCommandType=\r\n\tScriptName=\r\n\tCommandPath=\r\n\tCommandLine=&lt;/string&gt;\n</Data>\n<Binary></Binary>\n</EventData>\n</Event>\n"
  },
  {
    "record_id": 210,
    "timestamp": "2025-03-11 13:21:19.794844+00:00",
    "xml_data": "<Event xmlns=\"http://schemas.microsoft.com/win/2004/08/events/event\"><System><Provider Name=\"PowerShell\"></Provider>\n<EventID Qualifiers=\"0\">600</EventID>\n<Version>0</Version>\n<Level>4</Level>\n<Task>6</Task>\n<Opcode>0</Opcode>\n<Keywords>0x0080000000000000</Keywords>\n<TimeCreated SystemTime=\"2025-03-11 13:21:19.794844+00:00\"></TimeCreated>\n<EventRecordID>210</EventRecordID>\n<Correlation ActivityID=\"\" RelatedActivityID=\"\"></Correlation>\n<Execution ProcessID=\"8232\" ThreadID=\"0\"></Execution>\n<Channel>Windows PowerShell</Channel>\n<Computer>DESKTOP-M3AKJSD</Computer>\n<Security UserID=\"\"></Security>\n</System>\n<EventData><Data>&lt;string&gt;Variable&lt;/string&gt;\n&lt;string&gt;Started&lt;/string&gt;\n&lt;string&gt;\tProviderName=Variable\r\n\tNewProviderState=Started\r\n\r\n\tSequenceNumber=11\r\n\r\n\tHostName=ConsoleHost\r\n\tHostVersion=5.1.26100.2161\r\n\tHostId=bce28301-88ad-4c56-834d-a3010cb0b55e\r\n\tHostApplication=powershell.exe -ExecutionPolicy Restricted -Command \n $Res = 0\n [UInt64]$MinDiskSpaceThreshold = 20 * 1024 * 1024 * 1024\n\n try {\n $SystemDrive = (Get-CimInstance Win32_OperatingSystem).SystemDrive\n $SystemDriveLetter = $SystemDrive[0]\n $SystemDriveSpace = (Get-Volume -DriveLetter $SystemDriveLetter).SizeRemaining\n Write-Host 'Current system drive space:', $SystemDriveSpace.ToString('N0')\n if ($SystemDriveSpace -lt $MinDiskSpaceThreshold) {\n Write-Host 'System drive space is less than the threshold:', $MinDiskSpaceThreshold.ToString('N0'), 'Block Upgrade.'\n $Res = 1\n }\n } catch {\n # Do nothing\n }\n\n Write-Host 'Final result:', $Res\n\r\n\tEngineVersion=\r\n\tRunspaceId=\r\n\tPipelineId=\r\n\tCommandName=\r\n\tCommandType=\r\n\tScriptName=\r\n\tCommandPath=\r\n\tCommandLine=&lt;/string&gt;\n</Data>\n<Binary></Binary>\n</EventData>\n</Event>\n"
  },
  {
    "record_id": 211,
    "timestamp": "2025-03-11 13:21:20.115946+00:00",
    "xml_data": "<Event xmlns=\"http://schemas.microsoft.com/win/2004/08/events/event\"><System><Provider Name=\"PowerShell\"></Provider>\n<EventID Qualifiers=\"0\">400</EventID>\n<Version>0</Version>\n<Level>4</Level>\n<Task>4</Task>\n<Opcode>0</Opcode>\n<Keywords>0x0080000000000000</Keywords>\n<TimeCreated SystemTime=\"2025-03-11 13:21:20.115946+00:00\"></TimeCreated>\n<EventRecordID>211</EventRecordID>\n<Correlation ActivityID=\"\" RelatedActivityID=\"\"></Correlation>\n<Execution ProcessID=\"8232\" ThreadID=\"0\"></Execution>\n<Channel>Windows PowerShell</Channel>\n<Computer>DESKTOP-M3AKJSD</Computer>\n<Security UserID=\"\"></Security>\n</System>\n<EventData><Data>&lt;string&gt;Available&lt;/string&gt;\n&lt;string&gt;None&lt;/string&gt;\n&lt;string&gt;\tNewEngineState=Available\r\n\tPreviousEngineState=None\r\n\r\n\tSequenceNumber=13\r\n\r\n\tHostName=ConsoleHost\r\n\tHostVersion=5.1.26100.2161\r\n\tHostId=bce28301-88ad-4c56-834d-a3010cb0b55e\r\n\tHostApplication=powershell.exe -ExecutionPolicy Restricted -Command \n $Res = 0\n [UInt64]$MinDiskSpaceThreshold = 20 * 1024 * 1024 * 1024\n\n try {\n $SystemDrive = (Get-CimInstance Win32_OperatingSystem).SystemDrive\n $SystemDriveLetter = $SystemDrive[0]\n $SystemDriveSpace = (Get-Volume -DriveLetter $SystemDriveLetter).SizeRemaining\n Write-Host 'Current system drive space:', $SystemDriveSpace.ToString('N0')\n if ($SystemDriveSpace -lt $MinDiskSpaceThreshold) {\n Write-Host 'System drive space is less than the threshold:', $MinDiskSpaceThreshold.ToString('N0'), 'Block Upgrade.'\n $Res = 1\n }\n } catch {\n # Do nothing\n }\n\n Write-Host 'Final result:', $Res\n\r\n\tEngineVersion=5.1.26100.2161\r\n\tRunspaceId=2015562f-fd8b-4f8a-9db2-b949e817a64a\r\n\tPipelineId=\r\n\tCommandName=\r\n\tCommandType=\r\n\tScriptName=\r\n\tCommandPath=\r\n\tCommandLine=&lt;/string&gt;\n</Data>\n<Binary></Binary>\n</EventData>\n</Event>\n"
  },
  {
    "record_id": 212,
    "timestamp": "2025-03-11 13:21:23.599447+00:00",
    "xml_data": "<Event xmlns=\"http://schemas.microsoft.com/win/2004/08/events/event\"><System><Provider Name=\"PowerShell\"></Provider>\n<EventID Qualifiers=\"0\">403</EventID>\n<Version>0</Version>\n<Level>4</Level>\n<Task>4</Task>\n<Opcode>0</Opcode>\n<Keywords>0x0080000000000000</Keywords>\n<TimeCreated SystemTime=\"2025-03-11 13:21:23.599447+00:00\"></TimeCreated>\n<EventRecordID>212</EventRecordID>\n<Correlation ActivityID=\"\" RelatedActivityID=\"\"></Correlation>\n<Execution ProcessID=\"5908\" ThreadID=\"0\"></Execution>\n<Channel>Windows PowerShell</Channel>\n<Computer>DESKTOP-M3AKJSD</Computer>\n<Security UserID=\"\"></Security>\n</System>\n<EventData><Data>&lt;string&gt;Stopped&lt;/string&gt;\n&lt;string&gt;Available&lt;/string&gt;\n&lt;string&gt;\tNewEngineState=Stopped\r\n\tPreviousEngineState=Available\r\n\r\n\tSequenceNumber=15\r\n\r\n\tHostName=ConsoleHost\r\n\tHostVersion=5.1.26100.2161\r\n\tHostId=53e6b4f9-c61e-43cd-9c68-7fd239105a2c\r\n\tHostApplication=powershell.exe -ExecutionPolicy Restricted -Command \n $Res = 0\n [UInt64]$MinDiskSpaceThreshold = 25 * 1024 * 1024 * 1024\n\n try {\n $SystemDrive = (Get-CimInstance Win32_OperatingSystem).SystemDrive\n $SystemDriveLetter = $SystemDrive[0]\n $SystemDriveSpace = (Get-Volume -DriveLetter $SystemDriveLetter).SizeRemaining\n Write-Host 'Current system drive space:', $SystemDriveSpace.ToString('N0')\n if ($SystemDriveSpace -lt $MinDiskSpaceThreshold) {\n Write-Host 'System drive space is less than the threshold:', $MinDiskSpaceThreshold.ToString('N0'), 'Applying safeguard.'\n $Res = 1\n }\n } catch {\n # Do nothing\n }\n\n Write-Host 'Final result:', $Res\n\r\n\tEngineVersion=5.1.26100.2161\r\n\tRunspaceId=7ed6ef50-aa67-4f88-93c3-6141783911f0\r\n\tPipelineId=\r\n\tCommandName=\r\n\tCommandType=\r\n\tScriptName=\r\n\tCommandPath=\r\n\tCommandLine=&lt;/string&gt;\n</Data>\n<Binary></Binary>\n</EventData>\n</Event>\n"
  },
  {
    "record_id": 213,
    "timestamp": "2025-03-11 13:21:23.599543+00:00",
    "xml_data": "<Event xmlns=\"http://schemas.microsoft.com/win/2004/08/events/event\"><System><Provider Name=\"PowerShell\"></Provider>\n<EventID Qualifiers=\"0\">403</EventID>\n<Version>0</Version>\n<Level>4</Level>\n<Task>4</Task>\n<Opcode>0</Opcode>\n<Keywords>0x0080000000000000</Keywords>\n<TimeCreated SystemTime=\"2025-03-11 13:21:23.599543+00:00\"></TimeCreated>\n<EventRecordID>213</EventRecordID>\n<Correlation ActivityID=\"\" RelatedActivityID=\"\"></Correlation>\n<Execution ProcessID=\"6548\" ThreadID=\"0\"></Execution>\n<Channel>Windows PowerShell</Channel>\n<Computer>DESKTOP-M3AKJSD</Computer>\n<Security UserID=\"\"></Security>\n</System>\n<EventData><Data>&lt;string&gt;Stopped&lt;/string&gt;\n&lt;string&gt;Available&lt;/string&gt;\n&lt;string&gt;\tNewEngineState=Stopped\r\n\tPreviousEngineState=Available\r\n\r\n\tSequenceNumber=15\r\n\r\n\tHostName=ConsoleHost\r\n\tHostVersion=5.1.26100.2161\r\n\tHostId=69a880d3-a93f-4c24-85ed-4638beca4bc4\r\n\tHostApplication=powershell.exe -ExecutionPolicy Restricted -Command \n $Res = 0\n [UInt64]$MinDiskSpaceThreshold = 20 * 1024 * 1024 * 1024\n\n try {\n $SystemDrive = (Get-CimInstance Win32_OperatingSystem).SystemDrive\n $SystemDriveLetter = $SystemDrive[0]\n $SystemDriveSpace = (Get-Volume -DriveLetter $SystemDriveLetter).SizeRemaining\n Write-Host 'Current system drive space:', $SystemDriveSpace.ToString('N0')\n if ($SystemDriveSpace -lt $MinDiskSpaceThreshold) {\n Write-Host 'System drive space is less than the threshold:', $MinDiskSpaceThreshold.ToString('N0'), 'Block Upgrade.'\n $Res = 1\n }\n } catch {\n # Do nothing\n }\n\n Write-Host 'Final result:', $Res\n\r\n\tEngineVersion=5.1.26100.2161\r\n\tRunspaceId=f709dcee-42b4-43c2-9907-38b2ec6ff685\r\n\tPipelineId=\r\n\tCommandName=\r\n\tCommandType=\r\n\tScriptName=\r\n\tCommandPath=\r\n\tCommandLine=&lt;/string&gt;\n</Data>\n<Binary></Binary>\n</EventData>\n</Event>\n"
  },
  {
    "record_id": 214,
    "timestamp": "2025-03-11 13:21:25.810230+00:00",
    "xml_data": "<Event xmlns=\"http://schemas.microsoft.com/win/2004/08/events/event\"><System><Provider Name=\"PowerShell\"></Provider>\n<EventID Qualifiers=\"0\">600</EventID>\n<Version>0</Version>\n<Level>4</Level>\n<Task>6</Task>\n<Opcode>0</Opcode>\n<Keywords>0x0080000000000000</Keywords>\n<TimeCreated SystemTime=\"2025-03-11 13:21:25.810230+00:00\"></TimeCreated>\n<EventRecordID>214</EventRecordID>\n<Correlation ActivityID=\"\" RelatedActivityID=\"\"></Correlation>\n<Execution ProcessID=\"8212\" ThreadID=\"0\"></Execution>\n<Channel>Windows PowerShell</Channel>\n<Computer>DESKTOP-M3AKJSD</Computer>\n<Security UserID=\"\"></Security>\n</System>\n<EventData><Data>&lt;string&gt;Registry&lt;/string&gt;\n&lt;string&gt;Started&lt;/string&gt;\n&lt;string&gt;\tProviderName=Registry\r\n\tNewProviderState=Started\r\n\r\n\tSequenceNumber=1\r\n\r\n\tHostName=ConsoleHost\r\n\tHostVersion=5.1.26100.2161\r\n\tHostId=b8bf6994-e08b-4bd7-bc60-0e1610d4db87\r\n\tHostApplication=powershell.exe -ExecutionPolicy Restricted -Command \n $Res = 0\n [UInt64]$MinDiskSpaceThreshold = 25 * 1024 * 1024 * 1024\n\n try {\n $SystemDrive = (Get-CimInstance Win32_OperatingSystem).SystemDrive\n $SystemDriveLetter = $SystemDrive[0]\n $SystemDriveSpace = (Get-Volume -DriveLetter $SystemDriveLetter).SizeRemaining\n Write-Host 'Current system drive space:', $SystemDriveSpace.ToString('N0')\n if ($SystemDriveSpace -lt $MinDiskSpaceThreshold) {\n Write-Host 'System drive space is less than the threshold:', $MinDiskSpaceThreshold.ToString('N0'), 'Applying safeguard.'\n $Res = 1\n }\n } catch {\n # Do nothing\n }\n\n Write-Host 'Final result:', $Res\n\r\n\tEngineVersion=\r\n\tRunspaceId=\r\n\tPipelineId=\r\n\tCommandName=\r\n\tCommandType=\r\n\tScriptName=\r\n\tCommandPath=\r\n\tCommandLine=&lt;/string&gt;\n</Data>\n<Binary></Binary>\n</EventData>\n</Event>\n"
  },
  {
    "record_id": 215,
    "timestamp": "2025-03-11 13:21:25.815035+00:00",
    "xml_data": "<Event xmlns=\"http://schemas.microsoft.com/win/2004/08/events/event\"><System><Provider Name=\"PowerShell\"></Provider>\n<EventID Qualifiers=\"0\">600</EventID>\n<Version>0</Version>\n<Level>4</Level>\n<Task>6</Task>\n<Opcode>0</Opcode>\n<Keywords>0x0080000000000000</Keywords>\n<TimeCreated SystemTime=\"2025-03-11 13:21:25.815035+00:00\"></TimeCreated>\n<EventRecordID>215</EventRecordID>\n<Correlation ActivityID=\"\" RelatedActivityID=\"\"></Correlation>\n<Execution ProcessID=\"8212\" ThreadID=\"0\"></Execution>\n<Channel>Windows PowerShell</Channel>\n<Computer>DESKTOP-M3AKJSD</Computer>\n<Security UserID=\"\"></Security>\n</System>\n<EventData><Data>&lt;string&gt;Alias&lt;/string&gt;\n&lt;string&gt;Started&lt;/string&gt;\n&lt;string&gt;\tProviderName=Alias\r\n\tNewProviderState=Started\r\n\r\n\tSequenceNumber=3\r\n\r\n\tHostName=ConsoleHost\r\n\tHostVersion=5.1.26100.2161\r\n\tHostId=b8bf6994-e08b-4bd7-bc60-0e1610d4db87\r\n\tHostApplication=powershell.exe -ExecutionPolicy Restricted -Command \n $Res = 0\n [UInt64]$MinDiskSpaceThreshold = 25 * 1024 * 1024 * 1024\n\n try {\n $SystemDrive = (Get-CimInstance Win32_OperatingSystem).SystemDrive\n $SystemDriveLetter = $SystemDrive[0]\n $SystemDriveSpace = (Get-Volume -DriveLetter $SystemDriveLetter).SizeRemaining\n Write-Host 'Current system drive space:', $SystemDriveSpace.ToString('N0')\n if ($SystemDriveSpace -lt $MinDiskSpaceThreshold) {\n Write-Host 'System drive space is less than the threshold:', $MinDiskSpaceThreshold.ToString('N0'), 'Applying safeguard.'\n $Res = 1\n }\n } catch {\n # Do nothing\n }\n\n Write-Host 'Final result:', $Res\n\r\n\tEngineVersion=\r\n\tRunspaceId=\r\n\tPipelineId=\r\n\tCommandName=\r\n\tCommandType=\r\n\tScriptName=\r\n\tCommandPath=\r\n\tCommandLine=&lt;/string&gt;\n</Data>\n<Binary></Binary>\n</EventData>\n</Event>\n"
  },
  {
    "record_id": 216,
    "timestamp": "2025-03-11 13:21:25.826366+00:00",
    "xml_data": "<Event xmlns=\"http://schemas.microsoft.com/win/2004/08/events/event\"><System><Provider Name=\"PowerShell\"></Provider>\n<EventID Qualifiers=\"0\">600</EventID>\n<Version>0</Version>\n<Level>4</Level>\n<Task>6</Task>\n<Opcode>0</Opcode>\n<Keywords>0x0080000000000000</Keywords>\n<TimeCreated SystemTime=\"2025-03-11 13:21:25.826366+00:00\"></TimeCreated>\n<EventRecordID>216</EventRecordID>\n<Correlation ActivityID=\"\" RelatedActivityID=\"\"></Correlation>\n<Execution ProcessID=\"8212\" ThreadID=\"0\"></Execution>\n<Channel>Windows PowerShell</Channel>\n<Computer>DESKTOP-M3AKJSD</Computer>\n<Security UserID=\"\"></Security>\n</System>\n<EventData><Data>&lt;string&gt;Environment&lt;/string&gt;\n&lt;string&gt;Started&lt;/string&gt;\n&lt;string&gt;\tProviderName=Environment\r\n\tNewProviderState=Started\r\n\r\n\tSequenceNumber=5\r\n\r\n\tHostName=ConsoleHost\r\n\tHostVersion=5.1.26100.2161\r\n\tHostId=b8bf6994-e08b-4bd7-bc60-0e1610d4db87\r\n\tHostApplication=powershell.exe -ExecutionPolicy Restricted -Command \n $Res = 0\n [UInt64]$MinDiskSpaceThreshold = 25 * 1024 * 1024 * 1024\n\n try {\n $SystemDrive = (Get-CimInstance Win32_OperatingSystem).SystemDrive\n $SystemDriveLetter = $SystemDrive[0]\n $SystemDriveSpace = (Get-Volume -DriveLetter $SystemDriveLetter).SizeRemaining\n Write-Host 'Current system drive space:', $SystemDriveSpace.ToString('N0')\n if ($SystemDriveSpace -lt $MinDiskSpaceThreshold) {\n Write-Host 'System drive space is less than the threshold:', $MinDiskSpaceThreshold.ToString('N0'), 'Applying safeguard.'\n $Res = 1\n }\n } catch {\n # Do nothing\n }\n\n Write-Host 'Final result:', $Res\n\r\n\tEngineVersion=\r\n\tRunspaceId=\r\n\tPipelineId=\r\n\tCommandName=\r\n\tCommandType=\r\n\tScriptName=\r\n\tCommandPath=\r\n\tCommandLine=&lt;/string&gt;\n</Data>\n<Binary></Binary>\n</EventData>\n</Event>\n"
  },
