  {
    "record_id": 128,
    "timestamp": "2025-01-26 09:58:32.685171+00:00",
    "xml_data": "<Event xmlns=\"http://schemas.microsoft.com/win/2004/08/events/event\"><System><Provider Name=\"PowerShell\"></Provider>\n<EventID Qualifiers=\"0\">600</EventID>\n<Version>0</Version>\n<Level>4</Level>\n<Task>6</Task>\n<Opcode>0</Opcode>\n<Keywords>0x0080000000000000</Keywords>\n<TimeCreated SystemTime=\"2025-01-26 09:58:32.685171+00:00\"></TimeCreated>\n<EventRecordID>128</EventRecordID>\n<Correlation ActivityID=\"\" RelatedActivityID=\"\"></Correlation>\n<Execution ProcessID=\"8148\" ThreadID=\"0\"></Execution>\n<Channel>Windows PowerShell</Channel>\n<Computer>DESKTOP-M3AKJSD</Computer>\n<Security UserID=\"\"></Security>\n</System>\n<EventData><Data>&lt;string&gt;Alias&lt;/string&gt;\n&lt;string&gt;Started&lt;/string&gt;\n&lt;string&gt;\tProviderName=Alias\r\n\tNewProviderState=Started\r\n\r\n\tSequenceNumber=3\r\n\r\n\tHostName=ConsoleHost\r\n\tHostVersion=5.1.26100.1591\r\n\tHostId=9efe73d1-0d41-4512-affb-5aef899f3116\r\n\tHostApplication=powershell.exe -NoProfile -Command &amp; {if($PSVersionTable.PSVersion.Major -ge 3){Import-Module 'C:\\Program Files\\Microsoft Visual Studio\\2022\\Community\\Common7\\Tools\\\\Microsoft.VisualStudio.DevShell.dll'; Send-VsDevShellTelemetry -NewInstanceType Cmd; }}\r\n\tEngineVersion=\r\n\tRunspaceId=\r\n\tPipelineId=\r\n\tCommandName=\r\n\tCommandType=\r\n\tScriptName=\r\n\tCommandPath=\r\n\tCommandLine=&lt;/string&gt;\n</Data>\n<Binary></Binary>\n</EventData>\n</Event>\n"
  },
  {
    "record_id": 129,
    "timestamp": "2025-01-26 09:58:32.686441+00:00",
    "xml_data": "<Event xmlns=\"http://schemas.microsoft.com/win/2004/08/events/event\"><System><Provider Name=\"PowerShell\"></Provider>\n<EventID Qualifiers=\"0\">600</EventID>\n<Version>0</Version>\n<Level>4</Level>\n<Task>6</Task>\n<Opcode>0</Opcode>\n<Keywords>0x0080000000000000</Keywords>\n<TimeCreated SystemTime=\"2025-01-26 09:58:32.686441+00:00\"></TimeCreated>\n<EventRecordID>129</EventRecordID>\n<Correlation ActivityID=\"\" RelatedActivityID=\"\"></Correlation>\n<Execution ProcessID=\"8148\" ThreadID=\"0\"></Execution>\n<Channel>Windows PowerShell</Channel>\n<Computer>DESKTOP-M3AKJSD</Computer>\n<Security UserID=\"\"></Security>\n</System>\n<EventData><Data>&lt;string&gt;Environment&lt;/string&gt;\n&lt;string&gt;Started&lt;/string&gt;\n&lt;string&gt;\tProviderName=Environment\r\n\tNewProviderState=Started\r\n\r\n\tSequenceNumber=5\r\n\r\n\tHostName=ConsoleHost\r\n\tHostVersion=5.1.26100.1591\r\n\tHostId=9efe73d1-0d41-4512-affb-5aef899f3116\r\n\tHostApplication=powershell.exe -NoProfile -Command &amp; {if($PSVersionTable.PSVersion.Major -ge 3){Import-Module 'C:\\Program Files\\Microsoft Visual Studio\\2022\\Community\\Common7\\Tools\\\\Microsoft.VisualStudio.DevShell.dll'; Send-VsDevShellTelemetry -NewInstanceType Cmd; }}\r\n\tEngineVersion=\r\n\tRunspaceId=\r\n\tPipelineId=\r\n\tCommandName=\r\n\tCommandType=\r\n\tScriptName=\r\n\tCommandPath=\r\n\tCommandLine=&lt;/string&gt;\n</Data>\n<Binary></Binary>\n</EventData>\n</Event>\n"
  },
  {
    "record_id": 130,
    "timestamp": "2025-01-26 09:58:32.705999+00:00",
    "xml_data": "<Event xmlns=\"http://schemas.microsoft.com/win/2004/08/events/event\"><System><Provider Name=\"PowerShell\"></Provider>\n<EventID Qualifiers=\"0\">600</EventID>\n<Version>0</Version>\n<Level>4</Level>\n<Task>6</Task>\n<Opcode>0</Opcode>\n<Keywords>0x0080000000000000</Keywords>\n<TimeCreated SystemTime=\"2025-01-26 09:58:32.705999+00:00\"></TimeCreated>\n<EventRecordID>130</EventRecordID>\n<Correlation ActivityID=\"\" RelatedActivityID=\"\"></Correlation>\n<Execution ProcessID=\"8148\" ThreadID=\"0\"></Execution>\n<Channel>Windows PowerShell</Channel>\n<Computer>DESKTOP-M3AKJSD</Computer>\n<Security UserID=\"\"></Security>\n</System>\n<EventData><Data>&lt;string&gt;FileSystem&lt;/string&gt;\n&lt;string&gt;Started&lt;/string&gt;\n&lt;string&gt;\tProviderName=FileSystem\r\n\tNewProviderState=Started\r\n\r\n\tSequenceNumber=7\r\n\r\n\tHostName=ConsoleHost\r\n\tHostVersion=5.1.26100.1591\r\n\tHostId=9efe73d1-0d41-4512-affb-5aef899f3116\r\n\tHostApplication=powershell.exe -NoProfile -Command &amp; {if($PSVersionTable.PSVersion.Major -ge 3){Import-Module 'C:\\Program Files\\Microsoft Visual Studio\\2022\\Community\\Common7\\Tools\\\\Microsoft.VisualStudio.DevShell.dll'; Send-VsDevShellTelemetry -NewInstanceType Cmd; }}\r\n\tEngineVersion=\r\n\tRunspaceId=\r\n\tPipelineId=\r\n\tCommandName=\r\n\tCommandType=\r\n\tScriptName=\r\n\tCommandPath=\r\n\tCommandLine=&lt;/string&gt;\n</Data>\n<Binary></Binary>\n</EventData>\n</Event>\n"
  },
  {
    "record_id": 131,
    "timestamp": "2025-01-26 09:58:32.706968+00:00",
    "xml_data": "<Event xmlns=\"http://schemas.microsoft.com/win/2004/08/events/event\"><System><Provider Name=\"PowerShell\"></Provider>\n<EventID Qualifiers=\"0\">600</EventID>\n<Version>0</Version>\n<Level>4</Level>\n<Task>6</Task>\n<Opcode>0</Opcode>\n<Keywords>0x0080000000000000</Keywords>\n<TimeCreated SystemTime=\"2025-01-26 09:58:32.706968+00:00\"></TimeCreated>\n<EventRecordID>131</EventRecordID>\n<Correlation ActivityID=\"\" RelatedActivityID=\"\"></Correlation>\n<Execution ProcessID=\"8148\" ThreadID=\"0\"></Execution>\n<Channel>Windows PowerShell</Channel>\n<Computer>DESKTOP-M3AKJSD</Computer>\n<Security UserID=\"\"></Security>\n</System>\n<EventData><Data>&lt;string&gt;Function&lt;/string&gt;\n&lt;string&gt;Started&lt;/string&gt;\n&lt;string&gt;\tProviderName=Function\r\n\tNewProviderState=Started\r\n\r\n\tSequenceNumber=9\r\n\r\n\tHostName=ConsoleHost\r\n\tHostVersion=5.1.26100.1591\r\n\tHostId=9efe73d1-0d41-4512-affb-5aef899f3116\r\n\tHostApplication=powershell.exe -NoProfile -Command &amp; {if($PSVersionTable.PSVersion.Major -ge 3){Import-Module 'C:\\Program Files\\Microsoft Visual Studio\\2022\\Community\\Common7\\Tools\\\\Microsoft.VisualStudio.DevShell.dll'; Send-VsDevShellTelemetry -NewInstanceType Cmd; }}\r\n\tEngineVersion=\r\n\tRunspaceId=\r\n\tPipelineId=\r\n\tCommandName=\r\n\tCommandType=\r\n\tScriptName=\r\n\tCommandPath=\r\n\tCommandLine=&lt;/string&gt;\n</Data>\n<Binary></Binary>\n</EventData>\n</Event>\n"
  },
  {
    "record_id": 132,
    "timestamp": "2025-01-26 09:58:32.707724+00:00",
    "xml_data": "<Event xmlns=\"http://schemas.microsoft.com/win/2004/08/events/event\"><System><Provider Name=\"PowerShell\"></Provider>\n<EventID Qualifiers=\"0\">600</EventID>\n<Version>0</Version>\n<Level>4</Level>\n<Task>6</Task>\n<Opcode>0</Opcode>\n<Keywords>0x0080000000000000</Keywords>\n<TimeCreated SystemTime=\"2025-01-26 09:58:32.707724+00:00\"></TimeCreated>\n<EventRecordID>132</EventRecordID>\n<Correlation ActivityID=\"\" RelatedActivityID=\"\"></Correlation>\n<Execution ProcessID=\"8148\" ThreadID=\"0\"></Execution>\n<Channel>Windows PowerShell</Channel>\n<Computer>DESKTOP-M3AKJSD</Computer>\n<Security UserID=\"\"></Security>\n</System>\n<EventData><Data>&lt;string&gt;Variable&lt;/string&gt;\n&lt;string&gt;Started&lt;/string&gt;\n&lt;string&gt;\tProviderName=Variable\r\n\tNewProviderState=Started\r\n\r\n\tSequenceNumber=11\r\n\r\n\tHostName=ConsoleHost\r\n\tHostVersion=5.1.26100.1591\r\n\tHostId=9efe73d1-0d41-4512-affb-5aef899f3116\r\n\tHostApplication=powershell.exe -NoProfile -Command &amp; {if($PSVersionTable.PSVersion.Major -ge 3){Import-Module 'C:\\Program Files\\Microsoft Visual Studio\\2022\\Community\\Common7\\Tools\\\\Microsoft.VisualStudio.DevShell.dll'; Send-VsDevShellTelemetry -NewInstanceType Cmd; }}\r\n\tEngineVersion=\r\n\tRunspaceId=\r\n\tPipelineId=\r\n\tCommandName=\r\n\tCommandType=\r\n\tScriptName=\r\n\tCommandPath=\r\n\tCommandLine=&lt;/string&gt;\n</Data>\n<Binary></Binary>\n</EventData>\n</Event>\n"
  },
  {
    "record_id": 133,
    "timestamp": "2025-01-26 09:58:32.807293+00:00",
    "xml_data": "<Event xmlns=\"http://schemas.microsoft.com/win/2004/08/events/event\"><System><Provider Name=\"PowerShell\"></Provider>\n<EventID Qualifiers=\"0\">400</EventID>\n<Version>0</Version>\n<Level>4</Level>\n<Task>4</Task>\n<Opcode>0</Opcode>\n<Keywords>0x0080000000000000</Keywords>\n<TimeCreated SystemTime=\"2025-01-26 09:58:32.807293+00:00\"></TimeCreated>\n<EventRecordID>133</EventRecordID>\n<Correlation ActivityID=\"\" RelatedActivityID=\"\"></Correlation>\n<Execution ProcessID=\"8148\" ThreadID=\"0\"></Execution>\n<Channel>Windows PowerShell</Channel>\n<Computer>DESKTOP-M3AKJSD</Computer>\n<Security UserID=\"\"></Security>\n</System>\n<EventData><Data>&lt;string&gt;Available&lt;/string&gt;\n&lt;string&gt;None&lt;/string&gt;\n&lt;string&gt;\tNewEngineState=Available\r\n\tPreviousEngineState=None\r\n\r\n\tSequenceNumber=13\r\n\r\n\tHostName=ConsoleHost\r\n\tHostVersion=5.1.26100.1591\r\n\tHostId=9efe73d1-0d41-4512-affb-5aef899f3116\r\n\tHostApplication=powershell.exe -NoProfile -Command &amp; {if($PSVersionTable.PSVersion.Major -ge 3){Import-Module 'C:\\Program Files\\Microsoft Visual Studio\\2022\\Community\\Common7\\Tools\\\\Microsoft.VisualStudio.DevShell.dll'; Send-VsDevShellTelemetry -NewInstanceType Cmd; }}\r\n\tEngineVersion=5.1.26100.1591\r\n\tRunspaceId=1e1ba090-e0ea-4a63-8987-1edaffbe5e6d\r\n\tPipelineId=\r\n\tCommandName=\r\n\tCommandType=\r\n\tScriptName=\r\n\tCommandPath=\r\n\tCommandLine=&lt;/string&gt;\n</Data>\n<Binary></Binary>\n</EventData>\n</Event>\n"
  },
  {
    "record_id": 134,
    "timestamp": "2025-01-26 09:58:33.658791+00:00",
    "xml_data": "<Event xmlns=\"http://schemas.microsoft.com/win/2004/08/events/event\"><System><Provider Name=\"PowerShell\"></Provider>\n<EventID Qualifiers=\"0\">403</EventID>\n<Version>0</Version>\n<Level>4</Level>\n<Task>4</Task>\n<Opcode>0</Opcode>\n<Keywords>0x0080000000000000</Keywords>\n<TimeCreated SystemTime=\"2025-01-26 09:58:33.658791+00:00\"></TimeCreated>\n<EventRecordID>134</EventRecordID>\n<Correlation ActivityID=\"\" RelatedActivityID=\"\"></Correlation>\n<Execution ProcessID=\"8148\" ThreadID=\"0\"></Execution>\n<Channel>Windows PowerShell</Channel>\n<Computer>DESKTOP-M3AKJSD</Computer>\n<Security UserID=\"\"></Security>\n</System>\n<EventData><Data>&lt;string&gt;Stopped&lt;/string&gt;\n&lt;string&gt;Available&lt;/string&gt;\n&lt;string&gt;\tNewEngineState=Stopped\r\n\tPreviousEngineState=Available\r\n\r\n\tSequenceNumber=15\r\n\r\n\tHostName=ConsoleHost\r\n\tHostVersion=5.1.26100.1591\r\n\tHostId=9efe73d1-0d41-4512-affb-5aef899f3116\r\n\tHostApplication=powershell.exe -NoProfile -Command &amp; {if($PSVersionTable.PSVersion.Major -ge 3){Import-Module 'C:\\Program Files\\Microsoft Visual Studio\\2022\\Community\\Common7\\Tools\\\\Microsoft.VisualStudio.DevShell.dll'; Send-VsDevShellTelemetry -NewInstanceType Cmd; }}\r\n\tEngineVersion=5.1.26100.1591\r\n\tRunspaceId=1e1ba090-e0ea-4a63-8987-1edaffbe5e6d\r\n\tPipelineId=\r\n\tCommandName=\r\n\tCommandType=\r\n\tScriptName=\r\n\tCommandPath=\r\n\tCommandLine=&lt;/string&gt;\n</Data>\n<Binary></Binary>\n</EventData>\n</Event>\n"
  },
  {
    "record_id": 135,
    "timestamp": "2025-01-26 12:59:33.187305+00:00",
    "xml_data": "<Event xmlns=\"http://schemas.microsoft.com/win/2004/08/events/event\"><System><Provider Name=\"PowerShell\"></Provider>\n<EventID Qualifiers=\"0\">600</EventID>\n<Version>0</Version>\n<Level>4</Level>\n<Task>6</Task>\n<Opcode>0</Opcode>\n<Keywords>0x0080000000000000</Keywords>\n<TimeCreated SystemTime=\"2025-01-26 12:59:33.187305+00:00\"></TimeCreated>\n<EventRecordID>135</EventRecordID>\n<Correlation ActivityID=\"\" RelatedActivityID=\"\"></Correlation>\n<Execution ProcessID=\"1528\" ThreadID=\"0\"></Execution>\n<Channel>Windows PowerShell</Channel>\n<Computer>DESKTOP-M3AKJSD</Computer>\n<Security UserID=\"\"></Security>\n</System>\n<EventData><Data>&lt;string&gt;Registry&lt;/string&gt;\n&lt;string&gt;Started&lt;/string&gt;\n&lt;string&gt;\tProviderName=Registry\r\n\tNewProviderState=Started\r\n\r\n\tSequenceNumber=1\r\n\r\n\tHostName=ConsoleHost\r\n\tHostVersion=5.1.26100.1591\r\n\tHostId=0d049cfd-7238-4e6e-9ea4-b864582b7190\r\n\tHostApplication=C:\\Windows\\System32\\WindowsPowerShell\\v1.0\\powershell.exe -NoProfile -ExecutionPolicy Unrestricted -Command iex (get-content \"C:\\Program Files\\Microsoft Visual Studio\\2022\\Community\\VC\\vcpkg\\vcpkg-init.cmd\" -raw)#\r\n\tEngineVersion=\r\n\tRunspaceId=\r\n\tPipelineId=\r\n\tCommandName=\r\n\tCommandType=\r\n\tScriptName=\r\n\tCommandPath=\r\n\tCommandLine=&lt;/string&gt;\n</Data>\n<Binary></Binary>\n</EventData>\n</Event>\n"
  },
  {
    "record_id": 136,
    "timestamp": "2025-01-26 12:59:33.192883+00:00",
    "xml_data": "<Event xmlns=\"http://schemas.microsoft.com/win/2004/08/events/event\"><System><Provider Name=\"PowerShell\"></Provider>\n<EventID Qualifiers=\"0\">600</EventID>\n<Version>0</Version>\n<Level>4</Level>\n<Task>6</Task>\n<Opcode>0</Opcode>\n<Keywords>0x0080000000000000</Keywords>\n<TimeCreated SystemTime=\"2025-01-26 12:59:33.192883+00:00\"></TimeCreated>\n<EventRecordID>136</EventRecordID>\n<Correlation ActivityID=\"\" RelatedActivityID=\"\"></Correlation>\n<Execution ProcessID=\"1528\" ThreadID=\"0\"></Execution>\n<Channel>Windows PowerShell</Channel>\n<Computer>DESKTOP-M3AKJSD</Computer>\n<Security UserID=\"\"></Security>\n</System>\n<EventData><Data>&lt;string&gt;Alias&lt;/string&gt;\n&lt;string&gt;Started&lt;/string&gt;\n&lt;string&gt;\tProviderName=Alias\r\n\tNewProviderState=Started\r\n\r\n\tSequenceNumber=3\r\n\r\n\tHostName=ConsoleHost\r\n\tHostVersion=5.1.26100.1591\r\n\tHostId=0d049cfd-7238-4e6e-9ea4-b864582b7190\r\n\tHostApplication=C:\\Windows\\System32\\WindowsPowerShell\\v1.0\\powershell.exe -NoProfile -ExecutionPolicy Unrestricted -Command iex (get-content \"C:\\Program Files\\Microsoft Visual Studio\\2022\\Community\\VC\\vcpkg\\vcpkg-init.cmd\" -raw)#\r\n\tEngineVersion=\r\n\tRunspaceId=\r\n\tPipelineId=\r\n\tCommandName=\r\n\tCommandType=\r\n\tScriptName=\r\n\tCommandPath=\r\n\tCommandLine=&lt;/string&gt;\n</Data>\n<Binary></Binary>\n</EventData>\n</Event>\n"
  },
  {
    "record_id": 137,
    "timestamp": "2025-01-26 12:59:33.194389+00:00",
    "xml_data": "<Event xmlns=\"http://schemas.microsoft.com/win/2004/08/events/event\"><System><Provider Name=\"PowerShell\"></Provider>\n<EventID Qualifiers=\"0\">600</EventID>\n<Version>0</Version>\n<Level>4</Level>\n<Task>6</Task>\n<Opcode>0</Opcode>\n<Keywords>0x0080000000000000</Keywords>\n<TimeCreated SystemTime=\"2025-01-26 12:59:33.194389+00:00\"></TimeCreated>\n<EventRecordID>137</EventRecordID>\n<Correlation ActivityID=\"\" RelatedActivityID=\"\"></Correlation>\n<Execution ProcessID=\"1528\" ThreadID=\"0\"></Execution>\n<Channel>Windows PowerShell</Channel>\n<Computer>DESKTOP-M3AKJSD</Computer>\n<Security UserID=\"\"></Security>\n</System>\n<EventData><Data>&lt;string&gt;Environment&lt;/string&gt;\n&lt;string&gt;Started&lt;/string&gt;\n&lt;string&gt;\tProviderName=Environment\r\n\tNewProviderState=Started\r\n\r\n\tSequenceNumber=5\r\n\r\n\tHostName=ConsoleHost\r\n\tHostVersion=5.1.26100.1591\r\n\tHostId=0d049cfd-7238-4e6e-9ea4-b864582b7190\r\n\tHostApplication=C:\\Windows\\System32\\WindowsPowerShell\\v1.0\\powershell.exe -NoProfile -ExecutionPolicy Unrestricted -Command iex (get-content \"C:\\Program Files\\Microsoft Visual Studio\\2022\\Community\\VC\\vcpkg\\vcpkg-init.cmd\" -raw)#\r\n\tEngineVersion=\r\n\tRunspaceId=\r\n\tPipelineId=\r\n\tCommandName=\r\n\tCommandType=\r\n\tScriptName=\r\n\tCommandPath=\r\n\tCommandLine=&lt;/string&gt;\n</Data>\n<Binary></Binary>\n</EventData>\n</Event>\n"
  },
  {
    "record_id": 138,
    "timestamp": "2025-01-26 12:59:33.236389+00:00",
    "xml_data": "<Event xmlns=\"http://schemas.microsoft.com/win/2004/08/events/event\"><System><Provider Name=\"PowerShell\"></Provider>\n<EventID Qualifiers=\"0\">600</EventID>\n<Version>0</Version>\n<Level>4</Level>\n<Task>6</Task>\n<Opcode>0</Opcode>\n<Keywords>0x0080000000000000</Keywords>\n<TimeCreated SystemTime=\"2025-01-26 12:59:33.236389+00:00\"></TimeCreated>\n<EventRecordID>138</EventRecordID>\n<Correlation ActivityID=\"\" RelatedActivityID=\"\"></Correlation>\n<Execution ProcessID=\"1528\" ThreadID=\"0\"></Execution>\n<Channel>Windows PowerShell</Channel>\n<Computer>DESKTOP-M3AKJSD</Computer>\n<Security UserID=\"\"></Security>\n</System>\n<EventData><Data>&lt;string&gt;FileSystem&lt;/string&gt;\n&lt;string&gt;Started&lt;/string&gt;\n&lt;string&gt;\tProviderName=FileSystem\r\n\tNewProviderState=Started\r\n\r\n\tSequenceNumber=7\r\n\r\n\tHostName=ConsoleHost\r\n\tHostVersion=5.1.26100.1591\r\n\tHostId=0d049cfd-7238-4e6e-9ea4-b864582b7190\r\n\tHostApplication=C:\\Windows\\System32\\WindowsPowerShell\\v1.0\\powershell.exe -NoProfile -ExecutionPolicy Unrestricted -Command iex (get-content \"C:\\Program Files\\Microsoft Visual Studio\\2022\\Community\\VC\\vcpkg\\vcpkg-init.cmd\" -raw)#\r\n\tEngineVersion=\r\n\tRunspaceId=\r\n\tPipelineId=\r\n\tCommandName=\r\n\tCommandType=\r\n\tScriptName=\r\n\tCommandPath=\r\n\tCommandLine=&lt;/string&gt;\n</Data>\n<Binary></Binary>\n</EventData>\n</Event>\n"
  },
  {
    "record_id": 139,
    "timestamp": "2025-01-26 12:59:33.239733+00:00",
    "xml_data": "<Event xmlns=\"http://schemas.microsoft.com/win/2004/08/events/event\"><System><Provider Name=\"PowerShell\"></Provider>\n<EventID Qualifiers=\"0\">600</EventID>\n<Version>0</Version>\n<Level>4</Level>\n<Task>6</Task>\n<Opcode>0</Opcode>\n<Keywords>0x0080000000000000</Keywords>\n<TimeCreated SystemTime=\"2025-01-26 12:59:33.239733+00:00\"></TimeCreated>\n<EventRecordID>139</EventRecordID>\n<Correlation ActivityID=\"\" RelatedActivityID=\"\"></Correlation>\n<Execution ProcessID=\"1528\" ThreadID=\"0\"></Execution>\n<Channel>Windows PowerShell</Channel>\n<Computer>DESKTOP-M3AKJSD</Computer>\n<Security UserID=\"\"></Security>\n</System>\n<EventData><Data>&lt;string&gt;Function&lt;/string&gt;\n&lt;string&gt;Started&lt;/string&gt;\n&lt;string&gt;\tProviderName=Function\r\n\tNewProviderState=Started\r\n\r\n\tSequenceNumber=9\r\n\r\n\tHostName=ConsoleHost\r\n\tHostVersion=5.1.26100.1591\r\n\tHostId=0d049cfd-7238-4e6e-9ea4-b864582b7190\r\n\tHostApplication=C:\\Windows\\System32\\WindowsPowerShell\\v1.0\\powershell.exe -NoProfile -ExecutionPolicy Unrestricted -Command iex (get-content \"C:\\Program Files\\Microsoft Visual Studio\\2022\\Community\\VC\\vcpkg\\vcpkg-init.cmd\" -raw)#\r\n\tEngineVersion=\r\n\tRunspaceId=\r\n\tPipelineId=\r\n\tCommandName=\r\n\tCommandType=\r\n\tScriptName=\r\n\tCommandPath=\r\n\tCommandLine=&lt;/string&gt;\n</Data>\n<Binary></Binary>\n</EventData>\n</Event>\n"
  },
  {
    "record_id": 140,
    "timestamp": "2025-01-26 12:59:33.241026+00:00",
    "xml_data": "<Event xmlns=\"http://schemas.microsoft.com/win/2004/08/events/event\"><System><Provider Name=\"PowerShell\"></Provider>\n<EventID Qualifiers=\"0\">600</EventID>\n<Version>0</Version>\n<Level>4</Level>\n<Task>6</Task>\n<Opcode>0</Opcode>\n<Keywords>0x0080000000000000</Keywords>\n<TimeCreated SystemTime=\"2025-01-26 12:59:33.241026+00:00\"></TimeCreated>\n<EventRecordID>140</EventRecordID>\n<Correlation ActivityID=\"\" RelatedActivityID=\"\"></Correlation>\n<Execution ProcessID=\"1528\" ThreadID=\"0\"></Execution>\n<Channel>Windows PowerShell</Channel>\n<Computer>DESKTOP-M3AKJSD</Computer>\n<Security UserID=\"\"></Security>\n</System>\n<EventData><Data>&lt;string&gt;Variable&lt;/string&gt;\n&lt;string&gt;Started&lt;/string&gt;\n&lt;string&gt;\tProviderName=Variable\r\n\tNewProviderState=Started\r\n\r\n\tSequenceNumber=11\r\n\r\n\tHostName=ConsoleHost\r\n\tHostVersion=5.1.26100.1591\r\n\tHostId=0d049cfd-7238-4e6e-9ea4-b864582b7190\r\n\tHostApplication=C:\\Windows\\System32\\WindowsPowerShell\\v1.0\\powershell.exe -NoProfile -ExecutionPolicy Unrestricted -Command iex (get-content \"C:\\Program Files\\Microsoft Visual Studio\\2022\\Community\\VC\\vcpkg\\vcpkg-init.cmd\" -raw)#\r\n\tEngineVersion=\r\n\tRunspaceId=\r\n\tPipelineId=\r\n\tCommandName=\r\n\tCommandType=\r\n\tScriptName=\r\n\tCommandPath=\r\n\tCommandLine=&lt;/string&gt;\n</Data>\n<Binary></Binary>\n</EventData>\n</Event>\n"
  },
  {
    "record_id": 141,
    "timestamp": "2025-01-26 12:59:33.353863+00:00",
    "xml_data": "<Event xmlns=\"http://schemas.microsoft.com/win/2004/08/events/event\"><System><Provider Name=\"PowerShell\"></Provider>\n<EventID Qualifiers=\"0\">400</EventID>\n<Version>0</Version>\n<Level>4</Level>\n<Task>4</Task>\n<Opcode>0</Opcode>\n<Keywords>0x0080000000000000</Keywords>\n<TimeCreated SystemTime=\"2025-01-26 12:59:33.353863+00:00\"></TimeCreated>\n<EventRecordID>141</EventRecordID>\n<Correlation ActivityID=\"\" RelatedActivityID=\"\"></Correlation>\n<Execution ProcessID=\"1528\" ThreadID=\"0\"></Execution>\n<Channel>Windows PowerShell</Channel>\n<Computer>DESKTOP-M3AKJSD</Computer>\n<Security UserID=\"\"></Security>\n</System>\n<EventData><Data>&lt;string&gt;Available&lt;/string&gt;\n&lt;string&gt;None&lt;/string&gt;\n&lt;string&gt;\tNewEngineState=Available\r\n\tPreviousEngineState=None\r\n\r\n\tSequenceNumber=13\r\n\r\n\tHostName=ConsoleHost\r\n\tHostVersion=5.1.26100.1591\r\n\tHostId=0d049cfd-7238-4e6e-9ea4-b864582b7190\r\n\tHostApplication=C:\\Windows\\System32\\WindowsPowerShell\\v1.0\\powershell.exe -NoProfile -ExecutionPolicy Unrestricted -Command iex (get-content \"C:\\Program Files\\Microsoft Visual Studio\\2022\\Community\\VC\\vcpkg\\vcpkg-init.cmd\" -raw)#\r\n\tEngineVersion=5.1.26100.1591\r\n\tRunspaceId=970f5a74-a822-4380-821b-a4a9ca1ad5c7\r\n\tPipelineId=\r\n\tCommandName=\r\n\tCommandType=\r\n\tScriptName=\r\n\tCommandPath=\r\n\tCommandLine=&lt;/string&gt;\n</Data>\n<Binary></Binary>\n</EventData>\n</Event>\n"
  },
  {
    "record_id": 142,
    "timestamp": "2025-01-26 12:59:35.005377+00:00",
    "xml_data": "<Event xmlns=\"http://schemas.microsoft.com/win/2004/08/events/event\"><System><Provider Name=\"PowerShell\"></Provider>\n<EventID Qualifiers=\"0\">403</EventID>\n<Version>0</Version>\n<Level>4</Level>\n<Task>4</Task>\n<Opcode>0</Opcode>\n<Keywords>0x0080000000000000</Keywords>\n<TimeCreated SystemTime=\"2025-01-26 12:59:35.005377+00:00\"></TimeCreated>\n<EventRecordID>142</EventRecordID>\n<Correlation ActivityID=\"\" RelatedActivityID=\"\"></Correlation>\n<Execution ProcessID=\"1528\" ThreadID=\"0\"></Execution>\n<Channel>Windows PowerShell</Channel>\n<Computer>DESKTOP-M3AKJSD</Computer>\n<Security UserID=\"\"></Security>\n</System>\n<EventData><Data>&lt;string&gt;Stopped&lt;/string&gt;\n&lt;string&gt;Available&lt;/string&gt;\n&lt;string&gt;\tNewEngineState=Stopped\r\n\tPreviousEngineState=Available\r\n\r\n\tSequenceNumber=15\r\n\r\n\tHostName=ConsoleHost\r\n\tHostVersion=5.1.26100.1591\r\n\tHostId=0d049cfd-7238-4e6e-9ea4-b864582b7190\r\n\tHostApplication=C:\\Windows\\System32\\WindowsPowerShell\\v1.0\\powershell.exe -NoProfile -ExecutionPolicy Unrestricted -Command iex (get-content \"C:\\Program Files\\Microsoft Visual Studio\\2022\\Community\\VC\\vcpkg\\vcpkg-init.cmd\" -raw)#\r\n\tEngineVersion=5.1.26100.1591\r\n\tRunspaceId=970f5a74-a822-4380-821b-a4a9ca1ad5c7\r\n\tPipelineId=\r\n\tCommandName=\r\n\tCommandType=\r\n\tScriptName=\r\n\tCommandPath=\r\n\tCommandLine=&lt;/string&gt;\n</Data>\n<Binary></Binary>\n</EventData>\n</Event>\n"
  },
  {
    "record_id": 143,
    "timestamp": "2025-01-26 12:59:36.804836+00:00",
    "xml_data": "<Event xmlns=\"http://schemas.microsoft.com/win/2004/08/events/event\"><System><Provider Name=\"PowerShell\"></Provider>\n<EventID Qualifiers=\"0\">600</EventID>\n<Version>0</Version>\n<Level>4</Level>\n<Task>6</Task>\n<Opcode>0</Opcode>\n<Keywords>0x0080000000000000</Keywords>\n<TimeCreated SystemTime=\"2025-01-26 12:59:36.804836+00:00\"></TimeCreated>\n<EventRecordID>143</EventRecordID>\n<Correlation ActivityID=\"\" RelatedActivityID=\"\"></Correlation>\n<Execution ProcessID=\"2984\" ThreadID=\"0\"></Execution>\n<Channel>Windows PowerShell</Channel>\n<Computer>DESKTOP-M3AKJSD</Computer>\n<Security UserID=\"\"></Security>\n</System>\n<EventData><Data>&lt;string&gt;Registry&lt;/string&gt;\n&lt;string&gt;Started&lt;/string&gt;\n&lt;string&gt;\tProviderName=Registry\r\n\tNewProviderState=Started\r\n\r\n\tSequenceNumber=1\r\n\r\n\tHostName=ConsoleHost\r\n\tHostVersion=5.1.26100.1591\r\n\tHostId=0d729e69-0d3a-456a-8d5d-536f0dde6934\r\n\tHostApplication=powershell.exe -NoProfile -Command &amp; {if($PSVersionTable.PSVersion.Major -ge 3){Import-Module 'C:\\Program Files\\Microsoft Visual Studio\\2022\\Community\\Common7\\Tools\\\\Microsoft.VisualStudio.DevShell.dll'; Send-VsDevShellTelemetry -NewInstanceType Cmd; }}\r\n\tEngineVersion=\r\n\tRunspaceId=\r\n\tPipelineId=\r\n\tCommandName=\r\n\tCommandType=\r\n\tScriptName=\r\n\tCommandPath=\r\n\tCommandLine=&lt;/string&gt;\n</Data>\n<Binary></Binary>\n</EventData>\n</Event>\n"
  },
  {
    "record_id": 144,
    "timestamp": "2025-01-26 12:59:36.805166+00:00",
    "xml_data": "<Event xmlns=\"http://schemas.microsoft.com/win/2004/08/events/event\"><System><Provider Name=\"PowerShell\"></Provider>\n<EventID Qualifiers=\"0\">600</EventID>\n<Version>0</Version>\n<Level>4</Level>\n<Task>6</Task>\n<Opcode>0</Opcode>\n<Keywords>0x0080000000000000</Keywords>\n<TimeCreated SystemTime=\"2025-01-26 12:59:36.805166+00:00\"></TimeCreated>\n<EventRecordID>144</EventRecordID>\n<Correlation ActivityID=\"\" RelatedActivityID=\"\"></Correlation>\n<Execution ProcessID=\"2984\" ThreadID=\"0\"></Execution>\n<Channel>Windows PowerShell</Channel>\n<Computer>DESKTOP-M3AKJSD</Computer>\n<Security UserID=\"\"></Security>\n</System>\n<EventData><Data>&lt;string&gt;Alias&lt;/string&gt;\n&lt;string&gt;Started&lt;/string&gt;\n&lt;string&gt;\tProviderName=Alias\r\n\tNewProviderState=Started\r\n\r\n\tSequenceNumber=3\r\n\r\n\tHostName=ConsoleHost\r\n\tHostVersion=5.1.26100.1591\r\n\tHostId=0d729e69-0d3a-456a-8d5d-536f0dde6934\r\n\tHostApplication=powershell.exe -NoProfile -Command &amp; {if($PSVersionTable.PSVersion.Major -ge 3){Import-Module 'C:\\Program Files\\Microsoft Visual Studio\\2022\\Community\\Common7\\Tools\\\\Microsoft.VisualStudio.DevShell.dll'; Send-VsDevShellTelemetry -NewInstanceType Cmd; }}\r\n\tEngineVersion=\r\n\tRunspaceId=\r\n\tPipelineId=\r\n\tCommandName=\r\n\tCommandType=\r\n\tScriptName=\r\n\tCommandPath=\r\n\tCommandLine=&lt;/string&gt;\n</Data>\n<Binary></Binary>\n</EventData>\n</Event>\n"
  },
  {
    "record_id": 145,
    "timestamp": "2025-01-26 12:59:36.805382+00:00",
    "xml_data": "<Event xmlns=\"http://schemas.microsoft.com/win/2004/08/events/event\"><System><Provider Name=\"PowerShell\"></Provider>\n<EventID Qualifiers=\"0\">600</EventID>\n<Version>0</Version>\n<Level>4</Level>\n<Task>6</Task>\n<Opcode>0</Opcode>\n<Keywords>0x0080000000000000</Keywords>\n<TimeCreated SystemTime=\"2025-01-26 12:59:36.805382+00:00\"></TimeCreated>\n<EventRecordID>145</EventRecordID>\n<Correlation ActivityID=\"\" RelatedActivityID=\"\"></Correlation>\n<Execution ProcessID=\"2984\" ThreadID=\"0\"></Execution>\n<Channel>Windows PowerShell</Channel>\n<Computer>DESKTOP-M3AKJSD</Computer>\n<Security UserID=\"\"></Security>\n</System>\n<EventData><Data>&lt;string&gt;Environment&lt;/string&gt;\n&lt;string&gt;Started&lt;/string&gt;\n&lt;string&gt;\tProviderName=Environment\r\n\tNewProviderState=Started\r\n\r\n\tSequenceNumber=5\r\n\r\n\tHostName=ConsoleHost\r\n\tHostVersion=5.1.26100.1591\r\n\tHostId=0d729e69-0d3a-456a-8d5d-536f0dde6934\r\n\tHostApplication=powershell.exe -NoProfile -Command &amp; {if($PSVersionTable.PSVersion.Major -ge 3){Import-Module 'C:\\Program Files\\Microsoft Visual Studio\\2022\\Community\\Common7\\Tools\\\\Microsoft.VisualStudio.DevShell.dll'; Send-VsDevShellTelemetry -NewInstanceType Cmd; }}\r\n\tEngineVersion=\r\n\tRunspaceId=\r\n\tPipelineId=\r\n\tCommandName=\r\n\tCommandType=\r\n\tScriptName=\r\n\tCommandPath=\r\n\tCommandLine=&lt;/string&gt;\n</Data>\n<Binary></Binary>\n</EventData>\n</Event>\n"
  },
  {
    "record_id": 146,
    "timestamp": "2025-01-26 12:59:36.834602+00:00",
    "xml_data": "<Event xmlns=\"http://schemas.microsoft.com/win/2004/08/events/event\"><System><Provider Name=\"PowerShell\"></Provider>\n<EventID Qualifiers=\"0\">600</EventID>\n<Version>0</Version>\n<Level>4</Level>\n<Task>6</Task>\n<Opcode>0</Opcode>\n<Keywords>0x0080000000000000</Keywords>\n<TimeCreated SystemTime=\"2025-01-26 12:59:36.834602+00:00\"></TimeCreated>\n<EventRecordID>146</EventRecordID>\n<Correlation ActivityID=\"\" RelatedActivityID=\"\"></Correlation>\n<Execution ProcessID=\"2984\" ThreadID=\"0\"></Execution>\n<Channel>Windows PowerShell</Channel>\n<Computer>DESKTOP-M3AKJSD</Computer>\n<Security UserID=\"\"></Security>\n</System>\n<EventData><Data>&lt;string&gt;FileSystem&lt;/string&gt;\n&lt;string&gt;Started&lt;/string&gt;\n&lt;string&gt;\tProviderName=FileSystem\r\n\tNewProviderState=Started\r\n\r\n\tSequenceNumber=7\r\n\r\n\tHostName=ConsoleHost\r\n\tHostVersion=5.1.26100.1591\r\n\tHostId=0d729e69-0d3a-456a-8d5d-536f0dde6934\r\n\tHostApplication=powershell.exe -NoProfile -Command &amp; {if($PSVersionTable.PSVersion.Major -ge 3){Import-Module 'C:\\Program Files\\Microsoft Visual Studio\\2022\\Community\\Common7\\Tools\\\\Microsoft.VisualStudio.DevShell.dll'; Send-VsDevShellTelemetry -NewInstanceType Cmd; }}\r\n\tEngineVersion=\r\n\tRunspaceId=\r\n\tPipelineId=\r\n\tCommandName=\r\n\tCommandType=\r\n\tScriptName=\r\n\tCommandPath=\r\n\tCommandLine=&lt;/string&gt;\n</Data>\n<Binary></Binary>\n</EventData>\n</Event>\n"
  },
  {
    "record_id": 147,
    "timestamp": "2025-01-26 12:59:36.835472+00:00",
    "xml_data": "<Event xmlns=\"http://schemas.microsoft.com/win/2004/08/events/event\"><System><Provider Name=\"PowerShell\"></Provider>\n<EventID Qualifiers=\"0\">600</EventID>\n<Version>0</Version>\n<Level>4</Level>\n<Task>6</Task>\n<Opcode>0</Opcode>\n<Keywords>0x0080000000000000</Keywords>\n<TimeCreated SystemTime=\"2025-01-26 12:59:36.835472+00:00\"></TimeCreated>\n<EventRecordID>147</EventRecordID>\n<Correlation ActivityID=\"\" RelatedActivityID=\"\"></Correlation>\n<Execution ProcessID=\"2984\" ThreadID=\"0\"></Execution>\n<Channel>Windows PowerShell</Channel>\n<Computer>DESKTOP-M3AKJSD</Computer>\n<Security UserID=\"\"></Security>\n</System>\n<EventData><Data>&lt;string&gt;Function&lt;/string&gt;\n&lt;string&gt;Started&lt;/string&gt;\n&lt;string&gt;\tProviderName=Function\r\n\tNewProviderState=Started\r\n\r\n\tSequenceNumber=9\r\n\r\n\tHostName=ConsoleHost\r\n\tHostVersion=5.1.26100.1591\r\n\tHostId=0d729e69-0d3a-456a-8d5d-536f0dde6934\r\n\tHostApplication=powershell.exe -NoProfile -Command &amp; {if($PSVersionTable.PSVersion.Major -ge 3){Import-Module 'C:\\Program Files\\Microsoft Visual Studio\\2022\\Community\\Common7\\Tools\\\\Microsoft.VisualStudio.DevShell.dll'; Send-VsDevShellTelemetry -NewInstanceType Cmd; }}\r\n\tEngineVersion=\r\n\tRunspaceId=\r\n\tPipelineId=\r\n\tCommandName=\r\n\tCommandType=\r\n\tScriptName=\r\n\tCommandPath=\r\n\tCommandLine=&lt;/string&gt;\n</Data>\n<Binary></Binary>\n</EventData>\n</Event>\n"
  },
  {
    "record_id": 148,
    "timestamp": "2025-01-26 12:59:36.836575+00:00",
    "xml_data": "<Event xmlns=\"http://schemas.microsoft.com/win/2004/08/events/event\"><System><Provider Name=\"PowerShell\"></Provider>\n<EventID Qualifiers=\"0\">600</EventID>\n<Version>0</Version>\n<Level>4</Level>\n<Task>6</Task>\n<Opcode>0</Opcode>\n<Keywords>0x0080000000000000</Keywords>\n<TimeCreated SystemTime=\"2025-01-26 12:59:36.836575+00:00\"></TimeCreated>\n<EventRecordID>148</EventRecordID>\n<Correlation ActivityID=\"\" RelatedActivityID=\"\"></Correlation>\n<Execution ProcessID=\"2984\" ThreadID=\"0\"></Execution>\n<Channel>Windows PowerShell</Channel>\n<Computer>DESKTOP-M3AKJSD</Computer>\n<Security UserID=\"\"></Security>\n</System>\n<EventData><Data>&lt;string&gt;Variable&lt;/string&gt;\n&lt;string&gt;Started&lt;/string&gt;\n&lt;string&gt;\tProviderName=Variable\r\n\tNewProviderState=Started\r\n\r\n\tSequenceNumber=11\r\n\r\n\tHostName=ConsoleHost\r\n\tHostVersion=5.1.26100.1591\r\n\tHostId=0d729e69-0d3a-456a-8d5d-536f0dde6934\r\n\tHostApplication=powershell.exe -NoProfile -Command &amp; {if($PSVersionTable.PSVersion.Major -ge 3){Import-Module 'C:\\Program Files\\Microsoft Visual Studio\\2022\\Community\\Common7\\Tools\\\\Microsoft.VisualStudio.DevShell.dll'; Send-VsDevShellTelemetry -NewInstanceType Cmd; }}\r\n\tEngineVersion=\r\n\tRunspaceId=\r\n\tPipelineId=\r\n\tCommandName=\r\n\tCommandType=\r\n\tScriptName=\r\n\tCommandPath=\r\n\tCommandLine=&lt;/string&gt;\n</Data>\n<Binary></Binary>\n</EventData>\n</Event>\n"
  },
  {
    "record_id": 149,
    "timestamp": "2025-01-26 12:59:36.939943+00:00",
    "xml_data": "<Event xmlns=\"http://schemas.microsoft.com/win/2004/08/events/event\"><System><Provider Name=\"PowerShell\"></Provider>\n<EventID Qualifiers=\"0\">400</EventID>\n<Version>0</Version>\n<Level>4</Level>\n<Task>4</Task>\n<Opcode>0</Opcode>\n<Keywords>0x0080000000000000</Keywords>\n<TimeCreated SystemTime=\"2025-01-26 12:59:36.939943+00:00\"></TimeCreated>\n<EventRecordID>149</EventRecordID>\n<Correlation ActivityID=\"\" RelatedActivityID=\"\"></Correlation>\n<Execution ProcessID=\"2984\" ThreadID=\"0\"></Execution>\n<Channel>Windows PowerShell</Channel>\n<Computer>DESKTOP-M3AKJSD</Computer>\n<Security UserID=\"\"></Security>\n</System>\n<EventData><Data>&lt;string&gt;Available&lt;/string&gt;\n&lt;string&gt;None&lt;/string&gt;\n&lt;string&gt;\tNewEngineState=Available\r\n\tPreviousEngineState=None\r\n\r\n\tSequenceNumber=13\r\n\r\n\tHostName=ConsoleHost\r\n\tHostVersion=5.1.26100.1591\r\n\tHostId=0d729e69-0d3a-456a-8d5d-536f0dde6934\r\n\tHostApplication=powershell.exe -NoProfile -Command &amp; {if($PSVersionTable.PSVersion.Major -ge 3){Import-Module 'C:\\Program Files\\Microsoft Visual Studio\\2022\\Community\\Common7\\Tools\\\\Microsoft.VisualStudio.DevShell.dll'; Send-VsDevShellTelemetry -NewInstanceType Cmd; }}\r\n\tEngineVersion=5.1.26100.1591\r\n\tRunspaceId=2c6cfca4-1300-4be5-9dfb-91564395cf67\r\n\tPipelineId=\r\n\tCommandName=\r\n\tCommandType=\r\n\tScriptName=\r\n\tCommandPath=\r\n\tCommandLine=&lt;/string&gt;\n</Data>\n<Binary></Binary>\n</EventData>\n</Event>\n"
  },
  {
    "record_id": 150,
    "timestamp": "2025-01-26 12:59:37.689222+00:00",
    "xml_data": "<Event xmlns=\"http://schemas.microsoft.com/win/2004/08/events/event\"><System><Provider Name=\"PowerShell\"></Provider>\n<EventID Qualifiers=\"0\">403</EventID>\n<Version>0</Version>\n<Level>4</Level>\n<Task>4</Task>\n<Opcode>0</Opcode>\n<Keywords>0x0080000000000000</Keywords>\n<TimeCreated SystemTime=\"2025-01-26 12:59:37.689222+00:00\"></TimeCreated>\n<EventRecordID>150</EventRecordID>\n<Correlation ActivityID=\"\" RelatedActivityID=\"\"></Correlation>\n<Execution ProcessID=\"2984\" ThreadID=\"0\"></Execution>\n<Channel>Windows PowerShell</Channel>\n<Computer>DESKTOP-M3AKJSD</Computer>\n<Security UserID=\"\"></Security>\n</System>\n<EventData><Data>&lt;string&gt;Stopped&lt;/string&gt;\n&lt;string&gt;Available&lt;/string&gt;\n&lt;string&gt;\tNewEngineState=Stopped\r\n\tPreviousEngineState=Available\r\n\r\n\tSequenceNumber=15\r\n\r\n\tHostName=ConsoleHost\r\n\tHostVersion=5.1.26100.1591\r\n\tHostId=0d729e69-0d3a-456a-8d5d-536f0dde6934\r\n\tHostApplication=powershell.exe -NoProfile -Command &amp; {if($PSVersionTable.PSVersion.Major -ge 3){Import-Module 'C:\\Program Files\\Microsoft Visual Studio\\2022\\Community\\Common7\\Tools\\\\Microsoft.VisualStudio.DevShell.dll'; Send-VsDevShellTelemetry -NewInstanceType Cmd; }}\r\n\tEngineVersion=5.1.26100.1591\r\n\tRunspaceId=2c6cfca4-1300-4be5-9dfb-91564395cf67\r\n\tPipelineId=\r\n\tCommandName=\r\n\tCommandType=\r\n\tScriptName=\r\n\tCommandPath=\r\n\tCommandLine=&lt;/string&gt;\n</Data>\n<Binary></Binary>\n</EventData>\n</Event>\n"
  },
  {
    "record_id": 151,
    "timestamp": "2025-01-27 08:47:43.836590+00:00",
    "xml_data": "<Event xmlns=\"http://schemas.microsoft.com/win/2004/08/events/event\"><System><Provider Name=\"PowerShell\"></Provider>\n<EventID Qualifiers=\"0\">600</EventID>\n<Version>0</Version>\n<Level>4</Level>\n<Task>6</Task>\n<Opcode>0</Opcode>\n<Keywords>0x0080000000000000</Keywords>\n<TimeCreated SystemTime=\"2025-01-27 08:47:43.836590+00:00\"></TimeCreated>\n<EventRecordID>151</EventRecordID>\n<Correlation ActivityID=\"\" RelatedActivityID=\"\"></Correlation>\n<Execution ProcessID=\"6244\" ThreadID=\"0\"></Execution>\n<Channel>Windows PowerShell</Channel>\n<Computer>DESKTOP-M3AKJSD</Computer>\n<Security UserID=\"\"></Security>\n</System>\n<EventData><Data>&lt;string&gt;Registry&lt;/string&gt;\n&lt;string&gt;Started&lt;/string&gt;\n&lt;string&gt;\tProviderName=Registry\r\n\tNewProviderState=Started\r\n\r\n\tSequenceNumber=1\r\n\r\n\tHostName=ConsoleHost\r\n\tHostVersion=5.1.26100.1591\r\n\tHostId=b4d54d82-e31c-4dd4-abcf-bb5a47f1dffc\r\n\tHostApplication=C:\\WINDOWS\\System32\\WindowsPowerShell\\v1.0\\powershell -NoProfile -NonInteractive &#8211;ExecutionPolicy Bypass -EncodedCommand UwB0AGEAcgB0ACAAIgBoAHQAdABwADoALwAvAGwAbwBjAGEAbABoAG8AcwB0ADoAMwAwADAAMAAiAA==\r\n\tEngineVersion=\r\n\tRunspaceId=\r\n\tPipelineId=\r\n\tCommandName=\r\n\tCommandType=\r\n\tScriptName=\r\n\tCommandPath=\r\n\tCommandLine=&lt;/string&gt;\n</Data>\n<Binary></Binary>\n</EventData>\n</Event>\n"
  },
  {
    "record_id": 152,
    "timestamp": "2025-01-27 08:47:43.839890+00:00",
    "xml_data": "<Event xmlns=\"http://schemas.microsoft.com/win/2004/08/events/event\"><System><Provider Name=\"PowerShell\"></Provider>\n<EventID Qualifiers=\"0\">600</EventID>\n<Version>0</Version>\n<Level>4</Level>\n<Task>6</Task>\n<Opcode>0</Opcode>\n<Keywords>0x0080000000000000</Keywords>\n<TimeCreated SystemTime=\"2025-01-27 08:47:43.839890+00:00\"></TimeCreated>\n<EventRecordID>152</EventRecordID>\n<Correlation ActivityID=\"\" RelatedActivityID=\"\"></Correlation>\n<Execution ProcessID=\"6244\" ThreadID=\"0\"></Execution>\n<Channel>Windows PowerShell</Channel>\n<Computer>DESKTOP-M3AKJSD</Computer>\n<Security UserID=\"\"></Security>\n</System>\n<EventData><Data>&lt;string&gt;Alias&lt;/string&gt;\n&lt;string&gt;Started&lt;/string&gt;\n&lt;string&gt;\tProviderName=Alias\r\n\tNewProviderState=Started\r\n\r\n\tSequenceNumber=3\r\n\r\n\tHostName=ConsoleHost\r\n\tHostVersion=5.1.26100.1591\r\n\tHostId=b4d54d82-e31c-4dd4-abcf-bb5a47f1dffc\r\n\tHostApplication=C:\\WINDOWS\\System32\\WindowsPowerShell\\v1.0\\powershell -NoProfile -NonInteractive &#8211;ExecutionPolicy Bypass -EncodedCommand UwB0AGEAcgB0ACAAIgBoAHQAdABwADoALwAvAGwAbwBjAGEAbABoAG8AcwB0ADoAMwAwADAAMAAiAA==\r\n\tEngineVersion=\r\n\tRunspaceId=\r\n\tPipelineId=\r\n\tCommandName=\r\n\tCommandType=\r\n\tScriptName=\r\n\tCommandPath=\r\n\tCommandLine=&lt;/string&gt;\n</Data>\n<Binary></Binary>\n</EventData>\n</Event>\n"
  },
  {
    "record_id": 153,
    "timestamp": "2025-01-27 08:47:43.843803+00:00",
    "xml_data": "<Event xmlns=\"http://schemas.microsoft.com/win/2004/08/events/event\"><System><Provider Name=\"PowerShell\"></Provider>\n<EventID Qualifiers=\"0\">600</EventID>\n<Version>0</Version>\n<Level>4</Level>\n<Task>6</Task>\n<Opcode>0</Opcode>\n<Keywords>0x0080000000000000</Keywords>\n<TimeCreated SystemTime=\"2025-01-27 08:47:43.843803+00:00\"></TimeCreated>\n<EventRecordID>153</EventRecordID>\n<Correlation ActivityID=\"\" RelatedActivityID=\"\"></Correlation>\n<Execution ProcessID=\"6244\" ThreadID=\"0\"></Execution>\n<Channel>Windows PowerShell</Channel>\n<Computer>DESKTOP-M3AKJSD</Computer>\n<Security UserID=\"\"></Security>\n</System>\n<EventData><Data>&lt;string&gt;Environment&lt;/string&gt;\n&lt;string&gt;Started&lt;/string&gt;\n&lt;string&gt;\tProviderName=Environment\r\n\tNewProviderState=Started\r\n\r\n\tSequenceNumber=5\r\n\r\n\tHostName=ConsoleHost\r\n\tHostVersion=5.1.26100.1591\r\n\tHostId=b4d54d82-e31c-4dd4-abcf-bb5a47f1dffc\r\n\tHostApplication=C:\\WINDOWS\\System32\\WindowsPowerShell\\v1.0\\powershell -NoProfile -NonInteractive &#8211;ExecutionPolicy Bypass -EncodedCommand UwB0AGEAcgB0ACAAIgBoAHQAdABwADoALwAvAGwAbwBjAGEAbABoAG8AcwB0ADoAMwAwADAAMAAiAA==\r\n\tEngineVersion=\r\n\tRunspaceId=\r\n\tPipelineId=\r\n\tCommandName=\r\n\tCommandType=\r\n\tScriptName=\r\n\tCommandPath=\r\n\tCommandLine=&lt;/string&gt;\n</Data>\n<Binary></Binary>\n</EventData>\n</Event>\n"
  },
  {
    "record_id": 154,
    "timestamp": "2025-01-27 08:47:43.851717+00:00",
    "xml_data": "<Event xmlns=\"http://schemas.microsoft.com/win/2004/08/events/event\"><System><Provider Name=\"PowerShell\"></Provider>\n<EventID Qualifiers=\"0\">600</EventID>\n<Version>0</Version>\n<Level>4</Level>\n<Task>6</Task>\n<Opcode>0</Opcode>\n<Keywords>0x0080000000000000</Keywords>\n<TimeCreated SystemTime=\"2025-01-27 08:47:43.851717+00:00\"></TimeCreated>\n<EventRecordID>154</EventRecordID>\n<Correlation ActivityID=\"\" RelatedActivityID=\"\"></Correlation>\n<Execution ProcessID=\"6244\" ThreadID=\"0\"></Execution>\n<Channel>Windows PowerShell</Channel>\n<Computer>DESKTOP-M3AKJSD</Computer>\n<Security UserID=\"\"></Security>\n</System>\n<EventData><Data>&lt;string&gt;FileSystem&lt;/string&gt;\n&lt;string&gt;Started&lt;/string&gt;\n&lt;string&gt;\tProviderName=FileSystem\r\n\tNewProviderState=Started\r\n\r\n\tSequenceNumber=7\r\n\r\n\tHostName=ConsoleHost\r\n\tHostVersion=5.1.26100.1591\r\n\tHostId=b4d54d82-e31c-4dd4-abcf-bb5a47f1dffc\r\n\tHostApplication=C:\\WINDOWS\\System32\\WindowsPowerShell\\v1.0\\powershell -NoProfile -NonInteractive &#8211;ExecutionPolicy Bypass -EncodedCommand UwB0AGEAcgB0ACAAIgBoAHQAdABwADoALwAvAGwAbwBjAGEAbABoAG8AcwB0ADoAMwAwADAAMAAiAA==\r\n\tEngineVersion=\r\n\tRunspaceId=\r\n\tPipelineId=\r\n\tCommandName=\r\n\tCommandType=\r\n\tScriptName=\r\n\tCommandPath=\r\n\tCommandLine=&lt;/string&gt;\n</Data>\n<Binary></Binary>\n</EventData>\n</Event>\n"
  },
  {
    "record_id": 155,
    "timestamp": "2025-01-27 08:47:43.854486+00:00",
    "xml_data": "<Event xmlns=\"http://schemas.microsoft.com/win/2004/08/events/event\"><System><Provider Name=\"PowerShell\"></Provider>\n<EventID Qualifiers=\"0\">600</EventID>\n<Version>0</Version>\n<Level>4</Level>\n<Task>6</Task>\n<Opcode>0</Opcode>\n<Keywords>0x0080000000000000</Keywords>\n<TimeCreated SystemTime=\"2025-01-27 08:47:43.854486+00:00\"></TimeCreated>\n<EventRecordID>155</EventRecordID>\n<Correlation ActivityID=\"\" RelatedActivityID=\"\"></Correlation>\n<Execution ProcessID=\"6244\" ThreadID=\"0\"></Execution>\n<Channel>Windows PowerShell</Channel>\n<Computer>DESKTOP-M3AKJSD</Computer>\n<Security UserID=\"\"></Security>\n</System>\n<EventData><Data>&lt;string&gt;Function&lt;/string&gt;\n&lt;string&gt;Started&lt;/string&gt;\n&lt;string&gt;\tProviderName=Function\r\n\tNewProviderState=Started\r\n\r\n\tSequenceNumber=9\r\n\r\n\tHostName=ConsoleHost\r\n\tHostVersion=5.1.26100.1591\r\n\tHostId=b4d54d82-e31c-4dd4-abcf-bb5a47f1dffc\r\n\tHostApplication=C:\\WINDOWS\\System32\\WindowsPowerShell\\v1.0\\powershell -NoProfile -NonInteractive &#8211;ExecutionPolicy Bypass -EncodedCommand UwB0AGEAcgB0ACAAIgBoAHQAdABwADoALwAvAGwAbwBjAGEAbABoAG8AcwB0ADoAMwAwADAAMAAiAA==\r\n\tEngineVersion=\r\n\tRunspaceId=\r\n\tPipelineId=\r\n\tCommandName=\r\n\tCommandType=\r\n\tScriptName=\r\n\tCommandPath=\r\n\tCommandLine=&lt;/string&gt;\n</Data>\n<Binary></Binary>\n</EventData>\n</Event>\n"
  },
  {
    "record_id": 156,
    "timestamp": "2025-01-27 08:47:43.855320+00:00",
    "xml_data": "<Event xmlns=\"http://schemas.microsoft.com/win/2004/08/events/event\"><System><Provider Name=\"PowerShell\"></Provider>\n<EventID Qualifiers=\"0\">600</EventID>\n<Version>0</Version>\n<Level>4</Level>\n<Task>6</Task>\n<Opcode>0</Opcode>\n<Keywords>0x0080000000000000</Keywords>\n<TimeCreated SystemTime=\"2025-01-27 08:47:43.855320+00:00\"></TimeCreated>\n<EventRecordID>156</EventRecordID>\n<Correlation ActivityID=\"\" RelatedActivityID=\"\"></Correlation>\n<Execution ProcessID=\"6244\" ThreadID=\"0\"></Execution>\n<Channel>Windows PowerShell</Channel>\n<Computer>DESKTOP-M3AKJSD</Computer>\n<Security UserID=\"\"></Security>\n</System>\n<EventData><Data>&lt;string&gt;Variable&lt;/string&gt;\n&lt;string&gt;Started&lt;/string&gt;\n&lt;string&gt;\tProviderName=Variable\r\n\tNewProviderState=Started\r\n\r\n\tSequenceNumber=11\r\n\r\n\tHostName=ConsoleHost\r\n\tHostVersion=5.1.26100.1591\r\n\tHostId=b4d54d82-e31c-4dd4-abcf-bb5a47f1dffc\r\n\tHostApplication=C:\\WINDOWS\\System32\\WindowsPowerShell\\v1.0\\powershell -NoProfile -NonInteractive &#8211;ExecutionPolicy Bypass -EncodedCommand UwB0AGEAcgB0ACAAIgBoAHQAdABwADoALwAvAGwAbwBjAGEAbABoAG8AcwB0ADoAMwAwADAAMAAiAA==\r\n\tEngineVersion=\r\n\tRunspaceId=\r\n\tPipelineId=\r\n\tCommandName=\r\n\tCommandType=\r\n\tScriptName=\r\n\tCommandPath=\r\n\tCommandLine=&lt;/string&gt;\n</Data>\n<Binary></Binary>\n</EventData>\n</Event>\n"
  },
  {
    "record_id": 157,
    "timestamp": "2025-01-27 08:47:44.318781+00:00",
    "xml_data": "<Event xmlns=\"http://schemas.microsoft.com/win/2004/08/events/event\"><System><Provider Name=\"PowerShell\"></Provider>\n<EventID Qualifiers=\"0\">400</EventID>\n<Version>0</Version>\n<Level>4</Level>\n<Task>4</Task>\n<Opcode>0</Opcode>\n<Keywords>0x0080000000000000</Keywords>\n<TimeCreated SystemTime=\"2025-01-27 08:47:44.318781+00:00\"></TimeCreated>\n<EventRecordID>157</EventRecordID>\n<Correlation ActivityID=\"\" RelatedActivityID=\"\"></Correlation>\n<Execution ProcessID=\"6244\" ThreadID=\"0\"></Execution>\n<Channel>Windows PowerShell</Channel>\n<Computer>DESKTOP-M3AKJSD</Computer>\n<Security UserID=\"\"></Security>\n</System>\n<EventData><Data>&lt;string&gt;Available&lt;/string&gt;\n&lt;string&gt;None&lt;/string&gt;\n&lt;string&gt;\tNewEngineState=Available\r\n\tPreviousEngineState=None\r\n\r\n\tSequenceNumber=13\r\n\r\n\tHostName=ConsoleHost\r\n\tHostVersion=5.1.26100.1591\r\n\tHostId=b4d54d82-e31c-4dd4-abcf-bb5a47f1dffc\r\n\tHostApplication=C:\\WINDOWS\\System32\\WindowsPowerShell\\v1.0\\powershell -NoProfile -NonInteractive &#8211;ExecutionPolicy Bypass -EncodedCommand UwB0AGEAcgB0ACAAIgBoAHQAdABwADoALwAvAGwAbwBjAGEAbABoAG8AcwB0ADoAMwAwADAAMAAiAA==\r\n\tEngineVersion=5.1.26100.1591\r\n\tRunspaceId=54e8980c-6048-43e7-a438-b68a3800824f\r\n\tPipelineId=\r\n\tCommandName=\r\n\tCommandType=\r\n\tScriptName=\r\n\tCommandPath=\r\n\tCommandLine=&lt;/string&gt;\n</Data>\n<Binary></Binary>\n</EventData>\n</Event>\n"
  },
  {
    "record_id": 158,
    "timestamp": "2025-01-27 08:47:47.652456+00:00",
    "xml_data": "<Event xmlns=\"http://schemas.microsoft.com/win/2004/08/events/event\"><System><Provider Name=\"PowerShell\"></Provider>\n<EventID Qualifiers=\"0\">403</EventID>\n<Version>0</Version>\n<Level>4</Level>\n<Task>4</Task>\n<Opcode>0</Opcode>\n<Keywords>0x0080000000000000</Keywords>\n<TimeCreated SystemTime=\"2025-01-27 08:47:47.652456+00:00\"></TimeCreated>\n<EventRecordID>158</EventRecordID>\n<Correlation ActivityID=\"\" RelatedActivityID=\"\"></Correlation>\n<Execution ProcessID=\"6244\" ThreadID=\"0\"></Execution>\n<Channel>Windows PowerShell</Channel>\n<Computer>DESKTOP-M3AKJSD</Computer>\n<Security UserID=\"\"></Security>\n</System>\n<EventData><Data>&lt;string&gt;Stopped&lt;/string&gt;\n&lt;string&gt;Available&lt;/string&gt;\n&lt;string&gt;\tNewEngineState=Stopped\r\n\tPreviousEngineState=Available\r\n\r\n\tSequenceNumber=15\r\n\r\n\tHostName=ConsoleHost\r\n\tHostVersion=5.1.26100.1591\r\n\tHostId=b4d54d82-e31c-4dd4-abcf-bb5a47f1dffc\r\n\tHostApplication=C:\\WINDOWS\\System32\\WindowsPowerShell\\v1.0\\powershell -NoProfile -NonInteractive &#8211;ExecutionPolicy Bypass -EncodedCommand UwB0AGEAcgB0ACAAIgBoAHQAdABwADoALwAvAGwAbwBjAGEAbABoAG8AcwB0ADoAMwAwADAAMAAiAA==\r\n\tEngineVersion=5.1.26100.1591\r\n\tRunspaceId=54e8980c-6048-43e7-a438-b68a3800824f\r\n\tPipelineId=\r\n\tCommandName=\r\n\tCommandType=\r\n\tScriptName=\r\n\tCommandPath=\r\n\tCommandLine=&lt;/string&gt;\n</Data>\n<Binary></Binary>\n</EventData>\n</Event>\n"
  },
  {
    "record_id": 159,
    "timestamp": "2025-01-27 08:49:00.203520+00:00",
    "xml_data": "<Event xmlns=\"http://schemas.microsoft.com/win/2004/08/events/event\"><System><Provider Name=\"PowerShell\"></Provider>\n<EventID Qualifiers=\"0\">600</EventID>\n<Version>0</Version>\n<Level>4</Level>\n<Task>6</Task>\n<Opcode>0</Opcode>\n<Keywords>0x0080000000000000</Keywords>\n<TimeCreated SystemTime=\"2025-01-27 08:49:00.203520+00:00\"></TimeCreated>\n<EventRecordID>159</EventRecordID>\n<Correlation ActivityID=\"\" RelatedActivityID=\"\"></Correlation>\n<Execution ProcessID=\"9704\" ThreadID=\"0\"></Execution>\n<Channel>Windows PowerShell</Channel>\n<Computer>DESKTOP-M3AKJSD</Computer>\n<Security UserID=\"\"></Security>\n</System>\n<EventData><Data>&lt;string&gt;Registry&lt;/string&gt;\n&lt;string&gt;Started&lt;/string&gt;\n&lt;string&gt;\tProviderName=Registry\r\n\tNewProviderState=Started\r\n\r\n\tSequenceNumber=1\r\n\r\n\tHostName=ConsoleHost\r\n\tHostVersion=5.1.26100.1591\r\n\tHostId=f6bf2ca7-3b77-419c-9a77-58efb9c270f6\r\n\tHostApplication=C:\\Windows\\System32\\WindowsPowerShell\\v1.0\\powershell.exe -NoProfile -ExecutionPolicy Unrestricted -Command iex (get-content \"C:\\Program Files\\Microsoft Visual Studio\\2022\\Community\\VC\\vcpkg\\vcpkg-init.cmd\" -raw)#\r\n\tEngineVersion=\r\n\tRunspaceId=\r\n\tPipelineId=\r\n\tCommandName=\r\n\tCommandType=\r\n\tScriptName=\r\n\tCommandPath=\r\n\tCommandLine=&lt;/string&gt;\n</Data>\n<Binary></Binary>\n</EventData>\n</Event>\n"
  },
