  {
    "record_id": 160,
    "timestamp": "2025-01-27 08:49:00.209795+00:00",
    "xml_data": "<Event xmlns=\"http://schemas.microsoft.com/win/2004/08/events/event\"><System><Provider Name=\"PowerShell\"></Provider>\n<EventID Qualifiers=\"0\">600</EventID>\n<Version>0</Version>\n<Level>4</Level>\n<Task>6</Task>\n<Opcode>0</Opcode>\n<Keywords>0x0080000000000000</Keywords>\n<TimeCreated SystemTime=\"2025-01-27 08:49:00.209795+00:00\"></TimeCreated>\n<EventRecordID>160</EventRecordID>\n<Correlation ActivityID=\"\" RelatedActivityID=\"\"></Correlation>\n<Execution ProcessID=\"9704\" ThreadID=\"0\"></Execution>\n<Channel>Windows PowerShell</Channel>\n<Computer>DESKTOP-M3AKJSD</Computer>\n<Security UserID=\"\"></Security>\n</System>\n<EventData><Data>&lt;string&gt;Alias&lt;/string&gt;\n&lt;string&gt;Started&lt;/string&gt;\n&lt;string&gt;\tProviderName=Alias\r\n\tNewProviderState=Started\r\n\r\n\tSequenceNumber=3\r\n\r\n\tHostName=ConsoleHost\r\n\tHostVersion=5.1.26100.1591\r\n\tHostId=f6bf2ca7-3b77-419c-9a77-58efb9c270f6\r\n\tHostApplication=C:\\Windows\\System32\\WindowsPowerShell\\v1.0\\powershell.exe -NoProfile -ExecutionPolicy Unrestricted -Command iex (get-content \"C:\\Program Files\\Microsoft Visual Studio\\2022\\Community\\VC\\vcpkg\\vcpkg-init.cmd\" -raw)#\r\n\tEngineVersion=\r\n\tRunspaceId=\r\n\tPipelineId=\r\n\tCommandName=\r\n\tCommandType=\r\n\tScriptName=\r\n\tCommandPath=\r\n\tCommandLine=&lt;/string&gt;\n</Data>\n<Binary></Binary>\n</EventData>\n</Event>\n"
  },
  {
    "record_id": 161,
    "timestamp": "2025-01-27 08:49:00.212917+00:00",
    "xml_data": "<Event xmlns=\"http://schemas.microsoft.com/win/2004/08/events/event\"><System><Provider Name=\"PowerShell\"></Provider>\n<EventID Qualifiers=\"0\">600</EventID>\n<Version>0</Version>\n<Level>4</Level>\n<Task>6</Task>\n<Opcode>0</Opcode>\n<Keywords>0x0080000000000000</Keywords>\n<TimeCreated SystemTime=\"2025-01-27 08:49:00.212917+00:00\"></TimeCreated>\n<EventRecordID>161</EventRecordID>\n<Correlation ActivityID=\"\" RelatedActivityID=\"\"></Correlation>\n<Execution ProcessID=\"9704\" ThreadID=\"0\"></Execution>\n<Channel>Windows PowerShell</Channel>\n<Computer>DESKTOP-M3AKJSD</Computer>\n<Security UserID=\"\"></Security>\n</System>\n<EventData><Data>&lt;string&gt;Environment&lt;/string&gt;\n&lt;string&gt;Started&lt;/string&gt;\n&lt;string&gt;\tProviderName=Environment\r\n\tNewProviderState=Started\r\n\r\n\tSequenceNumber=5\r\n\r\n\tHostName=ConsoleHost\r\n\tHostVersion=5.1.26100.1591\r\n\tHostId=f6bf2ca7-3b77-419c-9a77-58efb9c270f6\r\n\tHostApplication=C:\\Windows\\System32\\WindowsPowerShell\\v1.0\\powershell.exe -NoProfile -ExecutionPolicy Unrestricted -Command iex (get-content \"C:\\Program Files\\Microsoft Visual Studio\\2022\\Community\\VC\\vcpkg\\vcpkg-init.cmd\" -raw)#\r\n\tEngineVersion=\r\n\tRunspaceId=\r\n\tPipelineId=\r\n\tCommandName=\r\n\tCommandType=\r\n\tScriptName=\r\n\tCommandPath=\r\n\tCommandLine=&lt;/string&gt;\n</Data>\n<Binary></Binary>\n</EventData>\n</Event>\n"
  },
  {
    "record_id": 162,
    "timestamp": "2025-01-27 08:49:00.220669+00:00",
    "xml_data": "<Event xmlns=\"http://schemas.microsoft.com/win/2004/08/events/event\"><System><Provider Name=\"PowerShell\"></Provider>\n<EventID Qualifiers=\"0\">600</EventID>\n<Version>0</Version>\n<Level>4</Level>\n<Task>6</Task>\n<Opcode>0</Opcode>\n<Keywords>0x0080000000000000</Keywords>\n<TimeCreated SystemTime=\"2025-01-27 08:49:00.220669+00:00\"></TimeCreated>\n<EventRecordID>162</EventRecordID>\n<Correlation ActivityID=\"\" RelatedActivityID=\"\"></Correlation>\n<Execution ProcessID=\"9704\" ThreadID=\"0\"></Execution>\n<Channel>Windows PowerShell</Channel>\n<Computer>DESKTOP-M3AKJSD</Computer>\n<Security UserID=\"\"></Security>\n</System>\n<EventData><Data>&lt;string&gt;FileSystem&lt;/string&gt;\n&lt;string&gt;Started&lt;/string&gt;\n&lt;string&gt;\tProviderName=FileSystem\r\n\tNewProviderState=Started\r\n\r\n\tSequenceNumber=7\r\n\r\n\tHostName=ConsoleHost\r\n\tHostVersion=5.1.26100.1591\r\n\tHostId=f6bf2ca7-3b77-419c-9a77-58efb9c270f6\r\n\tHostApplication=C:\\Windows\\System32\\WindowsPowerShell\\v1.0\\powershell.exe -NoProfile -ExecutionPolicy Unrestricted -Command iex (get-content \"C:\\Program Files\\Microsoft Visual Studio\\2022\\Community\\VC\\vcpkg\\vcpkg-init.cmd\" -raw)#\r\n\tEngineVersion=\r\n\tRunspaceId=\r\n\tPipelineId=\r\n\tCommandName=\r\n\tCommandType=\r\n\tScriptName=\r\n\tCommandPath=\r\n\tCommandLine=&lt;/string&gt;\n</Data>\n<Binary></Binary>\n</EventData>\n</Event>\n"
  },
  {
    "record_id": 163,
    "timestamp": "2025-01-27 08:49:00.224619+00:00",
    "xml_data": "<Event xmlns=\"http://schemas.microsoft.com/win/2004/08/events/event\"><System><Provider Name=\"PowerShell\"></Provider>\n<EventID Qualifiers=\"0\">600</EventID>\n<Version>0</Version>\n<Level>4</Level>\n<Task>6</Task>\n<Opcode>0</Opcode>\n<Keywords>0x0080000000000000</Keywords>\n<TimeCreated SystemTime=\"2025-01-27 08:49:00.224619+00:00\"></TimeCreated>\n<EventRecordID>163</EventRecordID>\n<Correlation ActivityID=\"\" RelatedActivityID=\"\"></Correlation>\n<Execution ProcessID=\"9704\" ThreadID=\"0\"></Execution>\n<Channel>Windows PowerShell</Channel>\n<Computer>DESKTOP-M3AKJSD</Computer>\n<Security UserID=\"\"></Security>\n</System>\n<EventData><Data>&lt;string&gt;Function&lt;/string&gt;\n&lt;string&gt;Started&lt;/string&gt;\n&lt;string&gt;\tProviderName=Function\r\n\tNewProviderState=Started\r\n\r\n\tSequenceNumber=9\r\n\r\n\tHostName=ConsoleHost\r\n\tHostVersion=5.1.26100.1591\r\n\tHostId=f6bf2ca7-3b77-419c-9a77-58efb9c270f6\r\n\tHostApplication=C:\\Windows\\System32\\WindowsPowerShell\\v1.0\\powershell.exe -NoProfile -ExecutionPolicy Unrestricted -Command iex (get-content \"C:\\Program Files\\Microsoft Visual Studio\\2022\\Community\\VC\\vcpkg\\vcpkg-init.cmd\" -raw)#\r\n\tEngineVersion=\r\n\tRunspaceId=\r\n\tPipelineId=\r\n\tCommandName=\r\n\tCommandType=\r\n\tScriptName=\r\n\tCommandPath=\r\n\tCommandLine=&lt;/string&gt;\n</Data>\n<Binary></Binary>\n</EventData>\n</Event>\n"
  },
  {
    "record_id": 164,
    "timestamp": "2025-01-27 08:49:00.226978+00:00",
    "xml_data": "<Event xmlns=\"http://schemas.microsoft.com/win/2004/08/events/event\"><System><Provider Name=\"PowerShell\"></Provider>\n<EventID Qualifiers=\"0\">600</EventID>\n<Version>0</Version>\n<Level>4</Level>\n<Task>6</Task>\n<Opcode>0</Opcode>\n<Keywords>0x0080000000000000</Keywords>\n<TimeCreated SystemTime=\"2025-01-27 08:49:00.226978+00:00\"></TimeCreated>\n<EventRecordID>164</EventRecordID>\n<Correlation ActivityID=\"\" RelatedActivityID=\"\"></Correlation>\n<Execution ProcessID=\"9704\" ThreadID=\"0\"></Execution>\n<Channel>Windows PowerShell</Channel>\n<Computer>DESKTOP-M3AKJSD</Computer>\n<Security UserID=\"\"></Security>\n</System>\n<EventData><Data>&lt;string&gt;Variable&lt;/string&gt;\n&lt;string&gt;Started&lt;/string&gt;\n&lt;string&gt;\tProviderName=Variable\r\n\tNewProviderState=Started\r\n\r\n\tSequenceNumber=11\r\n\r\n\tHostName=ConsoleHost\r\n\tHostVersion=5.1.26100.1591\r\n\tHostId=f6bf2ca7-3b77-419c-9a77-58efb9c270f6\r\n\tHostApplication=C:\\Windows\\System32\\WindowsPowerShell\\v1.0\\powershell.exe -NoProfile -ExecutionPolicy Unrestricted -Command iex (get-content \"C:\\Program Files\\Microsoft Visual Studio\\2022\\Community\\VC\\vcpkg\\vcpkg-init.cmd\" -raw)#\r\n\tEngineVersion=\r\n\tRunspaceId=\r\n\tPipelineId=\r\n\tCommandName=\r\n\tCommandType=\r\n\tScriptName=\r\n\tCommandPath=\r\n\tCommandLine=&lt;/string&gt;\n</Data>\n<Binary></Binary>\n</EventData>\n</Event>\n"
  },
  {
    "record_id": 165,
    "timestamp": "2025-01-27 08:49:00.537714+00:00",
    "xml_data": "<Event xmlns=\"http://schemas.microsoft.com/win/2004/08/events/event\"><System><Provider Name=\"PowerShell\"></Provider>\n<EventID Qualifiers=\"0\">400</EventID>\n<Version>0</Version>\n<Level>4</Level>\n<Task>4</Task>\n<Opcode>0</Opcode>\n<Keywords>0x0080000000000000</Keywords>\n<TimeCreated SystemTime=\"2025-01-27 08:49:00.537714+00:00\"></TimeCreated>\n<EventRecordID>165</EventRecordID>\n<Correlation ActivityID=\"\" RelatedActivityID=\"\"></Correlation>\n<Execution ProcessID=\"9704\" ThreadID=\"0\"></Execution>\n<Channel>Windows PowerShell</Channel>\n<Computer>DESKTOP-M3AKJSD</Computer>\n<Security UserID=\"\"></Security>\n</System>\n<EventData><Data>&lt;string&gt;Available&lt;/string&gt;\n&lt;string&gt;None&lt;/string&gt;\n&lt;string&gt;\tNewEngineState=Available\r\n\tPreviousEngineState=None\r\n\r\n\tSequenceNumber=13\r\n\r\n\tHostName=ConsoleHost\r\n\tHostVersion=5.1.26100.1591\r\n\tHostId=f6bf2ca7-3b77-419c-9a77-58efb9c270f6\r\n\tHostApplication=C:\\Windows\\System32\\WindowsPowerShell\\v1.0\\powershell.exe -NoProfile -ExecutionPolicy Unrestricted -Command iex (get-content \"C:\\Program Files\\Microsoft Visual Studio\\2022\\Community\\VC\\vcpkg\\vcpkg-init.cmd\" -raw)#\r\n\tEngineVersion=5.1.26100.1591\r\n\tRunspaceId=1dd51fb0-9531-4ac1-b29f-dcc536ac547e\r\n\tPipelineId=\r\n\tCommandName=\r\n\tCommandType=\r\n\tScriptName=\r\n\tCommandPath=\r\n\tCommandLine=&lt;/string&gt;\n</Data>\n<Binary></Binary>\n</EventData>\n</Event>\n"
  },
  {
    "record_id": 166,
    "timestamp": "2025-01-27 08:49:03.075623+00:00",
    "xml_data": "<Event xmlns=\"http://schemas.microsoft.com/win/2004/08/events/event\"><System><Provider Name=\"PowerShell\"></Provider>\n<EventID Qualifiers=\"0\">403</EventID>\n<Version>0</Version>\n<Level>4</Level>\n<Task>4</Task>\n<Opcode>0</Opcode>\n<Keywords>0x0080000000000000</Keywords>\n<TimeCreated SystemTime=\"2025-01-27 08:49:03.075623+00:00\"></TimeCreated>\n<EventRecordID>166</EventRecordID>\n<Correlation ActivityID=\"\" RelatedActivityID=\"\"></Correlation>\n<Execution ProcessID=\"9704\" ThreadID=\"0\"></Execution>\n<Channel>Windows PowerShell</Channel>\n<Computer>DESKTOP-M3AKJSD</Computer>\n<Security UserID=\"\"></Security>\n</System>\n<EventData><Data>&lt;string&gt;Stopped&lt;/string&gt;\n&lt;string&gt;Available&lt;/string&gt;\n&lt;string&gt;\tNewEngineState=Stopped\r\n\tPreviousEngineState=Available\r\n\r\n\tSequenceNumber=15\r\n\r\n\tHostName=ConsoleHost\r\n\tHostVersion=5.1.26100.1591\r\n\tHostId=f6bf2ca7-3b77-419c-9a77-58efb9c270f6\r\n\tHostApplication=C:\\Windows\\System32\\WindowsPowerShell\\v1.0\\powershell.exe -NoProfile -ExecutionPolicy Unrestricted -Command iex (get-content \"C:\\Program Files\\Microsoft Visual Studio\\2022\\Community\\VC\\vcpkg\\vcpkg-init.cmd\" -raw)#\r\n\tEngineVersion=5.1.26100.1591\r\n\tRunspaceId=1dd51fb0-9531-4ac1-b29f-dcc536ac547e\r\n\tPipelineId=\r\n\tCommandName=\r\n\tCommandType=\r\n\tScriptName=\r\n\tCommandPath=\r\n\tCommandLine=&lt;/string&gt;\n</Data>\n<Binary></Binary>\n</EventData>\n</Event>\n"
  },
  {
    "record_id": 167,
    "timestamp": "2025-01-27 08:49:04.909245+00:00",
    "xml_data": "<Event xmlns=\"http://schemas.microsoft.com/win/2004/08/events/event\"><System><Provider Name=\"PowerShell\"></Provider>\n<EventID Qualifiers=\"0\">600</EventID>\n<Version>0</Version>\n<Level>4</Level>\n<Task>6</Task>\n<Opcode>0</Opcode>\n<Keywords>0x0080000000000000</Keywords>\n<TimeCreated SystemTime=\"2025-01-27 08:49:04.909245+00:00\"></TimeCreated>\n<EventRecordID>167</EventRecordID>\n<Correlation ActivityID=\"\" RelatedActivityID=\"\"></Correlation>\n<Execution ProcessID=\"9840\" ThreadID=\"0\"></Execution>\n<Channel>Windows PowerShell</Channel>\n<Computer>DESKTOP-M3AKJSD</Computer>\n<Security UserID=\"\"></Security>\n</System>\n<EventData><Data>&lt;string&gt;Registry&lt;/string&gt;\n&lt;string&gt;Started&lt;/string&gt;\n&lt;string&gt;\tProviderName=Registry\r\n\tNewProviderState=Started\r\n\r\n\tSequenceNumber=1\r\n\r\n\tHostName=ConsoleHost\r\n\tHostVersion=5.1.26100.1591\r\n\tHostId=9513b42e-63ff-4667-ad15-2eef45b845c6\r\n\tHostApplication=powershell.exe -NoProfile -Command &amp; {if($PSVersionTable.PSVersion.Major -ge 3){Import-Module 'C:\\Program Files\\Microsoft Visual Studio\\2022\\Community\\Common7\\Tools\\\\Microsoft.VisualStudio.DevShell.dll'; Send-VsDevShellTelemetry -NewInstanceType Cmd; }}\r\n\tEngineVersion=\r\n\tRunspaceId=\r\n\tPipelineId=\r\n\tCommandName=\r\n\tCommandType=\r\n\tScriptName=\r\n\tCommandPath=\r\n\tCommandLine=&lt;/string&gt;\n</Data>\n<Binary></Binary>\n</EventData>\n</Event>\n"
  },
  {
    "record_id": 168,
    "timestamp": "2025-01-27 08:49:04.909754+00:00",
    "xml_data": "<Event xmlns=\"http://schemas.microsoft.com/win/2004/08/events/event\"><System><Provider Name=\"PowerShell\"></Provider>\n<EventID Qualifiers=\"0\">600</EventID>\n<Version>0</Version>\n<Level>4</Level>\n<Task>6</Task>\n<Opcode>0</Opcode>\n<Keywords>0x0080000000000000</Keywords>\n<TimeCreated SystemTime=\"2025-01-27 08:49:04.909754+00:00\"></TimeCreated>\n<EventRecordID>168</EventRecordID>\n<Correlation ActivityID=\"\" RelatedActivityID=\"\"></Correlation>\n<Execution ProcessID=\"9840\" ThreadID=\"0\"></Execution>\n<Channel>Windows PowerShell</Channel>\n<Computer>DESKTOP-M3AKJSD</Computer>\n<Security UserID=\"\"></Security>\n</System>\n<EventData><Data>&lt;string&gt;Alias&lt;/string&gt;\n&lt;string&gt;Started&lt;/string&gt;\n&lt;string&gt;\tProviderName=Alias\r\n\tNewProviderState=Started\r\n\r\n\tSequenceNumber=3\r\n\r\n\tHostName=ConsoleHost\r\n\tHostVersion=5.1.26100.1591\r\n\tHostId=9513b42e-63ff-4667-ad15-2eef45b845c6\r\n\tHostApplication=powershell.exe -NoProfile -Command &amp; {if($PSVersionTable.PSVersion.Major -ge 3){Import-Module 'C:\\Program Files\\Microsoft Visual Studio\\2022\\Community\\Common7\\Tools\\\\Microsoft.VisualStudio.DevShell.dll'; Send-VsDevShellTelemetry -NewInstanceType Cmd; }}\r\n\tEngineVersion=\r\n\tRunspaceId=\r\n\tPipelineId=\r\n\tCommandName=\r\n\tCommandType=\r\n\tScriptName=\r\n\tCommandPath=\r\n\tCommandLine=&lt;/string&gt;\n</Data>\n<Binary></Binary>\n</EventData>\n</Event>\n"
  },
  {
    "record_id": 169,
    "timestamp": "2025-01-27 08:49:04.910755+00:00",
    "xml_data": "<Event xmlns=\"http://schemas.microsoft.com/win/2004/08/events/event\"><System><Provider Name=\"PowerShell\"></Provider>\n<EventID Qualifiers=\"0\">600</EventID>\n<Version>0</Version>\n<Level>4</Level>\n<Task>6</Task>\n<Opcode>0</Opcode>\n<Keywords>0x0080000000000000</Keywords>\n<TimeCreated SystemTime=\"2025-01-27 08:49:04.910755+00:00\"></TimeCreated>\n<EventRecordID>169</EventRecordID>\n<Correlation ActivityID=\"\" RelatedActivityID=\"\"></Correlation>\n<Execution ProcessID=\"9840\" ThreadID=\"0\"></Execution>\n<Channel>Windows PowerShell</Channel>\n<Computer>DESKTOP-M3AKJSD</Computer>\n<Security UserID=\"\"></Security>\n</System>\n<EventData><Data>&lt;string&gt;Environment&lt;/string&gt;\n&lt;string&gt;Started&lt;/string&gt;\n&lt;string&gt;\tProviderName=Environment\r\n\tNewProviderState=Started\r\n\r\n\tSequenceNumber=5\r\n\r\n\tHostName=ConsoleHost\r\n\tHostVersion=5.1.26100.1591\r\n\tHostId=9513b42e-63ff-4667-ad15-2eef45b845c6\r\n\tHostApplication=powershell.exe -NoProfile -Command &amp; {if($PSVersionTable.PSVersion.Major -ge 3){Import-Module 'C:\\Program Files\\Microsoft Visual Studio\\2022\\Community\\Common7\\Tools\\\\Microsoft.VisualStudio.DevShell.dll'; Send-VsDevShellTelemetry -NewInstanceType Cmd; }}\r\n\tEngineVersion=\r\n\tRunspaceId=\r\n\tPipelineId=\r\n\tCommandName=\r\n\tCommandType=\r\n\tScriptName=\r\n\tCommandPath=\r\n\tCommandLine=&lt;/string&gt;\n</Data>\n<Binary></Binary>\n</EventData>\n</Event>\n"
  },
  {
    "record_id": 170,
    "timestamp": "2025-01-27 08:49:04.926907+00:00",
    "xml_data": "<Event xmlns=\"http://schemas.microsoft.com/win/2004/08/events/event\"><System><Provider Name=\"PowerShell\"></Provider>\n<EventID Qualifiers=\"0\">600</EventID>\n<Version>0</Version>\n<Level>4</Level>\n<Task>6</Task>\n<Opcode>0</Opcode>\n<Keywords>0x0080000000000000</Keywords>\n<TimeCreated SystemTime=\"2025-01-27 08:49:04.926907+00:00\"></TimeCreated>\n<EventRecordID>170</EventRecordID>\n<Correlation ActivityID=\"\" RelatedActivityID=\"\"></Correlation>\n<Execution ProcessID=\"9840\" ThreadID=\"0\"></Execution>\n<Channel>Windows PowerShell</Channel>\n<Computer>DESKTOP-M3AKJSD</Computer>\n<Security UserID=\"\"></Security>\n</System>\n<EventData><Data>&lt;string&gt;FileSystem&lt;/string&gt;\n&lt;string&gt;Started&lt;/string&gt;\n&lt;string&gt;\tProviderName=FileSystem\r\n\tNewProviderState=Started\r\n\r\n\tSequenceNumber=7\r\n\r\n\tHostName=ConsoleHost\r\n\tHostVersion=5.1.26100.1591\r\n\tHostId=9513b42e-63ff-4667-ad15-2eef45b845c6\r\n\tHostApplication=powershell.exe -NoProfile -Command &amp; {if($PSVersionTable.PSVersion.Major -ge 3){Import-Module 'C:\\Program Files\\Microsoft Visual Studio\\2022\\Community\\Common7\\Tools\\\\Microsoft.VisualStudio.DevShell.dll'; Send-VsDevShellTelemetry -NewInstanceType Cmd; }}\r\n\tEngineVersion=\r\n\tRunspaceId=\r\n\tPipelineId=\r\n\tCommandName=\r\n\tCommandType=\r\n\tScriptName=\r\n\tCommandPath=\r\n\tCommandLine=&lt;/string&gt;\n</Data>\n<Binary></Binary>\n</EventData>\n</Event>\n"
  },
  {
    "record_id": 171,
    "timestamp": "2025-01-27 08:49:04.928387+00:00",
    "xml_data": "<Event xmlns=\"http://schemas.microsoft.com/win/2004/08/events/event\"><System><Provider Name=\"PowerShell\"></Provider>\n<EventID Qualifiers=\"0\">600</EventID>\n<Version>0</Version>\n<Level>4</Level>\n<Task>6</Task>\n<Opcode>0</Opcode>\n<Keywords>0x0080000000000000</Keywords>\n<TimeCreated SystemTime=\"2025-01-27 08:49:04.928387+00:00\"></TimeCreated>\n<EventRecordID>171</EventRecordID>\n<Correlation ActivityID=\"\" RelatedActivityID=\"\"></Correlation>\n<Execution ProcessID=\"9840\" ThreadID=\"0\"></Execution>\n<Channel>Windows PowerShell</Channel>\n<Computer>DESKTOP-M3AKJSD</Computer>\n<Security UserID=\"\"></Security>\n</System>\n<EventData><Data>&lt;string&gt;Function&lt;/string&gt;\n&lt;string&gt;Started&lt;/string&gt;\n&lt;string&gt;\tProviderName=Function\r\n\tNewProviderState=Started\r\n\r\n\tSequenceNumber=9\r\n\r\n\tHostName=ConsoleHost\r\n\tHostVersion=5.1.26100.1591\r\n\tHostId=9513b42e-63ff-4667-ad15-2eef45b845c6\r\n\tHostApplication=powershell.exe -NoProfile -Command &amp; {if($PSVersionTable.PSVersion.Major -ge 3){Import-Module 'C:\\Program Files\\Microsoft Visual Studio\\2022\\Community\\Common7\\Tools\\\\Microsoft.VisualStudio.DevShell.dll'; Send-VsDevShellTelemetry -NewInstanceType Cmd; }}\r\n\tEngineVersion=\r\n\tRunspaceId=\r\n\tPipelineId=\r\n\tCommandName=\r\n\tCommandType=\r\n\tScriptName=\r\n\tCommandPath=\r\n\tCommandLine=&lt;/string&gt;\n</Data>\n<Binary></Binary>\n</EventData>\n</Event>\n"
  },
  {
    "record_id": 172,
    "timestamp": "2025-01-27 08:49:04.929625+00:00",
    "xml_data": "<Event xmlns=\"http://schemas.microsoft.com/win/2004/08/events/event\"><System><Provider Name=\"PowerShell\"></Provider>\n<EventID Qualifiers=\"0\">600</EventID>\n<Version>0</Version>\n<Level>4</Level>\n<Task>6</Task>\n<Opcode>0</Opcode>\n<Keywords>0x0080000000000000</Keywords>\n<TimeCreated SystemTime=\"2025-01-27 08:49:04.929625+00:00\"></TimeCreated>\n<EventRecordID>172</EventRecordID>\n<Correlation ActivityID=\"\" RelatedActivityID=\"\"></Correlation>\n<Execution ProcessID=\"9840\" ThreadID=\"0\"></Execution>\n<Channel>Windows PowerShell</Channel>\n<Computer>DESKTOP-M3AKJSD</Computer>\n<Security UserID=\"\"></Security>\n</System>\n<EventData><Data>&lt;string&gt;Variable&lt;/string&gt;\n&lt;string&gt;Started&lt;/string&gt;\n&lt;string&gt;\tProviderName=Variable\r\n\tNewProviderState=Started\r\n\r\n\tSequenceNumber=11\r\n\r\n\tHostName=ConsoleHost\r\n\tHostVersion=5.1.26100.1591\r\n\tHostId=9513b42e-63ff-4667-ad15-2eef45b845c6\r\n\tHostApplication=powershell.exe -NoProfile -Command &amp; {if($PSVersionTable.PSVersion.Major -ge 3){Import-Module 'C:\\Program Files\\Microsoft Visual Studio\\2022\\Community\\Common7\\Tools\\\\Microsoft.VisualStudio.DevShell.dll'; Send-VsDevShellTelemetry -NewInstanceType Cmd; }}\r\n\tEngineVersion=\r\n\tRunspaceId=\r\n\tPipelineId=\r\n\tCommandName=\r\n\tCommandType=\r\n\tScriptName=\r\n\tCommandPath=\r\n\tCommandLine=&lt;/string&gt;\n</Data>\n<Binary></Binary>\n</EventData>\n</Event>\n"
  },
  {
    "record_id": 173,
    "timestamp": "2025-01-27 08:49:05.258659+00:00",
    "xml_data": "<Event xmlns=\"http://schemas.microsoft.com/win/2004/08/events/event\"><System><Provider Name=\"PowerShell\"></Provider>\n<EventID Qualifiers=\"0\">400</EventID>\n<Version>0</Version>\n<Level>4</Level>\n<Task>4</Task>\n<Opcode>0</Opcode>\n<Keywords>0x0080000000000000</Keywords>\n<TimeCreated SystemTime=\"2025-01-27 08:49:05.258659+00:00\"></TimeCreated>\n<EventRecordID>173</EventRecordID>\n<Correlation ActivityID=\"\" RelatedActivityID=\"\"></Correlation>\n<Execution ProcessID=\"9840\" ThreadID=\"0\"></Execution>\n<Channel>Windows PowerShell</Channel>\n<Computer>DESKTOP-M3AKJSD</Computer>\n<Security UserID=\"\"></Security>\n</System>\n<EventData><Data>&lt;string&gt;Available&lt;/string&gt;\n&lt;string&gt;None&lt;/string&gt;\n&lt;string&gt;\tNewEngineState=Available\r\n\tPreviousEngineState=None\r\n\r\n\tSequenceNumber=13\r\n\r\n\tHostName=ConsoleHost\r\n\tHostVersion=5.1.26100.1591\r\n\tHostId=9513b42e-63ff-4667-ad15-2eef45b845c6\r\n\tHostApplication=powershell.exe -NoProfile -Command &amp; {if($PSVersionTable.PSVersion.Major -ge 3){Import-Module 'C:\\Program Files\\Microsoft Visual Studio\\2022\\Community\\Common7\\Tools\\\\Microsoft.VisualStudio.DevShell.dll'; Send-VsDevShellTelemetry -NewInstanceType Cmd; }}\r\n\tEngineVersion=5.1.26100.1591\r\n\tRunspaceId=1c7db8eb-66f9-4677-8e3d-562bc2d6e018\r\n\tPipelineId=\r\n\tCommandName=\r\n\tCommandType=\r\n\tScriptName=\r\n\tCommandPath=\r\n\tCommandLine=&lt;/string&gt;\n</Data>\n<Binary></Binary>\n</EventData>\n</Event>\n"
  },
  {
    "record_id": 174,
    "timestamp": "2025-01-27 08:49:06.543760+00:00",
    "xml_data": "<Event xmlns=\"http://schemas.microsoft.com/win/2004/08/events/event\"><System><Provider Name=\"PowerShell\"></Provider>\n<EventID Qualifiers=\"0\">403</EventID>\n<Version>0</Version>\n<Level>4</Level>\n<Task>4</Task>\n<Opcode>0</Opcode>\n<Keywords>0x0080000000000000</Keywords>\n<TimeCreated SystemTime=\"2025-01-27 08:49:06.543760+00:00\"></TimeCreated>\n<EventRecordID>174</EventRecordID>\n<Correlation ActivityID=\"\" RelatedActivityID=\"\"></Correlation>\n<Execution ProcessID=\"9840\" ThreadID=\"0\"></Execution>\n<Channel>Windows PowerShell</Channel>\n<Computer>DESKTOP-M3AKJSD</Computer>\n<Security UserID=\"\"></Security>\n</System>\n<EventData><Data>&lt;string&gt;Stopped&lt;/string&gt;\n&lt;string&gt;Available&lt;/string&gt;\n&lt;string&gt;\tNewEngineState=Stopped\r\n\tPreviousEngineState=Available\r\n\r\n\tSequenceNumber=15\r\n\r\n\tHostName=ConsoleHost\r\n\tHostVersion=5.1.26100.1591\r\n\tHostId=9513b42e-63ff-4667-ad15-2eef45b845c6\r\n\tHostApplication=powershell.exe -NoProfile -Command &amp; {if($PSVersionTable.PSVersion.Major -ge 3){Import-Module 'C:\\Program Files\\Microsoft Visual Studio\\2022\\Community\\Common7\\Tools\\\\Microsoft.VisualStudio.DevShell.dll'; Send-VsDevShellTelemetry -NewInstanceType Cmd; }}\r\n\tEngineVersion=5.1.26100.1591\r\n\tRunspaceId=1c7db8eb-66f9-4677-8e3d-562bc2d6e018\r\n\tPipelineId=\r\n\tCommandName=\r\n\tCommandType=\r\n\tScriptName=\r\n\tCommandPath=\r\n\tCommandLine=&lt;/string&gt;\n</Data>\n<Binary></Binary>\n</EventData>\n</Event>\n"
  },
  {
    "record_id": 175,
    "timestamp": "2025-01-27 09:08:53.562954+00:00",
    "xml_data": "<Event xmlns=\"http://schemas.microsoft.com/win/2004/08/events/event\"><System><Provider Name=\"PowerShell\"></Provider>\n<EventID Qualifiers=\"0\">600</EventID>\n<Version>0</Version>\n<Level>4</Level>\n<Task>6</Task>\n<Opcode>0</Opcode>\n<Keywords>0x0080000000000000</Keywords>\n<TimeCreated SystemTime=\"2025-01-27 09:08:53.562954+00:00\"></TimeCreated>\n<EventRecordID>175</EventRecordID>\n<Correlation ActivityID=\"\" RelatedActivityID=\"\"></Correlation>\n<Execution ProcessID=\"3224\" ThreadID=\"0\"></Execution>\n<Channel>Windows PowerShell</Channel>\n<Computer>DESKTOP-M3AKJSD</Computer>\n<Security UserID=\"\"></Security>\n</System>\n<EventData><Data>&lt;string&gt;Registry&lt;/string&gt;\n&lt;string&gt;Started&lt;/string&gt;\n&lt;string&gt;\tProviderName=Registry\r\n\tNewProviderState=Started\r\n\r\n\tSequenceNumber=1\r\n\r\n\tHostName=ConsoleHost\r\n\tHostVersion=5.1.26100.1591\r\n\tHostId=fe19b927-8dbb-4695-b6b4-9c7eab8cfb2e\r\n\tHostApplication=C:\\Windows\\System32\\WindowsPowerShell\\v1.0\\powershell.exe -NoProfile -ExecutionPolicy Unrestricted -Command iex (get-content \"C:\\Program Files\\Microsoft Visual Studio\\2022\\Community\\VC\\vcpkg\\vcpkg-init.cmd\" -raw)#\r\n\tEngineVersion=\r\n\tRunspaceId=\r\n\tPipelineId=\r\n\tCommandName=\r\n\tCommandType=\r\n\tScriptName=\r\n\tCommandPath=\r\n\tCommandLine=&lt;/string&gt;\n</Data>\n<Binary></Binary>\n</EventData>\n</Event>\n"
  },
  {
    "record_id": 176,
    "timestamp": "2025-01-27 09:08:53.563599+00:00",
    "xml_data": "<Event xmlns=\"http://schemas.microsoft.com/win/2004/08/events/event\"><System><Provider Name=\"PowerShell\"></Provider>\n<EventID Qualifiers=\"0\">600</EventID>\n<Version>0</Version>\n<Level>4</Level>\n<Task>6</Task>\n<Opcode>0</Opcode>\n<Keywords>0x0080000000000000</Keywords>\n<TimeCreated SystemTime=\"2025-01-27 09:08:53.563599+00:00\"></TimeCreated>\n<EventRecordID>176</EventRecordID>\n<Correlation ActivityID=\"\" RelatedActivityID=\"\"></Correlation>\n<Execution ProcessID=\"3224\" ThreadID=\"0\"></Execution>\n<Channel>Windows PowerShell</Channel>\n<Computer>DESKTOP-M3AKJSD</Computer>\n<Security UserID=\"\"></Security>\n</System>\n<EventData><Data>&lt;string&gt;Alias&lt;/string&gt;\n&lt;string&gt;Started&lt;/string&gt;\n&lt;string&gt;\tProviderName=Alias\r\n\tNewProviderState=Started\r\n\r\n\tSequenceNumber=3\r\n\r\n\tHostName=ConsoleHost\r\n\tHostVersion=5.1.26100.1591\r\n\tHostId=fe19b927-8dbb-4695-b6b4-9c7eab8cfb2e\r\n\tHostApplication=C:\\Windows\\System32\\WindowsPowerShell\\v1.0\\powershell.exe -NoProfile -ExecutionPolicy Unrestricted -Command iex (get-content \"C:\\Program Files\\Microsoft Visual Studio\\2022\\Community\\VC\\vcpkg\\vcpkg-init.cmd\" -raw)#\r\n\tEngineVersion=\r\n\tRunspaceId=\r\n\tPipelineId=\r\n\tCommandName=\r\n\tCommandType=\r\n\tScriptName=\r\n\tCommandPath=\r\n\tCommandLine=&lt;/string&gt;\n</Data>\n<Binary></Binary>\n</EventData>\n</Event>\n"
  },
  {
    "record_id": 177,
    "timestamp": "2025-01-27 09:08:53.563858+00:00",
    "xml_data": "<Event xmlns=\"http://schemas.microsoft.com/win/2004/08/events/event\"><System><Provider Name=\"PowerShell\"></Provider>\n<EventID Qualifiers=\"0\">600</EventID>\n<Version>0</Version>\n<Level>4</Level>\n<Task>6</Task>\n<Opcode>0</Opcode>\n<Keywords>0x0080000000000000</Keywords>\n<TimeCreated SystemTime=\"2025-01-27 09:08:53.563858+00:00\"></TimeCreated>\n<EventRecordID>177</EventRecordID>\n<Correlation ActivityID=\"\" RelatedActivityID=\"\"></Correlation>\n<Execution ProcessID=\"3224\" ThreadID=\"0\"></Execution>\n<Channel>Windows PowerShell</Channel>\n<Computer>DESKTOP-M3AKJSD</Computer>\n<Security UserID=\"\"></Security>\n</System>\n<EventData><Data>&lt;string&gt;Environment&lt;/string&gt;\n&lt;string&gt;Started&lt;/string&gt;\n&lt;string&gt;\tProviderName=Environment\r\n\tNewProviderState=Started\r\n\r\n\tSequenceNumber=5\r\n\r\n\tHostName=ConsoleHost\r\n\tHostVersion=5.1.26100.1591\r\n\tHostId=fe19b927-8dbb-4695-b6b4-9c7eab8cfb2e\r\n\tHostApplication=C:\\Windows\\System32\\WindowsPowerShell\\v1.0\\powershell.exe -NoProfile -ExecutionPolicy Unrestricted -Command iex (get-content \"C:\\Program Files\\Microsoft Visual Studio\\2022\\Community\\VC\\vcpkg\\vcpkg-init.cmd\" -raw)#\r\n\tEngineVersion=\r\n\tRunspaceId=\r\n\tPipelineId=\r\n\tCommandName=\r\n\tCommandType=\r\n\tScriptName=\r\n\tCommandPath=\r\n\tCommandLine=&lt;/string&gt;\n</Data>\n<Binary></Binary>\n</EventData>\n</Event>\n"
  },
  {
    "record_id": 178,
    "timestamp": "2025-01-27 09:08:53.567284+00:00",
    "xml_data": "<Event xmlns=\"http://schemas.microsoft.com/win/2004/08/events/event\"><System><Provider Name=\"PowerShell\"></Provider>\n<EventID Qualifiers=\"0\">600</EventID>\n<Version>0</Version>\n<Level>4</Level>\n<Task>6</Task>\n<Opcode>0</Opcode>\n<Keywords>0x0080000000000000</Keywords>\n<TimeCreated SystemTime=\"2025-01-27 09:08:53.567284+00:00\"></TimeCreated>\n<EventRecordID>178</EventRecordID>\n<Correlation ActivityID=\"\" RelatedActivityID=\"\"></Correlation>\n<Execution ProcessID=\"3224\" ThreadID=\"0\"></Execution>\n<Channel>Windows PowerShell</Channel>\n<Computer>DESKTOP-M3AKJSD</Computer>\n<Security UserID=\"\"></Security>\n</System>\n<EventData><Data>&lt;string&gt;FileSystem&lt;/string&gt;\n&lt;string&gt;Started&lt;/string&gt;\n&lt;string&gt;\tProviderName=FileSystem\r\n\tNewProviderState=Started\r\n\r\n\tSequenceNumber=7\r\n\r\n\tHostName=ConsoleHost\r\n\tHostVersion=5.1.26100.1591\r\n\tHostId=fe19b927-8dbb-4695-b6b4-9c7eab8cfb2e\r\n\tHostApplication=C:\\Windows\\System32\\WindowsPowerShell\\v1.0\\powershell.exe -NoProfile -ExecutionPolicy Unrestricted -Command iex (get-content \"C:\\Program Files\\Microsoft Visual Studio\\2022\\Community\\VC\\vcpkg\\vcpkg-init.cmd\" -raw)#\r\n\tEngineVersion=\r\n\tRunspaceId=\r\n\tPipelineId=\r\n\tCommandName=\r\n\tCommandType=\r\n\tScriptName=\r\n\tCommandPath=\r\n\tCommandLine=&lt;/string&gt;\n</Data>\n<Binary></Binary>\n</EventData>\n</Event>\n"
  },
  {
    "record_id": 179,
    "timestamp": "2025-01-27 09:08:53.567883+00:00",
    "xml_data": "<Event xmlns=\"http://schemas.microsoft.com/win/2004/08/events/event\"><System><Provider Name=\"PowerShell\"></Provider>\n<EventID Qualifiers=\"0\">600</EventID>\n<Version>0</Version>\n<Level>4</Level>\n<Task>6</Task>\n<Opcode>0</Opcode>\n<Keywords>0x0080000000000000</Keywords>\n<TimeCreated SystemTime=\"2025-01-27 09:08:53.567883+00:00\"></TimeCreated>\n<EventRecordID>179</EventRecordID>\n<Correlation ActivityID=\"\" RelatedActivityID=\"\"></Correlation>\n<Execution ProcessID=\"3224\" ThreadID=\"0\"></Execution>\n<Channel>Windows PowerShell</Channel>\n<Computer>DESKTOP-M3AKJSD</Computer>\n<Security UserID=\"\"></Security>\n</System>\n<EventData><Data>&lt;string&gt;Function&lt;/string&gt;\n&lt;string&gt;Started&lt;/string&gt;\n&lt;string&gt;\tProviderName=Function\r\n\tNewProviderState=Started\r\n\r\n\tSequenceNumber=9\r\n\r\n\tHostName=ConsoleHost\r\n\tHostVersion=5.1.26100.1591\r\n\tHostId=fe19b927-8dbb-4695-b6b4-9c7eab8cfb2e\r\n\tHostApplication=C:\\Windows\\System32\\WindowsPowerShell\\v1.0\\powershell.exe -NoProfile -ExecutionPolicy Unrestricted -Command iex (get-content \"C:\\Program Files\\Microsoft Visual Studio\\2022\\Community\\VC\\vcpkg\\vcpkg-init.cmd\" -raw)#\r\n\tEngineVersion=\r\n\tRunspaceId=\r\n\tPipelineId=\r\n\tCommandName=\r\n\tCommandType=\r\n\tScriptName=\r\n\tCommandPath=\r\n\tCommandLine=&lt;/string&gt;\n</Data>\n<Binary></Binary>\n</EventData>\n</Event>\n"
  },
  {
    "record_id": 180,
    "timestamp": "2025-01-27 09:08:53.568180+00:00",
    "xml_data": "<Event xmlns=\"http://schemas.microsoft.com/win/2004/08/events/event\"><System><Provider Name=\"PowerShell\"></Provider>\n<EventID Qualifiers=\"0\">600</EventID>\n<Version>0</Version>\n<Level>4</Level>\n<Task>6</Task>\n<Opcode>0</Opcode>\n<Keywords>0x0080000000000000</Keywords>\n<TimeCreated SystemTime=\"2025-01-27 09:08:53.568180+00:00\"></TimeCreated>\n<EventRecordID>180</EventRecordID>\n<Correlation ActivityID=\"\" RelatedActivityID=\"\"></Correlation>\n<Execution ProcessID=\"3224\" ThreadID=\"0\"></Execution>\n<Channel>Windows PowerShell</Channel>\n<Computer>DESKTOP-M3AKJSD</Computer>\n<Security UserID=\"\"></Security>\n</System>\n<EventData><Data>&lt;string&gt;Variable&lt;/string&gt;\n&lt;string&gt;Started&lt;/string&gt;\n&lt;string&gt;\tProviderName=Variable\r\n\tNewProviderState=Started\r\n\r\n\tSequenceNumber=11\r\n\r\n\tHostName=ConsoleHost\r\n\tHostVersion=5.1.26100.1591\r\n\tHostId=fe19b927-8dbb-4695-b6b4-9c7eab8cfb2e\r\n\tHostApplication=C:\\Windows\\System32\\WindowsPowerShell\\v1.0\\powershell.exe -NoProfile -ExecutionPolicy Unrestricted -Command iex (get-content \"C:\\Program Files\\Microsoft Visual Studio\\2022\\Community\\VC\\vcpkg\\vcpkg-init.cmd\" -raw)#\r\n\tEngineVersion=\r\n\tRunspaceId=\r\n\tPipelineId=\r\n\tCommandName=\r\n\tCommandType=\r\n\tScriptName=\r\n\tCommandPath=\r\n\tCommandLine=&lt;/string&gt;\n</Data>\n<Binary></Binary>\n</EventData>\n</Event>\n"
  },
  {
    "record_id": 181,
    "timestamp": "2025-01-27 09:08:53.760794+00:00",
    "xml_data": "<Event xmlns=\"http://schemas.microsoft.com/win/2004/08/events/event\"><System><Provider Name=\"PowerShell\"></Provider>\n<EventID Qualifiers=\"0\">400</EventID>\n<Version>0</Version>\n<Level>4</Level>\n<Task>4</Task>\n<Opcode>0</Opcode>\n<Keywords>0x0080000000000000</Keywords>\n<TimeCreated SystemTime=\"2025-01-27 09:08:53.760794+00:00\"></TimeCreated>\n<EventRecordID>181</EventRecordID>\n<Correlation ActivityID=\"\" RelatedActivityID=\"\"></Correlation>\n<Execution ProcessID=\"3224\" ThreadID=\"0\"></Execution>\n<Channel>Windows PowerShell</Channel>\n<Computer>DESKTOP-M3AKJSD</Computer>\n<Security UserID=\"\"></Security>\n</System>\n<EventData><Data>&lt;string&gt;Available&lt;/string&gt;\n&lt;string&gt;None&lt;/string&gt;\n&lt;string&gt;\tNewEngineState=Available\r\n\tPreviousEngineState=None\r\n\r\n\tSequenceNumber=13\r\n\r\n\tHostName=ConsoleHost\r\n\tHostVersion=5.1.26100.1591\r\n\tHostId=fe19b927-8dbb-4695-b6b4-9c7eab8cfb2e\r\n\tHostApplication=C:\\Windows\\System32\\WindowsPowerShell\\v1.0\\powershell.exe -NoProfile -ExecutionPolicy Unrestricted -Command iex (get-content \"C:\\Program Files\\Microsoft Visual Studio\\2022\\Community\\VC\\vcpkg\\vcpkg-init.cmd\" -raw)#\r\n\tEngineVersion=5.1.26100.1591\r\n\tRunspaceId=59d96abb-8c67-49c4-8c12-db8116986fd4\r\n\tPipelineId=\r\n\tCommandName=\r\n\tCommandType=\r\n\tScriptName=\r\n\tCommandPath=\r\n\tCommandLine=&lt;/string&gt;\n</Data>\n<Binary></Binary>\n</EventData>\n</Event>\n"
  },
  {
    "record_id": 182,
    "timestamp": "2025-01-27 09:08:56.117365+00:00",
    "xml_data": "<Event xmlns=\"http://schemas.microsoft.com/win/2004/08/events/event\"><System><Provider Name=\"PowerShell\"></Provider>\n<EventID Qualifiers=\"0\">403</EventID>\n<Version>0</Version>\n<Level>4</Level>\n<Task>4</Task>\n<Opcode>0</Opcode>\n<Keywords>0x0080000000000000</Keywords>\n<TimeCreated SystemTime=\"2025-01-27 09:08:56.117365+00:00\"></TimeCreated>\n<EventRecordID>182</EventRecordID>\n<Correlation ActivityID=\"\" RelatedActivityID=\"\"></Correlation>\n<Execution ProcessID=\"3224\" ThreadID=\"0\"></Execution>\n<Channel>Windows PowerShell</Channel>\n<Computer>DESKTOP-M3AKJSD</Computer>\n<Security UserID=\"\"></Security>\n</System>\n<EventData><Data>&lt;string&gt;Stopped&lt;/string&gt;\n&lt;string&gt;Available&lt;/string&gt;\n&lt;string&gt;\tNewEngineState=Stopped\r\n\tPreviousEngineState=Available\r\n\r\n\tSequenceNumber=15\r\n\r\n\tHostName=ConsoleHost\r\n\tHostVersion=5.1.26100.1591\r\n\tHostId=fe19b927-8dbb-4695-b6b4-9c7eab8cfb2e\r\n\tHostApplication=C:\\Windows\\System32\\WindowsPowerShell\\v1.0\\powershell.exe -NoProfile -ExecutionPolicy Unrestricted -Command iex (get-content \"C:\\Program Files\\Microsoft Visual Studio\\2022\\Community\\VC\\vcpkg\\vcpkg-init.cmd\" -raw)#\r\n\tEngineVersion=5.1.26100.1591\r\n\tRunspaceId=59d96abb-8c67-49c4-8c12-db8116986fd4\r\n\tPipelineId=\r\n\tCommandName=\r\n\tCommandType=\r\n\tScriptName=\r\n\tCommandPath=\r\n\tCommandLine=&lt;/string&gt;\n</Data>\n<Binary></Binary>\n</EventData>\n</Event>\n"
  },
  {
    "record_id": 183,
    "timestamp": "2025-01-27 09:08:57.474886+00:00",
    "xml_data": "<Event xmlns=\"http://schemas.microsoft.com/win/2004/08/events/event\"><System><Provider Name=\"PowerShell\"></Provider>\n<EventID Qualifiers=\"0\">600</EventID>\n<Version>0</Version>\n<Level>4</Level>\n<Task>6</Task>\n<Opcode>0</Opcode>\n<Keywords>0x0080000000000000</Keywords>\n<TimeCreated SystemTime=\"2025-01-27 09:08:57.474886+00:00\"></TimeCreated>\n<EventRecordID>183</EventRecordID>\n<Correlation ActivityID=\"\" RelatedActivityID=\"\"></Correlation>\n<Execution ProcessID=\"5284\" ThreadID=\"0\"></Execution>\n<Channel>Windows PowerShell</Channel>\n<Computer>DESKTOP-M3AKJSD</Computer>\n<Security UserID=\"\"></Security>\n</System>\n<EventData><Data>&lt;string&gt;Registry&lt;/string&gt;\n&lt;string&gt;Started&lt;/string&gt;\n&lt;string&gt;\tProviderName=Registry\r\n\tNewProviderState=Started\r\n\r\n\tSequenceNumber=1\r\n\r\n\tHostName=ConsoleHost\r\n\tHostVersion=5.1.26100.1591\r\n\tHostId=1d7bb987-7342-44d0-a940-bc2373146457\r\n\tHostApplication=powershell.exe -NoProfile -Command &amp; {if($PSVersionTable.PSVersion.Major -ge 3){Import-Module 'C:\\Program Files\\Microsoft Visual Studio\\2022\\Community\\Common7\\Tools\\\\Microsoft.VisualStudio.DevShell.dll'; Send-VsDevShellTelemetry -NewInstanceType Cmd; }}\r\n\tEngineVersion=\r\n\tRunspaceId=\r\n\tPipelineId=\r\n\tCommandName=\r\n\tCommandType=\r\n\tScriptName=\r\n\tCommandPath=\r\n\tCommandLine=&lt;/string&gt;\n</Data>\n<Binary></Binary>\n</EventData>\n</Event>\n"
  },
  {
    "record_id": 184,
    "timestamp": "2025-01-27 09:08:57.476776+00:00",
    "xml_data": "<Event xmlns=\"http://schemas.microsoft.com/win/2004/08/events/event\"><System><Provider Name=\"PowerShell\"></Provider>\n<EventID Qualifiers=\"0\">600</EventID>\n<Version>0</Version>\n<Level>4</Level>\n<Task>6</Task>\n<Opcode>0</Opcode>\n<Keywords>0x0080000000000000</Keywords>\n<TimeCreated SystemTime=\"2025-01-27 09:08:57.476776+00:00\"></TimeCreated>\n<EventRecordID>184</EventRecordID>\n<Correlation ActivityID=\"\" RelatedActivityID=\"\"></Correlation>\n<Execution ProcessID=\"5284\" ThreadID=\"0\"></Execution>\n<Channel>Windows PowerShell</Channel>\n<Computer>DESKTOP-M3AKJSD</Computer>\n<Security UserID=\"\"></Security>\n</System>\n<EventData><Data>&lt;string&gt;Alias&lt;/string&gt;\n&lt;string&gt;Started&lt;/string&gt;\n&lt;string&gt;\tProviderName=Alias\r\n\tNewProviderState=Started\r\n\r\n\tSequenceNumber=3\r\n\r\n\tHostName=ConsoleHost\r\n\tHostVersion=5.1.26100.1591\r\n\tHostId=1d7bb987-7342-44d0-a940-bc2373146457\r\n\tHostApplication=powershell.exe -NoProfile -Command &amp; {if($PSVersionTable.PSVersion.Major -ge 3){Import-Module 'C:\\Program Files\\Microsoft Visual Studio\\2022\\Community\\Common7\\Tools\\\\Microsoft.VisualStudio.DevShell.dll'; Send-VsDevShellTelemetry -NewInstanceType Cmd; }}\r\n\tEngineVersion=\r\n\tRunspaceId=\r\n\tPipelineId=\r\n\tCommandName=\r\n\tCommandType=\r\n\tScriptName=\r\n\tCommandPath=\r\n\tCommandLine=&lt;/string&gt;\n</Data>\n<Binary></Binary>\n</EventData>\n</Event>\n"
  },
  {
    "record_id": 185,
    "timestamp": "2025-01-27 09:08:57.477591+00:00",
    "xml_data": "<Event xmlns=\"http://schemas.microsoft.com/win/2004/08/events/event\"><System><Provider Name=\"PowerShell\"></Provider>\n<EventID Qualifiers=\"0\">600</EventID>\n<Version>0</Version>\n<Level>4</Level>\n<Task>6</Task>\n<Opcode>0</Opcode>\n<Keywords>0x0080000000000000</Keywords>\n<TimeCreated SystemTime=\"2025-01-27 09:08:57.477591+00:00\"></TimeCreated>\n<EventRecordID>185</EventRecordID>\n<Correlation ActivityID=\"\" RelatedActivityID=\"\"></Correlation>\n<Execution ProcessID=\"5284\" ThreadID=\"0\"></Execution>\n<Channel>Windows PowerShell</Channel>\n<Computer>DESKTOP-M3AKJSD</Computer>\n<Security UserID=\"\"></Security>\n</System>\n<EventData><Data>&lt;string&gt;Environment&lt;/string&gt;\n&lt;string&gt;Started&lt;/string&gt;\n&lt;string&gt;\tProviderName=Environment\r\n\tNewProviderState=Started\r\n\r\n\tSequenceNumber=5\r\n\r\n\tHostName=ConsoleHost\r\n\tHostVersion=5.1.26100.1591\r\n\tHostId=1d7bb987-7342-44d0-a940-bc2373146457\r\n\tHostApplication=powershell.exe -NoProfile -Command &amp; {if($PSVersionTable.PSVersion.Major -ge 3){Import-Module 'C:\\Program Files\\Microsoft Visual Studio\\2022\\Community\\Common7\\Tools\\\\Microsoft.VisualStudio.DevShell.dll'; Send-VsDevShellTelemetry -NewInstanceType Cmd; }}\r\n\tEngineVersion=\r\n\tRunspaceId=\r\n\tPipelineId=\r\n\tCommandName=\r\n\tCommandType=\r\n\tScriptName=\r\n\tCommandPath=\r\n\tCommandLine=&lt;/string&gt;\n</Data>\n<Binary></Binary>\n</EventData>\n</Event>\n"
  },
  {
    "record_id": 186,
    "timestamp": "2025-01-27 09:08:57.515263+00:00",
    "xml_data": "<Event xmlns=\"http://schemas.microsoft.com/win/2004/08/events/event\"><System><Provider Name=\"PowerShell\"></Provider>\n<EventID Qualifiers=\"0\">600</EventID>\n<Version>0</Version>\n<Level>4</Level>\n<Task>6</Task>\n<Opcode>0</Opcode>\n<Keywords>0x0080000000000000</Keywords>\n<TimeCreated SystemTime=\"2025-01-27 09:08:57.515263+00:00\"></TimeCreated>\n<EventRecordID>186</EventRecordID>\n<Correlation ActivityID=\"\" RelatedActivityID=\"\"></Correlation>\n<Execution ProcessID=\"5284\" ThreadID=\"0\"></Execution>\n<Channel>Windows PowerShell</Channel>\n<Computer>DESKTOP-M3AKJSD</Computer>\n<Security UserID=\"\"></Security>\n</System>\n<EventData><Data>&lt;string&gt;FileSystem&lt;/string&gt;\n&lt;string&gt;Started&lt;/string&gt;\n&lt;string&gt;\tProviderName=FileSystem\r\n\tNewProviderState=Started\r\n\r\n\tSequenceNumber=7\r\n\r\n\tHostName=ConsoleHost\r\n\tHostVersion=5.1.26100.1591\r\n\tHostId=1d7bb987-7342-44d0-a940-bc2373146457\r\n\tHostApplication=powershell.exe -NoProfile -Command &amp; {if($PSVersionTable.PSVersion.Major -ge 3){Import-Module 'C:\\Program Files\\Microsoft Visual Studio\\2022\\Community\\Common7\\Tools\\\\Microsoft.VisualStudio.DevShell.dll'; Send-VsDevShellTelemetry -NewInstanceType Cmd; }}\r\n\tEngineVersion=\r\n\tRunspaceId=\r\n\tPipelineId=\r\n\tCommandName=\r\n\tCommandType=\r\n\tScriptName=\r\n\tCommandPath=\r\n\tCommandLine=&lt;/string&gt;\n</Data>\n<Binary></Binary>\n</EventData>\n</Event>\n"
  },
  {
    "record_id": 187,
    "timestamp": "2025-01-27 09:08:57.516449+00:00",
    "xml_data": "<Event xmlns=\"http://schemas.microsoft.com/win/2004/08/events/event\"><System><Provider Name=\"PowerShell\"></Provider>\n<EventID Qualifiers=\"0\">600</EventID>\n<Version>0</Version>\n<Level>4</Level>\n<Task>6</Task>\n<Opcode>0</Opcode>\n<Keywords>0x0080000000000000</Keywords>\n<TimeCreated SystemTime=\"2025-01-27 09:08:57.516449+00:00\"></TimeCreated>\n<EventRecordID>187</EventRecordID>\n<Correlation ActivityID=\"\" RelatedActivityID=\"\"></Correlation>\n<Execution ProcessID=\"5284\" ThreadID=\"0\"></Execution>\n<Channel>Windows PowerShell</Channel>\n<Computer>DESKTOP-M3AKJSD</Computer>\n<Security UserID=\"\"></Security>\n</System>\n<EventData><Data>&lt;string&gt;Function&lt;/string&gt;\n&lt;string&gt;Started&lt;/string&gt;\n&lt;string&gt;\tProviderName=Function\r\n\tNewProviderState=Started\r\n\r\n\tSequenceNumber=9\r\n\r\n\tHostName=ConsoleHost\r\n\tHostVersion=5.1.26100.1591\r\n\tHostId=1d7bb987-7342-44d0-a940-bc2373146457\r\n\tHostApplication=powershell.exe -NoProfile -Command &amp; {if($PSVersionTable.PSVersion.Major -ge 3){Import-Module 'C:\\Program Files\\Microsoft Visual Studio\\2022\\Community\\Common7\\Tools\\\\Microsoft.VisualStudio.DevShell.dll'; Send-VsDevShellTelemetry -NewInstanceType Cmd; }}\r\n\tEngineVersion=\r\n\tRunspaceId=\r\n\tPipelineId=\r\n\tCommandName=\r\n\tCommandType=\r\n\tScriptName=\r\n\tCommandPath=\r\n\tCommandLine=&lt;/string&gt;\n</Data>\n<Binary></Binary>\n</EventData>\n</Event>\n"
  },
  {
    "record_id": 188,
    "timestamp": "2025-01-27 09:08:57.517620+00:00",
    "xml_data": "<Event xmlns=\"http://schemas.microsoft.com/win/2004/08/events/event\"><System><Provider Name=\"PowerShell\"></Provider>\n<EventID Qualifiers=\"0\">600</EventID>\n<Version>0</Version>\n<Level>4</Level>\n<Task>6</Task>\n<Opcode>0</Opcode>\n<Keywords>0x0080000000000000</Keywords>\n<TimeCreated SystemTime=\"2025-01-27 09:08:57.517620+00:00\"></TimeCreated>\n<EventRecordID>188</EventRecordID>\n<Correlation ActivityID=\"\" RelatedActivityID=\"\"></Correlation>\n<Execution ProcessID=\"5284\" ThreadID=\"0\"></Execution>\n<Channel>Windows PowerShell</Channel>\n<Computer>DESKTOP-M3AKJSD</Computer>\n<Security UserID=\"\"></Security>\n</System>\n<EventData><Data>&lt;string&gt;Variable&lt;/string&gt;\n&lt;string&gt;Started&lt;/string&gt;\n&lt;string&gt;\tProviderName=Variable\r\n\tNewProviderState=Started\r\n\r\n\tSequenceNumber=11\r\n\r\n\tHostName=ConsoleHost\r\n\tHostVersion=5.1.26100.1591\r\n\tHostId=1d7bb987-7342-44d0-a940-bc2373146457\r\n\tHostApplication=powershell.exe -NoProfile -Command &amp; {if($PSVersionTable.PSVersion.Major -ge 3){Import-Module 'C:\\Program Files\\Microsoft Visual Studio\\2022\\Community\\Common7\\Tools\\\\Microsoft.VisualStudio.DevShell.dll'; Send-VsDevShellTelemetry -NewInstanceType Cmd; }}\r\n\tEngineVersion=\r\n\tRunspaceId=\r\n\tPipelineId=\r\n\tCommandName=\r\n\tCommandType=\r\n\tScriptName=\r\n\tCommandPath=\r\n\tCommandLine=&lt;/string&gt;\n</Data>\n<Binary></Binary>\n</EventData>\n</Event>\n"
  },
  {
    "record_id": 189,
    "timestamp": "2025-01-27 09:08:57.737490+00:00",
    "xml_data": "<Event xmlns=\"http://schemas.microsoft.com/win/2004/08/events/event\"><System><Provider Name=\"PowerShell\"></Provider>\n<EventID Qualifiers=\"0\">400</EventID>\n<Version>0</Version>\n<Level>4</Level>\n<Task>4</Task>\n<Opcode>0</Opcode>\n<Keywords>0x0080000000000000</Keywords>\n<TimeCreated SystemTime=\"2025-01-27 09:08:57.737490+00:00\"></TimeCreated>\n<EventRecordID>189</EventRecordID>\n<Correlation ActivityID=\"\" RelatedActivityID=\"\"></Correlation>\n<Execution ProcessID=\"5284\" ThreadID=\"0\"></Execution>\n<Channel>Windows PowerShell</Channel>\n<Computer>DESKTOP-M3AKJSD</Computer>\n<Security UserID=\"\"></Security>\n</System>\n<EventData><Data>&lt;string&gt;Available&lt;/string&gt;\n&lt;string&gt;None&lt;/string&gt;\n&lt;string&gt;\tNewEngineState=Available\r\n\tPreviousEngineState=None\r\n\r\n\tSequenceNumber=13\r\n\r\n\tHostName=ConsoleHost\r\n\tHostVersion=5.1.26100.1591\r\n\tHostId=1d7bb987-7342-44d0-a940-bc2373146457\r\n\tHostApplication=powershell.exe -NoProfile -Command &amp; {if($PSVersionTable.PSVersion.Major -ge 3){Import-Module 'C:\\Program Files\\Microsoft Visual Studio\\2022\\Community\\Common7\\Tools\\\\Microsoft.VisualStudio.DevShell.dll'; Send-VsDevShellTelemetry -NewInstanceType Cmd; }}\r\n\tEngineVersion=5.1.26100.1591\r\n\tRunspaceId=5a4f704b-e7f3-412e-a09f-1ab2eb4ef954\r\n\tPipelineId=\r\n\tCommandName=\r\n\tCommandType=\r\n\tScriptName=\r\n\tCommandPath=\r\n\tCommandLine=&lt;/string&gt;\n</Data>\n<Binary></Binary>\n</EventData>\n</Event>\n"
  },
  {
    "record_id": 190,
    "timestamp": "2025-01-27 09:08:58.448334+00:00",
    "xml_data": "<Event xmlns=\"http://schemas.microsoft.com/win/2004/08/events/event\"><System><Provider Name=\"PowerShell\"></Provider>\n<EventID Qualifiers=\"0\">403</EventID>\n<Version>0</Version>\n<Level>4</Level>\n<Task>4</Task>\n<Opcode>0</Opcode>\n<Keywords>0x0080000000000000</Keywords>\n<TimeCreated SystemTime=\"2025-01-27 09:08:58.448334+00:00\"></TimeCreated>\n<EventRecordID>190</EventRecordID>\n<Correlation ActivityID=\"\" RelatedActivityID=\"\"></Correlation>\n<Execution ProcessID=\"5284\" ThreadID=\"0\"></Execution>\n<Channel>Windows PowerShell</Channel>\n<Computer>DESKTOP-M3AKJSD</Computer>\n<Security UserID=\"\"></Security>\n</System>\n<EventData><Data>&lt;string&gt;Stopped&lt;/string&gt;\n&lt;string&gt;Available&lt;/string&gt;\n&lt;string&gt;\tNewEngineState=Stopped\r\n\tPreviousEngineState=Available\r\n\r\n\tSequenceNumber=15\r\n\r\n\tHostName=ConsoleHost\r\n\tHostVersion=5.1.26100.1591\r\n\tHostId=1d7bb987-7342-44d0-a940-bc2373146457\r\n\tHostApplication=powershell.exe -NoProfile -Command &amp; {if($PSVersionTable.PSVersion.Major -ge 3){Import-Module 'C:\\Program Files\\Microsoft Visual Studio\\2022\\Community\\Common7\\Tools\\\\Microsoft.VisualStudio.DevShell.dll'; Send-VsDevShellTelemetry -NewInstanceType Cmd; }}\r\n\tEngineVersion=5.1.26100.1591\r\n\tRunspaceId=5a4f704b-e7f3-412e-a09f-1ab2eb4ef954\r\n\tPipelineId=\r\n\tCommandName=\r\n\tCommandType=\r\n\tScriptName=\r\n\tCommandPath=\r\n\tCommandLine=&lt;/string&gt;\n</Data>\n<Binary></Binary>\n</EventData>\n</Event>\n"
  },
  {
    "record_id": 191,
    "timestamp": "2025-03-11 13:21:08.114845+00:00",
    "xml_data": "<Event xmlns=\"http://schemas.microsoft.com/win/2004/08/events/event\"><System><Provider Name=\"PowerShell\"></Provider>\n<EventID Qualifiers=\"0\">600</EventID>\n<Version>0</Version>\n<Level>4</Level>\n<Task>6</Task>\n<Opcode>0</Opcode>\n<Keywords>0x0080000000000000</Keywords>\n<TimeCreated SystemTime=\"2025-03-11 13:21:08.114845+00:00\"></TimeCreated>\n<EventRecordID>191</EventRecordID>\n<Correlation ActivityID=\"\" RelatedActivityID=\"\"></Correlation>\n<Execution ProcessID=\"6548\" ThreadID=\"0\"></Execution>\n<Channel>Windows PowerShell</Channel>\n<Computer>DESKTOP-M3AKJSD</Computer>\n<Security UserID=\"\"></Security>\n</System>\n<EventData><Data>&lt;string&gt;Registry&lt;/string&gt;\n&lt;string&gt;Started&lt;/string&gt;\n&lt;string&gt;\tProviderName=Registry\r\n\tNewProviderState=Started\r\n\r\n\tSequenceNumber=1\r\n\r\n\tHostName=ConsoleHost\r\n\tHostVersion=5.1.26100.2161\r\n\tHostId=69a880d3-a93f-4c24-85ed-4638beca4bc4\r\n\tHostApplication=powershell.exe -ExecutionPolicy Restricted -Command \n $Res = 0\n [UInt64]$MinDiskSpaceThreshold = 20 * 1024 * 1024 * 1024\n\n try {\n $SystemDrive = (Get-CimInstance Win32_OperatingSystem).SystemDrive\n $SystemDriveLetter = $SystemDrive[0]\n $SystemDriveSpace = (Get-Volume -DriveLetter $SystemDriveLetter).SizeRemaining\n Write-Host 'Current system drive space:', $SystemDriveSpace.ToString('N0')\n if ($SystemDriveSpace -lt $MinDiskSpaceThreshold) {\n Write-Host 'System drive space is less than the threshold:', $MinDiskSpaceThreshold.ToString('N0'), 'Block Upgrade.'\n $Res = 1\n }\n } catch {\n # Do nothing\n }\n\n Write-Host 'Final result:', $Res\n\r\n\tEngineVersion=\r\n\tRunspaceId=\r\n\tPipelineId=\r\n\tCommandName=\r\n\tCommandType=\r\n\tScriptName=\r\n\tCommandPath=\r\n\tCommandLine=&lt;/string&gt;\n</Data>\n<Binary></Binary>\n</EventData>\n</Event>\n"
  },
