  {
    "record_id": 537,
    "timestamp": "2025-04-09 09:20:53.109640+00:00",
    "xml_data": "<Event xmlns=\"http://schemas.microsoft.com/win/2004/08/events/event\"><System><Provider Name=\"PowerShell\"></Provider>\n<EventID Qualifiers=\"0\">800</EventID>\n<Version>0</Version>\n<Level>4</Level>\n<Task>8</Task>\n<Opcode>0</Opcode>\n<Keywords>0x0080000000000000</Keywords>\n<TimeCreated SystemTime=\"2025-04-09 09:20:53.109640+00:00\"></TimeCreated>\n<EventRecordID>537</EventRecordID>\n<Correlation ActivityID=\"\" RelatedActivityID=\"\"></Correlation>\n<Execution ProcessID=\"6064\" ThreadID=\"0\"></Execution>\n<Channel>Windows PowerShell</Channel>\n<Computer>DESKTOP-M3AKJSD</Computer>\n<Security UserID=\"\"></Security>\n</System>\n<EventData><Data>&lt;string&gt;\tDetailSequence=1\r\n\tDetailTotal=1\r\n\r\n\tSequenceNumber=91\r\n\r\n\tUserId=DESKTOP-M3AKJSD\\User\r\n\tHostName=ConsoleHost\r\n\tHostVersion=5.1.26100.2161\r\n\tHostId=0fad0cf8-6cb6-4657-86f7-655ec22eed9f\r\n\tHostApplication=C:\\Windows\\SysWOW64\\WindowsPowerShell\\v1.0\\powershell.exe\r\n\tEngineVersion=5.1.26100.2161\r\n\tRunspaceId=2aeeba59-d0f6-4ce7-b41c-e07625b3beec\r\n\tPipelineId=38\r\n\tScriptName=\r\n\tCommandLine=&lt;/string&gt;\n&lt;string&gt;&lt;/string&gt;\n&lt;string&gt;CommandInvocation(PSConsoleHostReadLine): \"PSConsoleHostReadLine\"\r\n&lt;/string&gt;\n</Data>\n<Binary></Binary>\n</EventData>\n</Event>\n"
  },
  {
    "record_id": 538,
    "timestamp": "2025-04-09 09:20:53.115055+00:00",
    "xml_data": "<Event xmlns=\"http://schemas.microsoft.com/win/2004/08/events/event\"><System><Provider Name=\"PowerShell\"></Provider>\n<EventID Qualifiers=\"0\">800</EventID>\n<Version>0</Version>\n<Level>4</Level>\n<Task>8</Task>\n<Opcode>0</Opcode>\n<Keywords>0x0080000000000000</Keywords>\n<TimeCreated SystemTime=\"2025-04-09 09:20:53.115055+00:00\"></TimeCreated>\n<EventRecordID>538</EventRecordID>\n<Correlation ActivityID=\"\" RelatedActivityID=\"\"></Correlation>\n<Execution ProcessID=\"6064\" ThreadID=\"0\"></Execution>\n<Channel>Windows PowerShell</Channel>\n<Computer>DESKTOP-M3AKJSD</Computer>\n<Security UserID=\"\"></Security>\n</System>\n<EventData><Data>&lt;string&gt;    Microsoft.PowerShell.Core\\Set-StrictMode -Off\r\n&lt;/string&gt;\n&lt;string&gt;\tDetailSequence=1\r\n\tDetailTotal=1\r\n\r\n\tSequenceNumber=93\r\n\r\n\tUserId=DESKTOP-M3AKJSD\\User\r\n\tHostName=ConsoleHost\r\n\tHostVersion=5.1.26100.2161\r\n\tHostId=0fad0cf8-6cb6-4657-86f7-655ec22eed9f\r\n\tHostApplication=C:\\Windows\\SysWOW64\\WindowsPowerShell\\v1.0\\powershell.exe\r\n\tEngineVersion=5.1.26100.2161\r\n\tRunspaceId=2aeeba59-d0f6-4ce7-b41c-e07625b3beec\r\n\tPipelineId=40\r\n\tScriptName=C:\\Program Files\\WindowsPowerShell\\Modules\\PSReadLine\\2.0.0\\PSReadLine.psm1\r\n\tCommandLine=    Microsoft.PowerShell.Core\\Set-StrictMode -Off\r\n&lt;/string&gt;\n&lt;string&gt;CommandInvocation(Set-StrictMode): \"Set-StrictMode\"\r\nParameterBinding(Set-StrictMode): name=\"Off\"; value=\"True\"\r\n&lt;/string&gt;\n</Data>\n<Binary></Binary>\n</EventData>\n</Event>\n"
  },
  {
    "record_id": 539,
    "timestamp": "2025-04-09 09:20:53.119122+00:00",
    "xml_data": "<Event xmlns=\"http://schemas.microsoft.com/win/2004/08/events/event\"><System><Provider Name=\"PowerShell\"></Provider>\n<EventID Qualifiers=\"0\">800</EventID>\n<Version>0</Version>\n<Level>4</Level>\n<Task>8</Task>\n<Opcode>0</Opcode>\n<Keywords>0x0080000000000000</Keywords>\n<TimeCreated SystemTime=\"2025-04-09 09:20:53.119122+00:00\"></TimeCreated>\n<EventRecordID>539</EventRecordID>\n<Correlation ActivityID=\"\" RelatedActivityID=\"\"></Correlation>\n<Execution ProcessID=\"6064\" ThreadID=\"0\"></Execution>\n<Channel>Windows PowerShell</Channel>\n<Computer>DESKTOP-M3AKJSD</Computer>\n<Security UserID=\"\"></Security>\n</System>\n<EventData><Data>&lt;string&gt;\tDetailSequence=1\r\n\tDetailTotal=1\r\n\r\n\tSequenceNumber=95\r\n\r\n\tUserId=DESKTOP-M3AKJSD\\User\r\n\tHostName=ConsoleHost\r\n\tHostVersion=5.1.26100.2161\r\n\tHostId=0fad0cf8-6cb6-4657-86f7-655ec22eed9f\r\n\tHostApplication=C:\\Windows\\SysWOW64\\WindowsPowerShell\\v1.0\\powershell.exe\r\n\tEngineVersion=5.1.26100.2161\r\n\tRunspaceId=2aeeba59-d0f6-4ce7-b41c-e07625b3beec\r\n\tPipelineId=40\r\n\tScriptName=\r\n\tCommandLine=&lt;/string&gt;\n&lt;string&gt;&lt;/string&gt;\n&lt;string&gt;CommandInvocation(PSConsoleHostReadLine): \"PSConsoleHostReadLine\"\r\n&lt;/string&gt;\n</Data>\n<Binary></Binary>\n</EventData>\n</Event>\n"
  },
  {
    "record_id": 540,
    "timestamp": "2025-04-09 09:20:53.123533+00:00",
    "xml_data": "<Event xmlns=\"http://schemas.microsoft.com/win/2004/08/events/event\"><System><Provider Name=\"PowerShell\"></Provider>\n<EventID Qualifiers=\"0\">800</EventID>\n<Version>0</Version>\n<Level>4</Level>\n<Task>8</Task>\n<Opcode>0</Opcode>\n<Keywords>0x0080000000000000</Keywords>\n<TimeCreated SystemTime=\"2025-04-09 09:20:53.123533+00:00\"></TimeCreated>\n<EventRecordID>540</EventRecordID>\n<Correlation ActivityID=\"\" RelatedActivityID=\"\"></Correlation>\n<Execution ProcessID=\"6064\" ThreadID=\"0\"></Execution>\n<Channel>Windows PowerShell</Channel>\n<Computer>DESKTOP-M3AKJSD</Computer>\n<Security UserID=\"\"></Security>\n</System>\n<EventData><Data>&lt;string&gt;    Microsoft.PowerShell.Core\\Set-StrictMode -Off\r\n&lt;/string&gt;\n&lt;string&gt;\tDetailSequence=1\r\n\tDetailTotal=1\r\n\r\n\tSequenceNumber=97\r\n\r\n\tUserId=DESKTOP-M3AKJSD\\User\r\n\tHostName=ConsoleHost\r\n\tHostVersion=5.1.26100.2161\r\n\tHostId=0fad0cf8-6cb6-4657-86f7-655ec22eed9f\r\n\tHostApplication=C:\\Windows\\SysWOW64\\WindowsPowerShell\\v1.0\\powershell.exe\r\n\tEngineVersion=5.1.26100.2161\r\n\tRunspaceId=2aeeba59-d0f6-4ce7-b41c-e07625b3beec\r\n\tPipelineId=42\r\n\tScriptName=C:\\Program Files\\WindowsPowerShell\\Modules\\PSReadLine\\2.0.0\\PSReadLine.psm1\r\n\tCommandLine=    Microsoft.PowerShell.Core\\Set-StrictMode -Off\r\n&lt;/string&gt;\n&lt;string&gt;CommandInvocation(Set-StrictMode): \"Set-StrictMode\"\r\nParameterBinding(Set-StrictMode): name=\"Off\"; value=\"True\"\r\n&lt;/string&gt;\n</Data>\n<Binary></Binary>\n</EventData>\n</Event>\n"
  },
  {
    "record_id": 541,
    "timestamp": "2025-04-09 09:20:55.726828+00:00",
    "xml_data": "<Event xmlns=\"http://schemas.microsoft.com/win/2004/08/events/event\"><System><Provider Name=\"PowerShell\"></Provider>\n<EventID Qualifiers=\"0\">800</EventID>\n<Version>0</Version>\n<Level>4</Level>\n<Task>8</Task>\n<Opcode>0</Opcode>\n<Keywords>0x0080000000000000</Keywords>\n<TimeCreated SystemTime=\"2025-04-09 09:20:55.726828+00:00\"></TimeCreated>\n<EventRecordID>541</EventRecordID>\n<Correlation ActivityID=\"\" RelatedActivityID=\"\"></Correlation>\n<Execution ProcessID=\"6064\" ThreadID=\"0\"></Execution>\n<Channel>Windows PowerShell</Channel>\n<Computer>DESKTOP-M3AKJSD</Computer>\n<Security UserID=\"\"></Security>\n</System>\n<EventData><Data>&lt;string&gt;\tDetailSequence=1\r\n\tDetailTotal=1\r\n\r\n\tSequenceNumber=99\r\n\r\n\tUserId=DESKTOP-M3AKJSD\\User\r\n\tHostName=ConsoleHost\r\n\tHostVersion=5.1.26100.2161\r\n\tHostId=0fad0cf8-6cb6-4657-86f7-655ec22eed9f\r\n\tHostApplication=C:\\Windows\\SysWOW64\\WindowsPowerShell\\v1.0\\powershell.exe\r\n\tEngineVersion=5.1.26100.2161\r\n\tRunspaceId=2aeeba59-d0f6-4ce7-b41c-e07625b3beec\r\n\tPipelineId=42\r\n\tScriptName=\r\n\tCommandLine=&lt;/string&gt;\n&lt;string&gt;&lt;/string&gt;\n&lt;string&gt;CommandInvocation(PSConsoleHostReadLine): \"PSConsoleHostReadLine\"\r\n&lt;/string&gt;\n</Data>\n<Binary></Binary>\n</EventData>\n</Event>\n"
  },
  {
    "record_id": 542,
    "timestamp": "2025-04-09 09:20:55.837046+00:00",
    "xml_data": "<Event xmlns=\"http://schemas.microsoft.com/win/2004/08/events/event\"><System><Provider Name=\"PowerShell\"></Provider>\n<EventID Qualifiers=\"0\">800</EventID>\n<Version>0</Version>\n<Level>4</Level>\n<Task>8</Task>\n<Opcode>0</Opcode>\n<Keywords>0x0080000000000000</Keywords>\n<TimeCreated SystemTime=\"2025-04-09 09:20:55.837046+00:00\"></TimeCreated>\n<EventRecordID>542</EventRecordID>\n<Correlation ActivityID=\"\" RelatedActivityID=\"\"></Correlation>\n<Execution ProcessID=\"6064\" ThreadID=\"0\"></Execution>\n<Channel>Windows PowerShell</Channel>\n<Computer>DESKTOP-M3AKJSD</Computer>\n<Security UserID=\"\"></Security>\n</System>\n<EventData><Data>&lt;string&gt;    $hyperv = Get-ChildItem HKLM:\\SOFTWARE\\Microsoft\n&lt;/string&gt;\n&lt;string&gt;\tDetailSequence=1\r\n\tDetailTotal=1\r\n\r\n\tSequenceNumber=101\r\n\r\n\tUserId=DESKTOP-M3AKJSD\\User\r\n\tHostName=ConsoleHost\r\n\tHostVersion=5.1.26100.2161\r\n\tHostId=0fad0cf8-6cb6-4657-86f7-655ec22eed9f\r\n\tHostApplication=C:\\Windows\\SysWOW64\\WindowsPowerShell\\v1.0\\powershell.exe\r\n\tEngineVersion=5.1.26100.2161\r\n\tRunspaceId=2aeeba59-d0f6-4ce7-b41c-e07625b3beec\r\n\tPipelineId=43\r\n\tScriptName=\r\n\tCommandLine=    $hyperv = Get-ChildItem HKLM:\\SOFTWARE\\Microsoft\n&lt;/string&gt;\n&lt;string&gt;CommandInvocation(Get-ChildItem): \"Get-ChildItem\"\r\nParameterBinding(Get-ChildItem): name=\"Path\"; value=\"HKLM:\\SOFTWARE\\Microsoft\"\r\nNonTerminatingError(Get-ChildItem): \"Requested registry access is not allowed.\"\r\n&lt;/string&gt;\n</Data>\n<Binary></Binary>\n</EventData>\n</Event>\n"
  },
  {
    "record_id": 543,
    "timestamp": "2025-04-09 09:20:55.860287+00:00",
    "xml_data": "<Event xmlns=\"http://schemas.microsoft.com/win/2004/08/events/event\"><System><Provider Name=\"PowerShell\"></Provider>\n<EventID Qualifiers=\"0\">800</EventID>\n<Version>0</Version>\n<Level>4</Level>\n<Task>8</Task>\n<Opcode>0</Opcode>\n<Keywords>0x0080000000000000</Keywords>\n<TimeCreated SystemTime=\"2025-04-09 09:20:55.860287+00:00\"></TimeCreated>\n<EventRecordID>543</EventRecordID>\n<Correlation ActivityID=\"\" RelatedActivityID=\"\"></Correlation>\n<Execution ProcessID=\"6064\" ThreadID=\"0\"></Execution>\n<Channel>Windows PowerShell</Channel>\n<Computer>DESKTOP-M3AKJSD</Computer>\n<Security UserID=\"\"></Security>\n</System>\n<EventData><Data>&lt;string&gt;            $hyperv = Get-ItemProperty hklm:\\HARDWARE\\DESCRIPTION\\System -Name SystemBiosVersion\n&lt;/string&gt;\n&lt;string&gt;\tDetailSequence=1\r\n\tDetailTotal=1\r\n\r\n\tSequenceNumber=103\r\n\r\n\tUserId=DESKTOP-M3AKJSD\\User\r\n\tHostName=ConsoleHost\r\n\tHostVersion=5.1.26100.2161\r\n\tHostId=0fad0cf8-6cb6-4657-86f7-655ec22eed9f\r\n\tHostApplication=C:\\Windows\\SysWOW64\\WindowsPowerShell\\v1.0\\powershell.exe\r\n\tEngineVersion=5.1.26100.2161\r\n\tRunspaceId=2aeeba59-d0f6-4ce7-b41c-e07625b3beec\r\n\tPipelineId=43\r\n\tScriptName=\r\n\tCommandLine=            $hyperv = Get-ItemProperty hklm:\\HARDWARE\\DESCRIPTION\\System -Name SystemBiosVersion\n&lt;/string&gt;\n&lt;string&gt;CommandInvocation(Get-ItemProperty): \"Get-ItemProperty\"\r\nParameterBinding(Get-ItemProperty): name=\"Name\"; value=\"SystemBiosVersion\"\r\nParameterBinding(Get-ItemProperty): name=\"Path\"; value=\"hklm:\\HARDWARE\\DESCRIPTION\\System\"\r\n&lt;/string&gt;\n</Data>\n<Binary></Binary>\n</EventData>\n</Event>\n"
  },
  {
    "record_id": 544,
    "timestamp": "2025-04-09 09:20:55.871372+00:00",
    "xml_data": "<Event xmlns=\"http://schemas.microsoft.com/win/2004/08/events/event\"><System><Provider Name=\"PowerShell\"></Provider>\n<EventID Qualifiers=\"0\">800</EventID>\n<Version>0</Version>\n<Level>4</Level>\n<Task>8</Task>\n<Opcode>0</Opcode>\n<Keywords>0x0080000000000000</Keywords>\n<TimeCreated SystemTime=\"2025-04-09 09:20:55.871372+00:00\"></TimeCreated>\n<EventRecordID>544</EventRecordID>\n<Correlation ActivityID=\"\" RelatedActivityID=\"\"></Correlation>\n<Execution ProcessID=\"6064\" ThreadID=\"0\"></Execution>\n<Channel>Windows PowerShell</Channel>\n<Computer>DESKTOP-M3AKJSD</Computer>\n<Security UserID=\"\"></Security>\n</System>\n<EventData><Data>&lt;string&gt;            $hyperv = Get-ChildItem HKLM:\\HARDWARE\\ACPI\\FADT\n&lt;/string&gt;\n&lt;string&gt;\tDetailSequence=1\r\n\tDetailTotal=1\r\n\r\n\tSequenceNumber=105\r\n\r\n\tUserId=DESKTOP-M3AKJSD\\User\r\n\tHostName=ConsoleHost\r\n\tHostVersion=5.1.26100.2161\r\n\tHostId=0fad0cf8-6cb6-4657-86f7-655ec22eed9f\r\n\tHostApplication=C:\\Windows\\SysWOW64\\WindowsPowerShell\\v1.0\\powershell.exe\r\n\tEngineVersion=5.1.26100.2161\r\n\tRunspaceId=2aeeba59-d0f6-4ce7-b41c-e07625b3beec\r\n\tPipelineId=43\r\n\tScriptName=\r\n\tCommandLine=            $hyperv = Get-ChildItem HKLM:\\HARDWARE\\ACPI\\FADT\n&lt;/string&gt;\n&lt;string&gt;CommandInvocation(Get-ChildItem): \"Get-ChildItem\"\r\nParameterBinding(Get-ChildItem): name=\"Path\"; value=\"HKLM:\\HARDWARE\\ACPI\\FADT\"\r\n&lt;/string&gt;\n</Data>\n<Binary></Binary>\n</EventData>\n</Event>\n"
  },
  {
    "record_id": 545,
    "timestamp": "2025-04-09 09:20:55.873432+00:00",
    "xml_data": "<Event xmlns=\"http://schemas.microsoft.com/win/2004/08/events/event\"><System><Provider Name=\"PowerShell\"></Provider>\n<EventID Qualifiers=\"0\">800</EventID>\n<Version>0</Version>\n<Level>4</Level>\n<Task>8</Task>\n<Opcode>0</Opcode>\n<Keywords>0x0080000000000000</Keywords>\n<TimeCreated SystemTime=\"2025-04-09 09:20:55.873432+00:00\"></TimeCreated>\n<EventRecordID>545</EventRecordID>\n<Correlation ActivityID=\"\" RelatedActivityID=\"\"></Correlation>\n<Execution ProcessID=\"6064\" ThreadID=\"0\"></Execution>\n<Channel>Windows PowerShell</Channel>\n<Computer>DESKTOP-M3AKJSD</Computer>\n<Security UserID=\"\"></Security>\n</System>\n<EventData><Data>&lt;string&gt;            $hyperv = Get-ChildItem HKLM:\\HARDWARE\\ACPI\\RSDT\n&lt;/string&gt;\n&lt;string&gt;\tDetailSequence=1\r\n\tDetailTotal=1\r\n\r\n\tSequenceNumber=107\r\n\r\n\tUserId=DESKTOP-M3AKJSD\\User\r\n\tHostName=ConsoleHost\r\n\tHostVersion=5.1.26100.2161\r\n\tHostId=0fad0cf8-6cb6-4657-86f7-655ec22eed9f\r\n\tHostApplication=C:\\Windows\\SysWOW64\\WindowsPowerShell\\v1.0\\powershell.exe\r\n\tEngineVersion=5.1.26100.2161\r\n\tRunspaceId=2aeeba59-d0f6-4ce7-b41c-e07625b3beec\r\n\tPipelineId=43\r\n\tScriptName=\r\n\tCommandLine=            $hyperv = Get-ChildItem HKLM:\\HARDWARE\\ACPI\\RSDT\n&lt;/string&gt;\n&lt;string&gt;CommandInvocation(Get-ChildItem): \"Get-ChildItem\"\r\nParameterBinding(Get-ChildItem): name=\"Path\"; value=\"HKLM:\\HARDWARE\\ACPI\\RSDT\"\r\n&lt;/string&gt;\n</Data>\n<Binary></Binary>\n</EventData>\n</Event>\n"
  },
  {
    "record_id": 546,
    "timestamp": "2025-04-09 09:20:56.132328+00:00",
    "xml_data": "<Event xmlns=\"http://schemas.microsoft.com/win/2004/08/events/event\"><System><Provider Name=\"PowerShell\"></Provider>\n<EventID Qualifiers=\"0\">800</EventID>\n<Version>0</Version>\n<Level>4</Level>\n<Task>8</Task>\n<Opcode>0</Opcode>\n<Keywords>0x0080000000000000</Keywords>\n<TimeCreated SystemTime=\"2025-04-09 09:20:56.132328+00:00\"></TimeCreated>\n<EventRecordID>546</EventRecordID>\n<Correlation ActivityID=\"\" RelatedActivityID=\"\"></Correlation>\n<Execution ProcessID=\"6064\" ThreadID=\"0\"></Execution>\n<Channel>Windows PowerShell</Channel>\n<Computer>DESKTOP-M3AKJSD</Computer>\n<Security UserID=\"\"></Security>\n</System>\n<EventData><Data>&lt;string&gt;            $hyperv = Get-ChildItem HKLM:\\SYSTEM\\ControlSet001\\Services\n&lt;/string&gt;\n&lt;string&gt;\tDetailSequence=1\r\n\tDetailTotal=1\r\n\r\n\tSequenceNumber=109\r\n\r\n\tUserId=DESKTOP-M3AKJSD\\User\r\n\tHostName=ConsoleHost\r\n\tHostVersion=5.1.26100.2161\r\n\tHostId=0fad0cf8-6cb6-4657-86f7-655ec22eed9f\r\n\tHostApplication=C:\\Windows\\SysWOW64\\WindowsPowerShell\\v1.0\\powershell.exe\r\n\tEngineVersion=5.1.26100.2161\r\n\tRunspaceId=2aeeba59-d0f6-4ce7-b41c-e07625b3beec\r\n\tPipelineId=43\r\n\tScriptName=\r\n\tCommandLine=            $hyperv = Get-ChildItem HKLM:\\SYSTEM\\ControlSet001\\Services\n&lt;/string&gt;\n&lt;string&gt;CommandInvocation(Get-ChildItem): \"Get-ChildItem\"\r\nParameterBinding(Get-ChildItem): name=\"Path\"; value=\"HKLM:\\SYSTEM\\ControlSet001\\Services\"\r\n&lt;/string&gt;\n</Data>\n<Binary></Binary>\n</EventData>\n</Event>\n"
  },
  {
    "record_id": 547,
    "timestamp": "2025-04-09 09:20:56.366364+00:00",
    "xml_data": "<Event xmlns=\"http://schemas.microsoft.com/win/2004/08/events/event\"><System><Provider Name=\"PowerShell\"></Provider>\n<EventID Qualifiers=\"0\">800</EventID>\n<Version>0</Version>\n<Level>4</Level>\n<Task>8</Task>\n<Opcode>0</Opcode>\n<Keywords>0x0080000000000000</Keywords>\n<TimeCreated SystemTime=\"2025-04-09 09:20:56.366364+00:00\"></TimeCreated>\n<EventRecordID>547</EventRecordID>\n<Correlation ActivityID=\"\" RelatedActivityID=\"\"></Correlation>\n<Execution ProcessID=\"6064\" ThreadID=\"0\"></Execution>\n<Channel>Windows PowerShell</Channel>\n<Computer>DESKTOP-M3AKJSD</Computer>\n<Security UserID=\"\"></Security>\n</System>\n<EventData><Data>&lt;string&gt;    $vmware = Get-ChildItem HKLM:\\SYSTEM\\ControlSet001\\Services\n&lt;/string&gt;\n&lt;string&gt;\tDetailSequence=1\r\n\tDetailTotal=1\r\n\r\n\tSequenceNumber=111\r\n\r\n\tUserId=DESKTOP-M3AKJSD\\User\r\n\tHostName=ConsoleHost\r\n\tHostVersion=5.1.26100.2161\r\n\tHostId=0fad0cf8-6cb6-4657-86f7-655ec22eed9f\r\n\tHostApplication=C:\\Windows\\SysWOW64\\WindowsPowerShell\\v1.0\\powershell.exe\r\n\tEngineVersion=5.1.26100.2161\r\n\tRunspaceId=2aeeba59-d0f6-4ce7-b41c-e07625b3beec\r\n\tPipelineId=43\r\n\tScriptName=\r\n\tCommandLine=    $vmware = Get-ChildItem HKLM:\\SYSTEM\\ControlSet001\\Services\n&lt;/string&gt;\n&lt;string&gt;CommandInvocation(Get-ChildItem): \"Get-ChildItem\"\r\nParameterBinding(Get-ChildItem): name=\"Path\"; value=\"HKLM:\\SYSTEM\\ControlSet001\\Services\"\r\n&lt;/string&gt;\n</Data>\n<Binary></Binary>\n</EventData>\n</Event>\n"
  },
  {
    "record_id": 548,
    "timestamp": "2025-04-09 09:20:56.384762+00:00",
    "xml_data": "<Event xmlns=\"http://schemas.microsoft.com/win/2004/08/events/event\"><System><Provider Name=\"PowerShell\"></Provider>\n<EventID Qualifiers=\"0\">800</EventID>\n<Version>0</Version>\n<Level>4</Level>\n<Task>8</Task>\n<Opcode>0</Opcode>\n<Keywords>0x0080000000000000</Keywords>\n<TimeCreated SystemTime=\"2025-04-09 09:20:56.384762+00:00\"></TimeCreated>\n<EventRecordID>548</EventRecordID>\n<Correlation ActivityID=\"\" RelatedActivityID=\"\"></Correlation>\n<Execution ProcessID=\"6064\" ThreadID=\"0\"></Execution>\n<Channel>Windows PowerShell</Channel>\n<Computer>DESKTOP-M3AKJSD</Computer>\n<Security UserID=\"\"></Security>\n</System>\n<EventData><Data>&lt;string&gt;    $vpc = Get-Process\n&lt;/string&gt;\n&lt;string&gt;\tDetailSequence=1\r\n\tDetailTotal=1\r\n\r\n\tSequenceNumber=113\r\n\r\n\tUserId=DESKTOP-M3AKJSD\\User\r\n\tHostName=ConsoleHost\r\n\tHostVersion=5.1.26100.2161\r\n\tHostId=0fad0cf8-6cb6-4657-86f7-655ec22eed9f\r\n\tHostApplication=C:\\Windows\\SysWOW64\\WindowsPowerShell\\v1.0\\powershell.exe\r\n\tEngineVersion=5.1.26100.2161\r\n\tRunspaceId=2aeeba59-d0f6-4ce7-b41c-e07625b3beec\r\n\tPipelineId=43\r\n\tScriptName=\r\n\tCommandLine=    $vpc = Get-Process\n&lt;/string&gt;\n&lt;string&gt;CommandInvocation(Get-Process): \"Get-Process\"\r\n&lt;/string&gt;\n</Data>\n<Binary></Binary>\n</EventData>\n</Event>\n"
  },
  {
    "record_id": 549,
    "timestamp": "2025-04-09 09:20:56.399200+00:00",
    "xml_data": "<Event xmlns=\"http://schemas.microsoft.com/win/2004/08/events/event\"><System><Provider Name=\"PowerShell\"></Provider>\n<EventID Qualifiers=\"0\">800</EventID>\n<Version>0</Version>\n<Level>4</Level>\n<Task>8</Task>\n<Opcode>0</Opcode>\n<Keywords>0x0080000000000000</Keywords>\n<TimeCreated SystemTime=\"2025-04-09 09:20:56.399200+00:00\"></TimeCreated>\n<EventRecordID>549</EventRecordID>\n<Correlation ActivityID=\"\" RelatedActivityID=\"\"></Correlation>\n<Execution ProcessID=\"6064\" ThreadID=\"0\"></Execution>\n<Channel>Windows PowerShell</Channel>\n<Computer>DESKTOP-M3AKJSD</Computer>\n<Security UserID=\"\"></Security>\n</System>\n<EventData><Data>&lt;string&gt;            $vpc = Get-Process\n&lt;/string&gt;\n&lt;string&gt;\tDetailSequence=1\r\n\tDetailTotal=1\r\n\r\n\tSequenceNumber=115\r\n\r\n\tUserId=DESKTOP-M3AKJSD\\User\r\n\tHostName=ConsoleHost\r\n\tHostVersion=5.1.26100.2161\r\n\tHostId=0fad0cf8-6cb6-4657-86f7-655ec22eed9f\r\n\tHostApplication=C:\\Windows\\SysWOW64\\WindowsPowerShell\\v1.0\\powershell.exe\r\n\tEngineVersion=5.1.26100.2161\r\n\tRunspaceId=2aeeba59-d0f6-4ce7-b41c-e07625b3beec\r\n\tPipelineId=43\r\n\tScriptName=\r\n\tCommandLine=            $vpc = Get-Process\n&lt;/string&gt;\n&lt;string&gt;CommandInvocation(Get-Process): \"Get-Process\"\r\n&lt;/string&gt;\n</Data>\n<Binary></Binary>\n</EventData>\n</Event>\n"
  },
  {
    "record_id": 550,
    "timestamp": "2025-04-09 09:20:56.652134+00:00",
    "xml_data": "<Event xmlns=\"http://schemas.microsoft.com/win/2004/08/events/event\"><System><Provider Name=\"PowerShell\"></Provider>\n<EventID Qualifiers=\"0\">800</EventID>\n<Version>0</Version>\n<Level>4</Level>\n<Task>8</Task>\n<Opcode>0</Opcode>\n<Keywords>0x0080000000000000</Keywords>\n<TimeCreated SystemTime=\"2025-04-09 09:20:56.652134+00:00\"></TimeCreated>\n<EventRecordID>550</EventRecordID>\n<Correlation ActivityID=\"\" RelatedActivityID=\"\"></Correlation>\n<Execution ProcessID=\"6064\" ThreadID=\"0\"></Execution>\n<Channel>Windows PowerShell</Channel>\n<Computer>DESKTOP-M3AKJSD</Computer>\n<Security UserID=\"\"></Security>\n</System>\n<EventData><Data>&lt;string&gt;            $vpc = Get-ChildItem HKLM:\\SYSTEM\\ControlSet001\\Services\n&lt;/string&gt;\n&lt;string&gt;\tDetailSequence=1\r\n\tDetailTotal=1\r\n\r\n\tSequenceNumber=117\r\n\r\n\tUserId=DESKTOP-M3AKJSD\\User\r\n\tHostName=ConsoleHost\r\n\tHostVersion=5.1.26100.2161\r\n\tHostId=0fad0cf8-6cb6-4657-86f7-655ec22eed9f\r\n\tHostApplication=C:\\Windows\\SysWOW64\\WindowsPowerShell\\v1.0\\powershell.exe\r\n\tEngineVersion=5.1.26100.2161\r\n\tRunspaceId=2aeeba59-d0f6-4ce7-b41c-e07625b3beec\r\n\tPipelineId=43\r\n\tScriptName=\r\n\tCommandLine=            $vpc = Get-ChildItem HKLM:\\SYSTEM\\ControlSet001\\Services\n&lt;/string&gt;\n&lt;string&gt;CommandInvocation(Get-ChildItem): \"Get-ChildItem\"\r\nParameterBinding(Get-ChildItem): name=\"Path\"; value=\"HKLM:\\SYSTEM\\ControlSet001\\Services\"\r\n&lt;/string&gt;\n</Data>\n<Binary></Binary>\n</EventData>\n</Event>\n"
  },
  {
    "record_id": 551,
    "timestamp": "2025-04-09 09:20:56.659332+00:00",
    "xml_data": "<Event xmlns=\"http://schemas.microsoft.com/win/2004/08/events/event\"><System><Provider Name=\"PowerShell\"></Provider>\n<EventID Qualifiers=\"0\">800</EventID>\n<Version>0</Version>\n<Level>4</Level>\n<Task>8</Task>\n<Opcode>0</Opcode>\n<Keywords>0x0080000000000000</Keywords>\n<TimeCreated SystemTime=\"2025-04-09 09:20:56.659332+00:00\"></TimeCreated>\n<EventRecordID>551</EventRecordID>\n<Correlation ActivityID=\"\" RelatedActivityID=\"\"></Correlation>\n<Execution ProcessID=\"6064\" ThreadID=\"0\"></Execution>\n<Channel>Windows PowerShell</Channel>\n<Computer>DESKTOP-M3AKJSD</Computer>\n<Security UserID=\"\"></Security>\n</System>\n<EventData><Data>&lt;string&gt;    $vb = Get-Process\n&lt;/string&gt;\n&lt;string&gt;\tDetailSequence=1\r\n\tDetailTotal=1\r\n\r\n\tSequenceNumber=119\r\n\r\n\tUserId=DESKTOP-M3AKJSD\\User\r\n\tHostName=ConsoleHost\r\n\tHostVersion=5.1.26100.2161\r\n\tHostId=0fad0cf8-6cb6-4657-86f7-655ec22eed9f\r\n\tHostApplication=C:\\Windows\\SysWOW64\\WindowsPowerShell\\v1.0\\powershell.exe\r\n\tEngineVersion=5.1.26100.2161\r\n\tRunspaceId=2aeeba59-d0f6-4ce7-b41c-e07625b3beec\r\n\tPipelineId=43\r\n\tScriptName=\r\n\tCommandLine=    $vb = Get-Process\n&lt;/string&gt;\n&lt;string&gt;CommandInvocation(Get-Process): \"Get-Process\"\r\n&lt;/string&gt;\n</Data>\n<Binary></Binary>\n</EventData>\n</Event>\n"
  },
  {
    "record_id": 552,
    "timestamp": "2025-04-09 09:20:56.661612+00:00",
    "xml_data": "<Event xmlns=\"http://schemas.microsoft.com/win/2004/08/events/event\"><System><Provider Name=\"PowerShell\"></Provider>\n<EventID Qualifiers=\"0\">800</EventID>\n<Version>0</Version>\n<Level>4</Level>\n<Task>8</Task>\n<Opcode>0</Opcode>\n<Keywords>0x0080000000000000</Keywords>\n<TimeCreated SystemTime=\"2025-04-09 09:20:56.661612+00:00\"></TimeCreated>\n<EventRecordID>552</EventRecordID>\n<Correlation ActivityID=\"\" RelatedActivityID=\"\"></Correlation>\n<Execution ProcessID=\"6064\" ThreadID=\"0\"></Execution>\n<Channel>Windows PowerShell</Channel>\n<Computer>DESKTOP-M3AKJSD</Computer>\n<Security UserID=\"\"></Security>\n</System>\n<EventData><Data>&lt;string&gt;            $vb = Get-ChildItem HKLM:\\HARDWARE\\ACPI\\FADT\n&lt;/string&gt;\n&lt;string&gt;\tDetailSequence=1\r\n\tDetailTotal=1\r\n\r\n\tSequenceNumber=121\r\n\r\n\tUserId=DESKTOP-M3AKJSD\\User\r\n\tHostName=ConsoleHost\r\n\tHostVersion=5.1.26100.2161\r\n\tHostId=0fad0cf8-6cb6-4657-86f7-655ec22eed9f\r\n\tHostApplication=C:\\Windows\\SysWOW64\\WindowsPowerShell\\v1.0\\powershell.exe\r\n\tEngineVersion=5.1.26100.2161\r\n\tRunspaceId=2aeeba59-d0f6-4ce7-b41c-e07625b3beec\r\n\tPipelineId=43\r\n\tScriptName=\r\n\tCommandLine=            $vb = Get-ChildItem HKLM:\\HARDWARE\\ACPI\\FADT\n&lt;/string&gt;\n&lt;string&gt;CommandInvocation(Get-ChildItem): \"Get-ChildItem\"\r\nParameterBinding(Get-ChildItem): name=\"Path\"; value=\"HKLM:\\HARDWARE\\ACPI\\FADT\"\r\n&lt;/string&gt;\n</Data>\n<Binary></Binary>\n</EventData>\n</Event>\n"
  },
  {
    "record_id": 553,
    "timestamp": "2025-04-09 09:20:56.662899+00:00",
    "xml_data": "<Event xmlns=\"http://schemas.microsoft.com/win/2004/08/events/event\"><System><Provider Name=\"PowerShell\"></Provider>\n<EventID Qualifiers=\"0\">800</EventID>\n<Version>0</Version>\n<Level>4</Level>\n<Task>8</Task>\n<Opcode>0</Opcode>\n<Keywords>0x0080000000000000</Keywords>\n<TimeCreated SystemTime=\"2025-04-09 09:20:56.662899+00:00\"></TimeCreated>\n<EventRecordID>553</EventRecordID>\n<Correlation ActivityID=\"\" RelatedActivityID=\"\"></Correlation>\n<Execution ProcessID=\"6064\" ThreadID=\"0\"></Execution>\n<Channel>Windows PowerShell</Channel>\n<Computer>DESKTOP-M3AKJSD</Computer>\n<Security UserID=\"\"></Security>\n</System>\n<EventData><Data>&lt;string&gt;            $vb = Get-ChildItem HKLM:\\HARDWARE\\ACPI\\RSDT\n&lt;/string&gt;\n&lt;string&gt;\tDetailSequence=1\r\n\tDetailTotal=1\r\n\r\n\tSequenceNumber=123\r\n\r\n\tUserId=DESKTOP-M3AKJSD\\User\r\n\tHostName=ConsoleHost\r\n\tHostVersion=5.1.26100.2161\r\n\tHostId=0fad0cf8-6cb6-4657-86f7-655ec22eed9f\r\n\tHostApplication=C:\\Windows\\SysWOW64\\WindowsPowerShell\\v1.0\\powershell.exe\r\n\tEngineVersion=5.1.26100.2161\r\n\tRunspaceId=2aeeba59-d0f6-4ce7-b41c-e07625b3beec\r\n\tPipelineId=43\r\n\tScriptName=\r\n\tCommandLine=            $vb = Get-ChildItem HKLM:\\HARDWARE\\ACPI\\RSDT\n&lt;/string&gt;\n&lt;string&gt;CommandInvocation(Get-ChildItem): \"Get-ChildItem\"\r\nParameterBinding(Get-ChildItem): name=\"Path\"; value=\"HKLM:\\HARDWARE\\ACPI\\RSDT\"\r\n&lt;/string&gt;\n</Data>\n<Binary></Binary>\n</EventData>\n</Event>\n"
  },
  {
    "record_id": 554,
    "timestamp": "2025-04-09 09:20:56.710354+00:00",
    "xml_data": "<Event xmlns=\"http://schemas.microsoft.com/win/2004/08/events/event\"><System><Provider Name=\"PowerShell\"></Provider>\n<EventID Qualifiers=\"0\">800</EventID>\n<Version>0</Version>\n<Level>4</Level>\n<Task>8</Task>\n<Opcode>0</Opcode>\n<Keywords>0x0080000000000000</Keywords>\n<TimeCreated SystemTime=\"2025-04-09 09:20:56.710354+00:00\"></TimeCreated>\n<EventRecordID>554</EventRecordID>\n<Correlation ActivityID=\"\" RelatedActivityID=\"\"></Correlation>\n<Execution ProcessID=\"6064\" ThreadID=\"0\"></Execution>\n<Channel>Windows PowerShell</Channel>\n<Computer>DESKTOP-M3AKJSD</Computer>\n<Security UserID=\"\"></Security>\n</System>\n<EventData><Data>&lt;string&gt;            $vb = Get-Childitem hklm:\\hardware\\devicemap\\scsi -recurse | gp -Name identifier\n&lt;/string&gt;\n&lt;string&gt;\tDetailSequence=1\r\n\tDetailTotal=2\r\n\r\n\tSequenceNumber=125\r\n\r\n\tUserId=DESKTOP-M3AKJSD\\User\r\n\tHostName=ConsoleHost\r\n\tHostVersion=5.1.26100.2161\r\n\tHostId=0fad0cf8-6cb6-4657-86f7-655ec22eed9f\r\n\tHostApplication=C:\\Windows\\SysWOW64\\WindowsPowerShell\\v1.0\\powershell.exe\r\n\tEngineVersion=5.1.26100.2161\r\n\tRunspaceId=2aeeba59-d0f6-4ce7-b41c-e07625b3beec\r\n\tPipelineId=43\r\n\tScriptName=\r\n\tCommandLine=            $vb = Get-Childitem hklm:\\hardware\\devicemap\\scsi -recurse | gp -Name identifier\n&lt;/string&gt;\n&lt;string&gt;CommandInvocation(Get-ChildItem): \"Get-ChildItem\"\r\nParameterBinding(Get-ChildItem): name=\"Recurse\"; value=\"True\"\r\nParameterBinding(Get-ChildItem): name=\"Path\"; value=\"hklm:\\hardware\\devicemap\\scsi\"\r\nCommandInvocation(Get-ItemProperty): \"Get-ItemProperty\"\r\nParameterBinding(Get-ItemProperty): name=\"Name\"; value=\"identifier\"\r\nParameterBinding(Get-ItemProperty): name=\"LiteralPath\"; value=\"Microsoft.PowerShell.Core\\Registry::HKEY_LOCAL_MACHINE\\hardware\\devicemap\\scsi\\Scsi Port 2\"\r\nNonTerminatingError(Get-ItemProperty): \"Property identifier does not exist at path HKEY_LOCAL_MACHINE\\hardware\\devicemap\\scsi\\Scsi Port 2.\"\r\nParameterBinding(Get-ItemProperty): name=\"LiteralPath\"; value=\"Microsoft.PowerShell.Core\\Registry::HKEY_LOCAL_MACHINE\\hardware\\devicemap\\scsi\\Scsi Port 2\\Scsi Bus 0\"\r\nNonTerminatingError(Get-ItemProperty): \"Property identifier does not exist at path HKEY_LOCAL_MACHINE\\hardware\\devicemap\\scsi\\Scsi Port 2\\Scsi Bus 0.\"\r\nParameterBinding(Get-ItemProperty): name=\"LiteralPath\"; value=\"Microsoft.PowerShell.Core\\Registry::HKEY_LOCAL_MACHINE\\hardware\\devicemap\\scsi\\Scsi Port 2\\Scsi Bus 0\\Initiator Id 255\"\r\nNonTerminatingError(Get-ItemProperty): \"Property identifier does not exist at path HKEY_LOCAL_MACHINE\\hardware\\devicemap\\scsi\\Scsi Port 2\\Scsi Bus 0\\Initiator Id 255.\"\r\nParameterBinding(Get-ItemProperty): name=\"LiteralPath\"; value=\"Microsoft.PowerShell.Core\\Registry::HKEY_LOCAL_MACHINE\\hardware\\devicemap\\scsi\\Scsi Port 2\\Scsi Bus 1\"\r\nNonTerminatingError(Get-ItemProperty): \"Property identifier does not exist at path HKEY_LOCAL_MACHINE\\hardware\\devicemap\\scsi\\Scsi Port 2\\Scsi Bus 1.\"\r\nParameterBinding(Get-ItemProperty): name=\"LiteralPath\"; value=\"Microsoft.PowerShell.Core\\Registry::HKEY_LOCAL_MACHINE\\hardware\\devicemap\\scsi\\Scsi Port 2\\Scsi Bus 1\\Initiator Id 255\"\r\nNonTerminatingError(Get-ItemProperty): \"Property identifier does not exist at path HKEY_LOCAL_MACHINE\\hardware\\devicemap\\scsi\\Scsi Port 2\\Scsi Bus 1\\Initiator Id 255.\"\r\nParameterBinding(Get-ItemProperty): name=\"LiteralPath\"; value=\"Microsoft.PowerShell.Core\\Registry::HKEY_LOCAL_MACHINE\\hardware\\devicemap\\scsi\\Scsi Port 2\\Scsi Bus 1\\Target Id 0\"\r\nNonTerminatingError(Get-ItemProperty): \"Property identifier does not exist at path HKEY_LOCAL_MACHINE\\hardware\\devicemap\\scsi\\Scsi Port 2\\Scsi Bus 1\\Target Id 0.\"\r\nParameterBinding(Get-ItemProperty): name=\"LiteralPath\"; value=\"Microsoft.PowerShell.Core\\Registry::HKEY_LOCAL_MACHINE\\hardware\\devicemap\\scsi\\Scsi Port 2\\Scsi Bus 1\\Target Id 0\\Logical Unit Id 0\"\r\nParameterBinding(Get-ItemProperty): name=\"LiteralPath\"; value=\"Microsoft.PowerShell.Core\\Registry::HKEY_LOCAL_MACHINE\\hardware\\devicemap\\scsi\\Scsi Port 2\\Scsi Bus 10\"\r\nNonTerminatingError(Get-ItemProperty): \"Property identifier does not exist at path HKEY_LOCAL_MACHINE\\hardware\\devicemap\\scsi\\Scsi Port 2\\Scsi Bus 10.\"\r\nParameterBinding(Get-ItemProperty): name=\"LiteralPath\"; value=\"Microsoft.PowerShell.Core\\Registry::HKEY_LOCAL_MACHINE\\hardware\\devicemap\\scsi\\Scsi Port 2\\Scsi Bus 10\\Initiator Id 255\"\r\nNonTerminatingError(Get-ItemProperty): \"Property identifier does not exist at path HKEY_LOCAL_MACHINE\\hardware\\devicemap\\scsi\\Scsi Port 2\\Scsi Bus 10\\Initiator Id 255.\"\r\nParameterBinding(Get-ItemProperty): name=\"LiteralPath\"; value=\"Microsoft.PowerShell.Core\\Registry::HKEY_LOCAL_MACHINE\\hardware\\devicemap\\scsi\\Scsi Port 2\\Scsi Bus 11\"\r\nNonTerminatingError(Get-ItemProperty): \"Property identifier does not exist at path HKEY_LOCAL_MACHINE\\hardware\\devicemap\\scsi\\Scsi Port 2\\Scsi Bus 11.\"\r\nParameterBinding(Get-ItemProperty): name=\"LiteralPath\"; value=\"Microsoft.PowerShell.Core\\Registry::HKEY_LOCAL_MACHINE\\hardware\\devicemap\\scsi\\Scsi Port 2\\Scsi Bus 11\\Initiator Id 255\"\r\nNonTerminatingError(Get-ItemProperty): \"Property identifier does not exist at path HKEY_LOCAL_MACHINE\\hardware\\devicemap\\scsi\\Scsi Port 2\\Scsi Bus 11\\Initiator Id 255.\"\r\nParameterBinding(Get-ItemProperty): name=\"LiteralPath\"; value=\"Microsoft.PowerShell.Core\\Registry::HKEY_LOCAL_MACHINE\\hardware\\devicemap\\scsi\\Scsi Port 2\\Scsi Bus 12\"\r\nNonTerminatingError(Get-ItemProperty): \"Property identifier does not exist at path HKEY_LOCAL_MACHINE\\hardware\\devicemap\\scsi\\Scsi Port 2\\Scsi Bus 12.\"\r\nParameterBinding(Get-ItemProperty): name=\"LiteralPath\"; value=\"Microsoft.PowerShell.Core\\Registry::HKEY_LOCAL_MACHINE\\hardware\\devicemap\\scsi\\Scsi Port 2\\Scsi Bus 12\\Initiator Id 255\"\r\nNonTerminatingError(Get-ItemProperty): \"Property identifier does not exist at path HKEY_LOCAL_MACHINE\\hardware\\devicemap\\scsi\\Scsi Port 2\\Scsi Bus 12\\Initiator Id 255.\"\r\nParameterBinding(Get-ItemProperty): name=\"LiteralPath\"; value=\"Microsoft.PowerShell.Core\\Registry::HKEY_LOCAL_MACHINE\\hardware\\devicemap\\scsi\\Scsi Port 2\\Scsi Bus 13\"\r\nNonTerminatingError(Get-ItemProperty): \"Property identifier does not exist at path HKEY_LOCAL_MACHINE\\hardware\\devicemap\\scsi\\Scsi Port 2\\Scsi Bus 13.\"\r\nParameterBinding(Get-ItemProperty): name=\"LiteralPath\"; value=\"Microsoft.PowerShell.Core\\Registry::HKEY_LOCAL_MACHINE\\hardware\\devicemap\\scsi\\Scsi Port 2\\Scsi Bus 13\\Initiator Id 255\"\r\nNonTerminatingError(Get-ItemProperty): \"Property identifier does not exist at path HKEY_LOCAL_MACHINE\\hardware\\devicemap\\scsi\\Scsi Port 2\\Scsi Bus 13\\Initiator Id 255.\"\r\nParameterBinding(Get-ItemProperty): name=\"LiteralPath\"; value=\"Microsoft.PowerShell.Core\\Registry::HKEY_LOCAL_MACHINE\\hardware\\devicemap\\scsi\\Scsi Port 2\\Scsi Bus 14\"\r\nNonTerminatingError(Get-ItemProperty): \"Property identifier does not exist at path HKEY_LOCAL_MACHINE\\hardware\\devicemap\\scsi\\Scsi Port 2\\Scsi Bus 14.\"\r\nParameterBinding(Get-ItemProperty): name=\"LiteralPath\"; value=\"Microsoft.PowerShell.Core\\Registry::HKEY_LOCAL_MACHINE\\hardware\\devicemap\\scsi\\Scsi Port 2\\Scsi Bus 14\\Initiator Id 255\"\r\nNonTerminatingError(Get-ItemProperty): \"Property identifier does not exist at path HKEY_LOCAL_MACHINE\\hardware\\devicemap\\scsi\\Scsi Port 2\\Scsi Bus 14\\Initiator Id 255.\"\r\nParameterBinding(Get-ItemProperty): name=\"LiteralPath\"; value=\"Microsoft.PowerShell.Core\\Registry::HKEY_LOCAL_MACHINE\\hardware\\devicemap\\scsi\\Scsi Port 2\\Scsi Bus 15\"\r\nNonTerminatingError(Get-ItemProperty): \"Property identifier does not exist at path HKEY_LOCAL_MACHINE\\hardware\\devicemap\\scsi\\Scsi Port 2\\Scsi Bus 15.\"\r\nParameterBinding(Get-ItemProperty): name=\"LiteralPath\"; value=\"Microsoft.PowerShell.Core\\Registry::HKEY_LOCAL_MACHINE\\hardware\\devicemap\\scsi\\Scsi Port 2\\Scsi Bus 15\\Initiator Id 255\"\r\nNonTerminatingError(Get-ItemProperty): \"Property identifier does not exist at path HKEY_LOCAL_MACHINE\\hardware\\devicemap\\scsi\\Scsi Port 2\\Scsi Bus 15\\Initiator Id 255.\"\r\nParameterBinding(Get-ItemProperty): name=\"LiteralPath\"; value=\"Microsoft.PowerShell.Core\\Registry::HKEY_LOCAL_MACHINE\\hardware\\devicemap\\scsi\\Scsi Port 2\\Scsi Bus 16\"\r\nNonTerminatingError(Get-ItemProperty): \"Property identifier does not exist at path HKEY_LOCAL_MACHINE\\hardware\\devicemap\\scsi\\Scsi Port 2\\Scsi Bus 16.\"\r\nParameterBinding(Get-ItemProperty): name=\"LiteralPath\"; value=\"Microsoft.PowerShell.Core\\Registry::HKEY_LOCAL_MACHINE\\hardware\\devicemap\\scsi\\Scsi Port 2\\Scsi Bus 16\\Initiator Id 255\"\r\nNonTerminatingError(Get-ItemProperty): \"Property identifier does not exist at path HKEY_LOCAL_MACHINE\\hardware\\devicemap\\scsi\\Scsi Port 2\\Scsi Bus 16\\Initiator Id 255.\"\r\nParameterBinding(Get-ItemProperty): name=\"LiteralPath\"; value=\"Microsoft.PowerShell.Core\\Registry::HKEY_LOCAL_MACHINE\\hardware\\devicemap\\scsi\\Scsi Port 2\\Scsi Bus 17\"\r\nNonTerminatingError(Get-ItemProperty): \"Property identifier does not exist at path HKEY_LOCAL_MACHINE\\hardware\\devicemap\\scsi\\Scsi Port 2\\Scsi Bus 17.\"\r\nParameterBinding(Get-ItemProperty): name=\"LiteralPath\"; value=\"Microsoft.PowerShell.Core\\Registry::HKEY_LOCAL_MACHINE\\hardware\\devicemap\\scsi\\Scsi Port 2\\Scsi Bus 17\\Initiator Id 255\"\r\nNonTerminatingError(Get-ItemProperty): \"Property identifier does not exist at path HKEY_LOCAL_MACHINE\\hardware\\devicemap\\scsi\\Scsi Port 2\\Scsi Bus 17\\Initiator Id 255.\"\r\nParameterBinding(Get-ItemProperty): name=\"LiteralPath\"; value=\"Microsoft.PowerShell.Core\\Registry::HKEY_LOCAL_MACHINE\\hardware\\devicemap\\scsi\\Scsi Port 2\\Scsi Bus 18\"\r\nNonTerminatingError(Get-ItemProperty): \"Property identifier does not exist at path HKEY_LOCAL_MACHINE\\hardware\\devicemap\\scsi\\Scsi Port 2\\Scsi Bus 18.\"\r\nParameterBinding(Get-ItemProperty): name=\"LiteralPath\"; value=\"Microsoft.PowerShell.Core\\Registry::HKEY_LOCAL_MACHINE\\hardware\\devicemap\\scsi\\Scsi Port 2\\Scsi Bus 18\\Initiator Id 255\"\r\nNonTerminatingError(Get-ItemProperty): \"Property identifier does not exist at path HKEY_LOCAL_MACHINE\\hardware\\devicemap\\scsi\\Scsi Port 2\\Scsi Bus 18\\Initiator Id 255.\"\r\nParameterBinding(Get-ItemProperty): name=\"LiteralPath\"; value=\"Microsoft.PowerShell.Core\\Registry::HKEY_LOCAL_MACHINE\\hardware\\devicemap\\scsi\\Scsi Port 2\\Scsi Bus 19\"\r\nNonTerminatingError(Get-ItemProperty): \"Property identifier does not exist at path HKEY_LOCAL_MACHINE\\hardware\\devicemap\\scsi\\Scsi Port 2\\Scsi Bus 19.\"\r\nParameterBinding(Get-ItemProperty): name=\"LiteralPath\"; value=\"Microsoft.PowerShell.Core\\Registry::HKEY_LOCAL_MACHINE\\hardware\\devicemap\\scsi\\Scsi Port 2\\Scsi Bus 19\\Initiator Id 255\"\r\nNonTerminatingError(Get-ItemProperty): \"Property identifier does not exist at path HKEY_LOCAL_MACHINE\\hardware\\devicemap\\scsi\\Scsi Port 2\\Scsi Bus 19\\Initiator Id 255.\"\r\nParameterBinding(Get-ItemProperty): name=\"LiteralPath\"; value=\"Microsoft.PowerShell.Core\\Registry::HKEY_LOCAL_MACHINE\\hardware\\devicemap\\scsi\\Scsi Port 2\\Scsi Bus 2\"\r\nNonTerminatingError(Get-ItemProperty): \"Property identifier does not exist at path HKEY_LOCAL_MACHINE\\hardware\\devicemap\\scsi\\Scsi Port 2\\Scsi Bus 2.\"\r\nParameterBinding(Get-ItemProperty): name=\"LiteralPath\"; value=\"Microsoft.PowerShell.Core\\Registry::HKEY_LOCAL_MACHINE\\hardware\\devicemap\\scsi\\Scsi Port 2\\Scsi Bus 2\\Initiator Id 255\"\r\nNonTerminatingError(Get-ItemProperty): \"Property identifier does not exist at path HKEY_LOCAL_MACHINE\\hardware\\devicemap\\scsi\\Scsi Port 2\\Scsi Bus 2\\Initiator Id 255.\"\r\nParameterBinding(Get-ItemProperty): name=\"LiteralPath\"; value=\"Microsoft.PowerShell.Core\\Registry::HKEY_LOCAL_MACHINE\\hardware\\devicemap\\scsi\\Scsi Port 2\\Scsi Bus 20\"\r\nNonTerminatingError(Get-ItemProperty): \"Property identifier does not exist at path HKEY_LOCAL_MACHINE\\hardware\\devicemap\\scsi\\Scsi Port 2\\Scsi Bus 20.\"\r\nParameterBinding(Get-ItemProperty): name=\"LiteralPath\"; value=\"Microsoft.PowerShell.Core\\Registry::HKEY_LOCAL_MACHINE\\hardware\\devicemap\\scsi\\Scsi Port 2\\Scsi Bus 20\\Initiator Id 255\"\r\nNonTerminatingError(Get-ItemProperty): \"Property identifier does not exist at path HKEY_LOCAL_MACHINE\\hardware\\devicemap\\scsi\\Scsi Port 2\\Scsi Bus 20\\Initiator Id 255.\"\r\nParameterBinding(Get-ItemProperty): name=\"LiteralPath\"; value=\"Microsoft.PowerShell.Core\\Registry::HKEY_LOCAL_MACHINE\\hardware\\devicemap\\scsi\\Scsi Port 2\\Scsi Bus 21\"\r\nNonTerminatingError(Get-ItemProperty): \"Property identifier does not exist at path HKEY_LOCAL_MACHINE\\hardware\\devicemap\\scsi\\Scsi Port 2\\Scsi Bus 21.\"\r\nParameterBinding(Get-ItemProperty): name=\"LiteralPath\"; value=\"Microsoft.PowerShell.Core\\Registry::HKEY_LOCAL_MACHINE\\hardware\\devicemap\\scsi\\Scsi Port 2\\Scsi Bus 21\\Initiator Id 255\"\r\nNonTerminatingError(Get-ItemProperty): \"Property identifier does not exist at path HKEY_LOCAL_MACHINE\\hardware\\devicemap\\scsi\\Scsi Port 2\\Scsi Bus 21\\Initiator Id 255.\"\r\nParameterBinding(Get-ItemProperty): name=\"LiteralPath\"; value=\"Microsoft.PowerShell.Core\\Registry::HKEY_LOCAL_MACHINE\\hardware\\devicemap\\scsi\\Scsi Port 2\\Scsi Bus 22\"\r\nNonTerminatingError(Get-ItemProperty): \"Property identifier does not exist at path HKEY_LOCAL_MACHINE\\hardware\\devicemap\\scsi\\Scsi Port 2\\Scsi Bus 22.\"\r\nParameterBinding(Get-ItemProperty): name=\"LiteralPath\"; value=\"Microsoft.PowerShell.Core\\Registry::HKEY_LOCAL_MACHINE\\hardware\\devicemap\\scsi\\Scsi Port 2\\Scsi Bus 22\\Initiator Id 255\"\r\nNonTerminatingError(Get-ItemProperty): \"Property identifier does not exist at path HKEY_LOCAL_MACHINE\\hardware\\devicemap\\scsi\\Scsi Port 2\\Scsi Bus 22\\Initiator Id 255.\"\r\nParameterBinding(Get-ItemProperty): name=\"LiteralPath\"; value=\"Microsoft.PowerShell.Core\\Registry::HKEY_LOCAL_MACHINE\\hardware\\devicemap\\scsi\\Scsi Port 2\\Scsi Bus 23\"\r\nNonTerminatingError(Get-ItemProperty): \"Property identifier does not exist at path HKEY_LOCAL_MACHINE\\hardware\\devicemap\\scsi\\Scsi Port 2\\Scsi Bus 23.\"\r\nParameterBinding(Get-ItemProperty): name=\"LiteralPath\"; value=\"Microsoft.PowerShell.Core\\Registry::HKEY_LOCAL_MACHINE\\hardware\\devicemap\\scsi\\Scsi Port 2\\Scsi Bus 23\\Initiator Id 255\"\r\nNonTerminatingError(Get-ItemProperty): \"Property identifier does not exist at path HKEY_LOCAL_MACHINE\\hardware\\devicemap\\scsi\\Scsi Port 2\\Scsi Bus 23\\Initiator Id 255.\"\r\nParameterBinding(Get-ItemProperty): name=\"LiteralPath\"; value=\"Microsoft.PowerShell.Core\\Registry::HKEY_LOCAL_MACHINE\\hardware\\devicemap\\scsi\\Scsi Port 2\\Scsi Bus 24\"\r\nNonTerminatingError(Get-ItemProperty): \"Property identifier does not exist at path HKEY_LOCAL_MACHINE\\hardware\\devicemap\\scsi\\Scsi Port 2\\Scsi Bus 24.\"\r\nParameterBinding(Get-ItemProperty): name=\"LiteralPath\"; value=\"Microsoft.PowerShell.Core\\Registry::HKEY_LOCAL_MACHINE\\hardware\\devicemap\\scsi\\Scsi Port 2\\Scsi Bus 24\\Initiator Id 255\"\r\nNonTerminatingError(Get-ItemProperty): \"Property identifier does not exist at path HKEY_LOCAL_MACHINE\\hardware\\devicemap\\scsi\\Scsi Port 2\\Scsi Bus 24\\Initiator Id 255.\"\r\nParameterBinding(Get-ItemProperty): name=\"LiteralPath\"; value=\"Microsoft.PowerShell.Core\\Registry::HKEY_LOCAL_MACHINE\\hardware\\devicemap\\scsi\\Scsi Port 2\\Scsi Bus 25\"\r\nNonTerminatingError(Get-ItemProperty): \"Property identifier does not exist at path HKEY_LOCAL_MACHINE\\hardware\\devicemap\\scsi\\Scsi Port 2\\Scsi Bus 25.\"\r\nParameterBinding(Get-ItemProperty): name=\"LiteralPath\"; value=\"Microsoft.PowerShell.Core\\Registry::HKEY_LOCAL_MACHINE\\hardware\\devicemap\\scsi\\Scsi Port 2\\Scsi Bus 25\\Initiator Id 255\"\r\nNonTerminatingError(Get-ItemProperty): \"Property identifier does not exist at path HKEY_LOCAL_MACHINE\\hardware\\devicemap\\scsi\\Scsi Port 2\\Scsi Bus 25\\Initiator Id 255.\"\r\nParameterBinding(Get-ItemProperty): name=\"LiteralPath\"; value=\"Microsoft.PowerShell.Core\\Registry::HKEY_LOCAL_MACHINE\\hardware\\devicemap\\scsi\\Scsi Port 2\\Scsi Bus 26\"\r\nNonTerminatingError(Get-ItemProperty): \"Property identifier does not exist at path HKEY_LOCAL_MACHINE\\hardware\\devicemap\\scsi\\Scsi Port 2\\Scsi Bus 26.\"\r\nParameterBinding(Get-ItemProperty): name=\"LiteralPath\"; value=\"Microsoft.PowerShell.Core\\Registry::HKEY_LOCAL_MACHINE\\hardware\\devicemap\\scsi\\Scsi Port 2\\Scsi Bus 26\\Initiator Id 255\"\r\nNonTerminatingError(Get-ItemProperty): \"Property identifier does not exist at path HKEY_LOCAL_MACHINE\\hardware\\devicemap\\scsi\\Scsi Port 2\\Scsi Bus 26\\Initiator Id 255.\"\r\nParameterBinding(Get-ItemProperty): name=\"LiteralPath\"; value=\"Microsoft.PowerShell.Core\\Registry::HKEY_LOCAL_MACHINE\\hardware\\devicemap\\scsi\\Scsi Port 2\\Scsi Bus 27\"\r\nNonTerminatingError(Get-ItemProperty): \"Property identifier does not exist at path HKEY_LOCAL_MACHINE\\hardware\\devicemap\\scsi\\Scsi Port 2\\Scsi Bus 27.\"\r\nParameterBinding(Get-ItemProperty): name=\"LiteralPath\"; value=\"Microsoft.PowerShell.Core\\Registry::HKEY_LOCAL_MACHINE\\hardware\\devicemap\\scsi\\Scsi Port 2\\Scsi Bus 27\\Initiator Id 255\"\r\nNonTerminatingError(Get-ItemProperty): \"Property identifier does not exist at path HKEY_LOCAL_MACHINE\\hardware\\devicemap\\scsi\\Scsi Port 2\\Scsi Bus 27\\Initiator Id 255.\"\r\nParameterBinding(Get-ItemProperty): name=\"LiteralPath\"; value=\"Microsoft.PowerShell.Core\\Registry::HKEY_LOCAL_MACHINE\\hardware\\devicemap\\scsi\\Scsi Port 2\\Scsi Bus 28\"\r\nNonTerminatingError(Get-ItemProperty): \"Property identifier does not exist at path HKEY_LOCAL_MACHINE\\hardware\\devicemap\\scsi\\Scsi Port 2\\Scsi Bus 28.\"\r\nParameterBinding(Get-ItemProperty): name=\"LiteralPath\"; value=\"Microsoft.PowerShell.Core\\Registry::HKEY_LOCAL_MACHINE\\hardware\\devicemap\\scsi\\Scsi Port 2\\Scsi Bus 28\\Initiator Id 255\"\r\n&lt;/string&gt;\n</Data>\n<Binary></Binary>\n</EventData>\n</Event>\n"
  },
