[
  {
    "record_id": 1,
    "timestamp": "2025-01-25 13:13:48.392576+00:00",
    "xml_data": "<Event xmlns=\"http://schemas.microsoft.com/win/2004/08/events/event\"><System><Provider Name=\"PowerShell\"></Provider>\n<EventID Qualifiers=\"0\">600</EventID>\n<Version>0</Version>\n<Level>4</Level>\n<Task>6</Task>\n<Opcode>0</Opcode>\n<Keywords>0x0080000000000000</Keywords>\n<TimeCreated SystemTime=\"2025-01-25 13:13:48.392576+00:00\"></TimeCreated>\n<EventRecordID>1</EventRecordID>\n<Correlation ActivityID=\"\" RelatedActivityID=\"\"></Correlation>\n<Execution ProcessID=\"6800\" ThreadID=\"0\"></Execution>\n<Channel>Windows PowerShell</Channel>\n<Computer>DESKTOP-M3AKJSD</Computer>\n<Security UserID=\"\"></Security>\n</System>\n<EventData><Data>&lt;string&gt;Registry&lt;/string&gt;\n&lt;string&gt;Started&lt;/string&gt;\n&lt;string&gt;\tProviderName=Registry\r\n\tNewProviderState=Started\r\n\r\n\tSequenceNumber=1\r\n\r\n\tHostName=ConsoleHost\r\n\tHostVersion=5.1.26100.1591\r\n\tHostId=0114327f-6ec0-44d4-b764-2a04d92056cc\r\n\tHostApplication=C:\\WINDOWS\\SysWOW64\\\\WindowsPowerShell\\v1.0\\powershell.exe -ExecutionPolicy Bypass -NoLogo -NoProfile -Noninteractive -File C:\\Program Files (x86)\\Microsoft Visual Studio\\Installer\\PrecheckTools\\Microsoft.VisualStudio.Setup.TestPowerShell.ps1\r\n\tEngineVersion=\r\n\tRunspaceId=\r\n\tPipelineId=\r\n\tCommandName=\r\n\tCommandType=\r\n\tScriptName=\r\n\tCommandPath=\r\n\tCommandLine=&lt;/string&gt;\n</Data>\n<Binary></Binary>\n</EventData>\n</Event>\n"
  },
  {
    "record_id": 2,
    "timestamp": "2025-01-25 13:13:48.394869+00:00",
    "xml_data": "<Event xmlns=\"http://schemas.microsoft.com/win/2004/08/events/event\"><System><Provider Name=\"PowerShell\"></Provider>\n<EventID Qualifiers=\"0\">600</EventID>\n<Version>0</Version>\n<Level>4</Level>\n<Task>6</Task>\n<Opcode>0</Opcode>\n<Keywords>0x0080000000000000</Keywords>\n<TimeCreated SystemTime=\"2025-01-25 13:13:48.394869+00:00\"></TimeCreated>\n<EventRecordID>2</EventRecordID>\n<Correlation ActivityID=\"\" RelatedActivityID=\"\"></Correlation>\n<Execution ProcessID=\"6800\" ThreadID=\"0\"></Execution>\n<Channel>Windows PowerShell</Channel>\n<Computer>DESKTOP-M3AKJSD</Computer>\n<Security UserID=\"\"></Security>\n</System>\n<EventData><Data>&lt;string&gt;Alias&lt;/string&gt;\n&lt;string&gt;Started&lt;/string&gt;\n&lt;string&gt;\tProviderName=Alias\r\n\tNewProviderState=Started\r\n\r\n\tSequenceNumber=3\r\n\r\n\tHostName=ConsoleHost\r\n\tHostVersion=5.1.26100.1591\r\n\tHostId=0114327f-6ec0-44d4-b764-2a04d92056cc\r\n\tHostApplication=C:\\WINDOWS\\SysWOW64\\\\WindowsPowerShell\\v1.0\\powershell.exe -ExecutionPolicy Bypass -NoLogo -NoProfile -Noninteractive -File C:\\Program Files (x86)\\Microsoft Visual Studio\\Installer\\PrecheckTools\\Microsoft.VisualStudio.Setup.TestPowerShell.ps1\r\n\tEngineVersion=\r\n\tRunspaceId=\r\n\tPipelineId=\r\n\tCommandName=\r\n\tCommandType=\r\n\tScriptName=\r\n\tCommandPath=\r\n\tCommandLine=&lt;/string&gt;\n</Data>\n<Binary></Binary>\n</EventData>\n</Event>\n"
  },
  {
    "record_id": 3,
    "timestamp": "2025-01-25 13:13:48.395781+00:00",
    "xml_data": "<Event xmlns=\"http://schemas.microsoft.com/win/2004/08/events/event\"><System><Provider Name=\"PowerShell\"></Provider>\n<EventID Qualifiers=\"0\">600</EventID>\n<Version>0</Version>\n<Level>4</Level>\n<Task>6</Task>\n<Opcode>0</Opcode>\n<Keywords>0x0080000000000000</Keywords>\n<TimeCreated SystemTime=\"2025-01-25 13:13:48.395781+00:00\"></TimeCreated>\n<EventRecordID>3</EventRecordID>\n<Correlation ActivityID=\"\" RelatedActivityID=\"\"></Correlation>\n<Execution ProcessID=\"6800\" ThreadID=\"0\"></Execution>\n<Channel>Windows PowerShell</Channel>\n<Computer>DESKTOP-M3AKJSD</Computer>\n<Security UserID=\"\"></Security>\n</System>\n<EventData><Data>&lt;string&gt;Environment&lt;/string&gt;\n&lt;string&gt;Started&lt;/string&gt;\n&lt;string&gt;\tProviderName=Environment\r\n\tNewProviderState=Started\r\n\r\n\tSequenceNumber=5\r\n\r\n\tHostName=ConsoleHost\r\n\tHostVersion=5.1.26100.1591\r\n\tHostId=0114327f-6ec0-44d4-b764-2a04d92056cc\r\n\tHostApplication=C:\\WINDOWS\\SysWOW64\\\\WindowsPowerShell\\v1.0\\powershell.exe -ExecutionPolicy Bypass -NoLogo -NoProfile -Noninteractive -File C:\\Program Files (x86)\\Microsoft Visual Studio\\Installer\\PrecheckTools\\Microsoft.VisualStudio.Setup.TestPowerShell.ps1\r\n\tEngineVersion=\r\n\tRunspaceId=\r\n\tPipelineId=\r\n\tCommandName=\r\n\tCommandType=\r\n\tScriptName=\r\n\tCommandPath=\r\n\tCommandLine=&lt;/string&gt;\n</Data>\n<Binary></Binary>\n</EventData>\n</Event>\n"
  },
  {
    "record_id": 4,
    "timestamp": "2025-01-25 13:13:48.401939+00:00",
    "xml_data": "<Event xmlns=\"http://schemas.microsoft.com/win/2004/08/events/event\"><System><Provider Name=\"PowerShell\"></Provider>\n<EventID Qualifiers=\"0\">600</EventID>\n<Version>0</Version>\n<Level>4</Level>\n<Task>6</Task>\n<Opcode>0</Opcode>\n<Keywords>0x0080000000000000</Keywords>\n<TimeCreated SystemTime=\"2025-01-25 13:13:48.401939+00:00\"></TimeCreated>\n<EventRecordID>4</EventRecordID>\n<Correlation ActivityID=\"\" RelatedActivityID=\"\"></Correlation>\n<Execution ProcessID=\"6800\" ThreadID=\"0\"></Execution>\n<Channel>Windows PowerShell</Channel>\n<Computer>DESKTOP-M3AKJSD</Computer>\n<Security UserID=\"\"></Security>\n</System>\n<EventData><Data>&lt;string&gt;FileSystem&lt;/string&gt;\n&lt;string&gt;Started&lt;/string&gt;\n&lt;string&gt;\tProviderName=FileSystem\r\n\tNewProviderState=Started\r\n\r\n\tSequenceNumber=7\r\n\r\n\tHostName=ConsoleHost\r\n\tHostVersion=5.1.26100.1591\r\n\tHostId=0114327f-6ec0-44d4-b764-2a04d92056cc\r\n\tHostApplication=C:\\WINDOWS\\SysWOW64\\\\WindowsPowerShell\\v1.0\\powershell.exe -ExecutionPolicy Bypass -NoLogo -NoProfile -Noninteractive -File C:\\Program Files (x86)\\Microsoft Visual Studio\\Installer\\PrecheckTools\\Microsoft.VisualStudio.Setup.TestPowerShell.ps1\r\n\tEngineVersion=\r\n\tRunspaceId=\r\n\tPipelineId=\r\n\tCommandName=\r\n\tCommandType=\r\n\tScriptName=\r\n\tCommandPath=\r\n\tCommandLine=&lt;/string&gt;\n</Data>\n<Binary></Binary>\n</EventData>\n</Event>\n"
  },
  {
    "record_id": 5,
    "timestamp": "2025-01-25 13:13:48.402243+00:00",
    "xml_data": "<Event xmlns=\"http://schemas.microsoft.com/win/2004/08/events/event\"><System><Provider Name=\"PowerShell\"></Provider>\n<EventID Qualifiers=\"0\">600</EventID>\n<Version>0</Version>\n<Level>4</Level>\n<Task>6</Task>\n<Opcode>0</Opcode>\n<Keywords>0x0080000000000000</Keywords>\n<TimeCreated SystemTime=\"2025-01-25 13:13:48.402243+00:00\"></TimeCreated>\n<EventRecordID>5</EventRecordID>\n<Correlation ActivityID=\"\" RelatedActivityID=\"\"></Correlation>\n<Execution ProcessID=\"6800\" ThreadID=\"0\"></Execution>\n<Channel>Windows PowerShell</Channel>\n<Computer>DESKTOP-M3AKJSD</Computer>\n<Security UserID=\"\"></Security>\n</System>\n<EventData><Data>&lt;string&gt;Function&lt;/string&gt;\n&lt;string&gt;Started&lt;/string&gt;\n&lt;string&gt;\tProviderName=Function\r\n\tNewProviderState=Started\r\n\r\n\tSequenceNumber=9\r\n\r\n\tHostName=ConsoleHost\r\n\tHostVersion=5.1.26100.1591\r\n\tHostId=0114327f-6ec0-44d4-b764-2a04d92056cc\r\n\tHostApplication=C:\\WINDOWS\\SysWOW64\\\\WindowsPowerShell\\v1.0\\powershell.exe -ExecutionPolicy Bypass -NoLogo -NoProfile -Noninteractive -File C:\\Program Files (x86)\\Microsoft Visual Studio\\Installer\\PrecheckTools\\Microsoft.VisualStudio.Setup.TestPowerShell.ps1\r\n\tEngineVersion=\r\n\tRunspaceId=\r\n\tPipelineId=\r\n\tCommandName=\r\n\tCommandType=\r\n\tScriptName=\r\n\tCommandPath=\r\n\tCommandLine=&lt;/string&gt;\n</Data>\n<Binary></Binary>\n</EventData>\n</Event>\n"
  },
  {
    "record_id": 6,
    "timestamp": "2025-01-25 13:13:48.402607+00:00",
    "xml_data": "<Event xmlns=\"http://schemas.microsoft.com/win/2004/08/events/event\"><System><Provider Name=\"PowerShell\"></Provider>\n<EventID Qualifiers=\"0\">600</EventID>\n<Version>0</Version>\n<Level>4</Level>\n<Task>6</Task>\n<Opcode>0</Opcode>\n<Keywords>0x0080000000000000</Keywords>\n<TimeCreated SystemTime=\"2025-01-25 13:13:48.402607+00:00\"></TimeCreated>\n<EventRecordID>6</EventRecordID>\n<Correlation ActivityID=\"\" RelatedActivityID=\"\"></Correlation>\n<Execution ProcessID=\"6800\" ThreadID=\"0\"></Execution>\n<Channel>Windows PowerShell</Channel>\n<Computer>DESKTOP-M3AKJSD</Computer>\n<Security UserID=\"\"></Security>\n</System>\n<EventData><Data>&lt;string&gt;Variable&lt;/string&gt;\n&lt;string&gt;Started&lt;/string&gt;\n&lt;string&gt;\tProviderName=Variable\r\n\tNewProviderState=Started\r\n\r\n\tSequenceNumber=11\r\n\r\n\tHostName=ConsoleHost\r\n\tHostVersion=5.1.26100.1591\r\n\tHostId=0114327f-6ec0-44d4-b764-2a04d92056cc\r\n\tHostApplication=C:\\WINDOWS\\SysWOW64\\\\WindowsPowerShell\\v1.0\\powershell.exe -ExecutionPolicy Bypass -NoLogo -NoProfile -Noninteractive -File C:\\Program Files (x86)\\Microsoft Visual Studio\\Installer\\PrecheckTools\\Microsoft.VisualStudio.Setup.TestPowerShell.ps1\r\n\tEngineVersion=\r\n\tRunspaceId=\r\n\tPipelineId=\r\n\tCommandName=\r\n\tCommandType=\r\n\tScriptName=\r\n\tCommandPath=\r\n\tCommandLine=&lt;/string&gt;\n</Data>\n<Binary></Binary>\n</EventData>\n</Event>\n"
  },
  {
    "record_id": 7,
    "timestamp": "2025-01-25 13:13:48.470243+00:00",
    "xml_data": "<Event xmlns=\"http://schemas.microsoft.com/win/2004/08/events/event\"><System><Provider Name=\"PowerShell\"></Provider>\n<EventID Qualifiers=\"0\">400</EventID>\n<Version>0</Version>\n<Level>4</Level>\n<Task>4</Task>\n<Opcode>0</Opcode>\n<Keywords>0x0080000000000000</Keywords>\n<TimeCreated SystemTime=\"2025-01-25 13:13:48.470243+00:00\"></TimeCreated>\n<EventRecordID>7</EventRecordID>\n<Correlation ActivityID=\"\" RelatedActivityID=\"\"></Correlation>\n<Execution ProcessID=\"6800\" ThreadID=\"0\"></Execution>\n<Channel>Windows PowerShell</Channel>\n<Computer>DESKTOP-M3AKJSD</Computer>\n<Security UserID=\"\"></Security>\n</System>\n<EventData><Data>&lt;string&gt;Available&lt;/string&gt;\n&lt;string&gt;None&lt;/string&gt;\n&lt;string&gt;\tNewEngineState=Available\r\n\tPreviousEngineState=None\r\n\r\n\tSequenceNumber=13\r\n\r\n\tHostName=ConsoleHost\r\n\tHostVersion=5.1.26100.1591\r\n\tHostId=0114327f-6ec0-44d4-b764-2a04d92056cc\r\n\tHostApplication=C:\\WINDOWS\\SysWOW64\\\\WindowsPowerShell\\v1.0\\powershell.exe -ExecutionPolicy Bypass -NoLogo -NoProfile -Noninteractive -File C:\\Program Files (x86)\\Microsoft Visual Studio\\Installer\\PrecheckTools\\Microsoft.VisualStudio.Setup.TestPowerShell.ps1\r\n\tEngineVersion=5.1.26100.1591\r\n\tRunspaceId=d731ceed-2be1-48ad-ab36-8bc08c31b3f6\r\n\tPipelineId=\r\n\tCommandName=\r\n\tCommandType=\r\n\tScriptName=\r\n\tCommandPath=\r\n\tCommandLine=&lt;/string&gt;\n</Data>\n<Binary></Binary>\n</EventData>\n</Event>\n"
  },
  {
    "record_id": 8,
    "timestamp": "2025-01-25 13:13:48.953634+00:00",
    "xml_data": "<Event xmlns=\"http://schemas.microsoft.com/win/2004/08/events/event\"><System><Provider Name=\"PowerShell\"></Provider>\n<EventID Qualifiers=\"0\">403</EventID>\n<Version>0</Version>\n<Level>4</Level>\n<Task>4</Task>\n<Opcode>0</Opcode>\n<Keywords>0x0080000000000000</Keywords>\n<TimeCreated SystemTime=\"2025-01-25 13:13:48.953634+00:00\"></TimeCreated>\n<EventRecordID>8</EventRecordID>\n<Correlation ActivityID=\"\" RelatedActivityID=\"\"></Correlation>\n<Execution ProcessID=\"6800\" ThreadID=\"0\"></Execution>\n<Channel>Windows PowerShell</Channel>\n<Computer>DESKTOP-M3AKJSD</Computer>\n<Security UserID=\"\"></Security>\n</System>\n<EventData><Data>&lt;string&gt;Stopped&lt;/string&gt;\n&lt;string&gt;Available&lt;/string&gt;\n&lt;string&gt;\tNewEngineState=Stopped\r\n\tPreviousEngineState=Available\r\n\r\n\tSequenceNumber=15\r\n\r\n\tHostName=ConsoleHost\r\n\tHostVersion=5.1.26100.1591\r\n\tHostId=0114327f-6ec0-44d4-b764-2a04d92056cc\r\n\tHostApplication=C:\\WINDOWS\\SysWOW64\\\\WindowsPowerShell\\v1.0\\powershell.exe -ExecutionPolicy Bypass -NoLogo -NoProfile -Noninteractive -File C:\\Program Files (x86)\\Microsoft Visual Studio\\Installer\\PrecheckTools\\Microsoft.VisualStudio.Setup.TestPowerShell.ps1\r\n\tEngineVersion=5.1.26100.1591\r\n\tRunspaceId=d731ceed-2be1-48ad-ab36-8bc08c31b3f6\r\n\tPipelineId=\r\n\tCommandName=\r\n\tCommandType=\r\n\tScriptName=\r\n\tCommandPath=\r\n\tCommandLine=&lt;/string&gt;\n</Data>\n<Binary></Binary>\n</EventData>\n</Event>\n"
  },
  {
    "record_id": 9,
    "timestamp": "2025-01-25 13:25:11.300886+00:00",
    "xml_data": "<Event xmlns=\"http://schemas.microsoft.com/win/2004/08/events/event\"><System><Provider Name=\"PowerShell\"></Provider>\n<EventID Qualifiers=\"0\">600</EventID>\n<Version>0</Version>\n<Level>4</Level>\n<Task>6</Task>\n<Opcode>0</Opcode>\n<Keywords>0x0080000000000000</Keywords>\n<TimeCreated SystemTime=\"2025-01-25 13:25:11.300886+00:00\"></TimeCreated>\n<EventRecordID>9</EventRecordID>\n<Correlation ActivityID=\"\" RelatedActivityID=\"\"></Correlation>\n<Execution ProcessID=\"6844\" ThreadID=\"0\"></Execution>\n<Channel>Windows PowerShell</Channel>\n<Computer>DESKTOP-M3AKJSD</Computer>\n<Security UserID=\"\"></Security>\n</System>\n<EventData><Data>&lt;string&gt;Registry&lt;/string&gt;\n&lt;string&gt;Started&lt;/string&gt;\n&lt;string&gt;\tProviderName=Registry\r\n\tNewProviderState=Started\r\n\r\n\tSequenceNumber=1\r\n\r\n\tHostName=ConsoleHost\r\n\tHostVersion=5.1.26100.1591\r\n\tHostId=0c265b7d-172a-4718-823a-d0c459755a51\r\n\tHostApplication=c:\\windows\\syswow64\\\\windowspowershell\\v1.0\\powershell.exe -NoLogo -NoProfile -Noninteractive -ExecutionPolicy Unrestricted -InputFormat None -Command &amp; \"C:\\ProgramData\\Microsoft\\VisualStudio\\Packages\\Microsoft.VisualCpp.Redist.14,version=14.42.34433,chip=x86\\VCRedistInstall.ps1\" -PayloadDirectory \"C:\\ProgramData\\Microsoft\\VisualStudio\\Packages\\Microsoft.VisualCpp.Redist.14,version=14.42.34433,chip=x86\" -Architecture x86 -Logfile \"C:\\Users\\User\\AppData\\Local\\Temp\\dd_setup_20250125051341_250_Microsoft.VisualCpp.Redist.14.log\"; exit $LastExitCode\r\n\tEngineVersion=\r\n\tRunspaceId=\r\n\tPipelineId=\r\n\tCommandName=\r\n\tCommandType=\r\n\tScriptName=\r\n\tCommandPath=\r\n\tCommandLine=&lt;/string&gt;\n</Data>\n<Binary></Binary>\n</EventData>\n</Event>\n"
  },
  {
    "record_id": 10,
    "timestamp": "2025-01-25 13:25:11.325253+00:00",
    "xml_data": "<Event xmlns=\"http://schemas.microsoft.com/win/2004/08/events/event\"><System><Provider Name=\"PowerShell\"></Provider>\n<EventID Qualifiers=\"0\">600</EventID>\n<Version>0</Version>\n<Level>4</Level>\n<Task>6</Task>\n<Opcode>0</Opcode>\n<Keywords>0x0080000000000000</Keywords>\n<TimeCreated SystemTime=\"2025-01-25 13:25:11.325253+00:00\"></TimeCreated>\n<EventRecordID>10</EventRecordID>\n<Correlation ActivityID=\"\" RelatedActivityID=\"\"></Correlation>\n<Execution ProcessID=\"6844\" ThreadID=\"0\"></Execution>\n<Channel>Windows PowerShell</Channel>\n<Computer>DESKTOP-M3AKJSD</Computer>\n<Security UserID=\"\"></Security>\n</System>\n<EventData><Data>&lt;string&gt;Alias&lt;/string&gt;\n&lt;string&gt;Started&lt;/string&gt;\n&lt;string&gt;\tProviderName=Alias\r\n\tNewProviderState=Started\r\n\r\n\tSequenceNumber=3\r\n\r\n\tHostName=ConsoleHost\r\n\tHostVersion=5.1.26100.1591\r\n\tHostId=0c265b7d-172a-4718-823a-d0c459755a51\r\n\tHostApplication=c:\\windows\\syswow64\\\\windowspowershell\\v1.0\\powershell.exe -NoLogo -NoProfile -Noninteractive -ExecutionPolicy Unrestricted -InputFormat None -Command &amp; \"C:\\ProgramData\\Microsoft\\VisualStudio\\Packages\\Microsoft.VisualCpp.Redist.14,version=14.42.34433,chip=x86\\VCRedistInstall.ps1\" -PayloadDirectory \"C:\\ProgramData\\Microsoft\\VisualStudio\\Packages\\Microsoft.VisualCpp.Redist.14,version=14.42.34433,chip=x86\" -Architecture x86 -Logfile \"C:\\Users\\User\\AppData\\Local\\Temp\\dd_setup_20250125051341_250_Microsoft.VisualCpp.Redist.14.log\"; exit $LastExitCode\r\n\tEngineVersion=\r\n\tRunspaceId=\r\n\tPipelineId=\r\n\tCommandName=\r\n\tCommandType=\r\n\tScriptName=\r\n\tCommandPath=\r\n\tCommandLine=&lt;/string&gt;\n</Data>\n<Binary></Binary>\n</EventData>\n</Event>\n"
  },
  {
    "record_id": 11,
    "timestamp": "2025-01-25 13:25:11.373814+00:00",
    "xml_data": "<Event xmlns=\"http://schemas.microsoft.com/win/2004/08/events/event\"><System><Provider Name=\"PowerShell\"></Provider>\n<EventID Qualifiers=\"0\">600</EventID>\n<Version>0</Version>\n<Level>4</Level>\n<Task>6</Task>\n<Opcode>0</Opcode>\n<Keywords>0x0080000000000000</Keywords>\n<TimeCreated SystemTime=\"2025-01-25 13:25:11.373814+00:00\"></TimeCreated>\n<EventRecordID>11</EventRecordID>\n<Correlation ActivityID=\"\" RelatedActivityID=\"\"></Correlation>\n<Execution ProcessID=\"6844\" ThreadID=\"0\"></Execution>\n<Channel>Windows PowerShell</Channel>\n<Computer>DESKTOP-M3AKJSD</Computer>\n<Security UserID=\"\"></Security>\n</System>\n<EventData><Data>&lt;string&gt;Environment&lt;/string&gt;\n&lt;string&gt;Started&lt;/string&gt;\n&lt;string&gt;\tProviderName=Environment\r\n\tNewProviderState=Started\r\n\r\n\tSequenceNumber=5\r\n\r\n\tHostName=ConsoleHost\r\n\tHostVersion=5.1.26100.1591\r\n\tHostId=0c265b7d-172a-4718-823a-d0c459755a51\r\n\tHostApplication=c:\\windows\\syswow64\\\\windowspowershell\\v1.0\\powershell.exe -NoLogo -NoProfile -Noninteractive -ExecutionPolicy Unrestricted -InputFormat None -Command &amp; \"C:\\ProgramData\\Microsoft\\VisualStudio\\Packages\\Microsoft.VisualCpp.Redist.14,version=14.42.34433,chip=x86\\VCRedistInstall.ps1\" -PayloadDirectory \"C:\\ProgramData\\Microsoft\\VisualStudio\\Packages\\Microsoft.VisualCpp.Redist.14,version=14.42.34433,chip=x86\" -Architecture x86 -Logfile \"C:\\Users\\User\\AppData\\Local\\Temp\\dd_setup_20250125051341_250_Microsoft.VisualCpp.Redist.14.log\"; exit $LastExitCode\r\n\tEngineVersion=\r\n\tRunspaceId=\r\n\tPipelineId=\r\n\tCommandName=\r\n\tCommandType=\r\n\tScriptName=\r\n\tCommandPath=\r\n\tCommandLine=&lt;/string&gt;\n</Data>\n<Binary></Binary>\n</EventData>\n</Event>\n"
  },
  {
    "record_id": 12,
    "timestamp": "2025-01-25 13:25:11.555698+00:00",
    "xml_data": "<Event xmlns=\"http://schemas.microsoft.com/win/2004/08/events/event\"><System><Provider Name=\"PowerShell\"></Provider>\n<EventID Qualifiers=\"0\">600</EventID>\n<Version>0</Version>\n<Level>4</Level>\n<Task>6</Task>\n<Opcode>0</Opcode>\n<Keywords>0x0080000000000000</Keywords>\n<TimeCreated SystemTime=\"2025-01-25 13:25:11.555698+00:00\"></TimeCreated>\n<EventRecordID>12</EventRecordID>\n<Correlation ActivityID=\"\" RelatedActivityID=\"\"></Correlation>\n<Execution ProcessID=\"6844\" ThreadID=\"0\"></Execution>\n<Channel>Windows PowerShell</Channel>\n<Computer>DESKTOP-M3AKJSD</Computer>\n<Security UserID=\"\"></Security>\n</System>\n<EventData><Data>&lt;string&gt;FileSystem&lt;/string&gt;\n&lt;string&gt;Started&lt;/string&gt;\n&lt;string&gt;\tProviderName=FileSystem\r\n\tNewProviderState=Started\r\n\r\n\tSequenceNumber=7\r\n\r\n\tHostName=ConsoleHost\r\n\tHostVersion=5.1.26100.1591\r\n\tHostId=0c265b7d-172a-4718-823a-d0c459755a51\r\n\tHostApplication=c:\\windows\\syswow64\\\\windowspowershell\\v1.0\\powershell.exe -NoLogo -NoProfile -Noninteractive -ExecutionPolicy Unrestricted -InputFormat None -Command &amp; \"C:\\ProgramData\\Microsoft\\VisualStudio\\Packages\\Microsoft.VisualCpp.Redist.14,version=14.42.34433,chip=x86\\VCRedistInstall.ps1\" -PayloadDirectory \"C:\\ProgramData\\Microsoft\\VisualStudio\\Packages\\Microsoft.VisualCpp.Redist.14,version=14.42.34433,chip=x86\" -Architecture x86 -Logfile \"C:\\Users\\User\\AppData\\Local\\Temp\\dd_setup_20250125051341_250_Microsoft.VisualCpp.Redist.14.log\"; exit $LastExitCode\r\n\tEngineVersion=\r\n\tRunspaceId=\r\n\tPipelineId=\r\n\tCommandName=\r\n\tCommandType=\r\n\tScriptName=\r\n\tCommandPath=\r\n\tCommandLine=&lt;/string&gt;\n</Data>\n<Binary></Binary>\n</EventData>\n</Event>\n"
  },
  {
    "record_id": 13,
    "timestamp": "2025-01-25 13:25:11.560457+00:00",
    "xml_data": "<Event xmlns=\"http://schemas.microsoft.com/win/2004/08/events/event\"><System><Provider Name=\"PowerShell\"></Provider>\n<EventID Qualifiers=\"0\">600</EventID>\n<Version>0</Version>\n<Level>4</Level>\n<Task>6</Task>\n<Opcode>0</Opcode>\n<Keywords>0x0080000000000000</Keywords>\n<TimeCreated SystemTime=\"2025-01-25 13:25:11.560457+00:00\"></TimeCreated>\n<EventRecordID>13</EventRecordID>\n<Correlation ActivityID=\"\" RelatedActivityID=\"\"></Correlation>\n<Execution ProcessID=\"6844\" ThreadID=\"0\"></Execution>\n<Channel>Windows PowerShell</Channel>\n<Computer>DESKTOP-M3AKJSD</Computer>\n<Security UserID=\"\"></Security>\n</System>\n<EventData><Data>&lt;string&gt;Function&lt;/string&gt;\n&lt;string&gt;Started&lt;/string&gt;\n&lt;string&gt;\tProviderName=Function\r\n\tNewProviderState=Started\r\n\r\n\tSequenceNumber=9\r\n\r\n\tHostName=ConsoleHost\r\n\tHostVersion=5.1.26100.1591\r\n\tHostId=0c265b7d-172a-4718-823a-d0c459755a51\r\n\tHostApplication=c:\\windows\\syswow64\\\\windowspowershell\\v1.0\\powershell.exe -NoLogo -NoProfile -Noninteractive -ExecutionPolicy Unrestricted -InputFormat None -Command &amp; \"C:\\ProgramData\\Microsoft\\VisualStudio\\Packages\\Microsoft.VisualCpp.Redist.14,version=14.42.34433,chip=x86\\VCRedistInstall.ps1\" -PayloadDirectory \"C:\\ProgramData\\Microsoft\\VisualStudio\\Packages\\Microsoft.VisualCpp.Redist.14,version=14.42.34433,chip=x86\" -Architecture x86 -Logfile \"C:\\Users\\User\\AppData\\Local\\Temp\\dd_setup_20250125051341_250_Microsoft.VisualCpp.Redist.14.log\"; exit $LastExitCode\r\n\tEngineVersion=\r\n\tRunspaceId=\r\n\tPipelineId=\r\n\tCommandName=\r\n\tCommandType=\r\n\tScriptName=\r\n\tCommandPath=\r\n\tCommandLine=&lt;/string&gt;\n</Data>\n<Binary></Binary>\n</EventData>\n</Event>\n"
  },
  {
    "record_id": 14,
    "timestamp": "2025-01-25 13:25:11.564508+00:00",
    "xml_data": "<Event xmlns=\"http://schemas.microsoft.com/win/2004/08/events/event\"><System><Provider Name=\"PowerShell\"></Provider>\n<EventID Qualifiers=\"0\">600</EventID>\n<Version>0</Version>\n<Level>4</Level>\n<Task>6</Task>\n<Opcode>0</Opcode>\n<Keywords>0x0080000000000000</Keywords>\n<TimeCreated SystemTime=\"2025-01-25 13:25:11.564508+00:00\"></TimeCreated>\n<EventRecordID>14</EventRecordID>\n<Correlation ActivityID=\"\" RelatedActivityID=\"\"></Correlation>\n<Execution ProcessID=\"6844\" ThreadID=\"0\"></Execution>\n<Channel>Windows PowerShell</Channel>\n<Computer>DESKTOP-M3AKJSD</Computer>\n<Security UserID=\"\"></Security>\n</System>\n<EventData><Data>&lt;string&gt;Variable&lt;/string&gt;\n&lt;string&gt;Started&lt;/string&gt;\n&lt;string&gt;\tProviderName=Variable\r\n\tNewProviderState=Started\r\n\r\n\tSequenceNumber=11\r\n\r\n\tHostName=ConsoleHost\r\n\tHostVersion=5.1.26100.1591\r\n\tHostId=0c265b7d-172a-4718-823a-d0c459755a51\r\n\tHostApplication=c:\\windows\\syswow64\\\\windowspowershell\\v1.0\\powershell.exe -NoLogo -NoProfile -Noninteractive -ExecutionPolicy Unrestricted -InputFormat None -Command &amp; \"C:\\ProgramData\\Microsoft\\VisualStudio\\Packages\\Microsoft.VisualCpp.Redist.14,version=14.42.34433,chip=x86\\VCRedistInstall.ps1\" -PayloadDirectory \"C:\\ProgramData\\Microsoft\\VisualStudio\\Packages\\Microsoft.VisualCpp.Redist.14,version=14.42.34433,chip=x86\" -Architecture x86 -Logfile \"C:\\Users\\User\\AppData\\Local\\Temp\\dd_setup_20250125051341_250_Microsoft.VisualCpp.Redist.14.log\"; exit $LastExitCode\r\n\tEngineVersion=\r\n\tRunspaceId=\r\n\tPipelineId=\r\n\tCommandName=\r\n\tCommandType=\r\n\tScriptName=\r\n\tCommandPath=\r\n\tCommandLine=&lt;/string&gt;\n</Data>\n<Binary></Binary>\n</EventData>\n</Event>\n"
  },
  {
    "record_id": 15,
    "timestamp": "2025-01-25 13:25:12.412653+00:00",
    "xml_data": "<Event xmlns=\"http://schemas.microsoft.com/win/2004/08/events/event\"><System><Provider Name=\"PowerShell\"></Provider>\n<EventID Qualifiers=\"0\">400</EventID>\n<Version>0</Version>\n<Level>4</Level>\n<Task>4</Task>\n<Opcode>0</Opcode>\n<Keywords>0x0080000000000000</Keywords>\n<TimeCreated SystemTime=\"2025-01-25 13:25:12.412653+00:00\"></TimeCreated>\n<EventRecordID>15</EventRecordID>\n<Correlation ActivityID=\"\" RelatedActivityID=\"\"></Correlation>\n<Execution ProcessID=\"6844\" ThreadID=\"0\"></Execution>\n<Channel>Windows PowerShell</Channel>\n<Computer>DESKTOP-M3AKJSD</Computer>\n<Security UserID=\"\"></Security>\n</System>\n<EventData><Data>&lt;string&gt;Available&lt;/string&gt;\n&lt;string&gt;None&lt;/string&gt;\n&lt;string&gt;\tNewEngineState=Available\r\n\tPreviousEngineState=None\r\n\r\n\tSequenceNumber=13\r\n\r\n\tHostName=ConsoleHost\r\n\tHostVersion=5.1.26100.1591\r\n\tHostId=0c265b7d-172a-4718-823a-d0c459755a51\r\n\tHostApplication=c:\\windows\\syswow64\\\\windowspowershell\\v1.0\\powershell.exe -NoLogo -NoProfile -Noninteractive -ExecutionPolicy Unrestricted -InputFormat None -Command &amp; \"C:\\ProgramData\\Microsoft\\VisualStudio\\Packages\\Microsoft.VisualCpp.Redist.14,version=14.42.34433,chip=x86\\VCRedistInstall.ps1\" -PayloadDirectory \"C:\\ProgramData\\Microsoft\\VisualStudio\\Packages\\Microsoft.VisualCpp.Redist.14,version=14.42.34433,chip=x86\" -Architecture x86 -Logfile \"C:\\Users\\User\\AppData\\Local\\Temp\\dd_setup_20250125051341_250_Microsoft.VisualCpp.Redist.14.log\"; exit $LastExitCode\r\n\tEngineVersion=5.1.26100.1591\r\n\tRunspaceId=5eae7ebf-ff3d-43d3-b3bc-27bb488c2b18\r\n\tPipelineId=\r\n\tCommandName=\r\n\tCommandType=\r\n\tScriptName=\r\n\tCommandPath=\r\n\tCommandLine=&lt;/string&gt;\n</Data>\n<Binary></Binary>\n</EventData>\n</Event>\n"
  },
  {
    "record_id": 16,
    "timestamp": "2025-01-25 13:25:48.135595+00:00",
    "xml_data": "<Event xmlns=\"http://schemas.microsoft.com/win/2004/08/events/event\"><System><Provider Name=\"PowerShell\"></Provider>\n<EventID Qualifiers=\"0\">403</EventID>\n<Version>0</Version>\n<Level>4</Level>\n<Task>4</Task>\n<Opcode>0</Opcode>\n<Keywords>0x0080000000000000</Keywords>\n<TimeCreated SystemTime=\"2025-01-25 13:25:48.135595+00:00\"></TimeCreated>\n<EventRecordID>16</EventRecordID>\n<Correlation ActivityID=\"\" RelatedActivityID=\"\"></Correlation>\n<Execution ProcessID=\"6844\" ThreadID=\"0\"></Execution>\n<Channel>Windows PowerShell</Channel>\n<Computer>DESKTOP-M3AKJSD</Computer>\n<Security UserID=\"\"></Security>\n</System>\n<EventData><Data>&lt;string&gt;Stopped&lt;/string&gt;\n&lt;string&gt;Available&lt;/string&gt;\n&lt;string&gt;\tNewEngineState=Stopped\r\n\tPreviousEngineState=Available\r\n\r\n\tSequenceNumber=15\r\n\r\n\tHostName=ConsoleHost\r\n\tHostVersion=5.1.26100.1591\r\n\tHostId=0c265b7d-172a-4718-823a-d0c459755a51\r\n\tHostApplication=c:\\windows\\syswow64\\\\windowspowershell\\v1.0\\powershell.exe -NoLogo -NoProfile -Noninteractive -ExecutionPolicy Unrestricted -InputFormat None -Command &amp; \"C:\\ProgramData\\Microsoft\\VisualStudio\\Packages\\Microsoft.VisualCpp.Redist.14,version=14.42.34433,chip=x86\\VCRedistInstall.ps1\" -PayloadDirectory \"C:\\ProgramData\\Microsoft\\VisualStudio\\Packages\\Microsoft.VisualCpp.Redist.14,version=14.42.34433,chip=x86\" -Architecture x86 -Logfile \"C:\\Users\\User\\AppData\\Local\\Temp\\dd_setup_20250125051341_250_Microsoft.VisualCpp.Redist.14.log\"; exit $LastExitCode\r\n\tEngineVersion=5.1.26100.1591\r\n\tRunspaceId=5eae7ebf-ff3d-43d3-b3bc-27bb488c2b18\r\n\tPipelineId=\r\n\tCommandName=\r\n\tCommandType=\r\n\tScriptName=\r\n\tCommandPath=\r\n\tCommandLine=&lt;/string&gt;\n</Data>\n<Binary></Binary>\n</EventData>\n</Event>\n"
  },
  {
    "record_id": 17,
    "timestamp": "2025-01-25 13:25:49.977699+00:00",
    "xml_data": "<Event xmlns=\"http://schemas.microsoft.com/win/2004/08/events/event\"><System><Provider Name=\"PowerShell\"></Provider>\n<EventID Qualifiers=\"0\">600</EventID>\n<Version>0</Version>\n<Level>4</Level>\n<Task>6</Task>\n<Opcode>0</Opcode>\n<Keywords>0x0080000000000000</Keywords>\n<TimeCreated SystemTime=\"2025-01-25 13:25:49.977699+00:00\"></TimeCreated>\n<EventRecordID>17</EventRecordID>\n<Correlation ActivityID=\"\" RelatedActivityID=\"\"></Correlation>\n<Execution ProcessID=\"6528\" ThreadID=\"0\"></Execution>\n<Channel>Windows PowerShell</Channel>\n<Computer>DESKTOP-M3AKJSD</Computer>\n<Security UserID=\"\"></Security>\n</System>\n<EventData><Data>&lt;string&gt;Registry&lt;/string&gt;\n&lt;string&gt;Started&lt;/string&gt;\n&lt;string&gt;\tProviderName=Registry\r\n\tNewProviderState=Started\r\n\r\n\tSequenceNumber=1\r\n\r\n\tHostName=ConsoleHost\r\n\tHostVersion=5.1.26100.1591\r\n\tHostId=314a9251-117f-46de-8b95-2a8f037669e0\r\n\tHostApplication=c:\\windows\\syswow64\\\\windowspowershell\\v1.0\\powershell.exe -NoLogo -NoProfile -Noninteractive -ExecutionPolicy Unrestricted -InputFormat None -Command &amp; \"C:\\ProgramData\\Microsoft\\VisualStudio\\Packages\\Microsoft.VisualCpp.Redist.14,version=14.42.34433,chip=x64\\VCRedistInstall.ps1\" -PayloadDirectory \"C:\\ProgramData\\Microsoft\\VisualStudio\\Packages\\Microsoft.VisualCpp.Redist.14,version=14.42.34433,chip=x64\" -Architecture x64 -Logfile \"C:\\Users\\User\\AppData\\Local\\Temp\\dd_setup_20250125051341_251_Microsoft.VisualCpp.Redist.14.log\"; exit $LastExitCode\r\n\tEngineVersion=\r\n\tRunspaceId=\r\n\tPipelineId=\r\n\tCommandName=\r\n\tCommandType=\r\n\tScriptName=\r\n\tCommandPath=\r\n\tCommandLine=&lt;/string&gt;\n</Data>\n<Binary></Binary>\n</EventData>\n</Event>\n"
  },
  {
    "record_id": 18,
    "timestamp": "2025-01-25 13:25:49.991590+00:00",
    "xml_data": "<Event xmlns=\"http://schemas.microsoft.com/win/2004/08/events/event\"><System><Provider Name=\"PowerShell\"></Provider>\n<EventID Qualifiers=\"0\">600</EventID>\n<Version>0</Version>\n<Level>4</Level>\n<Task>6</Task>\n<Opcode>0</Opcode>\n<Keywords>0x0080000000000000</Keywords>\n<TimeCreated SystemTime=\"2025-01-25 13:25:49.991590+00:00\"></TimeCreated>\n<EventRecordID>18</EventRecordID>\n<Correlation ActivityID=\"\" RelatedActivityID=\"\"></Correlation>\n<Execution ProcessID=\"6528\" ThreadID=\"0\"></Execution>\n<Channel>Windows PowerShell</Channel>\n<Computer>DESKTOP-M3AKJSD</Computer>\n<Security UserID=\"\"></Security>\n</System>\n<EventData><Data>&lt;string&gt;Alias&lt;/string&gt;\n&lt;string&gt;Started&lt;/string&gt;\n&lt;string&gt;\tProviderName=Alias\r\n\tNewProviderState=Started\r\n\r\n\tSequenceNumber=3\r\n\r\n\tHostName=ConsoleHost\r\n\tHostVersion=5.1.26100.1591\r\n\tHostId=314a9251-117f-46de-8b95-2a8f037669e0\r\n\tHostApplication=c:\\windows\\syswow64\\\\windowspowershell\\v1.0\\powershell.exe -NoLogo -NoProfile -Noninteractive -ExecutionPolicy Unrestricted -InputFormat None -Command &amp; \"C:\\ProgramData\\Microsoft\\VisualStudio\\Packages\\Microsoft.VisualCpp.Redist.14,version=14.42.34433,chip=x64\\VCRedistInstall.ps1\" -PayloadDirectory \"C:\\ProgramData\\Microsoft\\VisualStudio\\Packages\\Microsoft.VisualCpp.Redist.14,version=14.42.34433,chip=x64\" -Architecture x64 -Logfile \"C:\\Users\\User\\AppData\\Local\\Temp\\dd_setup_20250125051341_251_Microsoft.VisualCpp.Redist.14.log\"; exit $LastExitCode\r\n\tEngineVersion=\r\n\tRunspaceId=\r\n\tPipelineId=\r\n\tCommandName=\r\n\tCommandType=\r\n\tScriptName=\r\n\tCommandPath=\r\n\tCommandLine=&lt;/string&gt;\n</Data>\n<Binary></Binary>\n</EventData>\n</Event>\n"
  },
  {
    "record_id": 19,
    "timestamp": "2025-01-25 13:25:49.994759+00:00",
    "xml_data": "<Event xmlns=\"http://schemas.microsoft.com/win/2004/08/events/event\"><System><Provider Name=\"PowerShell\"></Provider>\n<EventID Qualifiers=\"0\">600</EventID>\n<Version>0</Version>\n<Level>4</Level>\n<Task>6</Task>\n<Opcode>0</Opcode>\n<Keywords>0x0080000000000000</Keywords>\n<TimeCreated SystemTime=\"2025-01-25 13:25:49.994759+00:00\"></TimeCreated>\n<EventRecordID>19</EventRecordID>\n<Correlation ActivityID=\"\" RelatedActivityID=\"\"></Correlation>\n<Execution ProcessID=\"6528\" ThreadID=\"0\"></Execution>\n<Channel>Windows PowerShell</Channel>\n<Computer>DESKTOP-M3AKJSD</Computer>\n<Security UserID=\"\"></Security>\n</System>\n<EventData><Data>&lt;string&gt;Environment&lt;/string&gt;\n&lt;string&gt;Started&lt;/string&gt;\n&lt;string&gt;\tProviderName=Environment\r\n\tNewProviderState=Started\r\n\r\n\tSequenceNumber=5\r\n\r\n\tHostName=ConsoleHost\r\n\tHostVersion=5.1.26100.1591\r\n\tHostId=314a9251-117f-46de-8b95-2a8f037669e0\r\n\tHostApplication=c:\\windows\\syswow64\\\\windowspowershell\\v1.0\\powershell.exe -NoLogo -NoProfile -Noninteractive -ExecutionPolicy Unrestricted -InputFormat None -Command &amp; \"C:\\ProgramData\\Microsoft\\VisualStudio\\Packages\\Microsoft.VisualCpp.Redist.14,version=14.42.34433,chip=x64\\VCRedistInstall.ps1\" -PayloadDirectory \"C:\\ProgramData\\Microsoft\\VisualStudio\\Packages\\Microsoft.VisualCpp.Redist.14,version=14.42.34433,chip=x64\" -Architecture x64 -Logfile \"C:\\Users\\User\\AppData\\Local\\Temp\\dd_setup_20250125051341_251_Microsoft.VisualCpp.Redist.14.log\"; exit $LastExitCode\r\n\tEngineVersion=\r\n\tRunspaceId=\r\n\tPipelineId=\r\n\tCommandName=\r\n\tCommandType=\r\n\tScriptName=\r\n\tCommandPath=\r\n\tCommandLine=&lt;/string&gt;\n</Data>\n<Binary></Binary>\n</EventData>\n</Event>\n"
  },
  {
    "record_id": 20,
    "timestamp": "2025-01-25 13:25:50.042320+00:00",
    "xml_data": "<Event xmlns=\"http://schemas.microsoft.com/win/2004/08/events/event\"><System><Provider Name=\"PowerShell\"></Provider>\n<EventID Qualifiers=\"0\">600</EventID>\n<Version>0</Version>\n<Level>4</Level>\n<Task>6</Task>\n<Opcode>0</Opcode>\n<Keywords>0x0080000000000000</Keywords>\n<TimeCreated SystemTime=\"2025-01-25 13:25:50.042320+00:00\"></TimeCreated>\n<EventRecordID>20</EventRecordID>\n<Correlation ActivityID=\"\" RelatedActivityID=\"\"></Correlation>\n<Execution ProcessID=\"6528\" ThreadID=\"0\"></Execution>\n<Channel>Windows PowerShell</Channel>\n<Computer>DESKTOP-M3AKJSD</Computer>\n<Security UserID=\"\"></Security>\n</System>\n<EventData><Data>&lt;string&gt;FileSystem&lt;/string&gt;\n&lt;string&gt;Started&lt;/string&gt;\n&lt;string&gt;\tProviderName=FileSystem\r\n\tNewProviderState=Started\r\n\r\n\tSequenceNumber=7\r\n\r\n\tHostName=ConsoleHost\r\n\tHostVersion=5.1.26100.1591\r\n\tHostId=314a9251-117f-46de-8b95-2a8f037669e0\r\n\tHostApplication=c:\\windows\\syswow64\\\\windowspowershell\\v1.0\\powershell.exe -NoLogo -NoProfile -Noninteractive -ExecutionPolicy Unrestricted -InputFormat None -Command &amp; \"C:\\ProgramData\\Microsoft\\VisualStudio\\Packages\\Microsoft.VisualCpp.Redist.14,version=14.42.34433,chip=x64\\VCRedistInstall.ps1\" -PayloadDirectory \"C:\\ProgramData\\Microsoft\\VisualStudio\\Packages\\Microsoft.VisualCpp.Redist.14,version=14.42.34433,chip=x64\" -Architecture x64 -Logfile \"C:\\Users\\User\\AppData\\Local\\Temp\\dd_setup_20250125051341_251_Microsoft.VisualCpp.Redist.14.log\"; exit $LastExitCode\r\n\tEngineVersion=\r\n\tRunspaceId=\r\n\tPipelineId=\r\n\tCommandName=\r\n\tCommandType=\r\n\tScriptName=\r\n\tCommandPath=\r\n\tCommandLine=&lt;/string&gt;\n</Data>\n<Binary></Binary>\n</EventData>\n</Event>\n"
  },
  {
    "record_id": 21,
    "timestamp": "2025-01-25 13:25:50.043184+00:00",
    "xml_data": "<Event xmlns=\"http://schemas.microsoft.com/win/2004/08/events/event\"><System><Provider Name=\"PowerShell\"></Provider>\n<EventID Qualifiers=\"0\">600</EventID>\n<Version>0</Version>\n<Level>4</Level>\n<Task>6</Task>\n<Opcode>0</Opcode>\n<Keywords>0x0080000000000000</Keywords>\n<TimeCreated SystemTime=\"2025-01-25 13:25:50.043184+00:00\"></TimeCreated>\n<EventRecordID>21</EventRecordID>\n<Correlation ActivityID=\"\" RelatedActivityID=\"\"></Correlation>\n<Execution ProcessID=\"6528\" ThreadID=\"0\"></Execution>\n<Channel>Windows PowerShell</Channel>\n<Computer>DESKTOP-M3AKJSD</Computer>\n<Security UserID=\"\"></Security>\n</System>\n<EventData><Data>&lt;string&gt;Function&lt;/string&gt;\n&lt;string&gt;Started&lt;/string&gt;\n&lt;string&gt;\tProviderName=Function\r\n\tNewProviderState=Started\r\n\r\n\tSequenceNumber=9\r\n\r\n\tHostName=ConsoleHost\r\n\tHostVersion=5.1.26100.1591\r\n\tHostId=314a9251-117f-46de-8b95-2a8f037669e0\r\n\tHostApplication=c:\\windows\\syswow64\\\\windowspowershell\\v1.0\\powershell.exe -NoLogo -NoProfile -Noninteractive -ExecutionPolicy Unrestricted -InputFormat None -Command &amp; \"C:\\ProgramData\\Microsoft\\VisualStudio\\Packages\\Microsoft.VisualCpp.Redist.14,version=14.42.34433,chip=x64\\VCRedistInstall.ps1\" -PayloadDirectory \"C:\\ProgramData\\Microsoft\\VisualStudio\\Packages\\Microsoft.VisualCpp.Redist.14,version=14.42.34433,chip=x64\" -Architecture x64 -Logfile \"C:\\Users\\User\\AppData\\Local\\Temp\\dd_setup_20250125051341_251_Microsoft.VisualCpp.Redist.14.log\"; exit $LastExitCode\r\n\tEngineVersion=\r\n\tRunspaceId=\r\n\tPipelineId=\r\n\tCommandName=\r\n\tCommandType=\r\n\tScriptName=\r\n\tCommandPath=\r\n\tCommandLine=&lt;/string&gt;\n</Data>\n<Binary></Binary>\n</EventData>\n</Event>\n"
  },
  {
    "record_id": 22,
    "timestamp": "2025-01-25 13:25:50.044693+00:00",
    "xml_data": "<Event xmlns=\"http://schemas.microsoft.com/win/2004/08/events/event\"><System><Provider Name=\"PowerShell\"></Provider>\n<EventID Qualifiers=\"0\">600</EventID>\n<Version>0</Version>\n<Level>4</Level>\n<Task>6</Task>\n<Opcode>0</Opcode>\n<Keywords>0x0080000000000000</Keywords>\n<TimeCreated SystemTime=\"2025-01-25 13:25:50.044693+00:00\"></TimeCreated>\n<EventRecordID>22</EventRecordID>\n<Correlation ActivityID=\"\" RelatedActivityID=\"\"></Correlation>\n<Execution ProcessID=\"6528\" ThreadID=\"0\"></Execution>\n<Channel>Windows PowerShell</Channel>\n<Computer>DESKTOP-M3AKJSD</Computer>\n<Security UserID=\"\"></Security>\n</System>\n<EventData><Data>&lt;string&gt;Variable&lt;/string&gt;\n&lt;string&gt;Started&lt;/string&gt;\n&lt;string&gt;\tProviderName=Variable\r\n\tNewProviderState=Started\r\n\r\n\tSequenceNumber=11\r\n\r\n\tHostName=ConsoleHost\r\n\tHostVersion=5.1.26100.1591\r\n\tHostId=314a9251-117f-46de-8b95-2a8f037669e0\r\n\tHostApplication=c:\\windows\\syswow64\\\\windowspowershell\\v1.0\\powershell.exe -NoLogo -NoProfile -Noninteractive -ExecutionPolicy Unrestricted -InputFormat None -Command &amp; \"C:\\ProgramData\\Microsoft\\VisualStudio\\Packages\\Microsoft.VisualCpp.Redist.14,version=14.42.34433,chip=x64\\VCRedistInstall.ps1\" -PayloadDirectory \"C:\\ProgramData\\Microsoft\\VisualStudio\\Packages\\Microsoft.VisualCpp.Redist.14,version=14.42.34433,chip=x64\" -Architecture x64 -Logfile \"C:\\Users\\User\\AppData\\Local\\Temp\\dd_setup_20250125051341_251_Microsoft.VisualCpp.Redist.14.log\"; exit $LastExitCode\r\n\tEngineVersion=\r\n\tRunspaceId=\r\n\tPipelineId=\r\n\tCommandName=\r\n\tCommandType=\r\n\tScriptName=\r\n\tCommandPath=\r\n\tCommandLine=&lt;/string&gt;\n</Data>\n<Binary></Binary>\n</EventData>\n</Event>\n"
  },
  {
    "record_id": 23,
    "timestamp": "2025-01-25 13:25:50.185213+00:00",
    "xml_data": "<Event xmlns=\"http://schemas.microsoft.com/win/2004/08/events/event\"><System><Provider Name=\"PowerShell\"></Provider>\n<EventID Qualifiers=\"0\">400</EventID>\n<Version>0</Version>\n<Level>4</Level>\n<Task>4</Task>\n<Opcode>0</Opcode>\n<Keywords>0x0080000000000000</Keywords>\n<TimeCreated SystemTime=\"2025-01-25 13:25:50.185213+00:00\"></TimeCreated>\n<EventRecordID>23</EventRecordID>\n<Correlation ActivityID=\"\" RelatedActivityID=\"\"></Correlation>\n<Execution ProcessID=\"6528\" ThreadID=\"0\"></Execution>\n<Channel>Windows PowerShell</Channel>\n<Computer>DESKTOP-M3AKJSD</Computer>\n<Security UserID=\"\"></Security>\n</System>\n<EventData><Data>&lt;string&gt;Available&lt;/string&gt;\n&lt;string&gt;None&lt;/string&gt;\n&lt;string&gt;\tNewEngineState=Available\r\n\tPreviousEngineState=None\r\n\r\n\tSequenceNumber=13\r\n\r\n\tHostName=ConsoleHost\r\n\tHostVersion=5.1.26100.1591\r\n\tHostId=314a9251-117f-46de-8b95-2a8f037669e0\r\n\tHostApplication=c:\\windows\\syswow64\\\\windowspowershell\\v1.0\\powershell.exe -NoLogo -NoProfile -Noninteractive -ExecutionPolicy Unrestricted -InputFormat None -Command &amp; \"C:\\ProgramData\\Microsoft\\VisualStudio\\Packages\\Microsoft.VisualCpp.Redist.14,version=14.42.34433,chip=x64\\VCRedistInstall.ps1\" -PayloadDirectory \"C:\\ProgramData\\Microsoft\\VisualStudio\\Packages\\Microsoft.VisualCpp.Redist.14,version=14.42.34433,chip=x64\" -Architecture x64 -Logfile \"C:\\Users\\User\\AppData\\Local\\Temp\\dd_setup_20250125051341_251_Microsoft.VisualCpp.Redist.14.log\"; exit $LastExitCode\r\n\tEngineVersion=5.1.26100.1591\r\n\tRunspaceId=b48c0da8-d78c-44ee-b91f-f782d3bf5133\r\n\tPipelineId=\r\n\tCommandName=\r\n\tCommandType=\r\n\tScriptName=\r\n\tCommandPath=\r\n\tCommandLine=&lt;/string&gt;\n</Data>\n<Binary></Binary>\n</EventData>\n</Event>\n"
  },
  {
    "record_id": 24,
    "timestamp": "2025-01-25 13:26:12.738373+00:00",
    "xml_data": "<Event xmlns=\"http://schemas.microsoft.com/win/2004/08/events/event\"><System><Provider Name=\"PowerShell\"></Provider>\n<EventID Qualifiers=\"0\">403</EventID>\n<Version>0</Version>\n<Level>4</Level>\n<Task>4</Task>\n<Opcode>0</Opcode>\n<Keywords>0x0080000000000000</Keywords>\n<TimeCreated SystemTime=\"2025-01-25 13:26:12.738373+00:00\"></TimeCreated>\n<EventRecordID>24</EventRecordID>\n<Correlation ActivityID=\"\" RelatedActivityID=\"\"></Correlation>\n<Execution ProcessID=\"6528\" ThreadID=\"0\"></Execution>\n<Channel>Windows PowerShell</Channel>\n<Computer>DESKTOP-M3AKJSD</Computer>\n<Security UserID=\"\"></Security>\n</System>\n<EventData><Data>&lt;string&gt;Stopped&lt;/string&gt;\n&lt;string&gt;Available&lt;/string&gt;\n&lt;string&gt;\tNewEngineState=Stopped\r\n\tPreviousEngineState=Available\r\n\r\n\tSequenceNumber=15\r\n\r\n\tHostName=ConsoleHost\r\n\tHostVersion=5.1.26100.1591\r\n\tHostId=314a9251-117f-46de-8b95-2a8f037669e0\r\n\tHostApplication=c:\\windows\\syswow64\\\\windowspowershell\\v1.0\\powershell.exe -NoLogo -NoProfile -Noninteractive -ExecutionPolicy Unrestricted -InputFormat None -Command &amp; \"C:\\ProgramData\\Microsoft\\VisualStudio\\Packages\\Microsoft.VisualCpp.Redist.14,version=14.42.34433,chip=x64\\VCRedistInstall.ps1\" -PayloadDirectory \"C:\\ProgramData\\Microsoft\\VisualStudio\\Packages\\Microsoft.VisualCpp.Redist.14,version=14.42.34433,chip=x64\" -Architecture x64 -Logfile \"C:\\Users\\User\\AppData\\Local\\Temp\\dd_setup_20250125051341_251_Microsoft.VisualCpp.Redist.14.log\"; exit $LastExitCode\r\n\tEngineVersion=5.1.26100.1591\r\n\tRunspaceId=b48c0da8-d78c-44ee-b91f-f782d3bf5133\r\n\tPipelineId=\r\n\tCommandName=\r\n\tCommandType=\r\n\tScriptName=\r\n\tCommandPath=\r\n\tCommandLine=&lt;/string&gt;\n</Data>\n<Binary></Binary>\n</EventData>\n</Event>\n"
  },
  {
    "record_id": 25,
    "timestamp": "2025-01-25 14:11:19.645967+00:00",
    "xml_data": "<Event xmlns=\"http://schemas.microsoft.com/win/2004/08/events/event\"><System><Provider Name=\"PowerShell\"></Provider>\n<EventID Qualifiers=\"0\">600</EventID>\n<Version>0</Version>\n<Level>4</Level>\n<Task>6</Task>\n<Opcode>0</Opcode>\n<Keywords>0x0080000000000000</Keywords>\n<TimeCreated SystemTime=\"2025-01-25 14:11:19.645967+00:00\"></TimeCreated>\n<EventRecordID>25</EventRecordID>\n<Correlation ActivityID=\"\" RelatedActivityID=\"\"></Correlation>\n<Execution ProcessID=\"7484\" ThreadID=\"0\"></Execution>\n<Channel>Windows PowerShell</Channel>\n<Computer>DESKTOP-M3AKJSD</Computer>\n<Security UserID=\"\"></Security>\n</System>\n<EventData><Data>&lt;string&gt;Registry&lt;/string&gt;\n&lt;string&gt;Started&lt;/string&gt;\n&lt;string&gt;\tProviderName=Registry\r\n\tNewProviderState=Started\r\n\r\n\tSequenceNumber=1\r\n\r\n\tHostName=ConsoleHost\r\n\tHostVersion=5.1.26100.1591\r\n\tHostId=c4606c25-d178-4752-95fc-7c2c37883b6f\r\n\tHostApplication=C:\\WINDOWS\\System32\\WindowsPowerShell\\v1.0\\powershell -NoProfile -NonInteractive &#8211;ExecutionPolicy Bypass -EncodedCommand UwB0AGEAcgB0ACAAIgBoAHQAdABwADoALwAvAGwAbwBjAGEAbABoAG8AcwB0ADoAMwAwADAAMAAiAA==\r\n\tEngineVersion=\r\n\tRunspaceId=\r\n\tPipelineId=\r\n\tCommandName=\r\n\tCommandType=\r\n\tScriptName=\r\n\tCommandPath=\r\n\tCommandLine=&lt;/string&gt;\n</Data>\n<Binary></Binary>\n</EventData>\n</Event>\n"
  },
  {
    "record_id": 26,
    "timestamp": "2025-01-25 14:11:19.648321+00:00",
    "xml_data": "<Event xmlns=\"http://schemas.microsoft.com/win/2004/08/events/event\"><System><Provider Name=\"PowerShell\"></Provider>\n<EventID Qualifiers=\"0\">600</EventID>\n<Version>0</Version>\n<Level>4</Level>\n<Task>6</Task>\n<Opcode>0</Opcode>\n<Keywords>0x0080000000000000</Keywords>\n<TimeCreated SystemTime=\"2025-01-25 14:11:19.648321+00:00\"></TimeCreated>\n<EventRecordID>26</EventRecordID>\n<Correlation ActivityID=\"\" RelatedActivityID=\"\"></Correlation>\n<Execution ProcessID=\"7484\" ThreadID=\"0\"></Execution>\n<Channel>Windows PowerShell</Channel>\n<Computer>DESKTOP-M3AKJSD</Computer>\n<Security UserID=\"\"></Security>\n</System>\n<EventData><Data>&lt;string&gt;Alias&lt;/string&gt;\n&lt;string&gt;Started&lt;/string&gt;\n&lt;string&gt;\tProviderName=Alias\r\n\tNewProviderState=Started\r\n\r\n\tSequenceNumber=3\r\n\r\n\tHostName=ConsoleHost\r\n\tHostVersion=5.1.26100.1591\r\n\tHostId=c4606c25-d178-4752-95fc-7c2c37883b6f\r\n\tHostApplication=C:\\WINDOWS\\System32\\WindowsPowerShell\\v1.0\\powershell -NoProfile -NonInteractive &#8211;ExecutionPolicy Bypass -EncodedCommand UwB0AGEAcgB0ACAAIgBoAHQAdABwADoALwAvAGwAbwBjAGEAbABoAG8AcwB0ADoAMwAwADAAMAAiAA==\r\n\tEngineVersion=\r\n\tRunspaceId=\r\n\tPipelineId=\r\n\tCommandName=\r\n\tCommandType=\r\n\tScriptName=\r\n\tCommandPath=\r\n\tCommandLine=&lt;/string&gt;\n</Data>\n<Binary></Binary>\n</EventData>\n</Event>\n"
  },
  {
    "record_id": 27,
    "timestamp": "2025-01-25 14:11:19.663288+00:00",
    "xml_data": "<Event xmlns=\"http://schemas.microsoft.com/win/2004/08/events/event\"><System><Provider Name=\"PowerShell\"></Provider>\n<EventID Qualifiers=\"0\">600</EventID>\n<Version>0</Version>\n<Level>4</Level>\n<Task>6</Task>\n<Opcode>0</Opcode>\n<Keywords>0x0080000000000000</Keywords>\n<TimeCreated SystemTime=\"2025-01-25 14:11:19.663288+00:00\"></TimeCreated>\n<EventRecordID>27</EventRecordID>\n<Correlation ActivityID=\"\" RelatedActivityID=\"\"></Correlation>\n<Execution ProcessID=\"7484\" ThreadID=\"0\"></Execution>\n<Channel>Windows PowerShell</Channel>\n<Computer>DESKTOP-M3AKJSD</Computer>\n<Security UserID=\"\"></Security>\n</System>\n<EventData><Data>&lt;string&gt;Environment&lt;/string&gt;\n&lt;string&gt;Started&lt;/string&gt;\n&lt;string&gt;\tProviderName=Environment\r\n\tNewProviderState=Started\r\n\r\n\tSequenceNumber=5\r\n\r\n\tHostName=ConsoleHost\r\n\tHostVersion=5.1.26100.1591\r\n\tHostId=c4606c25-d178-4752-95fc-7c2c37883b6f\r\n\tHostApplication=C:\\WINDOWS\\System32\\WindowsPowerShell\\v1.0\\powershell -NoProfile -NonInteractive &#8211;ExecutionPolicy Bypass -EncodedCommand UwB0AGEAcgB0ACAAIgBoAHQAdABwADoALwAvAGwAbwBjAGEAbABoAG8AcwB0ADoAMwAwADAAMAAiAA==\r\n\tEngineVersion=\r\n\tRunspaceId=\r\n\tPipelineId=\r\n\tCommandName=\r\n\tCommandType=\r\n\tScriptName=\r\n\tCommandPath=\r\n\tCommandLine=&lt;/string&gt;\n</Data>\n<Binary></Binary>\n</EventData>\n</Event>\n"
  },
  {
    "record_id": 28,
    "timestamp": "2025-01-25 14:11:19.683525+00:00",
    "xml_data": "<Event xmlns=\"http://schemas.microsoft.com/win/2004/08/events/event\"><System><Provider Name=\"PowerShell\"></Provider>\n<EventID Qualifiers=\"0\">600</EventID>\n<Version>0</Version>\n<Level>4</Level>\n<Task>6</Task>\n<Opcode>0</Opcode>\n<Keywords>0x0080000000000000</Keywords>\n<TimeCreated SystemTime=\"2025-01-25 14:11:19.683525+00:00\"></TimeCreated>\n<EventRecordID>28</EventRecordID>\n<Correlation ActivityID=\"\" RelatedActivityID=\"\"></Correlation>\n<Execution ProcessID=\"7484\" ThreadID=\"0\"></Execution>\n<Channel>Windows PowerShell</Channel>\n<Computer>DESKTOP-M3AKJSD</Computer>\n<Security UserID=\"\"></Security>\n</System>\n<EventData><Data>&lt;string&gt;FileSystem&lt;/string&gt;\n&lt;string&gt;Started&lt;/string&gt;\n&lt;string&gt;\tProviderName=FileSystem\r\n\tNewProviderState=Started\r\n\r\n\tSequenceNumber=7\r\n\r\n\tHostName=ConsoleHost\r\n\tHostVersion=5.1.26100.1591\r\n\tHostId=c4606c25-d178-4752-95fc-7c2c37883b6f\r\n\tHostApplication=C:\\WINDOWS\\System32\\WindowsPowerShell\\v1.0\\powershell -NoProfile -NonInteractive &#8211;ExecutionPolicy Bypass -EncodedCommand UwB0AGEAcgB0ACAAIgBoAHQAdABwADoALwAvAGwAbwBjAGEAbABoAG8AcwB0ADoAMwAwADAAMAAiAA==\r\n\tEngineVersion=\r\n\tRunspaceId=\r\n\tPipelineId=\r\n\tCommandName=\r\n\tCommandType=\r\n\tScriptName=\r\n\tCommandPath=\r\n\tCommandLine=&lt;/string&gt;\n</Data>\n<Binary></Binary>\n</EventData>\n</Event>\n"
  },
  {
    "record_id": 29,
    "timestamp": "2025-01-25 14:11:19.684231+00:00",
    "xml_data": "<Event xmlns=\"http://schemas.microsoft.com/win/2004/08/events/event\"><System><Provider Name=\"PowerShell\"></Provider>\n<EventID Qualifiers=\"0\">600</EventID>\n<Version>0</Version>\n<Level>4</Level>\n<Task>6</Task>\n<Opcode>0</Opcode>\n<Keywords>0x0080000000000000</Keywords>\n<TimeCreated SystemTime=\"2025-01-25 14:11:19.684231+00:00\"></TimeCreated>\n<EventRecordID>29</EventRecordID>\n<Correlation ActivityID=\"\" RelatedActivityID=\"\"></Correlation>\n<Execution ProcessID=\"7484\" ThreadID=\"0\"></Execution>\n<Channel>Windows PowerShell</Channel>\n<Computer>DESKTOP-M3AKJSD</Computer>\n<Security UserID=\"\"></Security>\n</System>\n<EventData><Data>&lt;string&gt;Function&lt;/string&gt;\n&lt;string&gt;Started&lt;/string&gt;\n&lt;string&gt;\tProviderName=Function\r\n\tNewProviderState=Started\r\n\r\n\tSequenceNumber=9\r\n\r\n\tHostName=ConsoleHost\r\n\tHostVersion=5.1.26100.1591\r\n\tHostId=c4606c25-d178-4752-95fc-7c2c37883b6f\r\n\tHostApplication=C:\\WINDOWS\\System32\\WindowsPowerShell\\v1.0\\powershell -NoProfile -NonInteractive &#8211;ExecutionPolicy Bypass -EncodedCommand UwB0AGEAcgB0ACAAIgBoAHQAdABwADoALwAvAGwAbwBjAGEAbABoAG8AcwB0ADoAMwAwADAAMAAiAA==\r\n\tEngineVersion=\r\n\tRunspaceId=\r\n\tPipelineId=\r\n\tCommandName=\r\n\tCommandType=\r\n\tScriptName=\r\n\tCommandPath=\r\n\tCommandLine=&lt;/string&gt;\n</Data>\n<Binary></Binary>\n</EventData>\n</Event>\n"
  },
