  {
    "record_id": 273,
    "timestamp": "2025-03-11 13:22:00.188673+00:00",
    "xml_data": "<Event xmlns=\"http://schemas.microsoft.com/win/2004/08/events/event\"><System><Provider Name=\"PowerShell\"></Provider>\n<EventID Qualifiers=\"0\">600</EventID>\n<Version>0</Version>\n<Level>4</Level>\n<Task>6</Task>\n<Opcode>0</Opcode>\n<Keywords>0x0080000000000000</Keywords>\n<TimeCreated SystemTime=\"2025-03-11 13:22:00.188673+00:00\"></TimeCreated>\n<EventRecordID>273</EventRecordID>\n<Correlation ActivityID=\"\" RelatedActivityID=\"\"></Correlation>\n<Execution ProcessID=\"10252\" ThreadID=\"0\"></Execution>\n<Channel>Windows PowerShell</Channel>\n<Computer>DESKTOP-M3AKJSD</Computer>\n<Security UserID=\"\"></Security>\n</System>\n<EventData><Data>&lt;string&gt;Environment&lt;/string&gt;\n&lt;string&gt;Started&lt;/string&gt;\n&lt;string&gt;\tProviderName=Environment\r\n\tNewProviderState=Started\r\n\r\n\tSequenceNumber=5\r\n\r\n\tHostName=ConsoleHost\r\n\tHostVersion=5.1.26100.2161\r\n\tHostId=e1311c64-ae9f-48ba-914d-938673a3ec80\r\n\tHostApplication=powershell.exe -ExecutionPolicy Restricted -Command \n $Res = 0\n [UInt64]$MinDiskSpaceThreshold = 25 * 1024 * 1024 * 1024\n\n try {\n $SystemDrive = (Get-CimInstance Win32_OperatingSystem).SystemDrive\n $SystemDriveLetter = $SystemDrive[0]\n $SystemDriveSpace = (Get-Volume -DriveLetter $SystemDriveLetter).SizeRemaining\n Write-Host 'Current system drive space:', $SystemDriveSpace.ToString('N0')\n if ($SystemDriveSpace -lt $MinDiskSpaceThreshold) {\n Write-Host 'System drive space is less than the threshold:', $MinDiskSpaceThreshold.ToString('N0'), 'Applying safeguard.'\n $Res = 1\n }\n } catch {\n # Do nothing\n }\n\n Write-Host 'Final result:', $Res\n\r\n\tEngineVersion=\r\n\tRunspaceId=\r\n\tPipelineId=\r\n\tCommandName=\r\n\tCommandType=\r\n\tScriptName=\r\n\tCommandPath=\r\n\tCommandLine=&lt;/string&gt;\n</Data>\n<Binary></Binary>\n</EventData>\n</Event>\n"
  },
  {
    "record_id": 274,
    "timestamp": "2025-03-11 13:22:00.194498+00:00",
    "xml_data": "<Event xmlns=\"http://schemas.microsoft.com/win/2004/08/events/event\"><System><Provider Name=\"PowerShell\"></Provider>\n<EventID Qualifiers=\"0\">600</EventID>\n<Version>0</Version>\n<Level>4</Level>\n<Task>6</Task>\n<Opcode>0</Opcode>\n<Keywords>0x0080000000000000</Keywords>\n<TimeCreated SystemTime=\"2025-03-11 13:22:00.194498+00:00\"></TimeCreated>\n<EventRecordID>274</EventRecordID>\n<Correlation ActivityID=\"\" RelatedActivityID=\"\"></Correlation>\n<Execution ProcessID=\"10252\" ThreadID=\"0\"></Execution>\n<Channel>Windows PowerShell</Channel>\n<Computer>DESKTOP-M3AKJSD</Computer>\n<Security UserID=\"\"></Security>\n</System>\n<EventData><Data>&lt;string&gt;FileSystem&lt;/string&gt;\n&lt;string&gt;Started&lt;/string&gt;\n&lt;string&gt;\tProviderName=FileSystem\r\n\tNewProviderState=Started\r\n\r\n\tSequenceNumber=7\r\n\r\n\tHostName=ConsoleHost\r\n\tHostVersion=5.1.26100.2161\r\n\tHostId=e1311c64-ae9f-48ba-914d-938673a3ec80\r\n\tHostApplication=powershell.exe -ExecutionPolicy Restricted -Command \n $Res = 0\n [UInt64]$MinDiskSpaceThreshold = 25 * 1024 * 1024 * 1024\n\n try {\n $SystemDrive = (Get-CimInstance Win32_OperatingSystem).SystemDrive\n $SystemDriveLetter = $SystemDrive[0]\n $SystemDriveSpace = (Get-Volume -DriveLetter $SystemDriveLetter).SizeRemaining\n Write-Host 'Current system drive space:', $SystemDriveSpace.ToString('N0')\n if ($SystemDriveSpace -lt $MinDiskSpaceThreshold) {\n Write-Host 'System drive space is less than the threshold:', $MinDiskSpaceThreshold.ToString('N0'), 'Applying safeguard.'\n $Res = 1\n }\n } catch {\n # Do nothing\n }\n\n Write-Host 'Final result:', $Res\n\r\n\tEngineVersion=\r\n\tRunspaceId=\r\n\tPipelineId=\r\n\tCommandName=\r\n\tCommandType=\r\n\tScriptName=\r\n\tCommandPath=\r\n\tCommandLine=&lt;/string&gt;\n</Data>\n<Binary></Binary>\n</EventData>\n</Event>\n"
  },
  {
    "record_id": 275,
    "timestamp": "2025-03-11 13:22:00.205816+00:00",
    "xml_data": "<Event xmlns=\"http://schemas.microsoft.com/win/2004/08/events/event\"><System><Provider Name=\"PowerShell\"></Provider>\n<EventID Qualifiers=\"0\">600</EventID>\n<Version>0</Version>\n<Level>4</Level>\n<Task>6</Task>\n<Opcode>0</Opcode>\n<Keywords>0x0080000000000000</Keywords>\n<TimeCreated SystemTime=\"2025-03-11 13:22:00.205816+00:00\"></TimeCreated>\n<EventRecordID>275</EventRecordID>\n<Correlation ActivityID=\"\" RelatedActivityID=\"\"></Correlation>\n<Execution ProcessID=\"10252\" ThreadID=\"0\"></Execution>\n<Channel>Windows PowerShell</Channel>\n<Computer>DESKTOP-M3AKJSD</Computer>\n<Security UserID=\"\"></Security>\n</System>\n<EventData><Data>&lt;string&gt;Function&lt;/string&gt;\n&lt;string&gt;Started&lt;/string&gt;\n&lt;string&gt;\tProviderName=Function\r\n\tNewProviderState=Started\r\n\r\n\tSequenceNumber=9\r\n\r\n\tHostName=ConsoleHost\r\n\tHostVersion=5.1.26100.2161\r\n\tHostId=e1311c64-ae9f-48ba-914d-938673a3ec80\r\n\tHostApplication=powershell.exe -ExecutionPolicy Restricted -Command \n $Res = 0\n [UInt64]$MinDiskSpaceThreshold = 25 * 1024 * 1024 * 1024\n\n try {\n $SystemDrive = (Get-CimInstance Win32_OperatingSystem).SystemDrive\n $SystemDriveLetter = $SystemDrive[0]\n $SystemDriveSpace = (Get-Volume -DriveLetter $SystemDriveLetter).SizeRemaining\n Write-Host 'Current system drive space:', $SystemDriveSpace.ToString('N0')\n if ($SystemDriveSpace -lt $MinDiskSpaceThreshold) {\n Write-Host 'System drive space is less than the threshold:', $MinDiskSpaceThreshold.ToString('N0'), 'Applying safeguard.'\n $Res = 1\n }\n } catch {\n # Do nothing\n }\n\n Write-Host 'Final result:', $Res\n\r\n\tEngineVersion=\r\n\tRunspaceId=\r\n\tPipelineId=\r\n\tCommandName=\r\n\tCommandType=\r\n\tScriptName=\r\n\tCommandPath=\r\n\tCommandLine=&lt;/string&gt;\n</Data>\n<Binary></Binary>\n</EventData>\n</Event>\n"
  },
  {
    "record_id": 276,
    "timestamp": "2025-03-11 13:22:00.217854+00:00",
    "xml_data": "<Event xmlns=\"http://schemas.microsoft.com/win/2004/08/events/event\"><System><Provider Name=\"PowerShell\"></Provider>\n<EventID Qualifiers=\"0\">600</EventID>\n<Version>0</Version>\n<Level>4</Level>\n<Task>6</Task>\n<Opcode>0</Opcode>\n<Keywords>0x0080000000000000</Keywords>\n<TimeCreated SystemTime=\"2025-03-11 13:22:00.217854+00:00\"></TimeCreated>\n<EventRecordID>276</EventRecordID>\n<Correlation ActivityID=\"\" RelatedActivityID=\"\"></Correlation>\n<Execution ProcessID=\"10252\" ThreadID=\"0\"></Execution>\n<Channel>Windows PowerShell</Channel>\n<Computer>DESKTOP-M3AKJSD</Computer>\n<Security UserID=\"\"></Security>\n</System>\n<EventData><Data>&lt;string&gt;Variable&lt;/string&gt;\n&lt;string&gt;Started&lt;/string&gt;\n&lt;string&gt;\tProviderName=Variable\r\n\tNewProviderState=Started\r\n\r\n\tSequenceNumber=11\r\n\r\n\tHostName=ConsoleHost\r\n\tHostVersion=5.1.26100.2161\r\n\tHostId=e1311c64-ae9f-48ba-914d-938673a3ec80\r\n\tHostApplication=powershell.exe -ExecutionPolicy Restricted -Command \n $Res = 0\n [UInt64]$MinDiskSpaceThreshold = 25 * 1024 * 1024 * 1024\n\n try {\n $SystemDrive = (Get-CimInstance Win32_OperatingSystem).SystemDrive\n $SystemDriveLetter = $SystemDrive[0]\n $SystemDriveSpace = (Get-Volume -DriveLetter $SystemDriveLetter).SizeRemaining\n Write-Host 'Current system drive space:', $SystemDriveSpace.ToString('N0')\n if ($SystemDriveSpace -lt $MinDiskSpaceThreshold) {\n Write-Host 'System drive space is less than the threshold:', $MinDiskSpaceThreshold.ToString('N0'), 'Applying safeguard.'\n $Res = 1\n }\n } catch {\n # Do nothing\n }\n\n Write-Host 'Final result:', $Res\n\r\n\tEngineVersion=\r\n\tRunspaceId=\r\n\tPipelineId=\r\n\tCommandName=\r\n\tCommandType=\r\n\tScriptName=\r\n\tCommandPath=\r\n\tCommandLine=&lt;/string&gt;\n</Data>\n<Binary></Binary>\n</EventData>\n</Event>\n"
  },
  {
    "record_id": 277,
    "timestamp": "2025-03-11 13:22:00.340143+00:00",
    "xml_data": "<Event xmlns=\"http://schemas.microsoft.com/win/2004/08/events/event\"><System><Provider Name=\"PowerShell\"></Provider>\n<EventID Qualifiers=\"0\">400</EventID>\n<Version>0</Version>\n<Level>4</Level>\n<Task>4</Task>\n<Opcode>0</Opcode>\n<Keywords>0x0080000000000000</Keywords>\n<TimeCreated SystemTime=\"2025-03-11 13:22:00.340143+00:00\"></TimeCreated>\n<EventRecordID>277</EventRecordID>\n<Correlation ActivityID=\"\" RelatedActivityID=\"\"></Correlation>\n<Execution ProcessID=\"10252\" ThreadID=\"0\"></Execution>\n<Channel>Windows PowerShell</Channel>\n<Computer>DESKTOP-M3AKJSD</Computer>\n<Security UserID=\"\"></Security>\n</System>\n<EventData><Data>&lt;string&gt;Available&lt;/string&gt;\n&lt;string&gt;None&lt;/string&gt;\n&lt;string&gt;\tNewEngineState=Available\r\n\tPreviousEngineState=None\r\n\r\n\tSequenceNumber=13\r\n\r\n\tHostName=ConsoleHost\r\n\tHostVersion=5.1.26100.2161\r\n\tHostId=e1311c64-ae9f-48ba-914d-938673a3ec80\r\n\tHostApplication=powershell.exe -ExecutionPolicy Restricted -Command \n $Res = 0\n [UInt64]$MinDiskSpaceThreshold = 25 * 1024 * 1024 * 1024\n\n try {\n $SystemDrive = (Get-CimInstance Win32_OperatingSystem).SystemDrive\n $SystemDriveLetter = $SystemDrive[0]\n $SystemDriveSpace = (Get-Volume -DriveLetter $SystemDriveLetter).SizeRemaining\n Write-Host 'Current system drive space:', $SystemDriveSpace.ToString('N0')\n if ($SystemDriveSpace -lt $MinDiskSpaceThreshold) {\n Write-Host 'System drive space is less than the threshold:', $MinDiskSpaceThreshold.ToString('N0'), 'Applying safeguard.'\n $Res = 1\n }\n } catch {\n # Do nothing\n }\n\n Write-Host 'Final result:', $Res\n\r\n\tEngineVersion=5.1.26100.2161\r\n\tRunspaceId=3b23da56-9e12-4b55-b755-60ea92b568a6\r\n\tPipelineId=\r\n\tCommandName=\r\n\tCommandType=\r\n\tScriptName=\r\n\tCommandPath=\r\n\tCommandLine=&lt;/string&gt;\n</Data>\n<Binary></Binary>\n</EventData>\n</Event>\n"
  },
  {
    "record_id": 278,
    "timestamp": "2025-03-11 13:22:03.616648+00:00",
    "xml_data": "<Event xmlns=\"http://schemas.microsoft.com/win/2004/08/events/event\"><System><Provider Name=\"PowerShell\"></Provider>\n<EventID Qualifiers=\"0\">403</EventID>\n<Version>0</Version>\n<Level>4</Level>\n<Task>4</Task>\n<Opcode>0</Opcode>\n<Keywords>0x0080000000000000</Keywords>\n<TimeCreated SystemTime=\"2025-03-11 13:22:03.616648+00:00\"></TimeCreated>\n<EventRecordID>278</EventRecordID>\n<Correlation ActivityID=\"\" RelatedActivityID=\"\"></Correlation>\n<Execution ProcessID=\"10252\" ThreadID=\"0\"></Execution>\n<Channel>Windows PowerShell</Channel>\n<Computer>DESKTOP-M3AKJSD</Computer>\n<Security UserID=\"\"></Security>\n</System>\n<EventData><Data>&lt;string&gt;Stopped&lt;/string&gt;\n&lt;string&gt;Available&lt;/string&gt;\n&lt;string&gt;\tNewEngineState=Stopped\r\n\tPreviousEngineState=Available\r\n\r\n\tSequenceNumber=15\r\n\r\n\tHostName=ConsoleHost\r\n\tHostVersion=5.1.26100.2161\r\n\tHostId=e1311c64-ae9f-48ba-914d-938673a3ec80\r\n\tHostApplication=powershell.exe -ExecutionPolicy Restricted -Command \n $Res = 0\n [UInt64]$MinDiskSpaceThreshold = 25 * 1024 * 1024 * 1024\n\n try {\n $SystemDrive = (Get-CimInstance Win32_OperatingSystem).SystemDrive\n $SystemDriveLetter = $SystemDrive[0]\n $SystemDriveSpace = (Get-Volume -DriveLetter $SystemDriveLetter).SizeRemaining\n Write-Host 'Current system drive space:', $SystemDriveSpace.ToString('N0')\n if ($SystemDriveSpace -lt $MinDiskSpaceThreshold) {\n Write-Host 'System drive space is less than the threshold:', $MinDiskSpaceThreshold.ToString('N0'), 'Applying safeguard.'\n $Res = 1\n }\n } catch {\n # Do nothing\n }\n\n Write-Host 'Final result:', $Res\n\r\n\tEngineVersion=5.1.26100.2161\r\n\tRunspaceId=3b23da56-9e12-4b55-b755-60ea92b568a6\r\n\tPipelineId=\r\n\tCommandName=\r\n\tCommandType=\r\n\tScriptName=\r\n\tCommandPath=\r\n\tCommandLine=&lt;/string&gt;\n</Data>\n<Binary></Binary>\n</EventData>\n</Event>\n"
  },
  {
    "record_id": 279,
    "timestamp": "2025-03-11 13:22:04.497152+00:00",
    "xml_data": "<Event xmlns=\"http://schemas.microsoft.com/win/2004/08/events/event\"><System><Provider Name=\"PowerShell\"></Provider>\n<EventID Qualifiers=\"0\">600</EventID>\n<Version>0</Version>\n<Level>4</Level>\n<Task>6</Task>\n<Opcode>0</Opcode>\n<Keywords>0x0080000000000000</Keywords>\n<TimeCreated SystemTime=\"2025-03-11 13:22:04.497152+00:00\"></TimeCreated>\n<EventRecordID>279</EventRecordID>\n<Correlation ActivityID=\"\" RelatedActivityID=\"\"></Correlation>\n<Execution ProcessID=\"10512\" ThreadID=\"0\"></Execution>\n<Channel>Windows PowerShell</Channel>\n<Computer>DESKTOP-M3AKJSD</Computer>\n<Security UserID=\"\"></Security>\n</System>\n<EventData><Data>&lt;string&gt;Registry&lt;/string&gt;\n&lt;string&gt;Started&lt;/string&gt;\n&lt;string&gt;\tProviderName=Registry\r\n\tNewProviderState=Started\r\n\r\n\tSequenceNumber=1\r\n\r\n\tHostName=ConsoleHost\r\n\tHostVersion=5.1.26100.2161\r\n\tHostId=3c9fece6-c70b-4c22-ae1a-2a840bdc88ca\r\n\tHostApplication=powershell.exe -ExecutionPolicy Restricted -Command Write-Host 'Final result: 1';\r\n\tEngineVersion=\r\n\tRunspaceId=\r\n\tPipelineId=\r\n\tCommandName=\r\n\tCommandType=\r\n\tScriptName=\r\n\tCommandPath=\r\n\tCommandLine=&lt;/string&gt;\n</Data>\n<Binary></Binary>\n</EventData>\n</Event>\n"
  },
  {
    "record_id": 280,
    "timestamp": "2025-03-11 13:22:04.501709+00:00",
    "xml_data": "<Event xmlns=\"http://schemas.microsoft.com/win/2004/08/events/event\"><System><Provider Name=\"PowerShell\"></Provider>\n<EventID Qualifiers=\"0\">600</EventID>\n<Version>0</Version>\n<Level>4</Level>\n<Task>6</Task>\n<Opcode>0</Opcode>\n<Keywords>0x0080000000000000</Keywords>\n<TimeCreated SystemTime=\"2025-03-11 13:22:04.501709+00:00\"></TimeCreated>\n<EventRecordID>280</EventRecordID>\n<Correlation ActivityID=\"\" RelatedActivityID=\"\"></Correlation>\n<Execution ProcessID=\"10512\" ThreadID=\"0\"></Execution>\n<Channel>Windows PowerShell</Channel>\n<Computer>DESKTOP-M3AKJSD</Computer>\n<Security UserID=\"\"></Security>\n</System>\n<EventData><Data>&lt;string&gt;Alias&lt;/string&gt;\n&lt;string&gt;Started&lt;/string&gt;\n&lt;string&gt;\tProviderName=Alias\r\n\tNewProviderState=Started\r\n\r\n\tSequenceNumber=3\r\n\r\n\tHostName=ConsoleHost\r\n\tHostVersion=5.1.26100.2161\r\n\tHostId=3c9fece6-c70b-4c22-ae1a-2a840bdc88ca\r\n\tHostApplication=powershell.exe -ExecutionPolicy Restricted -Command Write-Host 'Final result: 1';\r\n\tEngineVersion=\r\n\tRunspaceId=\r\n\tPipelineId=\r\n\tCommandName=\r\n\tCommandType=\r\n\tScriptName=\r\n\tCommandPath=\r\n\tCommandLine=&lt;/string&gt;\n</Data>\n<Binary></Binary>\n</EventData>\n</Event>\n"
  },
  {
    "record_id": 281,
    "timestamp": "2025-03-11 13:22:04.502771+00:00",
    "xml_data": "<Event xmlns=\"http://schemas.microsoft.com/win/2004/08/events/event\"><System><Provider Name=\"PowerShell\"></Provider>\n<EventID Qualifiers=\"0\">600</EventID>\n<Version>0</Version>\n<Level>4</Level>\n<Task>6</Task>\n<Opcode>0</Opcode>\n<Keywords>0x0080000000000000</Keywords>\n<TimeCreated SystemTime=\"2025-03-11 13:22:04.502771+00:00\"></TimeCreated>\n<EventRecordID>281</EventRecordID>\n<Correlation ActivityID=\"\" RelatedActivityID=\"\"></Correlation>\n<Execution ProcessID=\"10512\" ThreadID=\"0\"></Execution>\n<Channel>Windows PowerShell</Channel>\n<Computer>DESKTOP-M3AKJSD</Computer>\n<Security UserID=\"\"></Security>\n</System>\n<EventData><Data>&lt;string&gt;Environment&lt;/string&gt;\n&lt;string&gt;Started&lt;/string&gt;\n&lt;string&gt;\tProviderName=Environment\r\n\tNewProviderState=Started\r\n\r\n\tSequenceNumber=5\r\n\r\n\tHostName=ConsoleHost\r\n\tHostVersion=5.1.26100.2161\r\n\tHostId=3c9fece6-c70b-4c22-ae1a-2a840bdc88ca\r\n\tHostApplication=powershell.exe -ExecutionPolicy Restricted -Command Write-Host 'Final result: 1';\r\n\tEngineVersion=\r\n\tRunspaceId=\r\n\tPipelineId=\r\n\tCommandName=\r\n\tCommandType=\r\n\tScriptName=\r\n\tCommandPath=\r\n\tCommandLine=&lt;/string&gt;\n</Data>\n<Binary></Binary>\n</EventData>\n</Event>\n"
  },
  {
    "record_id": 282,
    "timestamp": "2025-03-11 13:22:04.509632+00:00",
    "xml_data": "<Event xmlns=\"http://schemas.microsoft.com/win/2004/08/events/event\"><System><Provider Name=\"PowerShell\"></Provider>\n<EventID Qualifiers=\"0\">600</EventID>\n<Version>0</Version>\n<Level>4</Level>\n<Task>6</Task>\n<Opcode>0</Opcode>\n<Keywords>0x0080000000000000</Keywords>\n<TimeCreated SystemTime=\"2025-03-11 13:22:04.509632+00:00\"></TimeCreated>\n<EventRecordID>282</EventRecordID>\n<Correlation ActivityID=\"\" RelatedActivityID=\"\"></Correlation>\n<Execution ProcessID=\"10512\" ThreadID=\"0\"></Execution>\n<Channel>Windows PowerShell</Channel>\n<Computer>DESKTOP-M3AKJSD</Computer>\n<Security UserID=\"\"></Security>\n</System>\n<EventData><Data>&lt;string&gt;FileSystem&lt;/string&gt;\n&lt;string&gt;Started&lt;/string&gt;\n&lt;string&gt;\tProviderName=FileSystem\r\n\tNewProviderState=Started\r\n\r\n\tSequenceNumber=7\r\n\r\n\tHostName=ConsoleHost\r\n\tHostVersion=5.1.26100.2161\r\n\tHostId=3c9fece6-c70b-4c22-ae1a-2a840bdc88ca\r\n\tHostApplication=powershell.exe -ExecutionPolicy Restricted -Command Write-Host 'Final result: 1';\r\n\tEngineVersion=\r\n\tRunspaceId=\r\n\tPipelineId=\r\n\tCommandName=\r\n\tCommandType=\r\n\tScriptName=\r\n\tCommandPath=\r\n\tCommandLine=&lt;/string&gt;\n</Data>\n<Binary></Binary>\n</EventData>\n</Event>\n"
  },
  {
    "record_id": 283,
    "timestamp": "2025-03-11 13:22:04.510715+00:00",
    "xml_data": "<Event xmlns=\"http://schemas.microsoft.com/win/2004/08/events/event\"><System><Provider Name=\"PowerShell\"></Provider>\n<EventID Qualifiers=\"0\">600</EventID>\n<Version>0</Version>\n<Level>4</Level>\n<Task>6</Task>\n<Opcode>0</Opcode>\n<Keywords>0x0080000000000000</Keywords>\n<TimeCreated SystemTime=\"2025-03-11 13:22:04.510715+00:00\"></TimeCreated>\n<EventRecordID>283</EventRecordID>\n<Correlation ActivityID=\"\" RelatedActivityID=\"\"></Correlation>\n<Execution ProcessID=\"10512\" ThreadID=\"0\"></Execution>\n<Channel>Windows PowerShell</Channel>\n<Computer>DESKTOP-M3AKJSD</Computer>\n<Security UserID=\"\"></Security>\n</System>\n<EventData><Data>&lt;string&gt;Function&lt;/string&gt;\n&lt;string&gt;Started&lt;/string&gt;\n&lt;string&gt;\tProviderName=Function\r\n\tNewProviderState=Started\r\n\r\n\tSequenceNumber=9\r\n\r\n\tHostName=ConsoleHost\r\n\tHostVersion=5.1.26100.2161\r\n\tHostId=3c9fece6-c70b-4c22-ae1a-2a840bdc88ca\r\n\tHostApplication=powershell.exe -ExecutionPolicy Restricted -Command Write-Host 'Final result: 1';\r\n\tEngineVersion=\r\n\tRunspaceId=\r\n\tPipelineId=\r\n\tCommandName=\r\n\tCommandType=\r\n\tScriptName=\r\n\tCommandPath=\r\n\tCommandLine=&lt;/string&gt;\n</Data>\n<Binary></Binary>\n</EventData>\n</Event>\n"
  },
  {
    "record_id": 284,
    "timestamp": "2025-03-11 13:22:04.511806+00:00",
    "xml_data": "<Event xmlns=\"http://schemas.microsoft.com/win/2004/08/events/event\"><System><Provider Name=\"PowerShell\"></Provider>\n<EventID Qualifiers=\"0\">600</EventID>\n<Version>0</Version>\n<Level>4</Level>\n<Task>6</Task>\n<Opcode>0</Opcode>\n<Keywords>0x0080000000000000</Keywords>\n<TimeCreated SystemTime=\"2025-03-11 13:22:04.511806+00:00\"></TimeCreated>\n<EventRecordID>284</EventRecordID>\n<Correlation ActivityID=\"\" RelatedActivityID=\"\"></Correlation>\n<Execution ProcessID=\"10512\" ThreadID=\"0\"></Execution>\n<Channel>Windows PowerShell</Channel>\n<Computer>DESKTOP-M3AKJSD</Computer>\n<Security UserID=\"\"></Security>\n</System>\n<EventData><Data>&lt;string&gt;Variable&lt;/string&gt;\n&lt;string&gt;Started&lt;/string&gt;\n&lt;string&gt;\tProviderName=Variable\r\n\tNewProviderState=Started\r\n\r\n\tSequenceNumber=11\r\n\r\n\tHostName=ConsoleHost\r\n\tHostVersion=5.1.26100.2161\r\n\tHostId=3c9fece6-c70b-4c22-ae1a-2a840bdc88ca\r\n\tHostApplication=powershell.exe -ExecutionPolicy Restricted -Command Write-Host 'Final result: 1';\r\n\tEngineVersion=\r\n\tRunspaceId=\r\n\tPipelineId=\r\n\tCommandName=\r\n\tCommandType=\r\n\tScriptName=\r\n\tCommandPath=\r\n\tCommandLine=&lt;/string&gt;\n</Data>\n<Binary></Binary>\n</EventData>\n</Event>\n"
  },
  {
    "record_id": 285,
    "timestamp": "2025-03-11 13:22:04.730381+00:00",
    "xml_data": "<Event xmlns=\"http://schemas.microsoft.com/win/2004/08/events/event\"><System><Provider Name=\"PowerShell\"></Provider>\n<EventID Qualifiers=\"0\">400</EventID>\n<Version>0</Version>\n<Level>4</Level>\n<Task>4</Task>\n<Opcode>0</Opcode>\n<Keywords>0x0080000000000000</Keywords>\n<TimeCreated SystemTime=\"2025-03-11 13:22:04.730381+00:00\"></TimeCreated>\n<EventRecordID>285</EventRecordID>\n<Correlation ActivityID=\"\" RelatedActivityID=\"\"></Correlation>\n<Execution ProcessID=\"10512\" ThreadID=\"0\"></Execution>\n<Channel>Windows PowerShell</Channel>\n<Computer>DESKTOP-M3AKJSD</Computer>\n<Security UserID=\"\"></Security>\n</System>\n<EventData><Data>&lt;string&gt;Available&lt;/string&gt;\n&lt;string&gt;None&lt;/string&gt;\n&lt;string&gt;\tNewEngineState=Available\r\n\tPreviousEngineState=None\r\n\r\n\tSequenceNumber=13\r\n\r\n\tHostName=ConsoleHost\r\n\tHostVersion=5.1.26100.2161\r\n\tHostId=3c9fece6-c70b-4c22-ae1a-2a840bdc88ca\r\n\tHostApplication=powershell.exe -ExecutionPolicy Restricted -Command Write-Host 'Final result: 1';\r\n\tEngineVersion=5.1.26100.2161\r\n\tRunspaceId=dc35acd6-aaef-4acb-ab01-f85a307e2a5c\r\n\tPipelineId=\r\n\tCommandName=\r\n\tCommandType=\r\n\tScriptName=\r\n\tCommandPath=\r\n\tCommandLine=&lt;/string&gt;\n</Data>\n<Binary></Binary>\n</EventData>\n</Event>\n"
  },
  {
    "record_id": 286,
    "timestamp": "2025-03-11 13:22:05.681818+00:00",
    "xml_data": "<Event xmlns=\"http://schemas.microsoft.com/win/2004/08/events/event\"><System><Provider Name=\"PowerShell\"></Provider>\n<EventID Qualifiers=\"0\">403</EventID>\n<Version>0</Version>\n<Level>4</Level>\n<Task>4</Task>\n<Opcode>0</Opcode>\n<Keywords>0x0080000000000000</Keywords>\n<TimeCreated SystemTime=\"2025-03-11 13:22:05.681818+00:00\"></TimeCreated>\n<EventRecordID>286</EventRecordID>\n<Correlation ActivityID=\"\" RelatedActivityID=\"\"></Correlation>\n<Execution ProcessID=\"10512\" ThreadID=\"0\"></Execution>\n<Channel>Windows PowerShell</Channel>\n<Computer>DESKTOP-M3AKJSD</Computer>\n<Security UserID=\"\"></Security>\n</System>\n<EventData><Data>&lt;string&gt;Stopped&lt;/string&gt;\n&lt;string&gt;Available&lt;/string&gt;\n&lt;string&gt;\tNewEngineState=Stopped\r\n\tPreviousEngineState=Available\r\n\r\n\tSequenceNumber=15\r\n\r\n\tHostName=ConsoleHost\r\n\tHostVersion=5.1.26100.2161\r\n\tHostId=3c9fece6-c70b-4c22-ae1a-2a840bdc88ca\r\n\tHostApplication=powershell.exe -ExecutionPolicy Restricted -Command Write-Host 'Final result: 1';\r\n\tEngineVersion=5.1.26100.2161\r\n\tRunspaceId=dc35acd6-aaef-4acb-ab01-f85a307e2a5c\r\n\tPipelineId=\r\n\tCommandName=\r\n\tCommandType=\r\n\tScriptName=\r\n\tCommandPath=\r\n\tCommandLine=&lt;/string&gt;\n</Data>\n<Binary></Binary>\n</EventData>\n</Event>\n"
  },
  {
    "record_id": 287,
    "timestamp": "2025-03-11 13:22:06.429464+00:00",
    "xml_data": "<Event xmlns=\"http://schemas.microsoft.com/win/2004/08/events/event\"><System><Provider Name=\"PowerShell\"></Provider>\n<EventID Qualifiers=\"0\">600</EventID>\n<Version>0</Version>\n<Level>4</Level>\n<Task>6</Task>\n<Opcode>0</Opcode>\n<Keywords>0x0080000000000000</Keywords>\n<TimeCreated SystemTime=\"2025-03-11 13:22:06.429464+00:00\"></TimeCreated>\n<EventRecordID>287</EventRecordID>\n<Correlation ActivityID=\"\" RelatedActivityID=\"\"></Correlation>\n<Execution ProcessID=\"3084\" ThreadID=\"0\"></Execution>\n<Channel>Windows PowerShell</Channel>\n<Computer>DESKTOP-M3AKJSD</Computer>\n<Security UserID=\"\"></Security>\n</System>\n<EventData><Data>&lt;string&gt;Registry&lt;/string&gt;\n&lt;string&gt;Started&lt;/string&gt;\n&lt;string&gt;\tProviderName=Registry\r\n\tNewProviderState=Started\r\n\r\n\tSequenceNumber=1\r\n\r\n\tHostName=ConsoleHost\r\n\tHostVersion=5.1.26100.2161\r\n\tHostId=89f71be8-c4f2-4186-800d-ec271017fd18\r\n\tHostApplication=powershell.exe -ExecutionPolicy Restricted -Command $Res = 0; $Infs = Get-Item -Path ($env:WinDir + '\\inf\\*.inf'); foreach ($Inf in $Infs) { $Data = Get-Content $Inf.FullName; if ($Data -match '\\[defaultinstall.nt(amd64|arm|arm64|x86)\\]') { $Res = 1; break; } } Write-Host 'Final result:', $Res;\r\n\tEngineVersion=\r\n\tRunspaceId=\r\n\tPipelineId=\r\n\tCommandName=\r\n\tCommandType=\r\n\tScriptName=\r\n\tCommandPath=\r\n\tCommandLine=&lt;/string&gt;\n</Data>\n<Binary></Binary>\n</EventData>\n</Event>\n"
  },
  {
    "record_id": 288,
    "timestamp": "2025-03-11 13:22:06.438782+00:00",
    "xml_data": "<Event xmlns=\"http://schemas.microsoft.com/win/2004/08/events/event\"><System><Provider Name=\"PowerShell\"></Provider>\n<EventID Qualifiers=\"0\">600</EventID>\n<Version>0</Version>\n<Level>4</Level>\n<Task>6</Task>\n<Opcode>0</Opcode>\n<Keywords>0x0080000000000000</Keywords>\n<TimeCreated SystemTime=\"2025-03-11 13:22:06.438782+00:00\"></TimeCreated>\n<EventRecordID>288</EventRecordID>\n<Correlation ActivityID=\"\" RelatedActivityID=\"\"></Correlation>\n<Execution ProcessID=\"3084\" ThreadID=\"0\"></Execution>\n<Channel>Windows PowerShell</Channel>\n<Computer>DESKTOP-M3AKJSD</Computer>\n<Security UserID=\"\"></Security>\n</System>\n<EventData><Data>&lt;string&gt;Alias&lt;/string&gt;\n&lt;string&gt;Started&lt;/string&gt;\n&lt;string&gt;\tProviderName=Alias\r\n\tNewProviderState=Started\r\n\r\n\tSequenceNumber=3\r\n\r\n\tHostName=ConsoleHost\r\n\tHostVersion=5.1.26100.2161\r\n\tHostId=89f71be8-c4f2-4186-800d-ec271017fd18\r\n\tHostApplication=powershell.exe -ExecutionPolicy Restricted -Command $Res = 0; $Infs = Get-Item -Path ($env:WinDir + '\\inf\\*.inf'); foreach ($Inf in $Infs) { $Data = Get-Content $Inf.FullName; if ($Data -match '\\[defaultinstall.nt(amd64|arm|arm64|x86)\\]') { $Res = 1; break; } } Write-Host 'Final result:', $Res;\r\n\tEngineVersion=\r\n\tRunspaceId=\r\n\tPipelineId=\r\n\tCommandName=\r\n\tCommandType=\r\n\tScriptName=\r\n\tCommandPath=\r\n\tCommandLine=&lt;/string&gt;\n</Data>\n<Binary></Binary>\n</EventData>\n</Event>\n"
  },
  {
    "record_id": 289,
    "timestamp": "2025-03-11 13:22:06.454197+00:00",
    "xml_data": "<Event xmlns=\"http://schemas.microsoft.com/win/2004/08/events/event\"><System><Provider Name=\"PowerShell\"></Provider>\n<EventID Qualifiers=\"0\">600</EventID>\n<Version>0</Version>\n<Level>4</Level>\n<Task>6</Task>\n<Opcode>0</Opcode>\n<Keywords>0x0080000000000000</Keywords>\n<TimeCreated SystemTime=\"2025-03-11 13:22:06.454197+00:00\"></TimeCreated>\n<EventRecordID>289</EventRecordID>\n<Correlation ActivityID=\"\" RelatedActivityID=\"\"></Correlation>\n<Execution ProcessID=\"3084\" ThreadID=\"0\"></Execution>\n<Channel>Windows PowerShell</Channel>\n<Computer>DESKTOP-M3AKJSD</Computer>\n<Security UserID=\"\"></Security>\n</System>\n<EventData><Data>&lt;string&gt;Environment&lt;/string&gt;\n&lt;string&gt;Started&lt;/string&gt;\n&lt;string&gt;\tProviderName=Environment\r\n\tNewProviderState=Started\r\n\r\n\tSequenceNumber=5\r\n\r\n\tHostName=ConsoleHost\r\n\tHostVersion=5.1.26100.2161\r\n\tHostId=89f71be8-c4f2-4186-800d-ec271017fd18\r\n\tHostApplication=powershell.exe -ExecutionPolicy Restricted -Command $Res = 0; $Infs = Get-Item -Path ($env:WinDir + '\\inf\\*.inf'); foreach ($Inf in $Infs) { $Data = Get-Content $Inf.FullName; if ($Data -match '\\[defaultinstall.nt(amd64|arm|arm64|x86)\\]') { $Res = 1; break; } } Write-Host 'Final result:', $Res;\r\n\tEngineVersion=\r\n\tRunspaceId=\r\n\tPipelineId=\r\n\tCommandName=\r\n\tCommandType=\r\n\tScriptName=\r\n\tCommandPath=\r\n\tCommandLine=&lt;/string&gt;\n</Data>\n<Binary></Binary>\n</EventData>\n</Event>\n"
  },
  {
    "record_id": 290,
    "timestamp": "2025-03-11 13:22:06.465162+00:00",
    "xml_data": "<Event xmlns=\"http://schemas.microsoft.com/win/2004/08/events/event\"><System><Provider Name=\"PowerShell\"></Provider>\n<EventID Qualifiers=\"0\">600</EventID>\n<Version>0</Version>\n<Level>4</Level>\n<Task>6</Task>\n<Opcode>0</Opcode>\n<Keywords>0x0080000000000000</Keywords>\n<TimeCreated SystemTime=\"2025-03-11 13:22:06.465162+00:00\"></TimeCreated>\n<EventRecordID>290</EventRecordID>\n<Correlation ActivityID=\"\" RelatedActivityID=\"\"></Correlation>\n<Execution ProcessID=\"3084\" ThreadID=\"0\"></Execution>\n<Channel>Windows PowerShell</Channel>\n<Computer>DESKTOP-M3AKJSD</Computer>\n<Security UserID=\"\"></Security>\n</System>\n<EventData><Data>&lt;string&gt;FileSystem&lt;/string&gt;\n&lt;string&gt;Started&lt;/string&gt;\n&lt;string&gt;\tProviderName=FileSystem\r\n\tNewProviderState=Started\r\n\r\n\tSequenceNumber=7\r\n\r\n\tHostName=ConsoleHost\r\n\tHostVersion=5.1.26100.2161\r\n\tHostId=89f71be8-c4f2-4186-800d-ec271017fd18\r\n\tHostApplication=powershell.exe -ExecutionPolicy Restricted -Command $Res = 0; $Infs = Get-Item -Path ($env:WinDir + '\\inf\\*.inf'); foreach ($Inf in $Infs) { $Data = Get-Content $Inf.FullName; if ($Data -match '\\[defaultinstall.nt(amd64|arm|arm64|x86)\\]') { $Res = 1; break; } } Write-Host 'Final result:', $Res;\r\n\tEngineVersion=\r\n\tRunspaceId=\r\n\tPipelineId=\r\n\tCommandName=\r\n\tCommandType=\r\n\tScriptName=\r\n\tCommandPath=\r\n\tCommandLine=&lt;/string&gt;\n</Data>\n<Binary></Binary>\n</EventData>\n</Event>\n"
  },
  {
    "record_id": 291,
    "timestamp": "2025-03-11 13:22:06.465666+00:00",
    "xml_data": "<Event xmlns=\"http://schemas.microsoft.com/win/2004/08/events/event\"><System><Provider Name=\"PowerShell\"></Provider>\n<EventID Qualifiers=\"0\">600</EventID>\n<Version>0</Version>\n<Level>4</Level>\n<Task>6</Task>\n<Opcode>0</Opcode>\n<Keywords>0x0080000000000000</Keywords>\n<TimeCreated SystemTime=\"2025-03-11 13:22:06.465666+00:00\"></TimeCreated>\n<EventRecordID>291</EventRecordID>\n<Correlation ActivityID=\"\" RelatedActivityID=\"\"></Correlation>\n<Execution ProcessID=\"3084\" ThreadID=\"0\"></Execution>\n<Channel>Windows PowerShell</Channel>\n<Computer>DESKTOP-M3AKJSD</Computer>\n<Security UserID=\"\"></Security>\n</System>\n<EventData><Data>&lt;string&gt;Function&lt;/string&gt;\n&lt;string&gt;Started&lt;/string&gt;\n&lt;string&gt;\tProviderName=Function\r\n\tNewProviderState=Started\r\n\r\n\tSequenceNumber=9\r\n\r\n\tHostName=ConsoleHost\r\n\tHostVersion=5.1.26100.2161\r\n\tHostId=89f71be8-c4f2-4186-800d-ec271017fd18\r\n\tHostApplication=powershell.exe -ExecutionPolicy Restricted -Command $Res = 0; $Infs = Get-Item -Path ($env:WinDir + '\\inf\\*.inf'); foreach ($Inf in $Infs) { $Data = Get-Content $Inf.FullName; if ($Data -match '\\[defaultinstall.nt(amd64|arm|arm64|x86)\\]') { $Res = 1; break; } } Write-Host 'Final result:', $Res;\r\n\tEngineVersion=\r\n\tRunspaceId=\r\n\tPipelineId=\r\n\tCommandName=\r\n\tCommandType=\r\n\tScriptName=\r\n\tCommandPath=\r\n\tCommandLine=&lt;/string&gt;\n</Data>\n<Binary></Binary>\n</EventData>\n</Event>\n"
  },
  {
    "record_id": 292,
    "timestamp": "2025-03-11 13:22:06.465990+00:00",
    "xml_data": "<Event xmlns=\"http://schemas.microsoft.com/win/2004/08/events/event\"><System><Provider Name=\"PowerShell\"></Provider>\n<EventID Qualifiers=\"0\">600</EventID>\n<Version>0</Version>\n<Level>4</Level>\n<Task>6</Task>\n<Opcode>0</Opcode>\n<Keywords>0x0080000000000000</Keywords>\n<TimeCreated SystemTime=\"2025-03-11 13:22:06.465990+00:00\"></TimeCreated>\n<EventRecordID>292</EventRecordID>\n<Correlation ActivityID=\"\" RelatedActivityID=\"\"></Correlation>\n<Execution ProcessID=\"3084\" ThreadID=\"0\"></Execution>\n<Channel>Windows PowerShell</Channel>\n<Computer>DESKTOP-M3AKJSD</Computer>\n<Security UserID=\"\"></Security>\n</System>\n<EventData><Data>&lt;string&gt;Variable&lt;/string&gt;\n&lt;string&gt;Started&lt;/string&gt;\n&lt;string&gt;\tProviderName=Variable\r\n\tNewProviderState=Started\r\n\r\n\tSequenceNumber=11\r\n\r\n\tHostName=ConsoleHost\r\n\tHostVersion=5.1.26100.2161\r\n\tHostId=89f71be8-c4f2-4186-800d-ec271017fd18\r\n\tHostApplication=powershell.exe -ExecutionPolicy Restricted -Command $Res = 0; $Infs = Get-Item -Path ($env:WinDir + '\\inf\\*.inf'); foreach ($Inf in $Infs) { $Data = Get-Content $Inf.FullName; if ($Data -match '\\[defaultinstall.nt(amd64|arm|arm64|x86)\\]') { $Res = 1; break; } } Write-Host 'Final result:', $Res;\r\n\tEngineVersion=\r\n\tRunspaceId=\r\n\tPipelineId=\r\n\tCommandName=\r\n\tCommandType=\r\n\tScriptName=\r\n\tCommandPath=\r\n\tCommandLine=&lt;/string&gt;\n</Data>\n<Binary></Binary>\n</EventData>\n</Event>\n"
  },
  {
    "record_id": 293,
    "timestamp": "2025-03-11 13:22:06.663330+00:00",
    "xml_data": "<Event xmlns=\"http://schemas.microsoft.com/win/2004/08/events/event\"><System><Provider Name=\"PowerShell\"></Provider>\n<EventID Qualifiers=\"0\">400</EventID>\n<Version>0</Version>\n<Level>4</Level>\n<Task>4</Task>\n<Opcode>0</Opcode>\n<Keywords>0x0080000000000000</Keywords>\n<TimeCreated SystemTime=\"2025-03-11 13:22:06.663330+00:00\"></TimeCreated>\n<EventRecordID>293</EventRecordID>\n<Correlation ActivityID=\"\" RelatedActivityID=\"\"></Correlation>\n<Execution ProcessID=\"3084\" ThreadID=\"0\"></Execution>\n<Channel>Windows PowerShell</Channel>\n<Computer>DESKTOP-M3AKJSD</Computer>\n<Security UserID=\"\"></Security>\n</System>\n<EventData><Data>&lt;string&gt;Available&lt;/string&gt;\n&lt;string&gt;None&lt;/string&gt;\n&lt;string&gt;\tNewEngineState=Available\r\n\tPreviousEngineState=None\r\n\r\n\tSequenceNumber=13\r\n\r\n\tHostName=ConsoleHost\r\n\tHostVersion=5.1.26100.2161\r\n\tHostId=89f71be8-c4f2-4186-800d-ec271017fd18\r\n\tHostApplication=powershell.exe -ExecutionPolicy Restricted -Command $Res = 0; $Infs = Get-Item -Path ($env:WinDir + '\\inf\\*.inf'); foreach ($Inf in $Infs) { $Data = Get-Content $Inf.FullName; if ($Data -match '\\[defaultinstall.nt(amd64|arm|arm64|x86)\\]') { $Res = 1; break; } } Write-Host 'Final result:', $Res;\r\n\tEngineVersion=5.1.26100.2161\r\n\tRunspaceId=e6d921d2-09d3-4591-89c1-6f9354fb5fdd\r\n\tPipelineId=\r\n\tCommandName=\r\n\tCommandType=\r\n\tScriptName=\r\n\tCommandPath=\r\n\tCommandLine=&lt;/string&gt;\n</Data>\n<Binary></Binary>\n</EventData>\n</Event>\n"
  },
  {
    "record_id": 294,
    "timestamp": "2025-03-11 13:22:10.946589+00:00",
    "xml_data": "<Event xmlns=\"http://schemas.microsoft.com/win/2004/08/events/event\"><System><Provider Name=\"PowerShell\"></Provider>\n<EventID Qualifiers=\"0\">403</EventID>\n<Version>0</Version>\n<Level>4</Level>\n<Task>4</Task>\n<Opcode>0</Opcode>\n<Keywords>0x0080000000000000</Keywords>\n<TimeCreated SystemTime=\"2025-03-11 13:22:10.946589+00:00\"></TimeCreated>\n<EventRecordID>294</EventRecordID>\n<Correlation ActivityID=\"\" RelatedActivityID=\"\"></Correlation>\n<Execution ProcessID=\"3084\" ThreadID=\"0\"></Execution>\n<Channel>Windows PowerShell</Channel>\n<Computer>DESKTOP-M3AKJSD</Computer>\n<Security UserID=\"\"></Security>\n</System>\n<EventData><Data>&lt;string&gt;Stopped&lt;/string&gt;\n&lt;string&gt;Available&lt;/string&gt;\n&lt;string&gt;\tNewEngineState=Stopped\r\n\tPreviousEngineState=Available\r\n\r\n\tSequenceNumber=15\r\n\r\n\tHostName=ConsoleHost\r\n\tHostVersion=5.1.26100.2161\r\n\tHostId=89f71be8-c4f2-4186-800d-ec271017fd18\r\n\tHostApplication=powershell.exe -ExecutionPolicy Restricted -Command $Res = 0; $Infs = Get-Item -Path ($env:WinDir + '\\inf\\*.inf'); foreach ($Inf in $Infs) { $Data = Get-Content $Inf.FullName; if ($Data -match '\\[defaultinstall.nt(amd64|arm|arm64|x86)\\]') { $Res = 1; break; } } Write-Host 'Final result:', $Res;\r\n\tEngineVersion=5.1.26100.2161\r\n\tRunspaceId=e6d921d2-09d3-4591-89c1-6f9354fb5fdd\r\n\tPipelineId=\r\n\tCommandName=\r\n\tCommandType=\r\n\tScriptName=\r\n\tCommandPath=\r\n\tCommandLine=&lt;/string&gt;\n</Data>\n<Binary></Binary>\n</EventData>\n</Event>\n"
  },
  {
    "record_id": 295,
    "timestamp": "2025-03-27 10:45:33.857033+00:00",
    "xml_data": "<Event xmlns=\"http://schemas.microsoft.com/win/2004/08/events/event\"><System><Provider Name=\"PowerShell\"></Provider>\n<EventID Qualifiers=\"0\">600</EventID>\n<Version>0</Version>\n<Level>4</Level>\n<Task>6</Task>\n<Opcode>0</Opcode>\n<Keywords>0x0080000000000000</Keywords>\n<TimeCreated SystemTime=\"2025-03-27 10:45:33.857033+00:00\"></TimeCreated>\n<EventRecordID>295</EventRecordID>\n<Correlation ActivityID=\"\" RelatedActivityID=\"\"></Correlation>\n<Execution ProcessID=\"11216\" ThreadID=\"0\"></Execution>\n<Channel>Windows PowerShell</Channel>\n<Computer>DESKTOP-M3AKJSD</Computer>\n<Security UserID=\"\"></Security>\n</System>\n<EventData><Data>&lt;string&gt;Registry&lt;/string&gt;\n&lt;string&gt;Started&lt;/string&gt;\n&lt;string&gt;\tProviderName=Registry\r\n\tNewProviderState=Started\r\n\r\n\tSequenceNumber=1\r\n\r\n\tHostName=ConsoleHost\r\n\tHostVersion=5.1.26100.2161\r\n\tHostId=1b5a48a9-5b44-425a-9eeb-a24ddc6b7d84\r\n\tHostApplication=powershell.exe -ExecutionPolicy Restricted -Command \n $Res = 0\n [UInt64]$MinDiskSpaceThreshold = 25 * 1024 * 1024 * 1024\n\n try {\n $SystemDrive = (Get-CimInstance Win32_OperatingSystem).SystemDrive\n $SystemDriveLetter = $SystemDrive[0]\n $SystemDriveSpace = (Get-Volume -DriveLetter $SystemDriveLetter).SizeRemaining\n Write-Host 'Current system drive space:', $SystemDriveSpace.ToString('N0')\n if ($SystemDriveSpace -lt $MinDiskSpaceThreshold) {\n Write-Host 'System drive space is less than the threshold:', $MinDiskSpaceThreshold.ToString('N0'), 'Applying safeguard.'\n $Res = 1\n }\n } catch {\n # Do nothing\n }\n\n Write-Host 'Final result:', $Res\n\r\n\tEngineVersion=\r\n\tRunspaceId=\r\n\tPipelineId=\r\n\tCommandName=\r\n\tCommandType=\r\n\tScriptName=\r\n\tCommandPath=\r\n\tCommandLine=&lt;/string&gt;\n</Data>\n<Binary></Binary>\n</EventData>\n</Event>\n"
  },
  {
    "record_id": 296,
    "timestamp": "2025-03-27 10:45:33.857210+00:00",
    "xml_data": "<Event xmlns=\"http://schemas.microsoft.com/win/2004/08/events/event\"><System><Provider Name=\"PowerShell\"></Provider>\n<EventID Qualifiers=\"0\">600</EventID>\n<Version>0</Version>\n<Level>4</Level>\n<Task>6</Task>\n<Opcode>0</Opcode>\n<Keywords>0x0080000000000000</Keywords>\n<TimeCreated SystemTime=\"2025-03-27 10:45:33.857210+00:00\"></TimeCreated>\n<EventRecordID>296</EventRecordID>\n<Correlation ActivityID=\"\" RelatedActivityID=\"\"></Correlation>\n<Execution ProcessID=\"10428\" ThreadID=\"0\"></Execution>\n<Channel>Windows PowerShell</Channel>\n<Computer>DESKTOP-M3AKJSD</Computer>\n<Security UserID=\"\"></Security>\n</System>\n<EventData><Data>&lt;string&gt;Registry&lt;/string&gt;\n&lt;string&gt;Started&lt;/string&gt;\n&lt;string&gt;\tProviderName=Registry\r\n\tNewProviderState=Started\r\n\r\n\tSequenceNumber=1\r\n\r\n\tHostName=ConsoleHost\r\n\tHostVersion=5.1.26100.2161\r\n\tHostId=a49ca189-48a6-40d2-bddf-e0fc32fc0af3\r\n\tHostApplication=powershell.exe -ExecutionPolicy Restricted -Command \n $Res = 0\n [UInt64]$MinDiskSpaceThreshold = 25 * 1024 * 1024 * 1024\n\n try {\n $SystemDrive = (Get-CimInstance Win32_OperatingSystem).SystemDrive\n $SystemDriveLetter = $SystemDrive[0]\n $SystemDriveSpace = (Get-Volume -DriveLetter $SystemDriveLetter).SizeRemaining\n Write-Host 'Current system drive space:', $SystemDriveSpace.ToString('N0')\n if ($SystemDriveSpace -lt $MinDiskSpaceThreshold) {\n Write-Host 'System drive space is less than the threshold:', $MinDiskSpaceThreshold.ToString('N0'), 'Applying safeguard.'\n $Res = 1\n }\n } catch {\n # Do nothing\n }\n\n Write-Host 'Final result:', $Res\n\r\n\tEngineVersion=\r\n\tRunspaceId=\r\n\tPipelineId=\r\n\tCommandName=\r\n\tCommandType=\r\n\tScriptName=\r\n\tCommandPath=\r\n\tCommandLine=&lt;/string&gt;\n</Data>\n<Binary></Binary>\n</EventData>\n</Event>\n"
  },
  {
    "record_id": 297,
    "timestamp": "2025-03-27 10:45:33.857317+00:00",
    "xml_data": "<Event xmlns=\"http://schemas.microsoft.com/win/2004/08/events/event\"><System><Provider Name=\"PowerShell\"></Provider>\n<EventID Qualifiers=\"0\">600</EventID>\n<Version>0</Version>\n<Level>4</Level>\n<Task>6</Task>\n<Opcode>0</Opcode>\n<Keywords>0x0080000000000000</Keywords>\n<TimeCreated SystemTime=\"2025-03-27 10:45:33.857317+00:00\"></TimeCreated>\n<EventRecordID>297</EventRecordID>\n<Correlation ActivityID=\"\" RelatedActivityID=\"\"></Correlation>\n<Execution ProcessID=\"10980\" ThreadID=\"0\"></Execution>\n<Channel>Windows PowerShell</Channel>\n<Computer>DESKTOP-M3AKJSD</Computer>\n<Security UserID=\"\"></Security>\n</System>\n<EventData><Data>&lt;string&gt;Registry&lt;/string&gt;\n&lt;string&gt;Started&lt;/string&gt;\n&lt;string&gt;\tProviderName=Registry\r\n\tNewProviderState=Started\r\n\r\n\tSequenceNumber=1\r\n\r\n\tHostName=ConsoleHost\r\n\tHostVersion=5.1.26100.2161\r\n\tHostId=0cee418d-d4d9-406f-abab-10c4ea96e7c5\r\n\tHostApplication=powershell.exe -ExecutionPolicy Restricted -Command \n $Res = 0\n [UInt64]$MinDiskSpaceThreshold = 20 * 1024 * 1024 * 1024\n\n try {\n $SystemDrive = (Get-CimInstance Win32_OperatingSystem).SystemDrive\n $SystemDriveLetter = $SystemDrive[0]\n $SystemDriveSpace = (Get-Volume -DriveLetter $SystemDriveLetter).SizeRemaining\n Write-Host 'Current system drive space:', $SystemDriveSpace.ToString('N0')\n if ($SystemDriveSpace -lt $MinDiskSpaceThreshold) {\n Write-Host 'System drive space is less than the threshold:', $MinDiskSpaceThreshold.ToString('N0'), 'Block Upgrade.'\n $Res = 1\n }\n } catch {\n # Do nothing\n }\n\n Write-Host 'Final result:', $Res\n\r\n\tEngineVersion=\r\n\tRunspaceId=\r\n\tPipelineId=\r\n\tCommandName=\r\n\tCommandType=\r\n\tScriptName=\r\n\tCommandPath=\r\n\tCommandLine=&lt;/string&gt;\n</Data>\n<Binary></Binary>\n</EventData>\n</Event>\n"
  },
  {
    "record_id": 298,
    "timestamp": "2025-03-27 10:45:33.857462+00:00",
    "xml_data": "<Event xmlns=\"http://schemas.microsoft.com/win/2004/08/events/event\"><System><Provider Name=\"PowerShell\"></Provider>\n<EventID Qualifiers=\"0\">600</EventID>\n<Version>0</Version>\n<Level>4</Level>\n<Task>6</Task>\n<Opcode>0</Opcode>\n<Keywords>0x0080000000000000</Keywords>\n<TimeCreated SystemTime=\"2025-03-27 10:45:33.857462+00:00\"></TimeCreated>\n<EventRecordID>298</EventRecordID>\n<Correlation ActivityID=\"\" RelatedActivityID=\"\"></Correlation>\n<Execution ProcessID=\"6840\" ThreadID=\"0\"></Execution>\n<Channel>Windows PowerShell</Channel>\n<Computer>DESKTOP-M3AKJSD</Computer>\n<Security UserID=\"\"></Security>\n</System>\n<EventData><Data>&lt;string&gt;Registry&lt;/string&gt;\n&lt;string&gt;Started&lt;/string&gt;\n&lt;string&gt;\tProviderName=Registry\r\n\tNewProviderState=Started\r\n\r\n\tSequenceNumber=1\r\n\r\n\tHostName=ConsoleHost\r\n\tHostVersion=5.1.26100.2161\r\n\tHostId=66999c16-0dd4-47c5-ba91-bf43b9464d6a\r\n\tHostApplication=powershell.exe -ExecutionPolicy Restricted -Command \n $Res = 0\n [UInt64]$MinDiskSpaceThreshold = 20 * 1024 * 1024 * 1024\n\n try {\n $SystemDrive = (Get-CimInstance Win32_OperatingSystem).SystemDrive\n $SystemDriveLetter = $SystemDrive[0]\n $SystemDriveSpace = (Get-Volume -DriveLetter $SystemDriveLetter).SizeRemaining\n Write-Host 'Current system drive space:', $SystemDriveSpace.ToString('N0')\n if ($SystemDriveSpace -lt $MinDiskSpaceThreshold) {\n Write-Host 'System drive space is less than the threshold:', $MinDiskSpaceThreshold.ToString('N0'), 'Block Upgrade.'\n $Res = 1\n }\n } catch {\n # Do nothing\n }\n\n Write-Host 'Final result:', $Res\n\r\n\tEngineVersion=\r\n\tRunspaceId=\r\n\tPipelineId=\r\n\tCommandName=\r\n\tCommandType=\r\n\tScriptName=\r\n\tCommandPath=\r\n\tCommandLine=&lt;/string&gt;\n</Data>\n<Binary></Binary>\n</EventData>\n</Event>\n"
  },
  {
    "record_id": 299,
    "timestamp": "2025-03-27 10:45:33.984274+00:00",
    "xml_data": "<Event xmlns=\"http://schemas.microsoft.com/win/2004/08/events/event\"><System><Provider Name=\"PowerShell\"></Provider>\n<EventID Qualifiers=\"0\">600</EventID>\n<Version>0</Version>\n<Level>4</Level>\n<Task>6</Task>\n<Opcode>0</Opcode>\n<Keywords>0x0080000000000000</Keywords>\n<TimeCreated SystemTime=\"2025-03-27 10:45:33.984274+00:00\"></TimeCreated>\n<EventRecordID>299</EventRecordID>\n<Correlation ActivityID=\"\" RelatedActivityID=\"\"></Correlation>\n<Execution ProcessID=\"11216\" ThreadID=\"0\"></Execution>\n<Channel>Windows PowerShell</Channel>\n<Computer>DESKTOP-M3AKJSD</Computer>\n<Security UserID=\"\"></Security>\n</System>\n<EventData><Data>&lt;string&gt;Alias&lt;/string&gt;\n&lt;string&gt;Started&lt;/string&gt;\n&lt;string&gt;\tProviderName=Alias\r\n\tNewProviderState=Started\r\n\r\n\tSequenceNumber=3\r\n\r\n\tHostName=ConsoleHost\r\n\tHostVersion=5.1.26100.2161\r\n\tHostId=1b5a48a9-5b44-425a-9eeb-a24ddc6b7d84\r\n\tHostApplication=powershell.exe -ExecutionPolicy Restricted -Command \n $Res = 0\n [UInt64]$MinDiskSpaceThreshold = 25 * 1024 * 1024 * 1024\n\n try {\n $SystemDrive = (Get-CimInstance Win32_OperatingSystem).SystemDrive\n $SystemDriveLetter = $SystemDrive[0]\n $SystemDriveSpace = (Get-Volume -DriveLetter $SystemDriveLetter).SizeRemaining\n Write-Host 'Current system drive space:', $SystemDriveSpace.ToString('N0')\n if ($SystemDriveSpace -lt $MinDiskSpaceThreshold) {\n Write-Host 'System drive space is less than the threshold:', $MinDiskSpaceThreshold.ToString('N0'), 'Applying safeguard.'\n $Res = 1\n }\n } catch {\n # Do nothing\n }\n\n Write-Host 'Final result:', $Res\n\r\n\tEngineVersion=\r\n\tRunspaceId=\r\n\tPipelineId=\r\n\tCommandName=\r\n\tCommandType=\r\n\tScriptName=\r\n\tCommandPath=\r\n\tCommandLine=&lt;/string&gt;\n</Data>\n<Binary></Binary>\n</EventData>\n</Event>\n"
  },
  {
    "record_id": 300,
    "timestamp": "2025-03-27 10:45:33.985563+00:00",
    "xml_data": "<Event xmlns=\"http://schemas.microsoft.com/win/2004/08/events/event\"><System><Provider Name=\"PowerShell\"></Provider>\n<EventID Qualifiers=\"0\">600</EventID>\n<Version>0</Version>\n<Level>4</Level>\n<Task>6</Task>\n<Opcode>0</Opcode>\n<Keywords>0x0080000000000000</Keywords>\n<TimeCreated SystemTime=\"2025-03-27 10:45:33.985563+00:00\"></TimeCreated>\n<EventRecordID>300</EventRecordID>\n<Correlation ActivityID=\"\" RelatedActivityID=\"\"></Correlation>\n<Execution ProcessID=\"10428\" ThreadID=\"0\"></Execution>\n<Channel>Windows PowerShell</Channel>\n<Computer>DESKTOP-M3AKJSD</Computer>\n<Security UserID=\"\"></Security>\n</System>\n<EventData><Data>&lt;string&gt;Alias&lt;/string&gt;\n&lt;string&gt;Started&lt;/string&gt;\n&lt;string&gt;\tProviderName=Alias\r\n\tNewProviderState=Started\r\n\r\n\tSequenceNumber=3\r\n\r\n\tHostName=ConsoleHost\r\n\tHostVersion=5.1.26100.2161\r\n\tHostId=a49ca189-48a6-40d2-bddf-e0fc32fc0af3\r\n\tHostApplication=powershell.exe -ExecutionPolicy Restricted -Command \n $Res = 0\n [UInt64]$MinDiskSpaceThreshold = 25 * 1024 * 1024 * 1024\n\n try {\n $SystemDrive = (Get-CimInstance Win32_OperatingSystem).SystemDrive\n $SystemDriveLetter = $SystemDrive[0]\n $SystemDriveSpace = (Get-Volume -DriveLetter $SystemDriveLetter).SizeRemaining\n Write-Host 'Current system drive space:', $SystemDriveSpace.ToString('N0')\n if ($SystemDriveSpace -lt $MinDiskSpaceThreshold) {\n Write-Host 'System drive space is less than the threshold:', $MinDiskSpaceThreshold.ToString('N0'), 'Applying safeguard.'\n $Res = 1\n }\n } catch {\n # Do nothing\n }\n\n Write-Host 'Final result:', $Res\n\r\n\tEngineVersion=\r\n\tRunspaceId=\r\n\tPipelineId=\r\n\tCommandName=\r\n\tCommandType=\r\n\tScriptName=\r\n\tCommandPath=\r\n\tCommandLine=&lt;/string&gt;\n</Data>\n<Binary></Binary>\n</EventData>\n</Event>\n"
  },
  {
    "record_id": 301,
    "timestamp": "2025-03-27 10:45:33.986288+00:00",
    "xml_data": "<Event xmlns=\"http://schemas.microsoft.com/win/2004/08/events/event\"><System><Provider Name=\"PowerShell\"></Provider>\n<EventID Qualifiers=\"0\">600</EventID>\n<Version>0</Version>\n<Level>4</Level>\n<Task>6</Task>\n<Opcode>0</Opcode>\n<Keywords>0x0080000000000000</Keywords>\n<TimeCreated SystemTime=\"2025-03-27 10:45:33.986288+00:00\"></TimeCreated>\n<EventRecordID>301</EventRecordID>\n<Correlation ActivityID=\"\" RelatedActivityID=\"\"></Correlation>\n<Execution ProcessID=\"6840\" ThreadID=\"0\"></Execution>\n<Channel>Windows PowerShell</Channel>\n<Computer>DESKTOP-M3AKJSD</Computer>\n<Security UserID=\"\"></Security>\n</System>\n<EventData><Data>&lt;string&gt;Alias&lt;/string&gt;\n&lt;string&gt;Started&lt;/string&gt;\n&lt;string&gt;\tProviderName=Alias\r\n\tNewProviderState=Started\r\n\r\n\tSequenceNumber=3\r\n\r\n\tHostName=ConsoleHost\r\n\tHostVersion=5.1.26100.2161\r\n\tHostId=66999c16-0dd4-47c5-ba91-bf43b9464d6a\r\n\tHostApplication=powershell.exe -ExecutionPolicy Restricted -Command \n $Res = 0\n [UInt64]$MinDiskSpaceThreshold = 20 * 1024 * 1024 * 1024\n\n try {\n $SystemDrive = (Get-CimInstance Win32_OperatingSystem).SystemDrive\n $SystemDriveLetter = $SystemDrive[0]\n $SystemDriveSpace = (Get-Volume -DriveLetter $SystemDriveLetter).SizeRemaining\n Write-Host 'Current system drive space:', $SystemDriveSpace.ToString('N0')\n if ($SystemDriveSpace -lt $MinDiskSpaceThreshold) {\n Write-Host 'System drive space is less than the threshold:', $MinDiskSpaceThreshold.ToString('N0'), 'Block Upgrade.'\n $Res = 1\n }\n } catch {\n # Do nothing\n }\n\n Write-Host 'Final result:', $Res\n\r\n\tEngineVersion=\r\n\tRunspaceId=\r\n\tPipelineId=\r\n\tCommandName=\r\n\tCommandType=\r\n\tScriptName=\r\n\tCommandPath=\r\n\tCommandLine=&lt;/string&gt;\n</Data>\n<Binary></Binary>\n</EventData>\n</Event>\n"
  },
