  {
    "record_id": 555,
    "timestamp": "2025-04-09 09:20:56.711226+00:00",
    "xml_data": "<Event xmlns=\"http://schemas.microsoft.com/win/2004/08/events/event\"><System><Provider Name=\"PowerShell\"></Provider>\n<EventID Qualifiers=\"0\">800</EventID>\n<Version>0</Version>\n<Level>4</Level>\n<Task>8</Task>\n<Opcode>0</Opcode>\n<Keywords>0x0080000000000000</Keywords>\n<TimeCreated SystemTime=\"2025-04-09 09:20:56.711226+00:00\"></TimeCreated>\n<EventRecordID>555</EventRecordID>\n<Correlation ActivityID=\"\" RelatedActivityID=\"\"></Correlation>\n<Execution ProcessID=\"6064\" ThreadID=\"0\"></Execution>\n<Channel>Windows PowerShell</Channel>\n<Computer>DESKTOP-M3AKJSD</Computer>\n<Security UserID=\"\"></Security>\n</System>\n<EventData><Data>&lt;string&gt;            $vb = Get-Childitem hklm:\\hardware\\devicemap\\scsi -recurse | gp -Name identifier\n&lt;/string&gt;\n&lt;string&gt;\tDetailSequence=2\r\n\tDetailTotal=2\r\n\r\n\tSequenceNumber=125\r\n\r\n\tUserId=DESKTOP-M3AKJSD\\User\r\n\tHostName=ConsoleHost\r\n\tHostVersion=5.1.26100.2161\r\n\tHostId=0fad0cf8-6cb6-4657-86f7-655ec22eed9f\r\n\tHostApplication=C:\\Windows\\SysWOW64\\WindowsPowerShell\\v1.0\\powershell.exe\r\n\tEngineVersion=5.1.26100.2161\r\n\tRunspaceId=2aeeba59-d0f6-4ce7-b41c-e07625b3beec\r\n\tPipelineId=43\r\n\tScriptName=\r\n\tCommandLine=            $vb = Get-Childitem hklm:\\hardware\\devicemap\\scsi -recurse | gp -Name identifier\n&lt;/string&gt;\n&lt;string&gt;NonTerminatingError(Get-ItemProperty): \"Property identifier does not exist at path HKEY_LOCAL_MACHINE\\hardware\\devicemap\\scsi\\Scsi Port 2\\Scsi Bus 28\\Initiator Id 255.\"\r\nParameterBinding(Get-ItemProperty): name=\"LiteralPath\"; value=\"Microsoft.PowerShell.Core\\Registry::HKEY_LOCAL_MACHINE\\hardware\\devicemap\\scsi\\Scsi Port 2\\Scsi Bus 29\"\r\nNonTerminatingError(Get-ItemProperty): \"Property identifier does not exist at path HKEY_LOCAL_MACHINE\\hardware\\devicemap\\scsi\\Scsi Port 2\\Scsi Bus 29.\"\r\nParameterBinding(Get-ItemProperty): name=\"LiteralPath\"; value=\"Microsoft.PowerShell.Core\\Registry::HKEY_LOCAL_MACHINE\\hardware\\devicemap\\scsi\\Scsi Port 2\\Scsi Bus 29\\Initiator Id 255\"\r\nNonTerminatingError(Get-ItemProperty): \"Property identifier does not exist at path HKEY_LOCAL_MACHINE\\hardware\\devicemap\\scsi\\Scsi Port 2\\Scsi Bus 29\\Initiator Id 255.\"\r\nParameterBinding(Get-ItemProperty): name=\"LiteralPath\"; value=\"Microsoft.PowerShell.Core\\Registry::HKEY_LOCAL_MACHINE\\hardware\\devicemap\\scsi\\Scsi Port 2\\Scsi Bus 3\"\r\nNonTerminatingError(Get-ItemProperty): \"Property identifier does not exist at path HKEY_LOCAL_MACHINE\\hardware\\devicemap\\scsi\\Scsi Port 2\\Scsi Bus 3.\"\r\nParameterBinding(Get-ItemProperty): name=\"LiteralPath\"; value=\"Microsoft.PowerShell.Core\\Registry::HKEY_LOCAL_MACHINE\\hardware\\devicemap\\scsi\\Scsi Port 2\\Scsi Bus 3\\Initiator Id 255\"\r\nNonTerminatingError(Get-ItemProperty): \"Property identifier does not exist at path HKEY_LOCAL_MACHINE\\hardware\\devicemap\\scsi\\Scsi Port 2\\Scsi Bus 3\\Initiator Id 255.\"\r\nParameterBinding(Get-ItemProperty): name=\"LiteralPath\"; value=\"Microsoft.PowerShell.Core\\Registry::HKEY_LOCAL_MACHINE\\hardware\\devicemap\\scsi\\Scsi Port 2\\Scsi Bus 4\"\r\nNonTerminatingError(Get-ItemProperty): \"Property identifier does not exist at path HKEY_LOCAL_MACHINE\\hardware\\devicemap\\scsi\\Scsi Port 2\\Scsi Bus 4.\"\r\nParameterBinding(Get-ItemProperty): name=\"LiteralPath\"; value=\"Microsoft.PowerShell.Core\\Registry::HKEY_LOCAL_MACHINE\\hardware\\devicemap\\scsi\\Scsi Port 2\\Scsi Bus 4\\Initiator Id 255\"\r\nNonTerminatingError(Get-ItemProperty): \"Property identifier does not exist at path HKEY_LOCAL_MACHINE\\hardware\\devicemap\\scsi\\Scsi Port 2\\Scsi Bus 4\\Initiator Id 255.\"\r\nParameterBinding(Get-ItemProperty): name=\"LiteralPath\"; value=\"Microsoft.PowerShell.Core\\Registry::HKEY_LOCAL_MACHINE\\hardware\\devicemap\\scsi\\Scsi Port 2\\Scsi Bus 5\"\r\nNonTerminatingError(Get-ItemProperty): \"Property identifier does not exist at path HKEY_LOCAL_MACHINE\\hardware\\devicemap\\scsi\\Scsi Port 2\\Scsi Bus 5.\"\r\nParameterBinding(Get-ItemProperty): name=\"LiteralPath\"; value=\"Microsoft.PowerShell.Core\\Registry::HKEY_LOCAL_MACHINE\\hardware\\devicemap\\scsi\\Scsi Port 2\\Scsi Bus 5\\Initiator Id 255\"\r\nNonTerminatingError(Get-ItemProperty): \"Property identifier does not exist at path HKEY_LOCAL_MACHINE\\hardware\\devicemap\\scsi\\Scsi Port 2\\Scsi Bus 5\\Initiator Id 255.\"\r\nParameterBinding(Get-ItemProperty): name=\"LiteralPath\"; value=\"Microsoft.PowerShell.Core\\Registry::HKEY_LOCAL_MACHINE\\hardware\\devicemap\\scsi\\Scsi Port 2\\Scsi Bus 6\"\r\nNonTerminatingError(Get-ItemProperty): \"Property identifier does not exist at path HKEY_LOCAL_MACHINE\\hardware\\devicemap\\scsi\\Scsi Port 2\\Scsi Bus 6.\"\r\nParameterBinding(Get-ItemProperty): name=\"LiteralPath\"; value=\"Microsoft.PowerShell.Core\\Registry::HKEY_LOCAL_MACHINE\\hardware\\devicemap\\scsi\\Scsi Port 2\\Scsi Bus 6\\Initiator Id 255\"\r\nNonTerminatingError(Get-ItemProperty): \"Property identifier does not exist at path HKEY_LOCAL_MACHINE\\hardware\\devicemap\\scsi\\Scsi Port 2\\Scsi Bus 6\\Initiator Id 255.\"\r\nParameterBinding(Get-ItemProperty): name=\"LiteralPath\"; value=\"Microsoft.PowerShell.Core\\Registry::HKEY_LOCAL_MACHINE\\hardware\\devicemap\\scsi\\Scsi Port 2\\Scsi Bus 7\"\r\nNonTerminatingError(Get-ItemProperty): \"Property identifier does not exist at path HKEY_LOCAL_MACHINE\\hardware\\devicemap\\scsi\\Scsi Port 2\\Scsi Bus 7.\"\r\nParameterBinding(Get-ItemProperty): name=\"LiteralPath\"; value=\"Microsoft.PowerShell.Core\\Registry::HKEY_LOCAL_MACHINE\\hardware\\devicemap\\scsi\\Scsi Port 2\\Scsi Bus 7\\Initiator Id 255\"\r\nNonTerminatingError(Get-ItemProperty): \"Property identifier does not exist at path HKEY_LOCAL_MACHINE\\hardware\\devicemap\\scsi\\Scsi Port 2\\Scsi Bus 7\\Initiator Id 255.\"\r\nParameterBinding(Get-ItemProperty): name=\"LiteralPath\"; value=\"Microsoft.PowerShell.Core\\Registry::HKEY_LOCAL_MACHINE\\hardware\\devicemap\\scsi\\Scsi Port 2\\Scsi Bus 8\"\r\nNonTerminatingError(Get-ItemProperty): \"Property identifier does not exist at path HKEY_LOCAL_MACHINE\\hardware\\devicemap\\scsi\\Scsi Port 2\\Scsi Bus 8.\"\r\nParameterBinding(Get-ItemProperty): name=\"LiteralPath\"; value=\"Microsoft.PowerShell.Core\\Registry::HKEY_LOCAL_MACHINE\\hardware\\devicemap\\scsi\\Scsi Port 2\\Scsi Bus 8\\Initiator Id 255\"\r\nNonTerminatingError(Get-ItemProperty): \"Property identifier does not exist at path HKEY_LOCAL_MACHINE\\hardware\\devicemap\\scsi\\Scsi Port 2\\Scsi Bus 8\\Initiator Id 255.\"\r\nParameterBinding(Get-ItemProperty): name=\"LiteralPath\"; value=\"Microsoft.PowerShell.Core\\Registry::HKEY_LOCAL_MACHINE\\hardware\\devicemap\\scsi\\Scsi Port 2\\Scsi Bus 9\"\r\nNonTerminatingError(Get-ItemProperty): \"Property identifier does not exist at path HKEY_LOCAL_MACHINE\\hardware\\devicemap\\scsi\\Scsi Port 2\\Scsi Bus 9.\"\r\nParameterBinding(Get-ItemProperty): name=\"LiteralPath\"; value=\"Microsoft.PowerShell.Core\\Registry::HKEY_LOCAL_MACHINE\\hardware\\devicemap\\scsi\\Scsi Port 2\\Scsi Bus 9\\Initiator Id 255\"\r\nNonTerminatingError(Get-ItemProperty): \"Property identifier does not exist at path HKEY_LOCAL_MACHINE\\hardware\\devicemap\\scsi\\Scsi Port 2\\Scsi Bus 9\\Initiator Id 255.\"\r\nParameterBinding(Get-ItemProperty): name=\"LiteralPath\"; value=\"Microsoft.PowerShell.Core\\Registry::HKEY_LOCAL_MACHINE\\hardware\\devicemap\\scsi\\Scsi Port 3\"\r\nNonTerminatingError(Get-ItemProperty): \"Property identifier does not exist at path HKEY_LOCAL_MACHINE\\hardware\\devicemap\\scsi\\Scsi Port 3.\"\r\nParameterBinding(Get-ItemProperty): name=\"LiteralPath\"; value=\"Microsoft.PowerShell.Core\\Registry::HKEY_LOCAL_MACHINE\\hardware\\devicemap\\scsi\\Scsi Port 3\\Scsi Bus 0\"\r\nNonTerminatingError(Get-ItemProperty): \"Property identifier does not exist at path HKEY_LOCAL_MACHINE\\hardware\\devicemap\\scsi\\Scsi Port 3\\Scsi Bus 0.\"\r\nParameterBinding(Get-ItemProperty): name=\"LiteralPath\"; value=\"Microsoft.PowerShell.Core\\Registry::HKEY_LOCAL_MACHINE\\hardware\\devicemap\\scsi\\Scsi Port 3\\Scsi Bus 0\\Initiator Id 255\"\r\nNonTerminatingError(Get-ItemProperty): \"Property identifier does not exist at path HKEY_LOCAL_MACHINE\\hardware\\devicemap\\scsi\\Scsi Port 3\\Scsi Bus 0\\Initiator Id 255.\"\r\nParameterBinding(Get-ItemProperty): name=\"LiteralPath\"; value=\"Microsoft.PowerShell.Core\\Registry::HKEY_LOCAL_MACHINE\\hardware\\devicemap\\scsi\\Scsi Port 3\\Scsi Bus 0\\Target Id 0\"\r\nNonTerminatingError(Get-ItemProperty): \"Property identifier does not exist at path HKEY_LOCAL_MACHINE\\hardware\\devicemap\\scsi\\Scsi Port 3\\Scsi Bus 0\\Target Id 0.\"\r\nParameterBinding(Get-ItemProperty): name=\"LiteralPath\"; value=\"Microsoft.PowerShell.Core\\Registry::HKEY_LOCAL_MACHINE\\hardware\\devicemap\\scsi\\Scsi Port 3\\Scsi Bus 0\\Target Id 0\\Logical Unit Id 0\"\r\n&lt;/string&gt;\n</Data>\n<Binary></Binary>\n</EventData>\n</Event>\n"
  },
  {
    "record_id": 556,
    "timestamp": "2025-04-09 09:20:56.716068+00:00",
    "xml_data": "<Event xmlns=\"http://schemas.microsoft.com/win/2004/08/events/event\"><System><Provider Name=\"PowerShell\"></Provider>\n<EventID Qualifiers=\"0\">800</EventID>\n<Version>0</Version>\n<Level>4</Level>\n<Task>8</Task>\n<Opcode>0</Opcode>\n<Keywords>0x0080000000000000</Keywords>\n<TimeCreated SystemTime=\"2025-04-09 09:20:56.716068+00:00\"></TimeCreated>\n<EventRecordID>556</EventRecordID>\n<Correlation ActivityID=\"\" RelatedActivityID=\"\"></Correlation>\n<Execution ProcessID=\"6064\" ThreadID=\"0\"></Execution>\n<Channel>Windows PowerShell</Channel>\n<Computer>DESKTOP-M3AKJSD</Computer>\n<Security UserID=\"\"></Security>\n</System>\n<EventData><Data>&lt;string&gt;            $vb = Get-ItemProperty hklm:\\HARDWARE\\DESCRIPTION\\System -Name SystemBiosVersion\n&lt;/string&gt;\n&lt;string&gt;\tDetailSequence=1\r\n\tDetailTotal=1\r\n\r\n\tSequenceNumber=127\r\n\r\n\tUserId=DESKTOP-M3AKJSD\\User\r\n\tHostName=ConsoleHost\r\n\tHostVersion=5.1.26100.2161\r\n\tHostId=0fad0cf8-6cb6-4657-86f7-655ec22eed9f\r\n\tHostApplication=C:\\Windows\\SysWOW64\\WindowsPowerShell\\v1.0\\powershell.exe\r\n\tEngineVersion=5.1.26100.2161\r\n\tRunspaceId=2aeeba59-d0f6-4ce7-b41c-e07625b3beec\r\n\tPipelineId=43\r\n\tScriptName=\r\n\tCommandLine=            $vb = Get-ItemProperty hklm:\\HARDWARE\\DESCRIPTION\\System -Name SystemBiosVersion\n&lt;/string&gt;\n&lt;string&gt;CommandInvocation(Get-ItemProperty): \"Get-ItemProperty\"\r\nParameterBinding(Get-ItemProperty): name=\"Name\"; value=\"SystemBiosVersion\"\r\nParameterBinding(Get-ItemProperty): name=\"Path\"; value=\"hklm:\\HARDWARE\\DESCRIPTION\\System\"\r\n&lt;/string&gt;\n</Data>\n<Binary></Binary>\n</EventData>\n</Event>\n"
  },
  {
    "record_id": 557,
    "timestamp": "2025-04-09 09:20:56.965492+00:00",
    "xml_data": "<Event xmlns=\"http://schemas.microsoft.com/win/2004/08/events/event\"><System><Provider Name=\"PowerShell\"></Provider>\n<EventID Qualifiers=\"0\">800</EventID>\n<Version>0</Version>\n<Level>4</Level>\n<Task>8</Task>\n<Opcode>0</Opcode>\n<Keywords>0x0080000000000000</Keywords>\n<TimeCreated SystemTime=\"2025-04-09 09:20:56.965492+00:00\"></TimeCreated>\n<EventRecordID>557</EventRecordID>\n<Correlation ActivityID=\"\" RelatedActivityID=\"\"></Correlation>\n<Execution ProcessID=\"6064\" ThreadID=\"0\"></Execution>\n<Channel>Windows PowerShell</Channel>\n<Computer>DESKTOP-M3AKJSD</Computer>\n<Security UserID=\"\"></Security>\n</System>\n<EventData><Data>&lt;string&gt;            $vb = Get-ChildItem HKLM:\\SYSTEM\\ControlSet001\\Services\n&lt;/string&gt;\n&lt;string&gt;\tDetailSequence=1\r\n\tDetailTotal=1\r\n\r\n\tSequenceNumber=129\r\n\r\n\tUserId=DESKTOP-M3AKJSD\\User\r\n\tHostName=ConsoleHost\r\n\tHostVersion=5.1.26100.2161\r\n\tHostId=0fad0cf8-6cb6-4657-86f7-655ec22eed9f\r\n\tHostApplication=C:\\Windows\\SysWOW64\\WindowsPowerShell\\v1.0\\powershell.exe\r\n\tEngineVersion=5.1.26100.2161\r\n\tRunspaceId=2aeeba59-d0f6-4ce7-b41c-e07625b3beec\r\n\tPipelineId=43\r\n\tScriptName=\r\n\tCommandLine=            $vb = Get-ChildItem HKLM:\\SYSTEM\\ControlSet001\\Services\n&lt;/string&gt;\n&lt;string&gt;CommandInvocation(Get-ChildItem): \"Get-ChildItem\"\r\nParameterBinding(Get-ChildItem): name=\"Path\"; value=\"HKLM:\\SYSTEM\\ControlSet001\\Services\"\r\n&lt;/string&gt;\n</Data>\n<Binary></Binary>\n</EventData>\n</Event>\n"
  },
  {
    "record_id": 558,
    "timestamp": "2025-04-09 09:20:56.976063+00:00",
    "xml_data": "<Event xmlns=\"http://schemas.microsoft.com/win/2004/08/events/event\"><System><Provider Name=\"PowerShell\"></Provider>\n<EventID Qualifiers=\"0\">800</EventID>\n<Version>0</Version>\n<Level>4</Level>\n<Task>8</Task>\n<Opcode>0</Opcode>\n<Keywords>0x0080000000000000</Keywords>\n<TimeCreated SystemTime=\"2025-04-09 09:20:56.976063+00:00\"></TimeCreated>\n<EventRecordID>558</EventRecordID>\n<Correlation ActivityID=\"\" RelatedActivityID=\"\"></Correlation>\n<Execution ProcessID=\"6064\" ThreadID=\"0\"></Execution>\n<Channel>Windows PowerShell</Channel>\n<Computer>DESKTOP-M3AKJSD</Computer>\n<Security UserID=\"\"></Security>\n</System>\n<EventData><Data>&lt;string&gt;    $xen = Get-Process\n&lt;/string&gt;\n&lt;string&gt;\tDetailSequence=1\r\n\tDetailTotal=1\r\n\r\n\tSequenceNumber=131\r\n\r\n\tUserId=DESKTOP-M3AKJSD\\User\r\n\tHostName=ConsoleHost\r\n\tHostVersion=5.1.26100.2161\r\n\tHostId=0fad0cf8-6cb6-4657-86f7-655ec22eed9f\r\n\tHostApplication=C:\\Windows\\SysWOW64\\WindowsPowerShell\\v1.0\\powershell.exe\r\n\tEngineVersion=5.1.26100.2161\r\n\tRunspaceId=2aeeba59-d0f6-4ce7-b41c-e07625b3beec\r\n\tPipelineId=43\r\n\tScriptName=\r\n\tCommandLine=    $xen = Get-Process\n&lt;/string&gt;\n&lt;string&gt;CommandInvocation(Get-Process): \"Get-Process\"\r\n&lt;/string&gt;\n</Data>\n<Binary></Binary>\n</EventData>\n</Event>\n"
  },
  {
    "record_id": 559,
    "timestamp": "2025-04-09 09:20:56.978388+00:00",
    "xml_data": "<Event xmlns=\"http://schemas.microsoft.com/win/2004/08/events/event\"><System><Provider Name=\"PowerShell\"></Provider>\n<EventID Qualifiers=\"0\">800</EventID>\n<Version>0</Version>\n<Level>4</Level>\n<Task>8</Task>\n<Opcode>0</Opcode>\n<Keywords>0x0080000000000000</Keywords>\n<TimeCreated SystemTime=\"2025-04-09 09:20:56.978388+00:00\"></TimeCreated>\n<EventRecordID>559</EventRecordID>\n<Correlation ActivityID=\"\" RelatedActivityID=\"\"></Correlation>\n<Execution ProcessID=\"6064\" ThreadID=\"0\"></Execution>\n<Channel>Windows PowerShell</Channel>\n<Computer>DESKTOP-M3AKJSD</Computer>\n<Security UserID=\"\"></Security>\n</System>\n<EventData><Data>&lt;string&gt;            $xen = Get-ChildItem HKLM:\\HARDWARE\\ACPI\\FADT\n&lt;/string&gt;\n&lt;string&gt;\tDetailSequence=1\r\n\tDetailTotal=1\r\n\r\n\tSequenceNumber=133\r\n\r\n\tUserId=DESKTOP-M3AKJSD\\User\r\n\tHostName=ConsoleHost\r\n\tHostVersion=5.1.26100.2161\r\n\tHostId=0fad0cf8-6cb6-4657-86f7-655ec22eed9f\r\n\tHostApplication=C:\\Windows\\SysWOW64\\WindowsPowerShell\\v1.0\\powershell.exe\r\n\tEngineVersion=5.1.26100.2161\r\n\tRunspaceId=2aeeba59-d0f6-4ce7-b41c-e07625b3beec\r\n\tPipelineId=43\r\n\tScriptName=\r\n\tCommandLine=            $xen = Get-ChildItem HKLM:\\HARDWARE\\ACPI\\FADT\n&lt;/string&gt;\n&lt;string&gt;CommandInvocation(Get-ChildItem): \"Get-ChildItem\"\r\nParameterBinding(Get-ChildItem): name=\"Path\"; value=\"HKLM:\\HARDWARE\\ACPI\\FADT\"\r\n&lt;/string&gt;\n</Data>\n<Binary></Binary>\n</EventData>\n</Event>\n"
  },
  {
    "record_id": 560,
    "timestamp": "2025-04-09 09:20:56.979815+00:00",
    "xml_data": "<Event xmlns=\"http://schemas.microsoft.com/win/2004/08/events/event\"><System><Provider Name=\"PowerShell\"></Provider>\n<EventID Qualifiers=\"0\">800</EventID>\n<Version>0</Version>\n<Level>4</Level>\n<Task>8</Task>\n<Opcode>0</Opcode>\n<Keywords>0x0080000000000000</Keywords>\n<TimeCreated SystemTime=\"2025-04-09 09:20:56.979815+00:00\"></TimeCreated>\n<EventRecordID>560</EventRecordID>\n<Correlation ActivityID=\"\" RelatedActivityID=\"\"></Correlation>\n<Execution ProcessID=\"6064\" ThreadID=\"0\"></Execution>\n<Channel>Windows PowerShell</Channel>\n<Computer>DESKTOP-M3AKJSD</Computer>\n<Security UserID=\"\"></Security>\n</System>\n<EventData><Data>&lt;string&gt;            $xen = Get-ChildItem HKLM:\\HARDWARE\\ACPI\\DSDT\n&lt;/string&gt;\n&lt;string&gt;\tDetailSequence=1\r\n\tDetailTotal=1\r\n\r\n\tSequenceNumber=135\r\n\r\n\tUserId=DESKTOP-M3AKJSD\\User\r\n\tHostName=ConsoleHost\r\n\tHostVersion=5.1.26100.2161\r\n\tHostId=0fad0cf8-6cb6-4657-86f7-655ec22eed9f\r\n\tHostApplication=C:\\Windows\\SysWOW64\\WindowsPowerShell\\v1.0\\powershell.exe\r\n\tEngineVersion=5.1.26100.2161\r\n\tRunspaceId=2aeeba59-d0f6-4ce7-b41c-e07625b3beec\r\n\tPipelineId=43\r\n\tScriptName=\r\n\tCommandLine=            $xen = Get-ChildItem HKLM:\\HARDWARE\\ACPI\\DSDT\n&lt;/string&gt;\n&lt;string&gt;CommandInvocation(Get-ChildItem): \"Get-ChildItem\"\r\nParameterBinding(Get-ChildItem): name=\"Path\"; value=\"HKLM:\\HARDWARE\\ACPI\\DSDT\"\r\n&lt;/string&gt;\n</Data>\n<Binary></Binary>\n</EventData>\n</Event>\n"
  },
  {
    "record_id": 561,
    "timestamp": "2025-04-09 09:20:56.981159+00:00",
    "xml_data": "<Event xmlns=\"http://schemas.microsoft.com/win/2004/08/events/event\"><System><Provider Name=\"PowerShell\"></Provider>\n<EventID Qualifiers=\"0\">800</EventID>\n<Version>0</Version>\n<Level>4</Level>\n<Task>8</Task>\n<Opcode>0</Opcode>\n<Keywords>0x0080000000000000</Keywords>\n<TimeCreated SystemTime=\"2025-04-09 09:20:56.981159+00:00\"></TimeCreated>\n<EventRecordID>561</EventRecordID>\n<Correlation ActivityID=\"\" RelatedActivityID=\"\"></Correlation>\n<Execution ProcessID=\"6064\" ThreadID=\"0\"></Execution>\n<Channel>Windows PowerShell</Channel>\n<Computer>DESKTOP-M3AKJSD</Computer>\n<Security UserID=\"\"></Security>\n</System>\n<EventData><Data>&lt;string&gt;            $xen = Get-ChildItem HKLM:\\HARDWARE\\ACPI\\RSDT\n&lt;/string&gt;\n&lt;string&gt;\tDetailSequence=1\r\n\tDetailTotal=1\r\n\r\n\tSequenceNumber=137\r\n\r\n\tUserId=DESKTOP-M3AKJSD\\User\r\n\tHostName=ConsoleHost\r\n\tHostVersion=5.1.26100.2161\r\n\tHostId=0fad0cf8-6cb6-4657-86f7-655ec22eed9f\r\n\tHostApplication=C:\\Windows\\SysWOW64\\WindowsPowerShell\\v1.0\\powershell.exe\r\n\tEngineVersion=5.1.26100.2161\r\n\tRunspaceId=2aeeba59-d0f6-4ce7-b41c-e07625b3beec\r\n\tPipelineId=43\r\n\tScriptName=\r\n\tCommandLine=            $xen = Get-ChildItem HKLM:\\HARDWARE\\ACPI\\RSDT\n&lt;/string&gt;\n&lt;string&gt;CommandInvocation(Get-ChildItem): \"Get-ChildItem\"\r\nParameterBinding(Get-ChildItem): name=\"Path\"; value=\"HKLM:\\HARDWARE\\ACPI\\RSDT\"\r\n&lt;/string&gt;\n</Data>\n<Binary></Binary>\n</EventData>\n</Event>\n"
  },
  {
    "record_id": 562,
    "timestamp": "2025-04-09 09:20:57.229801+00:00",
    "xml_data": "<Event xmlns=\"http://schemas.microsoft.com/win/2004/08/events/event\"><System><Provider Name=\"PowerShell\"></Provider>\n<EventID Qualifiers=\"0\">800</EventID>\n<Version>0</Version>\n<Level>4</Level>\n<Task>8</Task>\n<Opcode>0</Opcode>\n<Keywords>0x0080000000000000</Keywords>\n<TimeCreated SystemTime=\"2025-04-09 09:20:57.229801+00:00\"></TimeCreated>\n<EventRecordID>562</EventRecordID>\n<Correlation ActivityID=\"\" RelatedActivityID=\"\"></Correlation>\n<Execution ProcessID=\"6064\" ThreadID=\"0\"></Execution>\n<Channel>Windows PowerShell</Channel>\n<Computer>DESKTOP-M3AKJSD</Computer>\n<Security UserID=\"\"></Security>\n</System>\n<EventData><Data>&lt;string&gt;           $xen = Get-ChildItem HKLM:\\SYSTEM\\ControlSet001\\Services\n&lt;/string&gt;\n&lt;string&gt;\tDetailSequence=1\r\n\tDetailTotal=1\r\n\r\n\tSequenceNumber=139\r\n\r\n\tUserId=DESKTOP-M3AKJSD\\User\r\n\tHostName=ConsoleHost\r\n\tHostVersion=5.1.26100.2161\r\n\tHostId=0fad0cf8-6cb6-4657-86f7-655ec22eed9f\r\n\tHostApplication=C:\\Windows\\SysWOW64\\WindowsPowerShell\\v1.0\\powershell.exe\r\n\tEngineVersion=5.1.26100.2161\r\n\tRunspaceId=2aeeba59-d0f6-4ce7-b41c-e07625b3beec\r\n\tPipelineId=43\r\n\tScriptName=\r\n\tCommandLine=           $xen = Get-ChildItem HKLM:\\SYSTEM\\ControlSet001\\Services\n&lt;/string&gt;\n&lt;string&gt;CommandInvocation(Get-ChildItem): \"Get-ChildItem\"\r\nParameterBinding(Get-ChildItem): name=\"Path\"; value=\"HKLM:\\SYSTEM\\ControlSet001\\Services\"\r\n&lt;/string&gt;\n</Data>\n<Binary></Binary>\n</EventData>\n</Event>\n"
  },
  {
    "record_id": 563,
    "timestamp": "2025-04-09 09:20:57.267879+00:00",
    "xml_data": "<Event xmlns=\"http://schemas.microsoft.com/win/2004/08/events/event\"><System><Provider Name=\"PowerShell\"></Provider>\n<EventID Qualifiers=\"0\">800</EventID>\n<Version>0</Version>\n<Level>4</Level>\n<Task>8</Task>\n<Opcode>0</Opcode>\n<Keywords>0x0080000000000000</Keywords>\n<TimeCreated SystemTime=\"2025-04-09 09:20:57.267879+00:00\"></TimeCreated>\n<EventRecordID>563</EventRecordID>\n<Correlation ActivityID=\"\" RelatedActivityID=\"\"></Correlation>\n<Execution ProcessID=\"6064\" ThreadID=\"0\"></Execution>\n<Channel>Windows PowerShell</Channel>\n<Computer>DESKTOP-M3AKJSD</Computer>\n<Security UserID=\"\"></Security>\n</System>\n<EventData><Data>&lt;string&gt;    $qemu = Get-Childitem hklm:\\hardware\\devicemap\\scsi -recurse | gp -Name identifier\n&lt;/string&gt;\n&lt;string&gt;\tDetailSequence=1\r\n\tDetailTotal=2\r\n\r\n\tSequenceNumber=141\r\n\r\n\tUserId=DESKTOP-M3AKJSD\\User\r\n\tHostName=ConsoleHost\r\n\tHostVersion=5.1.26100.2161\r\n\tHostId=0fad0cf8-6cb6-4657-86f7-655ec22eed9f\r\n\tHostApplication=C:\\Windows\\SysWOW64\\WindowsPowerShell\\v1.0\\powershell.exe\r\n\tEngineVersion=5.1.26100.2161\r\n\tRunspaceId=2aeeba59-d0f6-4ce7-b41c-e07625b3beec\r\n\tPipelineId=43\r\n\tScriptName=\r\n\tCommandLine=    $qemu = Get-Childitem hklm:\\hardware\\devicemap\\scsi -recurse | gp -Name identifier\n&lt;/string&gt;\n&lt;string&gt;CommandInvocation(Get-ChildItem): \"Get-ChildItem\"\r\nParameterBinding(Get-ChildItem): name=\"Recurse\"; value=\"True\"\r\nParameterBinding(Get-ChildItem): name=\"Path\"; value=\"hklm:\\hardware\\devicemap\\scsi\"\r\nCommandInvocation(Get-ItemProperty): \"Get-ItemProperty\"\r\nParameterBinding(Get-ItemProperty): name=\"Name\"; value=\"identifier\"\r\nParameterBinding(Get-ItemProperty): name=\"LiteralPath\"; value=\"Microsoft.PowerShell.Core\\Registry::HKEY_LOCAL_MACHINE\\hardware\\devicemap\\scsi\\Scsi Port 2\"\r\nNonTerminatingError(Get-ItemProperty): \"Property identifier does not exist at path HKEY_LOCAL_MACHINE\\hardware\\devicemap\\scsi\\Scsi Port 2.\"\r\nParameterBinding(Get-ItemProperty): name=\"LiteralPath\"; value=\"Microsoft.PowerShell.Core\\Registry::HKEY_LOCAL_MACHINE\\hardware\\devicemap\\scsi\\Scsi Port 2\\Scsi Bus 0\"\r\nNonTerminatingError(Get-ItemProperty): \"Property identifier does not exist at path HKEY_LOCAL_MACHINE\\hardware\\devicemap\\scsi\\Scsi Port 2\\Scsi Bus 0.\"\r\nParameterBinding(Get-ItemProperty): name=\"LiteralPath\"; value=\"Microsoft.PowerShell.Core\\Registry::HKEY_LOCAL_MACHINE\\hardware\\devicemap\\scsi\\Scsi Port 2\\Scsi Bus 0\\Initiator Id 255\"\r\nNonTerminatingError(Get-ItemProperty): \"Property identifier does not exist at path HKEY_LOCAL_MACHINE\\hardware\\devicemap\\scsi\\Scsi Port 2\\Scsi Bus 0\\Initiator Id 255.\"\r\nParameterBinding(Get-ItemProperty): name=\"LiteralPath\"; value=\"Microsoft.PowerShell.Core\\Registry::HKEY_LOCAL_MACHINE\\hardware\\devicemap\\scsi\\Scsi Port 2\\Scsi Bus 1\"\r\nNonTerminatingError(Get-ItemProperty): \"Property identifier does not exist at path HKEY_LOCAL_MACHINE\\hardware\\devicemap\\scsi\\Scsi Port 2\\Scsi Bus 1.\"\r\nParameterBinding(Get-ItemProperty): name=\"LiteralPath\"; value=\"Microsoft.PowerShell.Core\\Registry::HKEY_LOCAL_MACHINE\\hardware\\devicemap\\scsi\\Scsi Port 2\\Scsi Bus 1\\Initiator Id 255\"\r\nNonTerminatingError(Get-ItemProperty): \"Property identifier does not exist at path HKEY_LOCAL_MACHINE\\hardware\\devicemap\\scsi\\Scsi Port 2\\Scsi Bus 1\\Initiator Id 255.\"\r\nParameterBinding(Get-ItemProperty): name=\"LiteralPath\"; value=\"Microsoft.PowerShell.Core\\Registry::HKEY_LOCAL_MACHINE\\hardware\\devicemap\\scsi\\Scsi Port 2\\Scsi Bus 1\\Target Id 0\"\r\nNonTerminatingError(Get-ItemProperty): \"Property identifier does not exist at path HKEY_LOCAL_MACHINE\\hardware\\devicemap\\scsi\\Scsi Port 2\\Scsi Bus 1\\Target Id 0.\"\r\nParameterBinding(Get-ItemProperty): name=\"LiteralPath\"; value=\"Microsoft.PowerShell.Core\\Registry::HKEY_LOCAL_MACHINE\\hardware\\devicemap\\scsi\\Scsi Port 2\\Scsi Bus 1\\Target Id 0\\Logical Unit Id 0\"\r\nParameterBinding(Get-ItemProperty): name=\"LiteralPath\"; value=\"Microsoft.PowerShell.Core\\Registry::HKEY_LOCAL_MACHINE\\hardware\\devicemap\\scsi\\Scsi Port 2\\Scsi Bus 10\"\r\nNonTerminatingError(Get-ItemProperty): \"Property identifier does not exist at path HKEY_LOCAL_MACHINE\\hardware\\devicemap\\scsi\\Scsi Port 2\\Scsi Bus 10.\"\r\nParameterBinding(Get-ItemProperty): name=\"LiteralPath\"; value=\"Microsoft.PowerShell.Core\\Registry::HKEY_LOCAL_MACHINE\\hardware\\devicemap\\scsi\\Scsi Port 2\\Scsi Bus 10\\Initiator Id 255\"\r\nNonTerminatingError(Get-ItemProperty): \"Property identifier does not exist at path HKEY_LOCAL_MACHINE\\hardware\\devicemap\\scsi\\Scsi Port 2\\Scsi Bus 10\\Initiator Id 255.\"\r\nParameterBinding(Get-ItemProperty): name=\"LiteralPath\"; value=\"Microsoft.PowerShell.Core\\Registry::HKEY_LOCAL_MACHINE\\hardware\\devicemap\\scsi\\Scsi Port 2\\Scsi Bus 11\"\r\nNonTerminatingError(Get-ItemProperty): \"Property identifier does not exist at path HKEY_LOCAL_MACHINE\\hardware\\devicemap\\scsi\\Scsi Port 2\\Scsi Bus 11.\"\r\nParameterBinding(Get-ItemProperty): name=\"LiteralPath\"; value=\"Microsoft.PowerShell.Core\\Registry::HKEY_LOCAL_MACHINE\\hardware\\devicemap\\scsi\\Scsi Port 2\\Scsi Bus 11\\Initiator Id 255\"\r\nNonTerminatingError(Get-ItemProperty): \"Property identifier does not exist at path HKEY_LOCAL_MACHINE\\hardware\\devicemap\\scsi\\Scsi Port 2\\Scsi Bus 11\\Initiator Id 255.\"\r\nParameterBinding(Get-ItemProperty): name=\"LiteralPath\"; value=\"Microsoft.PowerShell.Core\\Registry::HKEY_LOCAL_MACHINE\\hardware\\devicemap\\scsi\\Scsi Port 2\\Scsi Bus 12\"\r\nNonTerminatingError(Get-ItemProperty): \"Property identifier does not exist at path HKEY_LOCAL_MACHINE\\hardware\\devicemap\\scsi\\Scsi Port 2\\Scsi Bus 12.\"\r\nParameterBinding(Get-ItemProperty): name=\"LiteralPath\"; value=\"Microsoft.PowerShell.Core\\Registry::HKEY_LOCAL_MACHINE\\hardware\\devicemap\\scsi\\Scsi Port 2\\Scsi Bus 12\\Initiator Id 255\"\r\nNonTerminatingError(Get-ItemProperty): \"Property identifier does not exist at path HKEY_LOCAL_MACHINE\\hardware\\devicemap\\scsi\\Scsi Port 2\\Scsi Bus 12\\Initiator Id 255.\"\r\nParameterBinding(Get-ItemProperty): name=\"LiteralPath\"; value=\"Microsoft.PowerShell.Core\\Registry::HKEY_LOCAL_MACHINE\\hardware\\devicemap\\scsi\\Scsi Port 2\\Scsi Bus 13\"\r\nNonTerminatingError(Get-ItemProperty): \"Property identifier does not exist at path HKEY_LOCAL_MACHINE\\hardware\\devicemap\\scsi\\Scsi Port 2\\Scsi Bus 13.\"\r\nParameterBinding(Get-ItemProperty): name=\"LiteralPath\"; value=\"Microsoft.PowerShell.Core\\Registry::HKEY_LOCAL_MACHINE\\hardware\\devicemap\\scsi\\Scsi Port 2\\Scsi Bus 13\\Initiator Id 255\"\r\nNonTerminatingError(Get-ItemProperty): \"Property identifier does not exist at path HKEY_LOCAL_MACHINE\\hardware\\devicemap\\scsi\\Scsi Port 2\\Scsi Bus 13\\Initiator Id 255.\"\r\nParameterBinding(Get-ItemProperty): name=\"LiteralPath\"; value=\"Microsoft.PowerShell.Core\\Registry::HKEY_LOCAL_MACHINE\\hardware\\devicemap\\scsi\\Scsi Port 2\\Scsi Bus 14\"\r\nNonTerminatingError(Get-ItemProperty): \"Property identifier does not exist at path HKEY_LOCAL_MACHINE\\hardware\\devicemap\\scsi\\Scsi Port 2\\Scsi Bus 14.\"\r\nParameterBinding(Get-ItemProperty): name=\"LiteralPath\"; value=\"Microsoft.PowerShell.Core\\Registry::HKEY_LOCAL_MACHINE\\hardware\\devicemap\\scsi\\Scsi Port 2\\Scsi Bus 14\\Initiator Id 255\"\r\nNonTerminatingError(Get-ItemProperty): \"Property identifier does not exist at path HKEY_LOCAL_MACHINE\\hardware\\devicemap\\scsi\\Scsi Port 2\\Scsi Bus 14\\Initiator Id 255.\"\r\nParameterBinding(Get-ItemProperty): name=\"LiteralPath\"; value=\"Microsoft.PowerShell.Core\\Registry::HKEY_LOCAL_MACHINE\\hardware\\devicemap\\scsi\\Scsi Port 2\\Scsi Bus 15\"\r\nNonTerminatingError(Get-ItemProperty): \"Property identifier does not exist at path HKEY_LOCAL_MACHINE\\hardware\\devicemap\\scsi\\Scsi Port 2\\Scsi Bus 15.\"\r\nParameterBinding(Get-ItemProperty): name=\"LiteralPath\"; value=\"Microsoft.PowerShell.Core\\Registry::HKEY_LOCAL_MACHINE\\hardware\\devicemap\\scsi\\Scsi Port 2\\Scsi Bus 15\\Initiator Id 255\"\r\nNonTerminatingError(Get-ItemProperty): \"Property identifier does not exist at path HKEY_LOCAL_MACHINE\\hardware\\devicemap\\scsi\\Scsi Port 2\\Scsi Bus 15\\Initiator Id 255.\"\r\nParameterBinding(Get-ItemProperty): name=\"LiteralPath\"; value=\"Microsoft.PowerShell.Core\\Registry::HKEY_LOCAL_MACHINE\\hardware\\devicemap\\scsi\\Scsi Port 2\\Scsi Bus 16\"\r\nNonTerminatingError(Get-ItemProperty): \"Property identifier does not exist at path HKEY_LOCAL_MACHINE\\hardware\\devicemap\\scsi\\Scsi Port 2\\Scsi Bus 16.\"\r\nParameterBinding(Get-ItemProperty): name=\"LiteralPath\"; value=\"Microsoft.PowerShell.Core\\Registry::HKEY_LOCAL_MACHINE\\hardware\\devicemap\\scsi\\Scsi Port 2\\Scsi Bus 16\\Initiator Id 255\"\r\nNonTerminatingError(Get-ItemProperty): \"Property identifier does not exist at path HKEY_LOCAL_MACHINE\\hardware\\devicemap\\scsi\\Scsi Port 2\\Scsi Bus 16\\Initiator Id 255.\"\r\nParameterBinding(Get-ItemProperty): name=\"LiteralPath\"; value=\"Microsoft.PowerShell.Core\\Registry::HKEY_LOCAL_MACHINE\\hardware\\devicemap\\scsi\\Scsi Port 2\\Scsi Bus 17\"\r\nNonTerminatingError(Get-ItemProperty): \"Property identifier does not exist at path HKEY_LOCAL_MACHINE\\hardware\\devicemap\\scsi\\Scsi Port 2\\Scsi Bus 17.\"\r\nParameterBinding(Get-ItemProperty): name=\"LiteralPath\"; value=\"Microsoft.PowerShell.Core\\Registry::HKEY_LOCAL_MACHINE\\hardware\\devicemap\\scsi\\Scsi Port 2\\Scsi Bus 17\\Initiator Id 255\"\r\nNonTerminatingError(Get-ItemProperty): \"Property identifier does not exist at path HKEY_LOCAL_MACHINE\\hardware\\devicemap\\scsi\\Scsi Port 2\\Scsi Bus 17\\Initiator Id 255.\"\r\nParameterBinding(Get-ItemProperty): name=\"LiteralPath\"; value=\"Microsoft.PowerShell.Core\\Registry::HKEY_LOCAL_MACHINE\\hardware\\devicemap\\scsi\\Scsi Port 2\\Scsi Bus 18\"\r\nNonTerminatingError(Get-ItemProperty): \"Property identifier does not exist at path HKEY_LOCAL_MACHINE\\hardware\\devicemap\\scsi\\Scsi Port 2\\Scsi Bus 18.\"\r\nParameterBinding(Get-ItemProperty): name=\"LiteralPath\"; value=\"Microsoft.PowerShell.Core\\Registry::HKEY_LOCAL_MACHINE\\hardware\\devicemap\\scsi\\Scsi Port 2\\Scsi Bus 18\\Initiator Id 255\"\r\nNonTerminatingError(Get-ItemProperty): \"Property identifier does not exist at path HKEY_LOCAL_MACHINE\\hardware\\devicemap\\scsi\\Scsi Port 2\\Scsi Bus 18\\Initiator Id 255.\"\r\nParameterBinding(Get-ItemProperty): name=\"LiteralPath\"; value=\"Microsoft.PowerShell.Core\\Registry::HKEY_LOCAL_MACHINE\\hardware\\devicemap\\scsi\\Scsi Port 2\\Scsi Bus 19\"\r\nNonTerminatingError(Get-ItemProperty): \"Property identifier does not exist at path HKEY_LOCAL_MACHINE\\hardware\\devicemap\\scsi\\Scsi Port 2\\Scsi Bus 19.\"\r\nParameterBinding(Get-ItemProperty): name=\"LiteralPath\"; value=\"Microsoft.PowerShell.Core\\Registry::HKEY_LOCAL_MACHINE\\hardware\\devicemap\\scsi\\Scsi Port 2\\Scsi Bus 19\\Initiator Id 255\"\r\nNonTerminatingError(Get-ItemProperty): \"Property identifier does not exist at path HKEY_LOCAL_MACHINE\\hardware\\devicemap\\scsi\\Scsi Port 2\\Scsi Bus 19\\Initiator Id 255.\"\r\nParameterBinding(Get-ItemProperty): name=\"LiteralPath\"; value=\"Microsoft.PowerShell.Core\\Registry::HKEY_LOCAL_MACHINE\\hardware\\devicemap\\scsi\\Scsi Port 2\\Scsi Bus 2\"\r\nNonTerminatingError(Get-ItemProperty): \"Property identifier does not exist at path HKEY_LOCAL_MACHINE\\hardware\\devicemap\\scsi\\Scsi Port 2\\Scsi Bus 2.\"\r\nParameterBinding(Get-ItemProperty): name=\"LiteralPath\"; value=\"Microsoft.PowerShell.Core\\Registry::HKEY_LOCAL_MACHINE\\hardware\\devicemap\\scsi\\Scsi Port 2\\Scsi Bus 2\\Initiator Id 255\"\r\nNonTerminatingError(Get-ItemProperty): \"Property identifier does not exist at path HKEY_LOCAL_MACHINE\\hardware\\devicemap\\scsi\\Scsi Port 2\\Scsi Bus 2\\Initiator Id 255.\"\r\nParameterBinding(Get-ItemProperty): name=\"LiteralPath\"; value=\"Microsoft.PowerShell.Core\\Registry::HKEY_LOCAL_MACHINE\\hardware\\devicemap\\scsi\\Scsi Port 2\\Scsi Bus 20\"\r\nNonTerminatingError(Get-ItemProperty): \"Property identifier does not exist at path HKEY_LOCAL_MACHINE\\hardware\\devicemap\\scsi\\Scsi Port 2\\Scsi Bus 20.\"\r\nParameterBinding(Get-ItemProperty): name=\"LiteralPath\"; value=\"Microsoft.PowerShell.Core\\Registry::HKEY_LOCAL_MACHINE\\hardware\\devicemap\\scsi\\Scsi Port 2\\Scsi Bus 20\\Initiator Id 255\"\r\nNonTerminatingError(Get-ItemProperty): \"Property identifier does not exist at path HKEY_LOCAL_MACHINE\\hardware\\devicemap\\scsi\\Scsi Port 2\\Scsi Bus 20\\Initiator Id 255.\"\r\nParameterBinding(Get-ItemProperty): name=\"LiteralPath\"; value=\"Microsoft.PowerShell.Core\\Registry::HKEY_LOCAL_MACHINE\\hardware\\devicemap\\scsi\\Scsi Port 2\\Scsi Bus 21\"\r\nNonTerminatingError(Get-ItemProperty): \"Property identifier does not exist at path HKEY_LOCAL_MACHINE\\hardware\\devicemap\\scsi\\Scsi Port 2\\Scsi Bus 21.\"\r\nParameterBinding(Get-ItemProperty): name=\"LiteralPath\"; value=\"Microsoft.PowerShell.Core\\Registry::HKEY_LOCAL_MACHINE\\hardware\\devicemap\\scsi\\Scsi Port 2\\Scsi Bus 21\\Initiator Id 255\"\r\nNonTerminatingError(Get-ItemProperty): \"Property identifier does not exist at path HKEY_LOCAL_MACHINE\\hardware\\devicemap\\scsi\\Scsi Port 2\\Scsi Bus 21\\Initiator Id 255.\"\r\nParameterBinding(Get-ItemProperty): name=\"LiteralPath\"; value=\"Microsoft.PowerShell.Core\\Registry::HKEY_LOCAL_MACHINE\\hardware\\devicemap\\scsi\\Scsi Port 2\\Scsi Bus 22\"\r\nNonTerminatingError(Get-ItemProperty): \"Property identifier does not exist at path HKEY_LOCAL_MACHINE\\hardware\\devicemap\\scsi\\Scsi Port 2\\Scsi Bus 22.\"\r\nParameterBinding(Get-ItemProperty): name=\"LiteralPath\"; value=\"Microsoft.PowerShell.Core\\Registry::HKEY_LOCAL_MACHINE\\hardware\\devicemap\\scsi\\Scsi Port 2\\Scsi Bus 22\\Initiator Id 255\"\r\nNonTerminatingError(Get-ItemProperty): \"Property identifier does not exist at path HKEY_LOCAL_MACHINE\\hardware\\devicemap\\scsi\\Scsi Port 2\\Scsi Bus 22\\Initiator Id 255.\"\r\nParameterBinding(Get-ItemProperty): name=\"LiteralPath\"; value=\"Microsoft.PowerShell.Core\\Registry::HKEY_LOCAL_MACHINE\\hardware\\devicemap\\scsi\\Scsi Port 2\\Scsi Bus 23\"\r\nNonTerminatingError(Get-ItemProperty): \"Property identifier does not exist at path HKEY_LOCAL_MACHINE\\hardware\\devicemap\\scsi\\Scsi Port 2\\Scsi Bus 23.\"\r\nParameterBinding(Get-ItemProperty): name=\"LiteralPath\"; value=\"Microsoft.PowerShell.Core\\Registry::HKEY_LOCAL_MACHINE\\hardware\\devicemap\\scsi\\Scsi Port 2\\Scsi Bus 23\\Initiator Id 255\"\r\nNonTerminatingError(Get-ItemProperty): \"Property identifier does not exist at path HKEY_LOCAL_MACHINE\\hardware\\devicemap\\scsi\\Scsi Port 2\\Scsi Bus 23\\Initiator Id 255.\"\r\nParameterBinding(Get-ItemProperty): name=\"LiteralPath\"; value=\"Microsoft.PowerShell.Core\\Registry::HKEY_LOCAL_MACHINE\\hardware\\devicemap\\scsi\\Scsi Port 2\\Scsi Bus 24\"\r\nNonTerminatingError(Get-ItemProperty): \"Property identifier does not exist at path HKEY_LOCAL_MACHINE\\hardware\\devicemap\\scsi\\Scsi Port 2\\Scsi Bus 24.\"\r\nParameterBinding(Get-ItemProperty): name=\"LiteralPath\"; value=\"Microsoft.PowerShell.Core\\Registry::HKEY_LOCAL_MACHINE\\hardware\\devicemap\\scsi\\Scsi Port 2\\Scsi Bus 24\\Initiator Id 255\"\r\nNonTerminatingError(Get-ItemProperty): \"Property identifier does not exist at path HKEY_LOCAL_MACHINE\\hardware\\devicemap\\scsi\\Scsi Port 2\\Scsi Bus 24\\Initiator Id 255.\"\r\nParameterBinding(Get-ItemProperty): name=\"LiteralPath\"; value=\"Microsoft.PowerShell.Core\\Registry::HKEY_LOCAL_MACHINE\\hardware\\devicemap\\scsi\\Scsi Port 2\\Scsi Bus 25\"\r\nNonTerminatingError(Get-ItemProperty): \"Property identifier does not exist at path HKEY_LOCAL_MACHINE\\hardware\\devicemap\\scsi\\Scsi Port 2\\Scsi Bus 25.\"\r\nParameterBinding(Get-ItemProperty): name=\"LiteralPath\"; value=\"Microsoft.PowerShell.Core\\Registry::HKEY_LOCAL_MACHINE\\hardware\\devicemap\\scsi\\Scsi Port 2\\Scsi Bus 25\\Initiator Id 255\"\r\nNonTerminatingError(Get-ItemProperty): \"Property identifier does not exist at path HKEY_LOCAL_MACHINE\\hardware\\devicemap\\scsi\\Scsi Port 2\\Scsi Bus 25\\Initiator Id 255.\"\r\nParameterBinding(Get-ItemProperty): name=\"LiteralPath\"; value=\"Microsoft.PowerShell.Core\\Registry::HKEY_LOCAL_MACHINE\\hardware\\devicemap\\scsi\\Scsi Port 2\\Scsi Bus 26\"\r\nNonTerminatingError(Get-ItemProperty): \"Property identifier does not exist at path HKEY_LOCAL_MACHINE\\hardware\\devicemap\\scsi\\Scsi Port 2\\Scsi Bus 26.\"\r\nParameterBinding(Get-ItemProperty): name=\"LiteralPath\"; value=\"Microsoft.PowerShell.Core\\Registry::HKEY_LOCAL_MACHINE\\hardware\\devicemap\\scsi\\Scsi Port 2\\Scsi Bus 26\\Initiator Id 255\"\r\nNonTerminatingError(Get-ItemProperty): \"Property identifier does not exist at path HKEY_LOCAL_MACHINE\\hardware\\devicemap\\scsi\\Scsi Port 2\\Scsi Bus 26\\Initiator Id 255.\"\r\nParameterBinding(Get-ItemProperty): name=\"LiteralPath\"; value=\"Microsoft.PowerShell.Core\\Registry::HKEY_LOCAL_MACHINE\\hardware\\devicemap\\scsi\\Scsi Port 2\\Scsi Bus 27\"\r\nNonTerminatingError(Get-ItemProperty): \"Property identifier does not exist at path HKEY_LOCAL_MACHINE\\hardware\\devicemap\\scsi\\Scsi Port 2\\Scsi Bus 27.\"\r\nParameterBinding(Get-ItemProperty): name=\"LiteralPath\"; value=\"Microsoft.PowerShell.Core\\Registry::HKEY_LOCAL_MACHINE\\hardware\\devicemap\\scsi\\Scsi Port 2\\Scsi Bus 27\\Initiator Id 255\"\r\nNonTerminatingError(Get-ItemProperty): \"Property identifier does not exist at path HKEY_LOCAL_MACHINE\\hardware\\devicemap\\scsi\\Scsi Port 2\\Scsi Bus 27\\Initiator Id 255.\"\r\nParameterBinding(Get-ItemProperty): name=\"LiteralPath\"; value=\"Microsoft.PowerShell.Core\\Registry::HKEY_LOCAL_MACHINE\\hardware\\devicemap\\scsi\\Scsi Port 2\\Scsi Bus 28\"\r\nNonTerminatingError(Get-ItemProperty): \"Property identifier does not exist at path HKEY_LOCAL_MACHINE\\hardware\\devicemap\\scsi\\Scsi Port 2\\Scsi Bus 28.\"\r\nParameterBinding(Get-ItemProperty): name=\"LiteralPath\"; value=\"Microsoft.PowerShell.Core\\Registry::HKEY_LOCAL_MACHINE\\hardware\\devicemap\\scsi\\Scsi Port 2\\Scsi Bus 28\\Initiator Id 255\"\r\n&lt;/string&gt;\n</Data>\n<Binary></Binary>\n</EventData>\n</Event>\n"
  },
  {
    "record_id": 564,
    "timestamp": "2025-04-09 09:20:57.268618+00:00",
    "xml_data": "<Event xmlns=\"http://schemas.microsoft.com/win/2004/08/events/event\"><System><Provider Name=\"PowerShell\"></Provider>\n<EventID Qualifiers=\"0\">800</EventID>\n<Version>0</Version>\n<Level>4</Level>\n<Task>8</Task>\n<Opcode>0</Opcode>\n<Keywords>0x0080000000000000</Keywords>\n<TimeCreated SystemTime=\"2025-04-09 09:20:57.268618+00:00\"></TimeCreated>\n<EventRecordID>564</EventRecordID>\n<Correlation ActivityID=\"\" RelatedActivityID=\"\"></Correlation>\n<Execution ProcessID=\"6064\" ThreadID=\"0\"></Execution>\n<Channel>Windows PowerShell</Channel>\n<Computer>DESKTOP-M3AKJSD</Computer>\n<Security UserID=\"\"></Security>\n</System>\n<EventData><Data>&lt;string&gt;    $qemu = Get-Childitem hklm:\\hardware\\devicemap\\scsi -recurse | gp -Name identifier\n&lt;/string&gt;\n&lt;string&gt;\tDetailSequence=2\r\n\tDetailTotal=2\r\n\r\n\tSequenceNumber=141\r\n\r\n\tUserId=DESKTOP-M3AKJSD\\User\r\n\tHostName=ConsoleHost\r\n\tHostVersion=5.1.26100.2161\r\n\tHostId=0fad0cf8-6cb6-4657-86f7-655ec22eed9f\r\n\tHostApplication=C:\\Windows\\SysWOW64\\WindowsPowerShell\\v1.0\\powershell.exe\r\n\tEngineVersion=5.1.26100.2161\r\n\tRunspaceId=2aeeba59-d0f6-4ce7-b41c-e07625b3beec\r\n\tPipelineId=43\r\n\tScriptName=\r\n\tCommandLine=    $qemu = Get-Childitem hklm:\\hardware\\devicemap\\scsi -recurse | gp -Name identifier\n&lt;/string&gt;\n&lt;string&gt;NonTerminatingError(Get-ItemProperty): \"Property identifier does not exist at path HKEY_LOCAL_MACHINE\\hardware\\devicemap\\scsi\\Scsi Port 2\\Scsi Bus 28\\Initiator Id 255.\"\r\nParameterBinding(Get-ItemProperty): name=\"LiteralPath\"; value=\"Microsoft.PowerShell.Core\\Registry::HKEY_LOCAL_MACHINE\\hardware\\devicemap\\scsi\\Scsi Port 2\\Scsi Bus 29\"\r\nNonTerminatingError(Get-ItemProperty): \"Property identifier does not exist at path HKEY_LOCAL_MACHINE\\hardware\\devicemap\\scsi\\Scsi Port 2\\Scsi Bus 29.\"\r\nParameterBinding(Get-ItemProperty): name=\"LiteralPath\"; value=\"Microsoft.PowerShell.Core\\Registry::HKEY_LOCAL_MACHINE\\hardware\\devicemap\\scsi\\Scsi Port 2\\Scsi Bus 29\\Initiator Id 255\"\r\nNonTerminatingError(Get-ItemProperty): \"Property identifier does not exist at path HKEY_LOCAL_MACHINE\\hardware\\devicemap\\scsi\\Scsi Port 2\\Scsi Bus 29\\Initiator Id 255.\"\r\nParameterBinding(Get-ItemProperty): name=\"LiteralPath\"; value=\"Microsoft.PowerShell.Core\\Registry::HKEY_LOCAL_MACHINE\\hardware\\devicemap\\scsi\\Scsi Port 2\\Scsi Bus 3\"\r\nNonTerminatingError(Get-ItemProperty): \"Property identifier does not exist at path HKEY_LOCAL_MACHINE\\hardware\\devicemap\\scsi\\Scsi Port 2\\Scsi Bus 3.\"\r\nParameterBinding(Get-ItemProperty): name=\"LiteralPath\"; value=\"Microsoft.PowerShell.Core\\Registry::HKEY_LOCAL_MACHINE\\hardware\\devicemap\\scsi\\Scsi Port 2\\Scsi Bus 3\\Initiator Id 255\"\r\nNonTerminatingError(Get-ItemProperty): \"Property identifier does not exist at path HKEY_LOCAL_MACHINE\\hardware\\devicemap\\scsi\\Scsi Port 2\\Scsi Bus 3\\Initiator Id 255.\"\r\nParameterBinding(Get-ItemProperty): name=\"LiteralPath\"; value=\"Microsoft.PowerShell.Core\\Registry::HKEY_LOCAL_MACHINE\\hardware\\devicemap\\scsi\\Scsi Port 2\\Scsi Bus 4\"\r\nNonTerminatingError(Get-ItemProperty): \"Property identifier does not exist at path HKEY_LOCAL_MACHINE\\hardware\\devicemap\\scsi\\Scsi Port 2\\Scsi Bus 4.\"\r\nParameterBinding(Get-ItemProperty): name=\"LiteralPath\"; value=\"Microsoft.PowerShell.Core\\Registry::HKEY_LOCAL_MACHINE\\hardware\\devicemap\\scsi\\Scsi Port 2\\Scsi Bus 4\\Initiator Id 255\"\r\nNonTerminatingError(Get-ItemProperty): \"Property identifier does not exist at path HKEY_LOCAL_MACHINE\\hardware\\devicemap\\scsi\\Scsi Port 2\\Scsi Bus 4\\Initiator Id 255.\"\r\nParameterBinding(Get-ItemProperty): name=\"LiteralPath\"; value=\"Microsoft.PowerShell.Core\\Registry::HKEY_LOCAL_MACHINE\\hardware\\devicemap\\scsi\\Scsi Port 2\\Scsi Bus 5\"\r\nNonTerminatingError(Get-ItemProperty): \"Property identifier does not exist at path HKEY_LOCAL_MACHINE\\hardware\\devicemap\\scsi\\Scsi Port 2\\Scsi Bus 5.\"\r\nParameterBinding(Get-ItemProperty): name=\"LiteralPath\"; value=\"Microsoft.PowerShell.Core\\Registry::HKEY_LOCAL_MACHINE\\hardware\\devicemap\\scsi\\Scsi Port 2\\Scsi Bus 5\\Initiator Id 255\"\r\nNonTerminatingError(Get-ItemProperty): \"Property identifier does not exist at path HKEY_LOCAL_MACHINE\\hardware\\devicemap\\scsi\\Scsi Port 2\\Scsi Bus 5\\Initiator Id 255.\"\r\nParameterBinding(Get-ItemProperty): name=\"LiteralPath\"; value=\"Microsoft.PowerShell.Core\\Registry::HKEY_LOCAL_MACHINE\\hardware\\devicemap\\scsi\\Scsi Port 2\\Scsi Bus 6\"\r\nNonTerminatingError(Get-ItemProperty): \"Property identifier does not exist at path HKEY_LOCAL_MACHINE\\hardware\\devicemap\\scsi\\Scsi Port 2\\Scsi Bus 6.\"\r\nParameterBinding(Get-ItemProperty): name=\"LiteralPath\"; value=\"Microsoft.PowerShell.Core\\Registry::HKEY_LOCAL_MACHINE\\hardware\\devicemap\\scsi\\Scsi Port 2\\Scsi Bus 6\\Initiator Id 255\"\r\nNonTerminatingError(Get-ItemProperty): \"Property identifier does not exist at path HKEY_LOCAL_MACHINE\\hardware\\devicemap\\scsi\\Scsi Port 2\\Scsi Bus 6\\Initiator Id 255.\"\r\nParameterBinding(Get-ItemProperty): name=\"LiteralPath\"; value=\"Microsoft.PowerShell.Core\\Registry::HKEY_LOCAL_MACHINE\\hardware\\devicemap\\scsi\\Scsi Port 2\\Scsi Bus 7\"\r\nNonTerminatingError(Get-ItemProperty): \"Property identifier does not exist at path HKEY_LOCAL_MACHINE\\hardware\\devicemap\\scsi\\Scsi Port 2\\Scsi Bus 7.\"\r\nParameterBinding(Get-ItemProperty): name=\"LiteralPath\"; value=\"Microsoft.PowerShell.Core\\Registry::HKEY_LOCAL_MACHINE\\hardware\\devicemap\\scsi\\Scsi Port 2\\Scsi Bus 7\\Initiator Id 255\"\r\nNonTerminatingError(Get-ItemProperty): \"Property identifier does not exist at path HKEY_LOCAL_MACHINE\\hardware\\devicemap\\scsi\\Scsi Port 2\\Scsi Bus 7\\Initiator Id 255.\"\r\nParameterBinding(Get-ItemProperty): name=\"LiteralPath\"; value=\"Microsoft.PowerShell.Core\\Registry::HKEY_LOCAL_MACHINE\\hardware\\devicemap\\scsi\\Scsi Port 2\\Scsi Bus 8\"\r\nNonTerminatingError(Get-ItemProperty): \"Property identifier does not exist at path HKEY_LOCAL_MACHINE\\hardware\\devicemap\\scsi\\Scsi Port 2\\Scsi Bus 8.\"\r\nParameterBinding(Get-ItemProperty): name=\"LiteralPath\"; value=\"Microsoft.PowerShell.Core\\Registry::HKEY_LOCAL_MACHINE\\hardware\\devicemap\\scsi\\Scsi Port 2\\Scsi Bus 8\\Initiator Id 255\"\r\nNonTerminatingError(Get-ItemProperty): \"Property identifier does not exist at path HKEY_LOCAL_MACHINE\\hardware\\devicemap\\scsi\\Scsi Port 2\\Scsi Bus 8\\Initiator Id 255.\"\r\nParameterBinding(Get-ItemProperty): name=\"LiteralPath\"; value=\"Microsoft.PowerShell.Core\\Registry::HKEY_LOCAL_MACHINE\\hardware\\devicemap\\scsi\\Scsi Port 2\\Scsi Bus 9\"\r\nNonTerminatingError(Get-ItemProperty): \"Property identifier does not exist at path HKEY_LOCAL_MACHINE\\hardware\\devicemap\\scsi\\Scsi Port 2\\Scsi Bus 9.\"\r\nParameterBinding(Get-ItemProperty): name=\"LiteralPath\"; value=\"Microsoft.PowerShell.Core\\Registry::HKEY_LOCAL_MACHINE\\hardware\\devicemap\\scsi\\Scsi Port 2\\Scsi Bus 9\\Initiator Id 255\"\r\nNonTerminatingError(Get-ItemProperty): \"Property identifier does not exist at path HKEY_LOCAL_MACHINE\\hardware\\devicemap\\scsi\\Scsi Port 2\\Scsi Bus 9\\Initiator Id 255.\"\r\nParameterBinding(Get-ItemProperty): name=\"LiteralPath\"; value=\"Microsoft.PowerShell.Core\\Registry::HKEY_LOCAL_MACHINE\\hardware\\devicemap\\scsi\\Scsi Port 3\"\r\nNonTerminatingError(Get-ItemProperty): \"Property identifier does not exist at path HKEY_LOCAL_MACHINE\\hardware\\devicemap\\scsi\\Scsi Port 3.\"\r\nParameterBinding(Get-ItemProperty): name=\"LiteralPath\"; value=\"Microsoft.PowerShell.Core\\Registry::HKEY_LOCAL_MACHINE\\hardware\\devicemap\\scsi\\Scsi Port 3\\Scsi Bus 0\"\r\nNonTerminatingError(Get-ItemProperty): \"Property identifier does not exist at path HKEY_LOCAL_MACHINE\\hardware\\devicemap\\scsi\\Scsi Port 3\\Scsi Bus 0.\"\r\nParameterBinding(Get-ItemProperty): name=\"LiteralPath\"; value=\"Microsoft.PowerShell.Core\\Registry::HKEY_LOCAL_MACHINE\\hardware\\devicemap\\scsi\\Scsi Port 3\\Scsi Bus 0\\Initiator Id 255\"\r\nNonTerminatingError(Get-ItemProperty): \"Property identifier does not exist at path HKEY_LOCAL_MACHINE\\hardware\\devicemap\\scsi\\Scsi Port 3\\Scsi Bus 0\\Initiator Id 255.\"\r\nParameterBinding(Get-ItemProperty): name=\"LiteralPath\"; value=\"Microsoft.PowerShell.Core\\Registry::HKEY_LOCAL_MACHINE\\hardware\\devicemap\\scsi\\Scsi Port 3\\Scsi Bus 0\\Target Id 0\"\r\nNonTerminatingError(Get-ItemProperty): \"Property identifier does not exist at path HKEY_LOCAL_MACHINE\\hardware\\devicemap\\scsi\\Scsi Port 3\\Scsi Bus 0\\Target Id 0.\"\r\nParameterBinding(Get-ItemProperty): name=\"LiteralPath\"; value=\"Microsoft.PowerShell.Core\\Registry::HKEY_LOCAL_MACHINE\\hardware\\devicemap\\scsi\\Scsi Port 3\\Scsi Bus 0\\Target Id 0\\Logical Unit Id 0\"\r\n&lt;/string&gt;\n</Data>\n<Binary></Binary>\n</EventData>\n</Event>\n"
  },
  {
    "record_id": 565,
    "timestamp": "2025-04-09 09:20:57.275990+00:00",
    "xml_data": "<Event xmlns=\"http://schemas.microsoft.com/win/2004/08/events/event\"><System><Provider Name=\"PowerShell\"></Provider>\n<EventID Qualifiers=\"0\">800</EventID>\n<Version>0</Version>\n<Level>4</Level>\n<Task>8</Task>\n<Opcode>0</Opcode>\n<Keywords>0x0080000000000000</Keywords>\n<TimeCreated SystemTime=\"2025-04-09 09:20:57.275990+00:00\"></TimeCreated>\n<EventRecordID>565</EventRecordID>\n<Correlation ActivityID=\"\" RelatedActivityID=\"\"></Correlation>\n<Execution ProcessID=\"6064\" ThreadID=\"0\"></Execution>\n<Channel>Windows PowerShell</Channel>\n<Computer>DESKTOP-M3AKJSD</Computer>\n<Security UserID=\"\"></Security>\n</System>\n<EventData><Data>&lt;string&gt;        $qemu = Get-ItemProperty hklm:HARDWARE\\DESCRIPTION\\System\\CentralProcessor\\0 -Name ProcessorNameString\n&lt;/string&gt;\n&lt;string&gt;\tDetailSequence=1\r\n\tDetailTotal=1\r\n\r\n\tSequenceNumber=143\r\n\r\n\tUserId=DESKTOP-M3AKJSD\\User\r\n\tHostName=ConsoleHost\r\n\tHostVersion=5.1.26100.2161\r\n\tHostId=0fad0cf8-6cb6-4657-86f7-655ec22eed9f\r\n\tHostApplication=C:\\Windows\\SysWOW64\\WindowsPowerShell\\v1.0\\powershell.exe\r\n\tEngineVersion=5.1.26100.2161\r\n\tRunspaceId=2aeeba59-d0f6-4ce7-b41c-e07625b3beec\r\n\tPipelineId=43\r\n\tScriptName=\r\n\tCommandLine=        $qemu = Get-ItemProperty hklm:HARDWARE\\DESCRIPTION\\System\\CentralProcessor\\0 -Name ProcessorNameString\n&lt;/string&gt;\n&lt;string&gt;CommandInvocation(Get-ItemProperty): \"Get-ItemProperty\"\r\nParameterBinding(Get-ItemProperty): name=\"Name\"; value=\"ProcessorNameString\"\r\nParameterBinding(Get-ItemProperty): name=\"Path\"; value=\"hklm:HARDWARE\\DESCRIPTION\\System\\CentralProcessor\\0\"\r\n&lt;/string&gt;\n</Data>\n<Binary></Binary>\n</EventData>\n</Event>\n"
  },
