  {
    "record_id": 124,
    "timestamp": "2025-04-08 12:06:15.463194+00:00",
    "xml_data": "<Event xmlns=\"http://schemas.microsoft.com/win/2004/08/events/event\"><System><Provider Name=\"Microsoft-Windows-PowerShell\" Guid=\"{a0c1853b-5c40-4b15-8766-3cf1c58f985a}\"></Provider>\n<EventID Qualifiers=\"\">4104</EventID>\n<Version>1</Version>\n<Level>3</Level>\n<Task>2</Task>\n<Opcode>15</Opcode>\n<Keywords>0x0000000000000000</Keywords>\n<TimeCreated SystemTime=\"2025-04-08 12:06:15.463194+00:00\"></TimeCreated>\n<EventRecordID>2607</EventRecordID>\n<Correlation ActivityID=\"{5e55dba8-a87d-0001-fc41-565e7da8db01}\" RelatedActivityID=\"\"></Correlation>\n<Execution ProcessID=\"7184\" ThreadID=\"5548\"></Execution>\n<Channel>Microsoft-Windows-PowerShell/Operational</Channel>\n<Computer>DESKTOP-M3AKJSD</Computer>\n<Security UserID=\"S-1-5-18\"></Security>\n</System>\n<EventData><Data Name=\"MessageNumber\">8</Data>\n<Data Name=\"MessageTotal\">9</Data>\n<Data Name=\"ScriptBlockText\">dlet, $script:ClassName, $script:ClassVersion, $script:ModuleVersion, $script:PrivateData)\r\n\r\n                if ($__cmdletization_objectModelWrapper -is [System.Management.Automation.IDynamicParameters])\r\n                {\r\n                    ([System.Management.Automation.IDynamicParameters]$__cmdletization_objectModelWrapper).GetDynamicParameters()\r\n                }\r\n            }\r\n        }\r\n        catch\r\n        {\r\n            $__cmdletization_exceptionHasBeenThrown = $true\r\n            throw\r\n        }\r\n    }\r\n\r\n    Begin {\r\n        $__cmdletization_exceptionHasBeenThrown = $false\r\n        try \r\n        {\r\n            __cmdletization_BindCommonParameters $__cmdletization_objectModelWrapper $PSBoundParameters\r\n            $__cmdletization_objectModelWrapper.BeginProcessing()\r\n        }\r\n        catch\r\n        {\r\n            $__cmdletization_exceptionHasBeenThrown = $true\r\n            throw\r\n        }\r\n    }\r\n        \r\n\r\n    Process {\r\n        try \r\n        {\r\n            if (-not $__cmdletization_exceptionHasBeenThrown)\r\n            {\r\n    $__cmdletization_queryBuilder = $__cmdletization_objectModelWrapper.GetQueryBuilder()\r\n    if ($PSBoundParameters.ContainsKey('ObjectId') -and (@('ById') -contains $PSCmdlet.ParameterSetName )) {\r\n        $__cmdletization_values = @(${ObjectId})\r\n        $__cmdletization_queryBuilder.FilterByProperty('ObjectId', $__cmdletization_values, $true, 'Default')\r\n    }\r\n    if ($PSBoundParameters.ContainsKey('Path') -and (@('ByPaths') -contains $PSCmdlet.ParameterSetName )) {\r\n        $__cmdletization_values = @(${Path})\r\n        $__cmdletization_queryBuilder.FilterByProperty('Path', $__cmdletization_values, $true, 'Default')\r\n    }\r\n    if ($PSBoundParameters.ContainsKey('FileSystemLabel') -and (@('ByLabel') -contains $PSCmdlet.ParameterSetName )) {\r\n        $__cmdletization_values = @(${FileSystemLabel})\r\n        $__cmdletization_queryBuilder.FilterByProperty('FileSystemLabel', $__cmdletization_values, $true, 'Default')\r\n    }\r\n    if ($PSBoundParameters.ContainsKey('DriveLetter') -and (@('ByDriveLetter') -contains $PSCmdlet.ParameterSetName )) {\r\n        $__cmdletization_values = @(${DriveLetter})\r\n        $__cmdletization_queryBuilder.FilterByProperty('DriveLetter', $__cmdletization_values, $false, 'Default')\r\n    }\r\n\r\n\r\n    $__cmdletization_methodParameters = [System.Collections.Generic.List[Microsoft.PowerShell.Cmdletization.MethodParameter]]::new()\r\n    switch -exact ($PSCmdlet.ParameterSetName) { \r\n        { @('ById', 'ByPaths', 'ByLabel', 'ByDriveLetter', 'InputObject (cdxml)') -contains $_ } {\r\n          [object]$__cmdletization_defaultValue = $null\r\n          [object]$__cmdletization_defaultValueIsPresent = $false\r\n          if ($PSBoundParameters.ContainsKey('Enable')) {\r\n            [object]$__cmdletization_value = ${Enable}\r\n            $__cmdletization_methodParameter = [Microsoft.PowerShell.Cmdletization.MethodParameter]@{Name = 'EnableVolumeScrub'; ParameterType = 'System.Boolean'; Bindings = 'In'; Value = $__cmdletization_value; IsValuePresent = $true}\r\n          } else {\r\n            $__cmdletization_methodParameter = [Microsoft.PowerShell.Cmdletization.MethodParameter]@{Name = 'EnableVolumeScrub'; ParameterType = 'System.Boolean'; Bindings = 'In'; Value = $__cmdletization_defaultValue; IsValuePresent = $__cmdletization_defaultValueIsPresent}\r\n          }\r\n          $__cmdletization_methodParameters.Add($__cmdletization_methodParameter)\r\n\r\n          [object]$__cmdletization_defaultValue = [System.Management.Automation.LanguagePrimitives]::ConvertTo('Microsoft.PowerShell', 'System.String')\r\n          [object]$__cmdletization_defaultValueIsPresent = $true\r\n            $__cmdletization_methodParameter = [Microsoft.PowerShell.Cmdletization.MethodParameter]@{Name = 'cim:operationOption:SourceCaller'; ParameterType = 'System.String'; Bindings = '0'; Value = $__cmdletization_defaultValue; IsValuePresent = $__cmdletization_defaultValueIsPresent}\r\n          $__cmdletization_methodParameters.Add($__cmdletization_methodParameter)\r\n\r\n      $__cmdletization_returnValue = $null\r\n      $__cmdletization_methodInvocationInfo = [Microsoft.PowerShell.Cmdletization.MethodInvocationInfo]::new('SetAttributes', $__cmdletization_methodParameters, $__cmdletization_returnValue)\r\n      $__cmdletization_passThru = $PSBoundParameters.ContainsKey('PassThru') -and $PassThru\r\n            if ($PSBoundParameters.ContainsKey('InputObject')) {\r\n                foreach ($x in $InputObject) { $__cmdletization_objectModelWrapper.ProcessRecord($x, $__cmdletization_methodInvocationInfo, $__cmdletization_PassThru) }\r\n            } else {\r\n                $__cmdletization_objectModelWrapper.ProcessRecord($__cmdletization_queryBuilder, $__cmdletization_methodInvocationInfo, $__cmdletization_PassThru)\r\n            }\r\n        }\r\n    }\r\n\r\n            }\r\n        }\r\n        catch\r\n        {\r\n            $__cmdletization_exceptionHasBeenThrown = $true\r\n            throw\r\n        }\r\n    }\r\n        \r\n\r\n    End {\r\n        try\r\n        {\r\n            if (-not $__cmdletization_exceptionHasBeenThrown)\r\n            {\r\n                $__cmdletization_objectModelWrapper.EndProcessing()\r\n            }\r\n        }\r\n        catch\r\n        {\r\n            throw\r\n        }\r\n    }\r\n\r\n    # .EXTERNALHELP Volume.cdxml-Help.xml\r\n}\r\nMicrosoft.PowerShell.Core\\Export-ModuleMember -Function 'Set-VolumeScrubPolicy' -Alias '*'\r\n        \r\n\r\nfunction Write-VolumeCache\r\n{\r\n    [CmdletBinding(DefaultParameterSetName='ByDriveLetter', PositionalBinding=$false)]\r\n    [Alias('Write-FileSystemCache','Flush-Volume')]\r\n    [OutputType([Microsoft.Management.Infrastructure.CimInstance])]\r\n[OutputType('Microsoft.Management.Infrastructure.CimInstance#ROOT/Microsoft/Windows/Storage/MSFT_Volume')]\r\n\r\n    param(\r\n    \r\n    [Parameter(ParameterSetName='ById', Mandatory=$true, ValueFromPipelineByPropertyName=$true)]\r\n    [Alias('Id')]\r\n    [ValidateNotNull()]\r\n    [string[]]\r\n    ${ObjectId},\r\n\r\n    [Parameter(ParameterSetName='ByPaths', Mandatory=$true, ValueFromPipelineByPropertyName=$true)]\r\n    [ValidateNotNull()]\r\n    [string[]]\r\n    ${Path},\r\n\r\n    [Parameter(ParameterSetName='ByLabel', Mandatory=$true, ValueFromPipelineByPropertyName=$true)]\r\n    [Alias('FriendlyName')]\r\n    [ValidateNotNull()]\r\n    [string[]]\r\n    ${FileSystemLabel},\r\n\r\n    [Parameter(ParameterSetName='ByDriveLetter', Mandatory=$true, Position=0, ValueFromPipelineByPropertyName=$true)]\r\n    [ValidateNotNull()]\r\n    [char[]]\r\n    ${DriveLetter},\r\n\r\n    [Parameter(ParameterSetName='InputObject (cdxml)', Mandatory=$true, ValueFromPipeline=$true)]\r\n    [PSTypeName('Microsoft.Management.Infrastructure.CimInstance#MSFT_Volume')]\r\n    [ValidateNotNull()]\r\n    [ciminstance[]]\r\n    ${InputObject},\r\n\r\n    [Parameter(ParameterSetName='ById')]\r\n    [Parameter(ParameterSetName='ByPaths')]\r\n    [Parameter(ParameterSetName='ByLabel')]\r\n    [Parameter(ParameterSetName='ByDriveLetter')]\r\n    [Parameter(ParameterSetName='InputObject (cdxml)')]\r\n    [Alias('Session')]\r\n    [ValidateNotNullOrEmpty()]\r\n    [CimSession[]]\r\n    ${CimSession},\r\n\r\n    [Parameter(ParameterSetName='ById')]\r\n    [Parameter(ParameterSetName='ByPaths')]\r\n    [Parameter(ParameterSetName='ByLabel')]\r\n    [Parameter(ParameterSetName='ByDriveLetter')]\r\n    [Parameter(ParameterSetName='InputObject (cdxml)')]\r\n    [int]\r\n    ${ThrottleLimit},\r\n\r\n    [Parameter(ParameterSetName='ById')]\r\n    [Parameter(ParameterSetName='ByPaths')]\r\n    [Parameter(ParameterSetName='ByLabel')]\r\n    [Parameter(ParameterSetName='ByDriveLetter')]\r\n    [Parameter(ParameterSetName='InputObject (cdxml)')]\r\n    [switch]\r\n    ${AsJob},\r\n\r\n    [Parameter(ParameterSetName='ById')]\r\n    [Parameter(ParameterSetName='ByPaths')]\r\n    [Parameter(ParameterSetName='ByLabel')]\r\n    [Parameter(ParameterSetName='ByDriveLetter')]\r\n    [Parameter(ParameterSetName='InputObject (cdxml)')]\r\n    [switch]\r\n    ${PassThru})\r\n\r\n    DynamicParam {\r\n        try \r\n        {\r\n            if (-not $__cmdletization_exceptionHasBeenThrown)\r\n            {\r\n                $__cmdletization_objectModelWrapper = $script:ObjectModelWrapper::new()\r\n                $__cmdletization_objectModelWrapper.Initialize($PSCmdlet, $script:ClassName, $script:ClassVersion, $script:ModuleVersion, $script:PrivateData)\r\n\r\n                if ($__cmdletization_objectModelWrapper -is [System.Management.Automation.IDynamicParameters])\r\n                {\r\n                    ([System.Management.Automation.IDynamicParameters]$__cmdletization_objectModelWrapper).GetDynamicParameters()\r\n                }\r\n            }\r\n        }\r\n        catch\r\n        {\r\n            $__cmdletization_exceptionHasBeenThrown = $true\r\n            throw\r\n        }\r\n    }\r\n\r\n    Begin {\r\n        $__cmdletization_exceptionHasBeenThrown = $false\r\n        try \r\n        {\r\n            __cmdletization_BindCommonParameters $__cmdletization_objectModelWrapper $PSBoundParameters\r\n            $__cmdletization_objectModelWrapper.BeginProcessing()\r\n        }\r\n        catch\r\n        {\r\n            $__cmdletization_exceptionHasBeenThrown = $true\r\n            throw\r\n        }\r\n    }\r\n        \r\n\r\n    Process {\r\n        try \r\n        {\r\n            if (-not $__cmdletization_exceptionHasBeenThrown)\r\n            {\r\n    $__cmdletization_queryBuilder = $__cmdletization_objectModelWrapper.GetQueryBuilder()\r\n    if ($PSBoundParameters.ContainsKey('ObjectId') -and (@('ById') -contains $PSCmdlet.ParameterSetName )) {\r\n        $__cmdletization_values = @(${ObjectId})\r\n        $__cmdletization_queryBuilder.FilterByProperty('ObjectId', $__cmdletization_values, $true, 'Default')\r\n    }\r\n    if ($PSBoundParameters.ContainsKey('Path') -and (@('ByPaths') -contains $PSCmdlet.ParameterSetName )) {\r\n        $__cmdletization_values = @(${Path})\r\n        $__cmdletization_queryBuilder.FilterByProperty('Path', $__cmdletization_values, $true, 'Default')\r\n    }\r\n    if ($PSBoundParameters.ContainsKey('FileSystemLabel') -and (@('ByLabel') -contains $PSCmdlet.ParameterSetName )) {\r\n        $__cmdletization_values = @(${FileSystemLabel})\r\n        $__cmdletization_queryBuilder.FilterByProperty('FileSystemLabel', $__cmdletization_values, $true, 'Default')\r\n    }\r\n    if ($PSBoundParameters.ContainsKey('DriveLetter') -and (@('ByDriveLetter') -contains $PSCmdlet.ParameterSetName )) {\r\n        $__cmdletization_values = @(${DriveLetter})\r\n        $__cmdletization_queryBuilder.FilterByProperty('DriveLetter', $__cmdletization_values, $false, 'Default')\r\n    }\r\n\r\n\r\n    $__cmdletization_methodParameters = [System.Collections.Generic.List[Microsoft.PowerShell.Cmdletization.MethodParameter]]::new()\r\n    switch -exact ($PSCmdlet.ParameterSetName) { \r\n        { @('ById', 'ByPaths', 'ByLabel', 'ByDriveLetter', 'InputObject (cdxml)') -contains $_ } {\r\n          [object]$__cmdletization_defaultValue = [System.Management.Automation.LanguagePrimitives]::ConvertTo('Microsoft.PowerShell', 'System.String')\r\n          [object]$__cmdletization_defaultValueIsPresent = $true\r\n            $__cmdletization_methodParameter = [Microsoft.PowerShell.Cmdletization.MethodParameter]@{Name = 'cim:operationOption:SourceCaller'; ParameterType = 'System.String'; Bindings = '0'; Value = $__cmdletization_defaultValue; IsValuePresent = $__cmdletization_defaultValueIsPresent}\r\n          $__cmdletization_methodParameters.Add($__cmdletization_methodParameter)\r\n\r\n      $__cmdletization_returnValue = $null\r\n      $__cmdletization_methodInvocationInfo = [Microsoft.PowerShell.Cmdletization.MethodInvocationInfo]::new('Flush', $__cmdletization_methodParameters, $__cmdletization_returnValue)\r\n      $__cmdletization_passThru = $PSBoundParameters.ContainsKey('PassThru') -and $PassThru\r\n            if ($PSBoundParameters.ContainsKey('InputObject')) {\r\n                foreach ($x in $InputObject) { $__cmdletization_objectModelWrapper.ProcessRecord($x, $__cmdletization_methodInvocationInfo, $__cmdletization_PassThru) }\r\n            } else {\r\n                $__cmdletization_objectModelWrapper.ProcessRecord($__cmdletization_queryBuilder, $__cmdletization_methodInvocationInfo, $__cmdletization_PassThru)\r\n            }\r\n        }\r\n    }\r\n\r\n            }\r\n        }\r\n        catch\r\n        {\r\n            $__cmdletization_exceptionHasBeenThrown = $true\r\n            throw\r\n        }\r\n    }\r\n        \r\n\r\n    End {\r\n        try\r\n        {\r\n            if (-not $__cmdletization_exceptionHasBeenThrown)\r\n            {\r\n                $__cmdletization_objectModelWrapper.EndProcessing()\r\n            }\r\n        }\r\n        catch\r\n        {\r\n            throw\r\n        }\r\n    }\r\n\r\n    # .EXTERNALHELP Volume.cdxml-Help.xml\r\n}\r\nMicrosoft.PowerShell.Core\\Export-ModuleMember -Function 'Write-VolumeCache' -Alias '*'\r\n        \r\n\r\nfunction Get-DedupProperties\r\n{\r\n    [CmdletBinding(DefaultParameterSetName='ByDriveLetter', PositionalBinding=$false)]\r\n    \r\n    [OutputType([Microsoft.Management.Infrastructure.CimInstance])]\r\n    param(\r\n    \r\n    [Parameter(ParameterSetName='ById', Mandatory=$true, ValueFromPipelineByPropertyName=$true)]\r\n    [Alias('Id')]\r\n    [ValidateNotNull()]\r\n    [string[]]\r\n    ${ObjectId},\r\n\r\n    [Parameter(ParameterSetName='ByPaths', Mandatory=$true, ValueFromPipelineByPropertyName=$true)]\r\n    [ValidateNotNull()]\r\n    [string[]]\r\n    ${Path},\r\n\r\n    [Parameter(ParameterSetName='ByLabel', Mandatory=$true, ValueFromPipelineByPropertyName=$true)]\r\n    [Alias('FriendlyName')]\r\n    [ValidateNotNull()]\r\n    [string[]]\r\n    ${FileSystemLabel},\r\n\r\n    [Parameter(ParameterSetName='ByDriveLetter', Mandatory=$true, Position=0, ValueFromPipelineByPropertyName=$true)]\r\n    [ValidateNotNull()]\r\n    [char[]]\r\n    ${DriveLetter},\r\n\r\n    [Parameter(ParameterSetName='InputObject (cdxml)', Mandatory=$true, ValueFromPipeline=$true)]\r\n    [PSTypeName('Microsoft.Management.Infrastructure.CimInstance#MSFT_Volume')]\r\n    [ValidateNotNull()]\r\n    [ciminstance[]]\r\n    ${InputObject},\r\n\r\n    [Parameter(ParameterSetName='ById')]\r\n    [Parameter(ParameterSetName='ByPaths')]\r\n    [Parameter(ParameterSetName='ByLabel')]\r\n    [Parameter(ParameterSetName='ByDriveLetter')]\r\n    [Parameter(ParameterSetName='InputObject (cdxml)')]\r\n    [Alias('Session')]\r\n    [ValidateNotNullOrEmpty()]\r\n    [CimSession[]]\r\n    ${CimSession},\r\n\r\n    [Parameter(ParameterSetName='ById')]\r\n    [Parameter(ParameterSetName='ByPaths')]\r\n    [Parameter(ParameterSetName='ByLabel')]\r\n    [Parameter(ParameterSetName='ByDriveLetter')]\r\n    [Parameter(ParameterSetName='InputObject (cdxml)')]\r\n    [int]\r\n    ${ThrottleLimit},\r\n\r\n    [Parameter(ParameterSetName='ById')]\r\n    [Parameter(ParameterSetName='ByPaths')]\r\n    [Parameter(ParameterSetName='ByLabel')]\r\n    [Parameter(ParameterSetName='ByDriveLetter')]\r\n    [Parameter(ParameterSetName='InputObject (cdxml)')]\r\n    [switch]\r\n    ${AsJob})\r\n\r\n    DynamicParam {\r\n        try \r\n        {\r\n            if (-not $__cmdletization_exceptionHasBeenThrown)\r\n            {\r\n                $__cmdletization_objectModelWrapper = $script:ObjectModelWrapper::new()\r\n                $__cmdletization_objectModelWrapper.Initialize($PSCmdlet, $script:ClassName, $script:ClassVersion, $script:ModuleVersion, $script:PrivateData)\r\n\r\n                if ($__cmdletization_objectModelWrapper -is [System.Management.Automation.IDynamicParameters])\r\n                {\r\n                    ([System.Management.Automation.IDynamicParameters]$__cmdletization_objectModelWrapper).GetDynamicParameters()\r\n                }\r\n            </Data>\n<Data Name=\"ScriptBlockId\">91bcec19-975d-454b-88cd-03aa750b2170</Data>\n<Data Name=\"Path\"></Data>\n</EventData>\n</Event>\n"
  },
  {
    "record_id": 125,
    "timestamp": "2025-04-08 12:06:15.463202+00:00",
    "xml_data": "<Event xmlns=\"http://schemas.microsoft.com/win/2004/08/events/event\"><System><Provider Name=\"Microsoft-Windows-PowerShell\" Guid=\"{a0c1853b-5c40-4b15-8766-3cf1c58f985a}\"></Provider>\n<EventID Qualifiers=\"\">4104</EventID>\n<Version>1</Version>\n<Level>3</Level>\n<Task>2</Task>\n<Opcode>15</Opcode>\n<Keywords>0x0000000000000000</Keywords>\n<TimeCreated SystemTime=\"2025-04-08 12:06:15.463202+00:00\"></TimeCreated>\n<EventRecordID>2608</EventRecordID>\n<Correlation ActivityID=\"{5e55dba8-a87d-0001-fc41-565e7da8db01}\" RelatedActivityID=\"\"></Correlation>\n<Execution ProcessID=\"7184\" ThreadID=\"5548\"></Execution>\n<Channel>Microsoft-Windows-PowerShell/Operational</Channel>\n<Computer>DESKTOP-M3AKJSD</Computer>\n<Security UserID=\"S-1-5-18\"></Security>\n</System>\n<EventData><Data Name=\"MessageNumber\">9</Data>\n<Data Name=\"MessageTotal\">9</Data>\n<Data Name=\"ScriptBlockText\">}\r\n        }\r\n        catch\r\n        {\r\n            $__cmdletization_exceptionHasBeenThrown = $true\r\n            throw\r\n        }\r\n    }\r\n\r\n    Begin {\r\n        $__cmdletization_exceptionHasBeenThrown = $false\r\n        try \r\n        {\r\n            __cmdletization_BindCommonParameters $__cmdletization_objectModelWrapper $PSBoundParameters\r\n            $__cmdletization_objectModelWrapper.BeginProcessing()\r\n        }\r\n        catch\r\n        {\r\n            $__cmdletization_exceptionHasBeenThrown = $true\r\n            throw\r\n        }\r\n    }\r\n        \r\n\r\n    Process {\r\n        try \r\n        {\r\n            if (-not $__cmdletization_exceptionHasBeenThrown)\r\n            {\r\n    $__cmdletization_queryBuilder = $__cmdletization_objectModelWrapper.GetQueryBuilder()\r\n    if ($PSBoundParameters.ContainsKey('ObjectId') -and (@('ById') -contains $PSCmdlet.ParameterSetName )) {\r\n        $__cmdletization_values = @(${ObjectId})\r\n        $__cmdletization_queryBuilder.FilterByProperty('ObjectId', $__cmdletization_values, $true, 'Default')\r\n    }\r\n    if ($PSBoundParameters.ContainsKey('Path') -and (@('ByPaths') -contains $PSCmdlet.ParameterSetName )) {\r\n        $__cmdletization_values = @(${Path})\r\n        $__cmdletization_queryBuilder.FilterByProperty('Path', $__cmdletization_values, $true, 'Default')\r\n    }\r\n    if ($PSBoundParameters.ContainsKey('FileSystemLabel') -and (@('ByLabel') -contains $PSCmdlet.ParameterSetName )) {\r\n        $__cmdletization_values = @(${FileSystemLabel})\r\n        $__cmdletization_queryBuilder.FilterByProperty('FileSystemLabel', $__cmdletization_values, $true, 'Default')\r\n    }\r\n    if ($PSBoundParameters.ContainsKey('DriveLetter') -and (@('ByDriveLetter') -contains $PSCmdlet.ParameterSetName )) {\r\n        $__cmdletization_values = @(${DriveLetter})\r\n        $__cmdletization_queryBuilder.FilterByProperty('DriveLetter', $__cmdletization_values, $false, 'Default')\r\n    }\r\n\r\n\r\n    $__cmdletization_methodParameters = [System.Collections.Generic.List[Microsoft.PowerShell.Cmdletization.MethodParameter]]::new()\r\n    switch -exact ($PSCmdlet.ParameterSetName) { \r\n        { @('ById', 'ByPaths', 'ByLabel', 'ByDriveLetter', 'InputObject (cdxml)') -contains $_ } {\r\n          [object]$__cmdletization_defaultValue = $null\r\n          [object]$__cmdletization_defaultValueIsPresent = $false\r\n            $__cmdletization_methodParameter = [Microsoft.PowerShell.Cmdletization.MethodParameter]@{Name = 'DedupProperties'; ParameterType = 'Microsoft.Management.Infrastructure.CimInstance'; Bindings = 'Out'; Value = $__cmdletization_defaultValue; IsValuePresent = $__cmdletization_defaultValueIsPresent}\r\n          $__cmdletization_methodParameters.Add($__cmdletization_methodParameter)\r\n\r\n          [object]$__cmdletization_defaultValue = [System.Management.Automation.LanguagePrimitives]::ConvertTo('Microsoft.PowerShell', 'System.String')\r\n          [object]$__cmdletization_defaultValueIsPresent = $true\r\n            $__cmdletization_methodParameter = [Microsoft.PowerShell.Cmdletization.MethodParameter]@{Name = 'cim:operationOption:SourceCaller'; ParameterType = 'System.String'; Bindings = '0'; Value = $__cmdletization_defaultValue; IsValuePresent = $__cmdletization_defaultValueIsPresent}\r\n          $__cmdletization_methodParameters.Add($__cmdletization_methodParameter)\r\n\r\n      $__cmdletization_returnValue = $null\r\n      $__cmdletization_methodInvocationInfo = [Microsoft.PowerShell.Cmdletization.MethodInvocationInfo]::new('GetDedupProperties', $__cmdletization_methodParameters, $__cmdletization_returnValue)\r\n      $__cmdletization_passThru = $false\r\n            if ($PSBoundParameters.ContainsKey('InputObject')) {\r\n                foreach ($x in $InputObject) { $__cmdletization_objectModelWrapper.ProcessRecord($x, $__cmdletization_methodInvocationInfo, $__cmdletization_PassThru) }\r\n            } else {\r\n                $__cmdletization_objectModelWrapper.ProcessRecord($__cmdletization_queryBuilder, $__cmdletization_methodInvocationInfo, $__cmdletization_PassThru)\r\n            }\r\n        }\r\n    }\r\n\r\n            }\r\n        }\r\n        catch\r\n        {\r\n            $__cmdletization_exceptionHasBeenThrown = $true\r\n            throw\r\n        }\r\n    }\r\n        \r\n\r\n    End {\r\n        try\r\n        {\r\n            if (-not $__cmdletization_exceptionHasBeenThrown)\r\n            {\r\n                $__cmdletization_objectModelWrapper.EndProcessing()\r\n            }\r\n        }\r\n        catch\r\n        {\r\n            throw\r\n        }\r\n    }\r\n\r\n    # .EXTERNALHELP Volume.cdxml-Help.xml\r\n}\r\nMicrosoft.PowerShell.Core\\Export-ModuleMember -Function 'Get-DedupProperties' -Alias '*'\r\n        \r\n</Data>\n<Data Name=\"ScriptBlockId\">91bcec19-975d-454b-88cd-03aa750b2170</Data>\n<Data Name=\"Path\"></Data>\n</EventData>\n</Event>\n"
  },
  {
    "record_id": 126,
    "timestamp": "2025-04-08 12:06:16.290457+00:00",
    "xml_data": "<Event xmlns=\"http://schemas.microsoft.com/win/2004/08/events/event\"><System><Provider Name=\"Microsoft-Windows-PowerShell\" Guid=\"{a0c1853b-5c40-4b15-8766-3cf1c58f985a}\"></Provider>\n<EventID Qualifiers=\"\">40961</EventID>\n<Version>1</Version>\n<Level>4</Level>\n<Task>4</Task>\n<Opcode>1</Opcode>\n<Keywords>0x0000000000000000</Keywords>\n<TimeCreated SystemTime=\"2025-04-08 12:06:16.290457+00:00\"></TimeCreated>\n<EventRecordID>2609</EventRecordID>\n<Correlation ActivityID=\"{5e55dba8-a87d-0002-3d48-565e7da8db01}\" RelatedActivityID=\"\"></Correlation>\n<Execution ProcessID=\"5240\" ThreadID=\"3392\"></Execution>\n<Channel>Microsoft-Windows-PowerShell/Operational</Channel>\n<Computer>DESKTOP-M3AKJSD</Computer>\n<Security UserID=\"S-1-5-18\"></Security>\n</System>\n<EventData></EventData>\n</Event>\n"
  },
  {
    "record_id": 127,
    "timestamp": "2025-04-08 12:06:16.451942+00:00",
    "xml_data": "<Event xmlns=\"http://schemas.microsoft.com/win/2004/08/events/event\"><System><Provider Name=\"Microsoft-Windows-PowerShell\" Guid=\"{a0c1853b-5c40-4b15-8766-3cf1c58f985a}\"></Provider>\n<EventID Qualifiers=\"\">53504</EventID>\n<Version>1</Version>\n<Level>4</Level>\n<Task>111</Task>\n<Opcode>10</Opcode>\n<Keywords>0x0000000000000000</Keywords>\n<TimeCreated SystemTime=\"2025-04-08 12:06:16.451942+00:00\"></TimeCreated>\n<EventRecordID>2610</EventRecordID>\n<Correlation ActivityID=\"{5e55dba8-a87d-0002-3d48-565e7da8db01}\" RelatedActivityID=\"\"></Correlation>\n<Execution ProcessID=\"5240\" ThreadID=\"4040\"></Execution>\n<Channel>Microsoft-Windows-PowerShell/Operational</Channel>\n<Computer>DESKTOP-M3AKJSD</Computer>\n<Security UserID=\"S-1-5-18\"></Security>\n</System>\n<EventData><Data Name=\"param1\">5240</Data>\n<Data Name=\"param2\">DefaultAppDomain</Data>\n</EventData>\n</Event>\n"
  },
  {
    "record_id": 128,
    "timestamp": "2025-04-08 12:06:16.755520+00:00",
    "xml_data": "<Event xmlns=\"http://schemas.microsoft.com/win/2004/08/events/event\"><System><Provider Name=\"Microsoft-Windows-PowerShell\" Guid=\"{a0c1853b-5c40-4b15-8766-3cf1c58f985a}\"></Provider>\n<EventID Qualifiers=\"\">40962</EventID>\n<Version>1</Version>\n<Level>4</Level>\n<Task>4</Task>\n<Opcode>2</Opcode>\n<Keywords>0x0000000000000000</Keywords>\n<TimeCreated SystemTime=\"2025-04-08 12:06:16.755520+00:00\"></TimeCreated>\n<EventRecordID>2611</EventRecordID>\n<Correlation ActivityID=\"{5e55dba8-a87d-0002-3d48-565e7da8db01}\" RelatedActivityID=\"\"></Correlation>\n<Execution ProcessID=\"5240\" ThreadID=\"3392\"></Execution>\n<Channel>Microsoft-Windows-PowerShell/Operational</Channel>\n<Computer>DESKTOP-M3AKJSD</Computer>\n<Security UserID=\"S-1-5-18\"></Security>\n</System>\n<EventData></EventData>\n</Event>\n"
  },
  {
    "record_id": 129,
    "timestamp": "2025-04-08 12:06:17.590319+00:00",
    "xml_data": "<Event xmlns=\"http://schemas.microsoft.com/win/2004/08/events/event\"><System><Provider Name=\"Microsoft-Windows-PowerShell\" Guid=\"{a0c1853b-5c40-4b15-8766-3cf1c58f985a}\"></Provider>\n<EventID Qualifiers=\"\">40961</EventID>\n<Version>1</Version>\n<Level>4</Level>\n<Task>4</Task>\n<Opcode>1</Opcode>\n<Keywords>0x0000000000000000</Keywords>\n<TimeCreated SystemTime=\"2025-04-08 12:06:17.590319+00:00\"></TimeCreated>\n<EventRecordID>2612</EventRecordID>\n<Correlation ActivityID=\"{5e55dba8-a87d-0003-e351-565e7da8db01}\" RelatedActivityID=\"\"></Correlation>\n<Execution ProcessID=\"1272\" ThreadID=\"6924\"></Execution>\n<Channel>Microsoft-Windows-PowerShell/Operational</Channel>\n<Computer>DESKTOP-M3AKJSD</Computer>\n<Security UserID=\"S-1-5-18\"></Security>\n</System>\n<EventData></EventData>\n</Event>\n"
  },
  {
    "record_id": 130,
    "timestamp": "2025-04-08 12:06:17.783329+00:00",
    "xml_data": "<Event xmlns=\"http://schemas.microsoft.com/win/2004/08/events/event\"><System><Provider Name=\"Microsoft-Windows-PowerShell\" Guid=\"{a0c1853b-5c40-4b15-8766-3cf1c58f985a}\"></Provider>\n<EventID Qualifiers=\"\">53504</EventID>\n<Version>1</Version>\n<Level>4</Level>\n<Task>111</Task>\n<Opcode>10</Opcode>\n<Keywords>0x0000000000000000</Keywords>\n<TimeCreated SystemTime=\"2025-04-08 12:06:17.783329+00:00\"></TimeCreated>\n<EventRecordID>2613</EventRecordID>\n<Correlation ActivityID=\"{5e55dba8-a87d-0003-e351-565e7da8db01}\" RelatedActivityID=\"\"></Correlation>\n<Execution ProcessID=\"1272\" ThreadID=\"6548\"></Execution>\n<Channel>Microsoft-Windows-PowerShell/Operational</Channel>\n<Computer>DESKTOP-M3AKJSD</Computer>\n<Security UserID=\"S-1-5-18\"></Security>\n</System>\n<EventData><Data Name=\"param1\">1272</Data>\n<Data Name=\"param2\">DefaultAppDomain</Data>\n</EventData>\n</Event>\n"
  },
  {
    "record_id": 131,
    "timestamp": "2025-04-08 12:06:18.122675+00:00",
    "xml_data": "<Event xmlns=\"http://schemas.microsoft.com/win/2004/08/events/event\"><System><Provider Name=\"Microsoft-Windows-PowerShell\" Guid=\"{a0c1853b-5c40-4b15-8766-3cf1c58f985a}\"></Provider>\n<EventID Qualifiers=\"\">40962</EventID>\n<Version>1</Version>\n<Level>4</Level>\n<Task>4</Task>\n<Opcode>2</Opcode>\n<Keywords>0x0000000000000000</Keywords>\n<TimeCreated SystemTime=\"2025-04-08 12:06:18.122675+00:00\"></TimeCreated>\n<EventRecordID>2614</EventRecordID>\n<Correlation ActivityID=\"{5e55dba8-a87d-0003-e351-565e7da8db01}\" RelatedActivityID=\"\"></Correlation>\n<Execution ProcessID=\"1272\" ThreadID=\"6924\"></Execution>\n<Channel>Microsoft-Windows-PowerShell/Operational</Channel>\n<Computer>DESKTOP-M3AKJSD</Computer>\n<Security UserID=\"S-1-5-18\"></Security>\n</System>\n<EventData></EventData>\n</Event>\n"
  },
  {
    "record_id": 132,
    "timestamp": "2025-04-08 12:06:31.153835+00:00",
    "xml_data": "<Event xmlns=\"http://schemas.microsoft.com/win/2004/08/events/event\"><System><Provider Name=\"Microsoft-Windows-PowerShell\" Guid=\"{a0c1853b-5c40-4b15-8766-3cf1c58f985a}\"></Provider>\n<EventID Qualifiers=\"\">40961</EventID>\n<Version>1</Version>\n<Level>4</Level>\n<Task>4</Task>\n<Opcode>1</Opcode>\n<Keywords>0x0000000000000000</Keywords>\n<TimeCreated SystemTime=\"2025-04-08 12:06:31.153835+00:00\"></TimeCreated>\n<EventRecordID>2615</EventRecordID>\n<Correlation ActivityID=\"{5e55dba8-a87d-0000-e568-565e7da8db01}\" RelatedActivityID=\"\"></Correlation>\n<Execution ProcessID=\"640\" ThreadID=\"7676\"></Execution>\n<Channel>Microsoft-Windows-PowerShell/Operational</Channel>\n<Computer>DESKTOP-M3AKJSD</Computer>\n<Security UserID=\"S-1-5-18\"></Security>\n</System>\n<EventData></EventData>\n</Event>\n"
  },
  {
    "record_id": 133,
    "timestamp": "2025-04-08 12:06:31.313950+00:00",
    "xml_data": "<Event xmlns=\"http://schemas.microsoft.com/win/2004/08/events/event\"><System><Provider Name=\"Microsoft-Windows-PowerShell\" Guid=\"{a0c1853b-5c40-4b15-8766-3cf1c58f985a}\"></Provider>\n<EventID Qualifiers=\"\">53504</EventID>\n<Version>1</Version>\n<Level>4</Level>\n<Task>111</Task>\n<Opcode>10</Opcode>\n<Keywords>0x0000000000000000</Keywords>\n<TimeCreated SystemTime=\"2025-04-08 12:06:31.313950+00:00\"></TimeCreated>\n<EventRecordID>2616</EventRecordID>\n<Correlation ActivityID=\"{5e55dba8-a87d-0000-e568-565e7da8db01}\" RelatedActivityID=\"\"></Correlation>\n<Execution ProcessID=\"640\" ThreadID=\"6728\"></Execution>\n<Channel>Microsoft-Windows-PowerShell/Operational</Channel>\n<Computer>DESKTOP-M3AKJSD</Computer>\n<Security UserID=\"S-1-5-18\"></Security>\n</System>\n<EventData><Data Name=\"param1\">640</Data>\n<Data Name=\"param2\">DefaultAppDomain</Data>\n</EventData>\n</Event>\n"
  },
  {
    "record_id": 134,
    "timestamp": "2025-04-08 12:06:31.624823+00:00",
    "xml_data": "<Event xmlns=\"http://schemas.microsoft.com/win/2004/08/events/event\"><System><Provider Name=\"Microsoft-Windows-PowerShell\" Guid=\"{a0c1853b-5c40-4b15-8766-3cf1c58f985a}\"></Provider>\n<EventID Qualifiers=\"\">40962</EventID>\n<Version>1</Version>\n<Level>4</Level>\n<Task>4</Task>\n<Opcode>2</Opcode>\n<Keywords>0x0000000000000000</Keywords>\n<TimeCreated SystemTime=\"2025-04-08 12:06:31.624823+00:00\"></TimeCreated>\n<EventRecordID>2617</EventRecordID>\n<Correlation ActivityID=\"{5e55dba8-a87d-0000-e568-565e7da8db01}\" RelatedActivityID=\"\"></Correlation>\n<Execution ProcessID=\"640\" ThreadID=\"7676\"></Execution>\n<Channel>Microsoft-Windows-PowerShell/Operational</Channel>\n<Computer>DESKTOP-M3AKJSD</Computer>\n<Security UserID=\"S-1-5-18\"></Security>\n</System>\n<EventData></EventData>\n</Event>\n"
  },
